Started: 2026-06-22T19:36:54.397582
Command: ./snec (cwd=/Users/arifchu/Desktop/GitHub/supernova_theory/snec/runs/model_variants/avishai_bsg3_sce_e1_ni050)


 ***********************************
 * Supernova Explosion Code (SNEC) *
 ***********************************

 Removing output directory contents: Data
 Using the Paczynski EOS!
 Profile file: avishai_models/MW-M22M5.5P367-primary-BSG3.short
 We have         1183 profile zones.
 We have         1183 composition profile zones.
************************************************************
 Operating in Thermal Bomb Mode  1
 Bomb energy is spread over =           21 points
 Total energy of the model =   -1.1058353696327749E+051  ergs
 Total energy of the bomb =    2.1058353696327749E+051  ergs
************************************************************
 composing opacity tables from OPAL (may take a few minutes)...
 finished composing opacity tables
      nt           time          dtime       max(rho)       shockpos
       0   0.000000E+00   1.025000E-08   4.835050E+07   1.453001E+08
    1000   3.103628E-01   1.101208E-03   3.546417E+06   6.380752E+08
    2000   5.842533E+00   1.137018E-02   4.135678E+04   5.463826E+09
    3000   3.465845E+01   4.107495E-02   9.667305E+03   3.082795E+10
    4000   9.542970E+01   8.750089E-02   1.456360E+03   8.057601E+10
    5000   2.219614E+02   1.505442E-01   3.035044E+02   1.729701E+11
    6000   3.611473E+02   1.252584E-01   1.406651E+02   2.733424E+11
    7000   4.724131E+02   9.711534E-02   9.770127E+01   3.576474E+11
    8000   5.586661E+02   7.617103E-02   8.017115E+01   4.288799E+11
    9000   6.281709E+02   6.485425E-02   7.080769E+01   4.933445E+11
   10000   6.999064E+02   9.326008E-02   6.461336E+01   5.759923E+11
   11000   8.782671E+02   3.155927E-01   5.651749E+01   9.912004E+11
 finished tracing the shock position
 Time of breakout is   891.22332523264413     
   12000   1.391680E+03   4.825597E-01   7.279177E+01   3.399687E+12
   13000   1.755092E+03   2.752976E-01   1.804323E+02   5.239076E+12
   14000   1.981622E+03   1.924972E-01   5.099361E+02   6.397030E+12
   15000   2.172075E+03   1.962732E-01   8.373889E+02   7.374503E+12
   16000   2.362876E+03   2.091009E-01   4.229173E+02   8.356372E+12
   17000   2.623725E+03   3.238370E-01   1.799147E+02   9.701877E+12
   18000   3.063689E+03   5.191951E-01   1.224125E+02   1.197724E+13
   19000   3.469338E+03   3.155464E-01   2.006571E+02   1.407977E+13
   20000   3.736770E+03   2.354611E-01   4.178312E+02   1.546768E+13
   21000   3.974471E+03   2.400803E-01   5.566833E+02   1.670223E+13
   22000   4.214811E+03   2.570227E-01   3.457128E+02   1.795127E+13
   23000   4.519518E+03   3.657894E-01   1.935659E+02   1.953579E+13
   24000   4.950245E+03   4.363058E-01   1.653065E+02   2.177719E+13
   25000   5.312517E+03   3.010203E-01   2.569836E+02   2.366356E+13
   26000   5.585728E+03   2.619030E-01   4.280640E+02   2.508681E+13
   27000   5.854045E+03   2.636809E-01   4.254776E+02   2.648502E+13
   28000   6.131822E+03   3.058243E-01   2.734359E+02   2.793297E+13
   29000   6.488868E+03   4.112698E-01   1.950722E+02   2.979470E+13
   30000   6.897808E+03   3.647221E-01   2.169545E+02   3.192774E+13
   31000   7.221745E+03   2.931119E-01   3.211442E+02   3.361788E+13
   32000   7.512824E+03   2.987994E-01   3.980515E+02   3.513692E+13
   33000   7.805890E+03   3.004558E-01   3.214514E+02   3.666661E+13
   34000   8.133478E+03   3.638229E-01   2.353053E+02   3.837681E+13
   35000   8.525202E+03   3.842550E-01   2.266391E+02   4.042223E+13
   36000   8.879419E+03   3.278055E-01   2.821997E+02   4.227215E+13
   37000   9.194680E+03   3.155682E-01   3.475236E+02   4.391887E+13
   38000   9.510440E+03   3.170875E-01   3.157847E+02   4.556841E+13
   39000   9.844543E+03   3.551784E-01   2.581716E+02   4.731400E+13
   40000   1.021926E+04   3.719603E-01   2.467032E+02   4.927201E+13
   41000   1.057196E+04   3.385106E-01   2.868101E+02   5.111526E+13
   42000   1.090597E+04   3.343560E-01   3.180102E+02   5.286099E+13
   43000   1.123892E+04   3.330085E-01   2.963367E+02   5.460134E+13
   44000   1.158737E+04   3.659486E-01   2.616267E+02   5.642285E+13
   45000   1.195789E+04   3.606894E-01   2.648318E+02   5.835997E+13
   46000   1.230501E+04   3.395568E-01   2.969707E+02   6.017489E+13
   47000   1.264657E+04   3.411012E-01   3.041588E+02   6.196089E+13
   48000   1.298989E+04   3.486795E-01   2.813949E+02   6.375619E+13
   49000   1.335017E+04   3.697674E-01   2.665146E+02   6.564033E+13
   50000   1.371031E+04   3.524708E-01   2.807172E+02   6.752391E+13
   51000   1.405892E+04   3.480726E-01   2.965777E+02   6.934725E+13
   52000   1.440702E+04   3.474720E-01   2.905582E+02   7.116809E+13
   53000   1.476079E+04   3.602212E-01   2.774255E+02   7.301864E+13
   54000   1.512232E+04   3.576238E-01   2.792712E+02   7.490992E+13
   55000   1.547546E+04   3.516908E-01   2.906157E+02   7.675741E+13
   56000   1.582793E+04   3.526459E-01   2.912739E+02   7.860146E+13
   57000   1.618146E+04   3.550072E-01   2.866473E+02   8.045116E+13
   58000   1.653836E+04   3.567302E-01   2.854994E+02   8.231860E+13
   59000   1.689462E+04   3.550816E-01   2.875112E+02   8.418273E+13
   60000   1.724770E+04   3.513376E-01   2.922739E+02   8.603031E+13
   61000   1.759851E+04   3.502873E-01   2.958041E+02   8.786615E+13
   62000   1.794913E+04   3.506978E-01   2.947606E+02   8.970103E+13
   63000   1.830084E+04   3.516219E-01   2.942064E+02   9.154167E+13
   64000   1.865046E+04   3.472681E-01   2.982684E+02   9.337144E+13
   65000   1.899603E+04   3.444269E-01   3.041700E+02   9.518008E+13
   66000   1.934040E+04   3.445633E-01   3.063828E+02   9.698248E+13
   67000   1.968500E+04   3.452846E-01   3.034161E+02   9.878618E+13
   68000   2.003146E+04   3.478336E-01   3.000316E+02   1.005996E+14
   69000   2.038006E+04   3.489416E-01   2.988443E+02   1.024244E+14
   70000   2.072920E+04   3.491224E-01   2.971441E+02   1.042520E+14
   71000   2.107911E+04   3.516292E-01   2.921361E+02   1.060837E+14
   72000   2.143238E+04   3.550602E-01   2.880119E+02   1.079330E+14
   73000   2.178846E+04   3.563418E-01   2.874385E+02   1.097971E+14
   74000   2.214485E+04   3.564004E-01   2.875487E+02   1.116629E+14
   75000   2.250105E+04   3.559648E-01   2.863554E+02   1.135277E+14
   76000   2.285801E+04   3.578976E-01   2.835520E+02   1.153965E+14
   77000   2.321690E+04   3.598553E-01   2.814950E+02   1.172755E+14
   78000   2.357672E+04   3.594051E-01   2.822040E+02   1.191594E+14
   79000   2.393586E+04   3.590882E-01   2.831397E+02   1.210398E+14
   80000   2.429478E+04   3.587044E-01   2.824613E+02   1.229191E+14
   81000   2.465433E+04   3.604729E-01   2.802187E+02   1.248016E+14
   82000   2.501549E+04   3.617612E-01   2.791016E+02   1.266927E+14
   83000   2.537679E+04   3.607951E-01   2.800005E+02   1.285846E+14
   84000   2.573762E+04   3.609769E-01   2.805537E+02   1.304740E+14
   85000   2.609841E+04   3.606924E-01   2.801681E+02   1.323632E+14
   86000   2.645955E+04   3.618067E-01   2.788449E+02   1.342543E+14
   87000   2.682163E+04   3.622420E-01   2.783963E+02   1.361504E+14
   88000   2.718390E+04   3.619355E-01   2.786079E+02   1.380475E+14
   89000   2.754582E+04   3.620352E-01   2.789080E+02   1.399428E+14
   90000   2.790764E+04   3.618181E-01   2.792100E+02   1.418376E+14
   91000   2.826940E+04   3.619990E-01   2.786940E+02   1.437321E+14
   92000   2.863155E+04   3.622176E-01   2.781657E+02   1.456287E+14
   93000   2.899411E+04   3.626760E-01   2.776592E+02   1.475274E+14
   94000   2.935648E+04   3.621393E-01   2.783219E+02   1.494252E+14
   95000   2.971827E+04   3.614828E-01   2.791800E+02   1.513200E+14
   96000   3.007982E+04   3.616980E-01   2.788783E+02   1.532135E+14
   97000   3.044185E+04   3.623648E-01   2.780481E+02   1.551096E+14
   98000   3.080445E+04   3.625528E-01   2.776390E+02   1.570087E+14
   99000   3.116648E+04   3.616861E-01   2.787638E+02   1.589049E+14
  100000   3.152808E+04   3.613459E-01   2.794464E+02   1.607988E+14
  101000   3.188954E+04   3.615665E-01   2.791813E+02   1.626919E+14
  102000   3.225139E+04   3.619198E-01   2.788546E+02   1.645872E+14
  103000   3.261331E+04   3.615582E-01   2.790847E+02   1.664829E+14
  104000   3.297456E+04   3.611023E-01   2.799485E+02   1.683750E+14
  105000   3.333573E+04   3.609124E-01   2.801837E+02   1.702668E+14
  106000   3.369672E+04   3.610445E-01   2.804134E+02   1.721576E+14
  107000   3.405751E+04   3.605055E-01   2.807826E+02   1.740474E+14
  108000   3.441802E+04   3.603244E-01   2.811532E+02   1.759358E+14
  109000   3.477792E+04   3.597644E-01   2.819985E+02   1.778209E+14
  110000   3.513741E+04   3.591812E-01   2.826745E+02   1.797040E+14
  111000   3.549649E+04   3.591240E-01   2.832124E+02   1.815849E+14
  112000   3.585516E+04   3.583847E-01   2.839105E+02   1.834637E+14
  113000   3.621320E+04   3.574979E-01   2.848408E+02   1.853392E+14
  114000   3.657027E+04   3.567505E-01   2.861722E+02   1.872097E+14
  115000   3.692659E+04   3.558888E-01   2.874254E+02   1.890762E+14
  116000   3.728240E+04   3.555347E-01   2.882452E+02   1.909400E+14
  117000   3.763784E+04   3.554526E-01   2.888400E+02   1.928019E+14
  118000   3.799314E+04   3.553258E-01   2.891384E+02   1.946632E+14
  119000   3.834845E+04   3.553731E-01   2.889581E+02   1.965245E+14
  120000   3.870381E+04   3.554314E-01   2.884378E+02   1.983861E+14
  121000   3.905951E+04   3.559542E-01   2.874490E+02   2.002494E+14
  122000   3.941577E+04   3.568106E-01   2.858609E+02   2.021157E+14
  123000   3.977302E+04   3.577804E-01   2.839447E+02   2.039872E+14
  124000   4.013158E+04   3.591800E-01   2.821088E+02   2.058656E+14
  125000   4.049138E+04   3.603782E-01   2.806640E+02   2.077505E+14
  126000   4.085216E+04   3.609661E-01   2.798542E+02   2.096405E+14
  127000   4.121349E+04   3.615867E-01   2.790626E+02   2.115334E+14
  128000   4.157529E+04   3.621280E-01   2.780613E+02   2.134288E+14
  129000   4.193782E+04   3.628140E-01   2.772843E+02   2.153281E+14
  130000   4.230091E+04   3.634359E-01   2.766934E+02   2.172302E+14
  131000   4.266438E+04   3.635333E-01   2.764000E+02   2.191344E+14
  132000   4.302807E+04   3.638949E-01   2.759477E+02   2.210398E+14
  133000   4.339201E+04   3.642283E-01   2.752932E+02   2.229464E+14
  134000   4.375647E+04   3.646395E-01   2.748852E+02   2.248558E+14
  135000   4.412120E+04   3.649368E-01   2.745490E+02   2.267667E+14
  136000   4.448615E+04   3.649536E-01   2.744618E+02   2.286786E+14
  137000   4.485119E+04   3.652084E-01   2.742083E+02   2.305911E+14
  138000   4.521635E+04   3.652975E-01   2.738455E+02   2.325042E+14
  139000   4.558181E+04   3.655864E-01   2.736422E+02   2.344189E+14
  140000   4.594740E+04   3.656723E-01   2.734643E+02   2.363342E+14
  141000   4.631303E+04   3.656299E-01   2.735403E+02   2.382498E+14
  142000   4.667869E+04   3.657375E-01   2.733896E+02   2.401656E+14
  143000   4.704443E+04   3.657294E-01   2.732136E+02   2.420818E+14
  144000   4.741029E+04   3.659114E-01   2.731140E+02   2.439986E+14
  145000   4.777624E+04   3.659776E-01   2.730711E+02   2.459159E+14
  146000   4.814208E+04   3.658616E-01   2.732335E+02   2.478326E+14
  147000   4.850795E+04   3.659199E-01   2.731406E+02   2.497495E+14
  148000   4.887383E+04   3.658101E-01   2.731181E+02   2.516664E+14
  149000   4.923972E+04   3.658615E-01   2.731096E+02   2.535834E+14
  150000   4.960556E+04   3.658603E-01   2.731973E+02   2.555002E+14
  151000   4.997125E+04   3.656737E-01   2.734328E+02   2.574161E+14
  152000   5.033693E+04   3.656815E-01   2.734442E+02   2.593321E+14
  153000   5.070251E+04   3.655731E-01   2.735301E+02   2.612475E+14
  154000   5.106810E+04   3.654562E-01   2.735871E+02   2.631629E+14
  155000   5.143349E+04   3.653634E-01   2.738094E+02   2.650774E+14
  156000   5.179862E+04   3.650070E-01   2.741942E+02   2.669904E+14
  157000   5.216366E+04   3.649316E-01   2.743532E+02   2.689030E+14
  158000   5.252853E+04   3.648555E-01   2.745635E+02   2.708147E+14
  159000   5.289325E+04   3.644355E-01   2.748330E+02   2.727257E+14
  160000   5.325762E+04   3.641969E-01   2.752737E+02   2.746347E+14
  161000   5.362160E+04   3.638121E-01   2.758370E+02   2.765418E+14
  162000   5.398535E+04   3.635329E-01   2.762123E+02   2.784477E+14
  163000   5.434875E+04   3.632973E-01   2.766898E+02   2.803517E+14
  164000   5.471174E+04   3.627365E-01   2.773096E+02   2.822536E+14
  165000   5.507429E+04   3.623528E-01   2.779171E+02   2.841532E+14
  166000   5.543643E+04   3.621059E-01   2.784967E+02   2.860506E+14
  167000   5.579840E+04   3.618577E-01   2.788119E+02   2.879472E+14
  168000   5.616030E+04   3.618433E-01   2.789301E+02   2.898433E+14
  169000   5.652211E+04   3.618479E-01   2.790509E+02   2.917391E+14
  170000   5.688397E+04   3.619041E-01   2.789587E+02   2.936350E+14
  171000   5.724583E+04   3.619504E-01   2.785169E+02   2.955310E+14
  172000   5.760797E+04   3.622554E-01   2.778123E+02   2.974285E+14
  173000   5.797058E+04   3.629489E-01   2.768679E+02   2.993285E+14
  174000   5.833381E+04   3.635361E-01   2.759053E+02   3.012316E+14
  175000   5.869771E+04   3.641697E-01   2.750310E+02   3.031383E+14
  176000   5.906222E+04   3.649116E-01   2.740975E+02   3.050482E+14
  177000   5.942736E+04   3.654307E-01   2.733141E+02   3.069614E+14
  178000   5.979309E+04   3.659977E-01   2.726973E+02   3.088777E+14
  179000   6.015922E+04   3.664063E-01   2.720869E+02   3.107961E+14
  180000   6.052579E+04   3.667101E-01   2.715693E+02   3.127168E+14
  181000   6.089274E+04   3.672137E-01   2.710016E+02   3.146394E+14
  182000   6.126007E+04   3.674784E-01   2.705299E+02   3.165641E+14
  183000   6.162776E+04   3.677971E-01   2.701843E+02   3.184907E+14
  184000   6.199567E+04   3.680644E-01   2.697698E+02   3.204184E+14
  185000   6.236387E+04   3.682373E-01   2.694396E+02   3.223477E+14
  186000   6.273233E+04   3.686178E-01   2.690613E+02   3.242782E+14
  187000   6.310103E+04   3.687527E-01   2.687709E+02   3.262101E+14
  188000   6.346997E+04   3.689852E-01   2.685839E+02   3.281433E+14
  189000   6.383901E+04   3.691278E-01   2.683307E+02   3.300769E+14
  190000   6.420825E+04   3.692201E-01   2.681690E+02   3.320116E+14
  191000   6.457760E+04   3.694822E-01   2.679408E+02   3.339469E+14
  192000   6.494710E+04   3.695024E-01   2.678122E+02   3.358829E+14
  193000   6.531672E+04   3.696431E-01   2.677371E+02   3.378196E+14
  194000   6.568635E+04   3.696997E-01   2.676049E+02   3.397564E+14
  195000   6.605609E+04   3.697544E-01   2.675591E+02   3.416937E+14
  196000   6.642588E+04   3.698282E-01   2.674332E+02   3.436313E+14
  197000   6.679570E+04   3.698579E-01   2.674177E+02   3.455690E+14
  198000   6.716557E+04   3.697919E-01   2.674110E+02   3.475071E+14
  199000   6.753541E+04   3.699036E-01   2.673715E+02   3.494449E+14
      nt           time          dtime       max(rho)       shockpos
  200000   6.790528E+04   3.698364E-01   2.674088E+02   3.513829E+14
  201000   6.827514E+04   3.698191E-01   2.673768E+02   3.533209E+14
  202000   6.864495E+04   3.698110E-01   2.674659E+02   3.552586E+14
  203000   6.901473E+04   3.696706E-01   2.675367E+02   3.571961E+14
  204000   6.938445E+04   3.697337E-01   2.675826E+02   3.591334E+14
  205000   6.975410E+04   3.695979E-01   2.677047E+02   3.610702E+14
  206000   7.012370E+04   3.695081E-01   2.677872E+02   3.630068E+14
  207000   7.049311E+04   3.694188E-01   2.679874E+02   3.649424E+14
  208000   7.086243E+04   3.692102E-01   2.681683E+02   3.668775E+14
  209000   7.123160E+04   3.691533E-01   2.683344E+02   3.688119E+14
  210000   7.160057E+04   3.689036E-01   2.686083E+02   3.707452E+14
  211000   7.196936E+04   3.686550E-01   2.688634E+02   3.726776E+14
  212000   7.233789E+04   3.684629E-01   2.692005E+02   3.746085E+14
  213000   7.270619E+04   3.681379E-01   2.695436E+02   3.765383E+14
  214000   7.307427E+04   3.679485E-01   2.698392E+02   3.784670E+14
  215000   7.344209E+04   3.677195E-01   2.701968E+02   3.803942E+14
  216000   7.380973E+04   3.674784E-01   2.704832E+02   3.823206E+14
  217000   7.417720E+04   3.674469E-01   2.706945E+02   3.842460E+14
  218000   7.454458E+04   3.673845E-01   2.708528E+02   3.861710E+14
  219000   7.491198E+04   3.674114E-01   2.708370E+02   3.880960E+14
  220000   7.527938E+04   3.673740E-01   2.707315E+02   3.900211E+14
  221000   7.564686E+04   3.675072E-01   2.705345E+02   3.919466E+14
  222000   7.601445E+04   3.677410E-01   2.701466E+02   3.938727E+14
  223000   7.638230E+04   3.679786E-01   2.696805E+02   3.958001E+14
  224000   7.675049E+04   3.684140E-01   2.691318E+02   3.977293E+14
  225000   7.711905E+04   3.688184E-01   2.685067E+02   3.996605E+14
  226000   7.748807E+04   3.691908E-01   2.679474E+02   4.015940E+14
  227000   7.785749E+04   3.696701E-01   2.673639E+02   4.035297E+14
  228000   7.822731E+04   3.700018E-01   2.667939E+02   4.054674E+14
  229000   7.859756E+04   3.704006E-01   2.662996E+02   4.074074E+14
  230000   7.896816E+04   3.708002E-01   2.657893E+02   4.093492E+14
  231000   7.933912E+04   3.710596E-01   2.653682E+02   4.112930E+14
  232000   7.971041E+04   3.714422E-01   2.649501E+02   4.132384E+14
  233000   8.008197E+04   3.717111E-01   2.645186E+02   4.151852E+14
  234000   8.045387E+04   3.720000E-01   2.641816E+02   4.171339E+14
  235000   8.082601E+04   3.723159E-01   2.638224E+02   4.190838E+14
  236000   8.119840E+04   3.724785E-01   2.635372E+02   4.210350E+14
  237000   8.157102E+04   3.727651E-01   2.632581E+02   4.229874E+14
  238000   8.194383E+04   3.729370E-01   2.629652E+02   4.249408E+14
  239000   8.231687E+04   3.731264E-01   2.627651E+02   4.268954E+14
  240000   8.269006E+04   3.733295E-01   2.625340E+02   4.288508E+14
  241000   8.306341E+04   3.734014E-01   2.623746E+02   4.308070E+14
  242000   8.343689E+04   3.735912E-01   2.622080E+02   4.327639E+14
  243000   8.381048E+04   3.736630E-01   2.620356E+02   4.347214E+14
  244000   8.418422E+04   3.737723E-01   2.619421E+02   4.366796E+14
  245000   8.455801E+04   3.738781E-01   2.618074E+02   4.386382E+14
  246000   8.493191E+04   3.738842E-01   2.617436E+02   4.405973E+14
  247000   8.530585E+04   3.739936E-01   2.616557E+02   4.425566E+14
  248000   8.567984E+04   3.740066E-01   2.615742E+02   4.445162E+14
  249000   8.605388E+04   3.740609E-01   2.615578E+02   4.464760E+14
  250000   8.642796E+04   3.740971E-01   2.615004E+02   4.484360E+14
  251000   8.680202E+04   3.740633E-01   2.615104E+02   4.503960E+14
  252000   8.717611E+04   3.740879E-01   2.614922E+02   4.523560E+14
  253000   8.755018E+04   3.740875E-01   2.614937E+02   4.543160E+14
  254000   8.792423E+04   3.740327E-01   2.615541E+02   4.562759E+14
  255000   8.829825E+04   3.740034E-01   2.615760E+02   4.582356E+14
  256000   8.867220E+04   3.739515E-01   2.616637E+02   4.601949E+14
  257000   8.904610E+04   3.738297E-01   2.617346E+02   4.621541E+14
  258000   8.941992E+04   3.737899E-01   2.618273E+02   4.641127E+14
  259000   8.979363E+04   3.736377E-01   2.619788E+02   4.660708E+14
  260000   9.016726E+04   3.735305E-01   2.620948E+02   4.680284E+14
  261000   9.054074E+04   3.734190E-01   2.622773E+02   4.699853E+14
  262000   9.091409E+04   3.732318E-01   2.624636E+02   4.719415E+14
  263000   9.128729E+04   3.731367E-01   2.626463E+02   4.738969E+14
  264000   9.166033E+04   3.729781E-01   2.628713E+02   4.758515E+14
  265000   9.203326E+04   3.728418E-01   2.630377E+02   4.778054E+14
  266000   9.240604E+04   3.727729E-01   2.632084E+02   4.797586E+14
  267000   9.277873E+04   3.726479E-01   2.633581E+02   4.817113E+14
  268000   9.315136E+04   3.726242E-01   2.634217E+02   4.836638E+14
  269000   9.352395E+04   3.726150E-01   2.634680E+02   4.856159E+14
  270000   9.389658E+04   3.726444E-01   2.634256E+02   4.875684E+14
  271000   9.426922E+04   3.726956E-01   2.632944E+02   4.895208E+14
  272000   9.464196E+04   3.727879E-01   2.631293E+02   4.914738E+14
  273000   9.501482E+04   3.729799E-01   2.628521E+02   4.934274E+14
  274000   9.538786E+04   3.731442E-01   2.625177E+02   4.953819E+14
  275000   9.576116E+04   3.734097E-01   2.621511E+02   4.973378E+14
  276000   9.613471E+04   3.737138E-01   2.617082E+02   4.992950E+14
  277000   9.650858E+04   3.739891E-01   2.612850E+02   5.012539E+14
  278000   9.688278E+04   3.743595E-01   2.608441E+02   5.032145E+14
  279000   9.725729E+04   3.746678E-01   2.603962E+02   5.051767E+14
  280000   9.763214E+04   3.749787E-01   2.600078E+02   5.071408E+14
  281000   9.800728E+04   3.753261E-01   2.595933E+02   5.091063E+14
  282000   9.838273E+04   3.755813E-01   2.592189E+02   5.110734E+14
  283000   9.875846E+04   3.758944E-01   2.588705E+02   5.130421E+14
  284000   9.913445E+04   3.761559E-01   2.585074E+02   5.150120E+14
  285000   9.951073E+04   3.763843E-01   2.582104E+02   5.169835E+14
  286000   9.988722E+04   3.766609E-01   2.578924E+02   5.189561E+14
  287000   1.002640E+05   3.768373E-01   2.576104E+02   5.209299E+14
  288000   1.006409E+05   3.770630E-01   2.573633E+02   5.229050E+14
  289000   1.010181E+05   3.772490E-01   2.570993E+02   5.248809E+14
  290000   1.013954E+05   3.773932E-01   2.569002E+02   5.268580E+14
  291000   1.017729E+05   3.775962E-01   2.566788E+02   5.288358E+14
  292000   1.021505E+05   3.776995E-01   2.564941E+02   5.308145E+14
  293000   1.025284E+05   3.778561E-01   2.563385E+02   5.327940E+14
  294000   1.029063E+05   3.779724E-01   2.561650E+02   5.347740E+14
  295000   1.032843E+05   3.780566E-01   2.560530E+02   5.367548E+14
  296000   1.036625E+05   3.782022E-01   2.559143E+02   5.387360E+14
  297000   1.040407E+05   3.782451E-01   2.558142E+02   5.407176E+14
  298000   1.044190E+05   3.783523E-01   2.557329E+02   5.426998E+14
  299000   1.047974E+05   3.784134E-01   2.556337E+02   5.446822E+14
  300000   1.051758E+05   3.784499E-01   2.555924E+02   5.466650E+14
  301000   1.055543E+05   3.785137E-01   2.555208E+02   5.486480E+14
  302000   1.059328E+05   3.785362E-01   2.554921E+02   5.506311E+14
  303000   1.063114E+05   3.785291E-01   2.554743E+02   5.526145E+14
  304000   1.066899E+05   3.785659E-01   2.554425E+02   5.545978E+14
  305000   1.070685E+05   3.785416E-01   2.554676E+02   5.565811E+14
  306000   1.074470E+05   3.785008E-01   2.554652E+02   5.585644E+14
  307000   1.078255E+05   3.785094E-01   2.555057E+02   5.605476E+14
  308000   1.082040E+05   3.784286E-01   2.555549E+02   5.625305E+14
  309000   1.085825E+05   3.784205E-01   2.555906E+02   5.645133E+14
  310000   1.089608E+05   3.783569E-01   2.556830E+02   5.664957E+14
  311000   1.093392E+05   3.782602E-01   2.557527E+02   5.684778E+14
  312000   1.097174E+05   3.782235E-01   2.558585E+02   5.704594E+14
  313000   1.100955E+05   3.780971E-01   2.559776E+02   5.724406E+14
  314000   1.104736E+05   3.780313E-01   2.560708E+02   5.744214E+14
  315000   1.108516E+05   3.779421E-01   2.562078E+02   5.764015E+14
  316000   1.112294E+05   3.778176E-01   2.563109E+02   5.783813E+14
  317000   1.116072E+05   3.777881E-01   2.564032E+02   5.803607E+14
  318000   1.119850E+05   3.777080E-01   2.564942E+02   5.823397E+14
  319000   1.123627E+05   3.776775E-01   2.565211E+02   5.843186E+14
  320000   1.127404E+05   3.777127E-01   2.565444E+02   5.862974E+14
  321000   1.131181E+05   3.777240E-01   2.565146E+02   5.882763E+14
  322000   1.134958E+05   3.777778E-01   2.564148E+02   5.902553E+14
  323000   1.138736E+05   3.778195E-01   2.562981E+02   5.922347E+14
  324000   1.142515E+05   3.779750E-01   2.561020E+02   5.942146E+14
  325000   1.146296E+05   3.780865E-01   2.558665E+02   5.961951E+14
  326000   1.150078E+05   3.782813E-01   2.556098E+02   5.981766E+14
  327000   1.153862E+05   3.785293E-01   2.552847E+02   6.001591E+14
  328000   1.157648E+05   3.787355E-01   2.549678E+02   6.021428E+14
  329000   1.161437E+05   3.790389E-01   2.546273E+02   6.041279E+14
  330000   1.165229E+05   3.792954E-01   2.542675E+02   6.061142E+14
  331000   1.169023E+05   3.795466E-01   2.539449E+02   6.081021E+14
  332000   1.172820E+05   3.798536E-01   2.535926E+02   6.100912E+14
  333000   1.176619E+05   3.800667E-01   2.532660E+02   6.120818E+14
  334000   1.180421E+05   3.803477E-01   2.529522E+02   6.140737E+14
  335000   1.184226E+05   3.805904E-01   2.526211E+02   6.160668E+14
  336000   1.188033E+05   3.807944E-01   2.523410E+02   6.180614E+14
  337000   1.191842E+05   3.810648E-01   2.520434E+02   6.200570E+14
  338000   1.195653E+05   3.812337E-01   2.517717E+02   6.220539E+14
  339000   1.199467E+05   3.814622E-01   2.515247E+02   6.240519E+14
  340000   1.203283E+05   3.816592E-01   2.512628E+02   6.260509E+14
  341000   1.207101E+05   3.818123E-01   2.510584E+02   6.280510E+14
  342000   1.210920E+05   3.820327E-01   2.508382E+02   6.300519E+14
  343000   1.214741E+05   3.821423E-01   2.506461E+02   6.320537E+14
  344000   1.218563E+05   3.823236E-01   2.504766E+02   6.340563E+14
  345000   1.222387E+05   3.824580E-01   2.502932E+02   6.360596E+14
  346000   1.226212E+05   3.825618E-01   2.501656E+02   6.380636E+14
  347000   1.230039E+05   3.827238E-01   2.500169E+02   6.400682E+14
  348000   1.233866E+05   3.827790E-01   2.499001E+02   6.420734E+14
  349000   1.237695E+05   3.829122E-01   2.497982E+02   6.440791E+14
  350000   1.241524E+05   3.829797E-01   2.496837E+02   6.460851E+14
  351000   1.245354E+05   3.830409E-01   2.496202E+02   6.480917E+14
  352000   1.249185E+05   3.831110E-01   2.495309E+02   6.500985E+14
  353000   1.253016E+05   3.831469E-01   2.494771E+02   6.521057E+14
  354000   1.256848E+05   3.831791E-01   2.494300E+02   6.541131E+14
  355000   1.260680E+05   3.832421E-01   2.493755E+02   6.561206E+14
  356000   1.264512E+05   3.832447E-01   2.493690E+02   6.581283E+14
  357000   1.268345E+05   3.832485E-01   2.493359E+02   6.601361E+14
  358000   1.272177E+05   3.832611E-01   2.493379E+02   6.621439E+14
  359000   1.276010E+05   3.832336E-01   2.493430E+02   6.641517E+14
  360000   1.279842E+05   3.832638E-01   2.493428E+02   6.661595E+14
  361000   1.283674E+05   3.832140E-01   2.493875E+02   6.681670E+14
  362000   1.287506E+05   3.831709E-01   2.494072E+02   6.701745E+14
  363000   1.291338E+05   3.831587E-01   2.494604E+02   6.721817E+14
  364000   1.295169E+05   3.830626E-01   2.495200E+02   6.741887E+14
  365000   1.298999E+05   3.830385E-01   2.495709E+02   6.761954E+14
  366000   1.302829E+05   3.829564E-01   2.496587E+02   6.782017E+14
  367000   1.306658E+05   3.828778E-01   2.497175E+02   6.802078E+14
  368000   1.310487E+05   3.828589E-01   2.497873E+02   6.822135E+14
  369000   1.314315E+05   3.827743E-01   2.498552E+02   6.842190E+14
  370000   1.318143E+05   3.827745E-01   2.498822E+02   6.862244E+14
  371000   1.321971E+05   3.827695E-01   2.499206E+02   6.882296E+14
  372000   1.325799E+05   3.827602E-01   2.499135E+02   6.902348E+14
  373000   1.329626E+05   3.827890E-01   2.498750E+02   6.922401E+14
  374000   1.333455E+05   3.828248E-01   2.498213E+02   6.942456E+14
  375000   1.337283E+05   3.829053E-01   2.497004E+02   6.962513E+14
  376000   1.341113E+05   3.829618E-01   2.495681E+02   6.982574E+14
  377000   1.344943E+05   3.831147E-01   2.493987E+02   7.002641E+14
  378000   1.348775E+05   3.832517E-01   2.491778E+02   7.022714E+14
  379000   1.352608E+05   3.834200E-01   2.489570E+02   7.042796E+14
  380000   1.356444E+05   3.836532E-01   2.486889E+02   7.062887E+14
  381000   1.360281E+05   3.838346E-01   2.484111E+02   7.082989E+14
  382000   1.364121E+05   3.840795E-01   2.481365E+02   7.103103E+14
  383000   1.367962E+05   3.843155E-01   2.478287E+02   7.123228E+14
  384000   1.371806E+05   3.845228E-01   2.475485E+02   7.143366E+14
  385000   1.375653E+05   3.847884E-01   2.472527E+02   7.163516E+14
  386000   1.379502E+05   3.849871E-01   2.469568E+02   7.183678E+14
  387000   1.383353E+05   3.852211E-01   2.466883E+02   7.203853E+14
  388000   1.387206E+05   3.854559E-01   2.463951E+02   7.224039E+14
  389000   1.391062E+05   3.856454E-01   2.461355E+02   7.244237E+14
  390000   1.394920E+05   3.858946E-01   2.458740E+02   7.264447E+14
  391000   1.398780E+05   3.860752E-01   2.456168E+02   7.284667E+14
  392000   1.402642E+05   3.862780E-01   2.453953E+02   7.304898E+14
  393000   1.406506E+05   3.864831E-01   2.451556E+02   7.325138E+14
  394000   1.410371E+05   3.866366E-01   2.449546E+02   7.345389E+14
  395000   1.414239E+05   3.868369E-01   2.447554E+02   7.365648E+14
  396000   1.418108E+05   3.869743E-01   2.445619E+02   7.385915E+14
  397000   1.421978E+05   3.871296E-01   2.444038E+02   7.406192E+14
  398000   1.425850E+05   3.872843E-01   2.442274E+02   7.426474E+14
  399000   1.429723E+05   3.873884E-01   2.440919E+02   7.446764E+14
      nt           time          dtime       max(rho)       shockpos
  400000   1.433598E+05   3.875345E-01   2.439545E+02   7.467061E+14
  401000   1.437474E+05   3.876165E-01   2.438249E+02   7.487362E+14
  402000   1.441350E+05   3.877198E-01   2.437244E+02   7.507670E+14
  403000   1.445228E+05   3.878211E-01   2.436057E+02   7.527982E+14
  404000   1.449106E+05   3.878752E-01   2.435267E+02   7.548298E+14
  405000   1.452985E+05   3.879736E-01   2.434392E+02   7.568619E+14
  406000   1.456865E+05   3.880101E-01   2.433625E+02   7.588943E+14
  407000   1.460746E+05   3.880705E-01   2.433104E+02   7.609270E+14
  408000   1.464626E+05   3.881229E-01   2.432418E+02   7.629599E+14
  409000   1.468508E+05   3.881345E-01   2.432121E+02   7.649931E+14
  410000   1.472389E+05   3.881828E-01   2.431718E+02   7.670264E+14
  411000   1.476271E+05   3.881883E-01   2.431455E+02   7.690598E+14
  412000   1.480153E+05   3.882098E-01   2.431401E+02   7.710933E+14
  413000   1.484035E+05   3.882214E-01   2.431180E+02   7.731269E+14
  414000   1.487917E+05   3.882063E-01   2.431340E+02   7.751603E+14
  415000   1.491799E+05   3.881767E-01   2.431375E+02   7.771938E+14
  416000   1.495681E+05   3.881803E-01   2.431544E+02   7.792271E+14
  417000   1.499562E+05   3.881262E-01   2.431912E+02   7.812603E+14
  418000   1.503444E+05   3.880969E-01   2.432104E+02   7.832934E+14
  419000   1.507324E+05   3.880640E-01   2.432623E+02   7.853262E+14
  420000   1.511205E+05   3.880007E-01   2.432994E+02   7.873589E+14
  421000   1.515085E+05   3.879991E-01   2.433338E+02   7.893914E+14
  422000   1.518965E+05   3.879545E-01   2.433793E+02   7.914237E+14
  423000   1.522844E+05   3.879386E-01   2.433918E+02   7.934559E+14
  424000   1.526724E+05   3.879550E-01   2.434144E+02   7.954880E+14
  425000   1.530603E+05   3.879439E-01   2.434116E+02   7.975202E+14
  426000   1.534483E+05   3.879728E-01   2.433780E+02   7.995524E+14
  427000   1.538363E+05   3.879834E-01   2.433412E+02   8.015848E+14
  428000   1.542243E+05   3.880599E-01   2.432544E+02   8.036173E+14
  429000   1.546124E+05   3.880957E-01   2.431557E+02   8.056501E+14
  430000   1.550006E+05   3.882072E-01   2.430325E+02   8.076834E+14
  431000   1.553888E+05   3.883307E-01   2.428621E+02   8.097171E+14
  432000   1.557772E+05   3.884501E-01   2.426921E+02   8.117516E+14
  433000   1.561658E+05   3.886454E-01   2.424825E+02   8.137868E+14
  434000   1.565545E+05   3.887976E-01   2.422556E+02   8.158228E+14
  435000   1.569433E+05   3.889917E-01   2.420272E+02   8.178599E+14
  436000   1.573324E+05   3.892120E-01   2.417624E+02   8.198979E+14
  437000   1.577217E+05   3.893891E-01   2.415130E+02   8.219371E+14
  438000   1.581112E+05   3.896344E-01   2.412498E+02   8.239773E+14
  439000   1.585010E+05   3.898289E-01   2.409805E+02   8.260187E+14
  440000   1.588909E+05   3.900379E-01   2.407310E+02   8.280613E+14
  441000   1.592811E+05   3.902793E-01   2.404578E+02   8.301049E+14
  442000   1.596714E+05   3.904601E-01   2.402096E+02   8.321497E+14
  443000   1.600620E+05   3.906998E-01   2.399624E+02   8.341957E+14
  444000   1.604528E+05   3.908879E-01   2.397127E+02   8.362426E+14
  445000   1.608438E+05   3.910835E-01   2.394937E+02   8.382907E+14
  446000   1.612350E+05   3.913041E-01   2.392578E+02   8.403398E+14
  447000   1.616264E+05   3.914553E-01   2.390523E+02   8.423898E+14
  448000   1.620180E+05   3.916693E-01   2.388494E+02   8.444409E+14
  449000   1.624097E+05   3.918197E-01   2.386474E+02   8.464927E+14
  450000   1.628016E+05   3.919807E-01   2.384789E+02   8.485455E+14
  451000   1.631937E+05   3.921556E-01   2.382937E+02   8.505990E+14
  452000   1.635859E+05   3.922657E-01   2.381419E+02   8.526534E+14
  453000   1.639782E+05   3.924367E-01   2.379898E+02   8.547084E+14
  454000   1.643707E+05   3.925313E-01   2.378441E+02   8.567641E+14
  455000   1.647633E+05   3.926546E-01   2.377264E+02   8.588205E+14
  456000   1.651560E+05   3.927724E-01   2.375917E+02   8.608773E+14
  457000   1.655488E+05   3.928425E-01   2.374929E+02   8.629348E+14
  458000   1.659417E+05   3.929673E-01   2.373857E+02   8.649927E+14
  459000   1.663347E+05   3.930132E-01   2.372899E+02   8.670511E+14
  460000   1.667277E+05   3.931061E-01   2.372151E+02   8.691099E+14
  461000   1.671209E+05   3.931695E-01   2.371257E+02   8.711690E+14
  462000   1.675141E+05   3.932094E-01   2.370706E+02   8.732285E+14
  463000   1.679073E+05   3.932925E-01   2.370029E+02   8.752883E+14
  464000   1.683006E+05   3.933040E-01   2.369520E+02   8.773483E+14
  465000   1.686940E+05   3.933632E-01   2.369174E+02   8.794086E+14
  466000   1.690874E+05   3.933889E-01   2.368701E+02   8.814690E+14
  467000   1.694808E+05   3.934051E-01   2.368551E+02   8.835295E+14
  468000   1.698742E+05   3.934294E-01   2.368265E+02   8.855901E+14
  469000   1.702676E+05   3.934356E-01   2.368163E+02   8.876508E+14
  470000   1.706610E+05   3.934230E-01   2.368184E+02   8.897115E+14
  471000   1.710545E+05   3.934348E-01   2.368114E+02   8.917721E+14
  472000   1.714479E+05   3.934061E-01   2.368342E+02   8.938327E+14
  473000   1.718413E+05   3.933775E-01   2.368405E+02   8.958932E+14
  474000   1.722347E+05   3.933811E-01   2.368599E+02   8.979536E+14
  475000   1.726280E+05   3.933292E-01   2.368879E+02   9.000139E+14
  476000   1.730214E+05   3.933333E-01   2.368970E+02   9.020741E+14
  477000   1.734147E+05   3.933151E-01   2.369247E+02   9.041342E+14
  478000   1.738080E+05   3.932983E-01   2.369293E+02   9.061943E+14
  479000   1.742013E+05   3.933306E-01   2.369297E+02   9.082543E+14
  480000   1.745947E+05   3.933243E-01   2.369275E+02   9.103144E+14
  481000   1.749880E+05   3.933556E-01   2.368918E+02   9.123745E+14
  482000   1.753814E+05   3.933597E-01   2.368580E+02   9.144348E+14
  483000   1.757748E+05   3.934212E-01   2.367919E+02   9.164953E+14
  484000   1.761682E+05   3.934625E-01   2.367023E+02   9.185559E+14
  485000   1.765617E+05   3.935456E-01   2.366063E+02   9.206170E+14
  486000   1.769553E+05   3.936600E-01   2.364672E+02   9.226785E+14
  487000   1.773490E+05   3.937596E-01   2.363234E+02   9.247406E+14
  488000   1.777429E+05   3.939154E-01   2.361557E+02   9.268033E+14
  489000   1.781368E+05   3.940612E-01   2.359590E+02   9.288667E+14
  490000   1.785310E+05   3.942246E-01   2.357664E+02   9.309310E+14
  491000   1.789253E+05   3.944250E-01   2.355411E+02   9.329962E+14
  492000   1.793198E+05   3.945927E-01   2.353161E+02   9.350624E+14
  493000   1.797145E+05   3.948035E-01   2.350883E+02   9.371296E+14
  494000   1.801094E+05   3.949994E-01   2.348426E+02   9.391978E+14
  495000   1.805045E+05   3.951900E-01   2.346154E+02   9.412672E+14
  496000   1.808998E+05   3.954140E-01   2.343716E+02   9.433375E+14
  497000   1.812953E+05   3.955936E-01   2.341370E+02   9.454090E+14
  498000   1.816910E+05   3.958046E-01   2.339116E+02   9.474815E+14
  499000   1.820869E+05   3.960077E-01   2.336737E+02   9.495550E+14
  500000   1.824830E+05   3.961894E-01   2.334626E+02   9.516296E+14
  501000   1.828793E+05   3.964050E-01   2.332414E+02   9.537052E+14
  502000   1.832758E+05   3.965713E-01   2.330335E+02   9.557818E+14
  503000   1.836725E+05   3.967616E-01   2.328403E+02   9.578594E+14
  504000   1.840693E+05   3.969385E-01   2.326390E+02   9.599378E+14
  505000   1.844664E+05   3.970916E-01   2.324662E+02   9.620171E+14
  506000   1.848635E+05   3.972764E-01   2.322848E+02   9.640973E+14
  507000   1.852609E+05   3.974051E-01   2.321211E+02   9.661782E+14
  508000   1.856584E+05   3.975612E-01   2.319698E+02   9.682600E+14
  509000   1.860560E+05   3.976971E-01   2.318125E+02   9.703424E+14
  510000   1.864537E+05   3.978109E-01   2.316854E+02   9.724255E+14
  511000   1.868516E+05   3.979562E-01   2.315464E+02   9.745093E+14
  512000   1.872496E+05   3.980397E-01   2.314284E+02   9.765936E+14
  513000   1.876477E+05   3.981656E-01   2.313177E+02   9.786786E+14
  514000   1.880459E+05   3.982494E-01   2.312041E+02   9.807640E+14
  515000   1.884442E+05   3.983314E-01   2.311171E+02   9.828500E+14
  516000   1.888425E+05   3.984363E-01   2.310158E+02   9.849363E+14
  517000   1.892410E+05   3.984789E-01   2.309401E+02   9.870231E+14
  518000   1.896395E+05   3.985750E-01   2.308640E+02   9.891103E+14
  519000   1.900381E+05   3.986166E-01   2.307893E+02   9.911978E+14
  520000   1.904368E+05   3.986725E-01   2.307398E+02   9.932857E+14
  521000   1.908355E+05   3.987363E-01   2.306754E+02   9.953737E+14
  522000   1.912342E+05   3.987498E-01   2.306384E+02   9.974621E+14
  523000   1.916330E+05   3.988171E-01   2.305961E+02   9.995506E+14
  524000   1.920319E+05   3.988216E-01   2.305591E+02   1.001639E+15
  525000   1.924307E+05   3.988602E-01   2.305405E+02   1.003728E+15
  526000   1.928296E+05   3.988877E-01   2.305083E+02   1.005817E+15
  527000   1.932284E+05   3.988847E-01   2.305039E+02   1.007906E+15
  528000   1.936273E+05   3.988802E-01   2.304897E+02   1.009995E+15
  529000   1.940262E+05   3.989063E-01   2.304836E+02   1.012084E+15
  530000   1.944251E+05   3.988730E-01   2.304925E+02   1.014173E+15
  531000   1.948240E+05   3.988760E-01   2.304852E+02   1.016262E+15
  532000   1.952229E+05   3.988714E-01   2.305005E+02   1.018351E+15
  533000   1.956217E+05   3.988423E-01   2.305013E+02   1.020440E+15
  534000   1.960206E+05   3.988728E-01   2.305007E+02   1.022529E+15
  535000   1.964195E+05   3.988510E-01   2.305070E+02   1.024618E+15
  536000   1.968183E+05   3.988735E-01   2.304888E+02   1.026706E+15
  537000   1.972172E+05   3.988938E-01   2.304792E+02   1.028795E+15
  538000   1.976161E+05   3.989175E-01   2.304474E+02   1.030884E+15
  539000   1.980150E+05   3.989354E-01   2.304000E+02   1.032974E+15
  540000   1.984140E+05   3.989825E-01   2.303498E+02   1.035063E+15
  541000   1.988130E+05   3.990477E-01   2.302645E+02   1.037153E+15
  542000   1.992121E+05   3.990954E-01   2.301772E+02   1.039243E+15
  543000   1.996113E+05   3.992090E-01   2.300650E+02   1.041333E+15
  544000   2.000105E+05   3.992995E-01   2.299287E+02   1.043424E+15
  545000   2.004099E+05   3.994245E-01   2.297927E+02   1.045515E+15
  546000   2.008094E+05   3.995803E-01   2.296229E+02   1.047607E+15
  547000   2.012090E+05   3.997078E-01   2.294514E+02   1.049700E+15
  548000   2.016088E+05   3.998913E-01   2.292657E+02   1.051794E+15
  549000   2.020088E+05   4.000571E-01   2.290575E+02   1.053889E+15
  550000   2.024089E+05   4.002362E-01   2.288611E+02   1.055984E+15
  551000   2.028093E+05   4.004401E-01   2.286438E+02   1.058081E+15
  552000   2.032098E+05   4.006056E-01   2.284324E+02   1.060178E+15
  553000   2.036105E+05   4.008140E-01   2.282211E+02   1.062276E+15
  554000   2.040114E+05   4.009996E-01   2.279963E+02   1.064376E+15
  555000   2.044125E+05   4.011872E-01   2.277918E+02   1.066476E+15
  556000   2.048138E+05   4.013934E-01   2.275746E+02   1.068578E+15
  557000   2.052153E+05   4.015598E-01   2.273689E+02   1.070680E+15
  558000   2.056169E+05   4.017611E-01   2.271694E+02   1.072784E+15
  559000   2.060188E+05   4.019364E-01   2.269634E+02   1.074888E+15
  560000   2.064208E+05   4.021093E-01   2.267818E+02   1.076994E+15
  561000   2.068230E+05   4.022968E-01   2.265891E+02   1.079100E+15
  562000   2.072254E+05   4.024442E-01   2.264138E+02   1.081207E+15
  563000   2.076280E+05   4.026198E-01   2.262448E+02   1.083315E+15
  564000   2.080306E+05   4.027699E-01   2.260727E+02   1.085424E+15
  565000   2.084335E+05   4.029172E-01   2.259255E+02   1.087533E+15
  566000   2.088365E+05   4.030719E-01   2.257687E+02   1.089644E+15
  567000   2.092396E+05   4.031901E-01   2.256314E+02   1.091755E+15
  568000   2.096429E+05   4.033349E-01   2.254975E+02   1.093867E+15
  569000   2.100463E+05   4.034461E-01   2.253654E+02   1.095979E+15
  570000   2.104498E+05   4.035619E-01   2.252543E+02   1.098092E+15
  571000   2.108534E+05   4.036845E-01   2.251334E+02   1.100206E+15
  572000   2.112571E+05   4.037635E-01   2.250360E+02   1.102320E+15
  573000   2.116609E+05   4.038779E-01   2.249349E+02   1.104434E+15
  574000   2.120648E+05   4.039495E-01   2.248392E+02   1.106549E+15
  575000   2.124688E+05   4.040353E-01   2.247611E+02   1.108665E+15
  576000   2.128729E+05   4.041197E-01   2.246728E+02   1.110781E+15
  577000   2.132770E+05   4.041690E-01   2.246089E+02   1.112897E+15
  578000   2.136812E+05   4.042549E-01   2.245378E+02   1.115014E+15
  579000   2.140855E+05   4.042878E-01   2.244763E+02   1.117131E+15
  580000   2.144898E+05   4.043508E-01   2.244268E+02   1.119248E+15
  581000   2.148942E+05   4.043976E-01   2.243693E+02   1.121365E+15
  582000   2.152986E+05   4.044225E-01   2.243346E+02   1.123483E+15
  583000   2.157030E+05   4.044838E-01   2.242890E+02   1.125601E+15
  584000   2.161075E+05   4.044853E-01   2.242580E+02   1.127719E+15
  585000   2.165120E+05   4.045328E-01   2.242325E+02   1.129837E+15
  586000   2.169166E+05   4.045497E-01   2.242008E+02   1.131956E+15
  587000   2.173211E+05   4.045591E-01   2.241914E+02   1.134074E+15
  588000   2.177257E+05   4.045747E-01   2.241683E+02   1.136193E+15
  589000   2.181303E+05   4.045823E-01   2.241604E+02   1.138311E+15
  590000   2.185349E+05   4.045797E-01   2.241538E+02   1.140430E+15
  591000   2.189395E+05   4.046039E-01   2.241384E+02   1.142549E+15
  592000   2.193440E+05   4.045984E-01   2.241394E+02   1.144667E+15
  593000   2.197487E+05   4.045952E-01   2.241222E+02   1.146786E+15
  594000   2.201533E+05   4.046277E-01   2.241122E+02   1.148905E+15
  595000   2.205579E+05   4.046216E-01   2.240960E+02   1.151023E+15
  596000   2.209625E+05   4.046682E-01   2.240642E+02   1.153142E+15
  597000   2.213672E+05   4.046909E-01   2.240388E+02   1.155261E+15
  598000   2.217719E+05   4.047359E-01   2.239873E+02   1.157380E+15
  599000   2.221767E+05   4.047563E-01   2.239322E+02   1.159500E+15
      nt           time          dtime       max(rho)       shockpos
  600000   2.225815E+05   4.048313E-01   2.238637E+02   1.161619E+15
  601000   2.229863E+05   4.048904E-01   2.237708E+02   1.163739E+15
  602000   2.233912E+05   4.049633E-01   2.236794E+02   1.165860E+15
  603000   2.237963E+05   4.050802E-01   2.235581E+02   1.167981E+15
  604000   2.242014E+05   4.051637E-01   2.234284E+02   1.170102E+15
  605000   2.246066E+05   4.053094E-01   2.232873E+02   1.172224E+15
  606000   2.250120E+05   4.054463E-01   2.231213E+02   1.174347E+15
  607000   2.254176E+05   4.055884E-01   2.229608E+02   1.176470E+15
  608000   2.258232E+05   4.057738E-01   2.227766E+02   1.178594E+15
  609000   2.262291E+05   4.059233E-01   2.225893E+02   1.180719E+15
  610000   2.266351E+05   4.061205E-01   2.224021E+02   1.182846E+15
  611000   2.270413E+05   4.063041E-01   2.221980E+02   1.184972E+15
  612000   2.274477E+05   4.064787E-01   2.220089E+02   1.187100E+15
  613000   2.278543E+05   4.066854E-01   2.218052E+02   1.189229E+15
  614000   2.282610E+05   4.068517E-01   2.216059E+02   1.191359E+15
  615000   2.286680E+05   4.070526E-01   2.214145E+02   1.193490E+15
  616000   2.290751E+05   4.072352E-01   2.212115E+02   1.195622E+15
  617000   2.294824E+05   4.074099E-01   2.210280E+02   1.197755E+15
  618000   2.298899E+05   4.076025E-01   2.208352E+02   1.199888E+15
  619000   2.302976E+05   4.077575E-01   2.206522E+02   1.202023E+15
  620000   2.307055E+05   4.079404E-01   2.204800E+02   1.204159E+15
  621000   2.311135E+05   4.080969E-01   2.203026E+02   1.206295E+15
  622000   2.315217E+05   4.082528E-01   2.201444E+02   1.208432E+15
  623000   2.319300E+05   4.084206E-01   2.199770E+02   1.210570E+15
  624000   2.323385E+05   4.085529E-01   2.198245E+02   1.212709E+15
  625000   2.327471E+05   4.087116E-01   2.196781E+02   1.214849E+15
  626000   2.331559E+05   4.088409E-01   2.195313E+02   1.216989E+15
  627000   2.335648E+05   4.089723E-01   2.194033E+02   1.219131E+15
  628000   2.339739E+05   4.091125E-01   2.192657E+02   1.221272E+15
  629000   2.343831E+05   4.092184E-01   2.191469E+02   1.223415E+15
  630000   2.347924E+05   4.093503E-01   2.190289E+02   1.225558E+15
  631000   2.352018E+05   4.094518E-01   2.189138E+02   1.227702E+15
  632000   2.356113E+05   4.095565E-01   2.188158E+02   1.229846E+15
  633000   2.360209E+05   4.096678E-01   2.187072E+02   1.231991E+15
  634000   2.364306E+05   4.097466E-01   2.186192E+02   1.234136E+15
  635000   2.368404E+05   4.098553E-01   2.185280E+02   1.236281E+15
  636000   2.372503E+05   4.099215E-01   2.184440E+02   1.238428E+15
  637000   2.376602E+05   4.100072E-01   2.183716E+02   1.240574E+15
  638000   2.380703E+05   4.100859E-01   2.182909E+02   1.242721E+15
  639000   2.384804E+05   4.101403E-01   2.182316E+02   1.244868E+15
  640000   2.388905E+05   4.102230E-01   2.181649E+02   1.247016E+15
  641000   2.393008E+05   4.102556E-01   2.181101E+02   1.249164E+15
  642000   2.397111E+05   4.103242E-01   2.180600E+02   1.251312E+15
  643000   2.401214E+05   4.103682E-01   2.180050E+02   1.253461E+15
  644000   2.405318E+05   4.104029E-01   2.179700E+02   1.255609E+15
  645000   2.409422E+05   4.104429E-01   2.179247E+02   1.257758E+15
  646000   2.413527E+05   4.104657E-01   2.178949E+02   1.259907E+15
  647000   2.417631E+05   4.104995E-01   2.178639E+02   1.262057E+15
  648000   2.421737E+05   4.105299E-01   2.178304E+02   1.264206E+15
  649000   2.425842E+05   4.105512E-01   2.178151E+02   1.266355E+15
  650000   2.429948E+05   4.105706E-01   2.177870E+02   1.268505E+15
  651000   2.434053E+05   4.105747E-01   2.177729E+02   1.270655E+15
  652000   2.438159E+05   4.106004E-01   2.177524E+02   1.272805E+15
  653000   2.442265E+05   4.106144E-01   2.177285E+02   1.274954E+15
  654000   2.446371E+05   4.106356E-01   2.177160E+02   1.277104E+15
  655000   2.450478E+05   4.106647E-01   2.176858E+02   1.279254E+15
  656000   2.454585E+05   4.106656E-01   2.176636E+02   1.281404E+15
  657000   2.458692E+05   4.107175E-01   2.176285E+02   1.283555E+15
  658000   2.462799E+05   4.107371E-01   2.175844E+02   1.285705E+15
  659000   2.466906E+05   4.107845E-01   2.175444E+02   1.287856E+15
  660000   2.471014E+05   4.108447E-01   2.174794E+02   1.290007E+15
  661000   2.475123E+05   4.108856E-01   2.174153E+02   1.292158E+15
  662000   2.479232E+05   4.109771E-01   2.173346E+02   1.294309E+15
  663000   2.483342E+05   4.110433E-01   2.172386E+02   1.296461E+15
  664000   2.487453E+05   4.111404E-01   2.171427E+02   1.298614E+15
  665000   2.491565E+05   4.112527E-01   2.170195E+02   1.300766E+15
  666000   2.495678E+05   4.113498E-01   2.168947E+02   1.302920E+15
  667000   2.499792E+05   4.114960E-01   2.167549E+02   1.305074E+15
  668000   2.503908E+05   4.116178E-01   2.166004E+02   1.307229E+15
  669000   2.508025E+05   4.117708E-01   2.164493E+02   1.309384E+15
  670000   2.512143E+05   4.119324E-01   2.162773E+02   1.311540E+15
  671000   2.516263E+05   4.120793E-01   2.161085E+02   1.313698E+15
  672000   2.520385E+05   4.122675E-01   2.159308E+02   1.315856E+15
  673000   2.524509E+05   4.124302E-01   2.157464E+02   1.318014E+15
  674000   2.528634E+05   4.126122E-01   2.155725E+02   1.320174E+15
  675000   2.532761E+05   4.127972E-01   2.153846E+02   1.322335E+15
  676000   2.536890E+05   4.129620E-01   2.152070E+02   1.324497E+15
  677000   2.541021E+05   4.131593E-01   2.150249E+02   1.326659E+15
  678000   2.545153E+05   4.133277E-01   2.148431E+02   1.328823E+15
  679000   2.549287E+05   4.135097E-01   2.146748E+02   1.330987E+15
  680000   2.553423E+05   4.136875E-01   2.144965E+02   1.333153E+15
  681000   2.557561E+05   4.138455E-01   2.143327E+02   1.335319E+15
  682000   2.561700E+05   4.140271E-01   2.141651E+02   1.337486E+15
  683000   2.565841E+05   4.141781E-01   2.140031E+02   1.339654E+15
  684000   2.569984E+05   4.143417E-01   2.138532E+02   1.341823E+15
  685000   2.574128E+05   4.144989E-01   2.136966E+02   1.343993E+15
  686000   2.578273E+05   4.146327E-01   2.135573E+02   1.346163E+15
  687000   2.582420E+05   4.147921E-01   2.134115E+02   1.348334E+15
  688000   2.586569E+05   4.149149E-01   2.132761E+02   1.350506E+15
  689000   2.590719E+05   4.150557E-01   2.131499E+02   1.352679E+15
  690000   2.594870E+05   4.151830E-01   2.130195E+02   1.354852E+15
  691000   2.599022E+05   4.152922E-01   2.129070E+02   1.357026E+15
  692000   2.603176E+05   4.154273E-01   2.127852E+02   1.359200E+15
  693000   2.607330E+05   4.155181E-01   2.126791E+02   1.361376E+15
  694000   2.611486E+05   4.156375E-01   2.125771E+02   1.363551E+15
  695000   2.615643E+05   4.157305E-01   2.124733E+02   1.365728E+15
  696000   2.619801E+05   4.158233E-01   2.123851E+02   1.367904E+15
  697000   2.623960E+05   4.159304E-01   2.122868E+02   1.370082E+15
  698000   2.628119E+05   4.159958E-01   2.122069E+02   1.372259E+15
  699000   2.632280E+05   4.160984E-01   2.121248E+02   1.374438E+15
  700000   2.636441E+05   4.161583E-01   2.120461E+02   1.376616E+15
  701000   2.640603E+05   4.162426E-01   2.119788E+02   1.378795E+15
  702000   2.644766E+05   4.163159E-01   2.119032E+02   1.380975E+15
  703000   2.648930E+05   4.163687E-01   2.118463E+02   1.383154E+15
  704000   2.653094E+05   4.164512E-01   2.117826E+02   1.385334E+15
  705000   2.657259E+05   4.164830E-01   2.117283E+02   1.387515E+15
  706000   2.661424E+05   4.165599E-01   2.116775E+02   1.389695E+15
  707000   2.665590E+05   4.166022E-01   2.116231E+02   1.391876E+15
  708000   2.669756E+05   4.166486E-01   2.115860E+02   1.394057E+15
  709000   2.673923E+05   4.167040E-01   2.115391E+02   1.396239E+15
  710000   2.678090E+05   4.167224E-01   2.115046E+02   1.398420E+15
  711000   2.682257E+05   4.167701E-01   2.114686E+02   1.400602E+15
  712000   2.686425E+05   4.168032E-01   2.114328E+02   1.402784E+15
  713000   2.690593E+05   4.168266E-01   2.114104E+02   1.404966E+15
  714000   2.694762E+05   4.168560E-01   2.113761E+02   1.407148E+15
  715000   2.698931E+05   4.168840E-01   2.113531E+02   1.409331E+15
  716000   2.703099E+05   4.169014E-01   2.113234E+02   1.411513E+15
  717000   2.707269E+05   4.169394E-01   2.112946E+02   1.413696E+15
  718000   2.711438E+05   4.169581E-01   2.112726E+02   1.415879E+15
  719000   2.715608E+05   4.170004E-01   2.112346E+02   1.418062E+15
  720000   2.719778E+05   4.170192E-01   2.112016E+02   1.420245E+15
  721000   2.723948E+05   4.170746E-01   2.111553E+02   1.422428E+15
  722000   2.728119E+05   4.171000E-01   2.111058E+02   1.424611E+15
  723000   2.732291E+05   4.171560E-01   2.110555E+02   1.426795E+15
  724000   2.736463E+05   4.172135E-01   2.109839E+02   1.428979E+15
  725000   2.740635E+05   4.172717E-01   2.109132E+02   1.431163E+15
  726000   2.744808E+05   4.173649E-01   2.108264E+02   1.433348E+15
  727000   2.748982E+05   4.174396E-01   2.107320E+02   1.435533E+15
  728000   2.753157E+05   4.175460E-01   2.106335E+02   1.437719E+15
  729000   2.757333E+05   4.176556E-01   2.105137E+02   1.439905E+15
  730000   2.761511E+05   4.177684E-01   2.103938E+02   1.442092E+15
  731000   2.765689E+05   4.179127E-01   2.102592E+02   1.444279E+15
  732000   2.769869E+05   4.180412E-01   2.101183E+02   1.446467E+15
  733000   2.774050E+05   4.181940E-01   2.099754E+02   1.448656E+15
  734000   2.778232E+05   4.183535E-01   2.098152E+02   1.450846E+15
  735000   2.782417E+05   4.185030E-01   2.096611E+02   1.453036E+15
  736000   2.786603E+05   4.186809E-01   2.094972E+02   1.455227E+15
  737000   2.790790E+05   4.188362E-01   2.093324E+02   1.457420E+15
  738000   2.794979E+05   4.190111E-01   2.091712E+02   1.459613E+15
  739000   2.799170E+05   4.191847E-01   2.089985E+02   1.461807E+15
  740000   2.803363E+05   4.193461E-01   2.088367E+02   1.464001E+15
  741000   2.807557E+05   4.195285E-01   2.086693E+02   1.466197E+15
  742000   2.811753E+05   4.196820E-01   2.085070E+02   1.468394E+15
  743000   2.815951E+05   4.198551E-01   2.083494E+02   1.470591E+15
  744000   2.820150E+05   4.200220E-01   2.081847E+02   1.472789E+15
  745000   2.824351E+05   4.201739E-01   2.080338E+02   1.474989E+15
  746000   2.828554E+05   4.203498E-01   2.078762E+02   1.477189E+15
  747000   2.832758E+05   4.204864E-01   2.077289E+02   1.479389E+15
  748000   2.836964E+05   4.206515E-01   2.075854E+02   1.481591E+15
  749000   2.841171E+05   4.207967E-01   2.074389E+02   1.483794E+15
  750000   2.845380E+05   4.209374E-01   2.073068E+02   1.485997E+15
  751000   2.849590E+05   4.210941E-01   2.071670E+02   1.488201E+15
  752000   2.853802E+05   4.212097E-01   2.070418E+02   1.490405E+15
  753000   2.858015E+05   4.213636E-01   2.069161E+02   1.492611E+15
  754000   2.862229E+05   4.214753E-01   2.067936E+02   1.494817E+15
  755000   2.866445E+05   4.216084E-01   2.066820E+02   1.497024E+15
  756000   2.870661E+05   4.217337E-01   2.065636E+02   1.499231E+15
  757000   2.874879E+05   4.218327E-01   2.064623E+02   1.501439E+15
  758000   2.879098E+05   4.219662E-01   2.063542E+02   1.503647E+15
  759000   2.883318E+05   4.220498E-01   2.062561E+02   1.505857E+15
  760000   2.887539E+05   4.221719E-01   2.061634E+02   1.508066E+15
  761000   2.891762E+05   4.222620E-01   2.060668E+02   1.510276E+15
  762000   2.895985E+05   4.223563E-01   2.059856E+02   1.512487E+15
  763000   2.900209E+05   4.224583E-01   2.058951E+02   1.514698E+15
  764000   2.904434E+05   4.225257E-01   2.058199E+02   1.516910E+15
  765000   2.908659E+05   4.226285E-01   2.057436E+02   1.519122E+15
  766000   2.912886E+05   4.226883E-01   2.056708E+02   1.521334E+15
  767000   2.917113E+05   4.227719E-01   2.056074E+02   1.523547E+15
  768000   2.921341E+05   4.228428E-01   2.055349E+02   1.525760E+15
  769000   2.925570E+05   4.229003E-01   2.054788E+02   1.527974E+15
  770000   2.929799E+05   4.229775E-01   2.054167E+02   1.530188E+15
  771000   2.934029E+05   4.230204E-01   2.053634E+02   1.532402E+15
  772000   2.938260E+05   4.230862E-01   2.053141E+02   1.534616E+15
  773000   2.942491E+05   4.231354E-01   2.052586E+02   1.536831E+15
  774000   2.946722E+05   4.231817E-01   2.052171E+02   1.539046E+15
  775000   2.950954E+05   4.232388E-01   2.051682E+02   1.541261E+15
  776000   2.955187E+05   4.232654E-01   2.051307E+02   1.543477E+15
  777000   2.959420E+05   4.233178E-01   2.050921E+02   1.545693E+15
  778000   2.963653E+05   4.233492E-01   2.050508E+02   1.547909E+15
  779000   2.967887E+05   4.233852E-01   2.050197E+02   1.550125E+15
  780000   2.972121E+05   4.234287E-01   2.049789E+02   1.552341E+15
  781000   2.976355E+05   4.234483E-01   2.049487E+02   1.554558E+15
  782000   2.980590E+05   4.234940E-01   2.049125E+02   1.556774E+15
  783000   2.984825E+05   4.235231E-01   2.048729E+02   1.558991E+15
  784000   2.989061E+05   4.235631E-01   2.048374E+02   1.561208E+15
  785000   2.993296E+05   4.236128E-01   2.047902E+02   1.563426E+15
  786000   2.997533E+05   4.236412E-01   2.047493E+02   1.565643E+15
  787000   3.001770E+05   4.237060E-01   2.046974E+02   1.567861E+15
  788000   3.006007E+05   4.237507E-01   2.046401E+02   1.570079E+15
  789000   3.010245E+05   4.238165E-01   2.045826E+02   1.572297E+15
  790000   3.014483E+05   4.238910E-01   2.045095E+02   1.574516E+15
  791000   3.018722E+05   4.239518E-01   2.044387E+02   1.576735E+15
  792000   3.022962E+05   4.240521E-01   2.043535E+02   1.578954E+15
  793000   3.027203E+05   4.241327E-01   2.042607E+02   1.581174E+15
  794000   3.031445E+05   4.242394E-01   2.041650E+02   1.583394E+15
  795000   3.035688E+05   4.243544E-01   2.040520E+02   1.585615E+15
  796000   3.039932E+05   4.244555E-01   2.039420E+02   1.587836E+15
  797000   3.044177E+05   4.245989E-01   2.038172E+02   1.590059E+15
  798000   3.048424E+05   4.247159E-01   2.036866E+02   1.592281E+15
  799000   3.052671E+05   4.248646E-01   2.035547E+02   1.594505E+15
      nt           time          dtime       max(rho)       shockpos
  800000   3.056921E+05   4.250132E-01   2.034075E+02   1.596729E+15
  801000   3.061172E+05   4.251516E-01   2.032684E+02   1.598954E+15
  802000   3.065424E+05   4.253245E-01   2.031170E+02   1.601180E+15
  803000   3.069678E+05   4.254633E-01   2.029670E+02   1.603406E+15
  804000   3.073934E+05   4.256400E-01   2.028169E+02   1.605634E+15
  805000   3.078191E+05   4.257999E-01   2.026581E+02   1.607862E+15
  806000   3.082450E+05   4.259561E-01   2.025118E+02   1.610092E+15
  807000   3.086710E+05   4.261353E-01   2.023542E+02   1.612322E+15
  808000   3.090972E+05   4.262787E-01   2.022051E+02   1.614552E+15
  809000   3.095236E+05   4.264614E-01   2.020549E+02   1.616784E+15
  810000   3.099501E+05   4.266136E-01   2.019021E+02   1.619017E+15
  811000   3.103769E+05   4.267764E-01   2.017623E+02   1.621250E+15
  812000   3.108037E+05   4.269410E-01   2.016137E+02   1.623485E+15
  813000   3.112307E+05   4.270781E-01   2.014785E+02   1.625720E+15
  814000   3.116579E+05   4.272499E-01   2.013379E+02   1.627956E+15
  815000   3.120852E+05   4.273848E-01   2.012013E+02   1.630192E+15
  816000   3.125127E+05   4.275432E-01   2.010745E+02   1.632430E+15
  817000   3.129403E+05   4.276809E-01   2.009422E+02   1.634668E+15
  818000   3.133680E+05   4.278118E-01   2.008241E+02   1.636907E+15
  819000   3.137959E+05   4.279583E-01   2.006980E+02   1.639146E+15
  820000   3.142239E+05   4.280780E-01   2.005820E+02   1.641387E+15
  821000   3.146521E+05   4.282185E-01   2.004697E+02   1.643628E+15
  822000   3.150803E+05   4.283344E-01   2.003572E+02   1.645869E+15
  823000   3.155087E+05   4.284497E-01   2.002567E+02   1.648111E+15
  824000   3.159372E+05   4.285737E-01   2.001475E+02   1.650354E+15
  825000   3.163659E+05   4.286733E-01   2.000516E+02   1.652598E+15
  826000   3.167946E+05   4.287953E-01   1.999538E+02   1.654842E+15
  827000   3.172234E+05   4.288877E-01   1.998607E+02   1.657086E+15
  828000   3.176524E+05   4.289918E-01   1.997751E+02   1.659331E+15
  829000   3.180814E+05   4.290910E-01   1.996832E+02   1.661577E+15
  830000   3.185105E+05   4.291740E-01   1.996047E+02   1.663823E+15
  831000   3.189397E+05   4.292791E-01   1.995204E+02   1.666069E+15
  832000   3.193690E+05   4.293487E-01   1.994458E+02   1.668316E+15
  833000   3.197984E+05   4.294427E-01   1.993728E+02   1.670564E+15
  834000   3.202279E+05   4.295178E-01   1.992976E+02   1.672812E+15
  835000   3.206575E+05   4.295886E-01   1.992347E+02   1.675060E+15
  836000   3.210871E+05   4.296717E-01   1.991653E+02   1.677309E+15
  837000   3.215168E+05   4.297206E-01   1.991075E+02   1.679558E+15
  838000   3.219466E+05   4.298069E-01   1.990457E+02   1.681807E+15
  839000   3.223764E+05   4.298543E-01   1.989866E+02   1.684057E+15
  840000   3.228063E+05   4.299231E-01   1.989351E+02   1.686307E+15
  841000   3.232362E+05   4.299818E-01   1.988776E+02   1.688557E+15
  842000   3.236662E+05   4.300245E-01   1.988332E+02   1.690808E+15
  843000   3.240963E+05   4.300945E-01   1.987811E+02   1.693059E+15
  844000   3.245264E+05   4.301265E-01   1.987349E+02   1.695310E+15
  845000   3.249566E+05   4.301932E-01   1.986916E+02   1.697561E+15
  846000   3.253868E+05   4.302307E-01   1.986452E+02   1.699813E+15
  847000   3.258171E+05   4.302740E-01   1.986095E+02   1.702065E+15
  848000   3.262474E+05   4.303281E-01   1.985627E+02   1.704317E+15
  849000   3.266777E+05   4.303584E-01   1.985231E+02   1.706569E+15
  850000   3.271081E+05   4.304230E-01   1.984809E+02   1.708822E+15
  851000   3.275386E+05   4.304555E-01   1.984361E+02   1.711075E+15
  852000   3.279691E+05   4.305094E-01   1.983969E+02   1.713328E+15
  853000   3.283996E+05   4.305616E-01   1.983438E+02   1.715581E+15
  854000   3.288302E+05   4.306051E-01   1.982975E+02   1.717835E+15
  855000   3.292608E+05   4.306792E-01   1.982413E+02   1.720089E+15
  856000   3.296915E+05   4.307270E-01   1.981833E+02   1.722343E+15
  857000   3.301223E+05   4.308004E-01   1.981247E+02   1.724598E+15
  858000   3.305531E+05   4.308702E-01   1.980519E+02   1.726852E+15
  859000   3.309840E+05   4.309403E-01   1.979840E+02   1.729108E+15
  860000   3.314150E+05   4.310357E-01   1.979029E+02   1.731363E+15
  861000   3.318460E+05   4.311102E-01   1.978192E+02   1.733619E+15
  862000   3.322772E+05   4.312175E-01   1.977293E+02   1.735876E+15
  863000   3.327085E+05   4.313182E-01   1.976262E+02   1.738133E+15
  864000   3.331398E+05   4.314258E-01   1.975261E+02   1.740391E+15
  865000   3.335713E+05   4.315512E-01   1.974129E+02   1.742649E+15
  866000   3.340029E+05   4.316652E-01   1.972974E+02   1.744908E+15
  867000   3.344347E+05   4.318075E-01   1.971764E+02   1.747167E+15
  868000   3.348665E+05   4.319427E-01   1.970451E+02   1.749428E+15
  869000   3.352985E+05   4.320806E-01   1.969195E+02   1.751689E+15
  870000   3.357307E+05   4.322353E-01   1.967819E+02   1.753950E+15
  871000   3.361630E+05   4.323761E-01   1.966477E+02   1.756213E+15
  872000   3.365955E+05   4.325402E-01   1.965096E+02   1.758476E+15
  873000   3.370281E+05   4.326943E-01   1.963668E+02   1.760741E+15
  874000   3.374609E+05   4.328459E-01   1.962322E+02   1.763006E+15
  875000   3.378938E+05   4.330142E-01   1.960874E+02   1.765271E+15
  876000   3.383269E+05   4.331571E-01   1.959510E+02   1.767538E+15
  877000   3.387602E+05   4.333329E-01   1.958099E+02   1.769805E+15
  878000   3.391936E+05   4.334811E-01   1.956709E+02   1.772074E+15
  879000   3.396271E+05   4.336401E-01   1.955389E+02   1.774343E+15
  880000   3.400609E+05   4.337982E-01   1.953995E+02   1.776613E+15
  881000   3.404947E+05   4.339381E-01   1.952709E+02   1.778883E+15
  882000   3.409288E+05   4.341085E-01   1.951372E+02   1.781155E+15
  883000   3.413629E+05   4.342386E-01   1.950115E+02   1.783427E+15
  884000   3.417972E+05   4.343977E-01   1.948882E+02   1.785700E+15
  885000   3.422317E+05   4.345336E-01   1.947611E+02   1.787974E+15
  886000   3.426663E+05   4.346709E-01   1.946453E+02   1.790248E+15
  887000   3.431010E+05   4.348187E-01   1.945234E+02   1.792524E+15
  888000   3.435359E+05   4.349357E-01   1.944130E+02   1.794799E+15
  889000   3.439709E+05   4.350851E-01   1.943009E+02   1.797076E+15
  890000   3.444061E+05   4.351947E-01   1.941909E+02   1.799353E+15
  891000   3.448413E+05   4.353291E-01   1.940884E+02   1.801631E+15
  892000   3.452767E+05   4.354467E-01   1.939804E+02   1.803910E+15
  893000   3.457122E+05   4.355571E-01   1.938865E+02   1.806189E+15
  894000   3.461478E+05   4.356805E-01   1.937865E+02   1.808469E+15
  895000   3.465835E+05   4.357742E-01   1.936943E+02   1.810749E+15
  896000   3.470194E+05   4.358976E-01   1.936028E+02   1.813030E+15
  897000   3.474553E+05   4.359912E-01   1.935106E+02   1.815311E+15
  898000   3.478913E+05   4.360944E-01   1.934301E+02   1.817593E+15
  899000   3.483275E+05   4.361929E-01   1.933414E+02   1.819876E+15
  900000   3.487637E+05   4.362792E-01   1.932649E+02   1.822159E+15
  901000   3.492000E+05   4.363830E-01   1.931834E+02   1.824442E+15
  902000   3.496364E+05   4.364594E-01   1.931079E+02   1.826726E+15
  903000   3.500730E+05   4.365534E-01   1.930364E+02   1.829010E+15
  904000   3.505095E+05   4.366335E-01   1.929616E+02   1.831295E+15
  905000   3.509462E+05   4.367079E-01   1.928987E+02   1.833580E+15
  906000   3.513830E+05   4.367925E-01   1.928286E+02   1.835866E+15
  907000   3.518198E+05   4.368548E-01   1.927672E+02   1.838152E+15
  908000   3.522567E+05   4.369400E-01   1.927044E+02   1.840439E+15
  909000   3.526937E+05   4.370005E-01   1.926434E+02   1.842725E+15
  910000   3.531307E+05   4.370673E-01   1.925896E+02   1.845012E+15
  911000   3.535678E+05   4.371357E-01   1.925290E+02   1.847300E+15
  912000   3.540050E+05   4.371890E-01   1.924782E+02   1.849588E+15
  913000   3.544422E+05   4.372635E-01   1.924237E+02   1.851876E+15
  914000   3.548795E+05   4.373084E-01   1.923735E+02   1.854164E+15
  915000   3.553168E+05   4.373728E-01   1.923266E+02   1.856453E+15
  916000   3.557542E+05   4.374276E-01   1.922738E+02   1.858742E+15
  917000   3.561917E+05   4.374739E-01   1.922316E+02   1.861031E+15
  918000   3.566292E+05   4.375407E-01   1.921810E+02   1.863321E+15
  919000   3.570668E+05   4.375757E-01   1.921382E+02   1.865611E+15
  920000   3.575044E+05   4.376452E-01   1.920919E+02   1.867901E+15
  921000   3.579421E+05   4.376886E-01   1.920422E+02   1.870191E+15
  922000   3.583798E+05   4.377448E-01   1.919985E+02   1.872482E+15
  923000   3.588176E+05   4.378080E-01   1.919449E+02   1.874773E+15
  924000   3.592554E+05   4.378499E-01   1.918987E+02   1.877064E+15
  925000   3.596933E+05   4.379295E-01   1.918426E+02   1.879356E+15
  926000   3.601312E+05   4.379766E-01   1.917849E+02   1.881648E+15
  927000   3.605693E+05   4.380574E-01   1.917277E+02   1.883940E+15
  928000   3.610073E+05   4.381243E-01   1.916610E+02   1.886232E+15
  929000   3.614455E+05   4.381919E-01   1.915986E+02   1.888525E+15
  930000   3.618837E+05   4.382868E-01   1.915225E+02   1.890819E+15
  931000   3.623220E+05   4.383589E-01   1.914454E+02   1.893112E+15
  932000   3.627605E+05   4.384674E-01   1.913645E+02   1.895407E+15
  933000   3.631989E+05   4.385561E-01   1.912738E+02   1.897701E+15
  934000   3.636376E+05   4.386593E-01   1.911872E+02   1.899997E+15
  935000   3.640763E+05   4.387768E-01   1.910845E+02   1.902292E+15
  936000   3.645151E+05   4.388815E-01   1.909840E+02   1.904589E+15
  937000   3.649540E+05   4.390185E-01   1.908758E+02   1.906886E+15
  938000   3.653931E+05   4.391335E-01   1.907630E+02   1.909183E+15
  939000   3.658323E+05   4.392700E-01   1.906514E+02   1.911482E+15
  940000   3.662716E+05   4.394076E-01   1.905272E+02   1.913781E+15
  941000   3.667111E+05   4.395435E-01   1.904074E+02   1.916081E+15
  942000   3.671507E+05   4.396987E-01   1.902815E+02   1.918381E+15
  943000   3.675905E+05   4.398365E-01   1.901546E+02   1.920682E+15
  944000   3.680304E+05   4.399903E-01   1.900298E+02   1.922985E+15
  945000   3.684705E+05   4.401426E-01   1.898961E+02   1.925287E+15
  946000   3.689107E+05   4.402893E-01   1.897712E+02   1.927591E+15
  947000   3.693511E+05   4.404530E-01   1.896386E+02   1.929895E+15
  948000   3.697916E+05   4.405954E-01   1.895114E+02   1.932201E+15
  949000   3.702323E+05   4.407557E-01   1.893842E+02   1.934507E+15
  950000   3.706731E+05   4.409059E-01   1.892541E+02   1.936814E+15
  951000   3.711141E+05   4.410517E-01   1.891329E+02   1.939121E+15
  952000   3.715553E+05   4.412106E-01   1.890052E+02   1.941430E+15
  953000   3.719966E+05   4.413445E-01   1.888855E+02   1.943739E+15
  954000   3.724380E+05   4.415058E-01   1.887626E+02   1.946049E+15
  955000   3.728796E+05   4.416409E-01   1.886415E+02   1.948360E+15
  956000   3.733213E+05   4.417879E-01   1.885278E+02   1.950671E+15
  957000   3.737631E+05   4.419300E-01   1.884091E+02   1.952983E+15
  958000   3.742051E+05   4.420559E-01   1.883006E+02   1.955296E+15
  959000   3.746473E+05   4.422075E-01   1.881856E+02   1.957610E+15
  960000   3.750895E+05   4.423254E-01   1.880780E+02   1.959924E+15
  961000   3.755319E+05   4.424710E-01   1.879733E+02   1.962239E+15
  962000   3.759745E+05   4.425869E-01   1.878670E+02   1.964555E+15
  963000   3.764171E+05   4.427114E-01   1.877704E+02   1.966871E+15
  964000   3.768599E+05   4.428398E-01   1.876656E+02   1.969188E+15
  965000   3.773028E+05   4.429473E-01   1.875731E+02   1.971505E+15
  966000   3.777458E+05   4.430807E-01   1.874758E+02   1.973824E+15
  967000   3.781889E+05   4.431752E-01   1.873849E+02   1.976142E+15
  968000   3.786322E+05   4.433008E-01   1.872964E+02   1.978462E+15
  969000   3.790755E+05   4.433980E-01   1.872054E+02   1.980782E+15
  970000   3.795189E+05   4.435054E-01   1.871239E+02   1.983102E+15
  971000   3.799625E+05   4.436127E-01   1.870361E+02   1.985423E+15
  972000   3.804062E+05   4.437052E-01   1.869582E+02   1.987745E+15
  973000   3.808499E+05   4.438141E-01   1.868790E+02   1.990067E+15
  974000   3.812938E+05   4.438952E-01   1.868024E+02   1.992389E+15
  975000   3.817377E+05   4.439925E-01   1.867308E+02   1.994712E+15
  976000   3.821817E+05   4.440807E-01   1.866534E+02   1.997036E+15
  977000   3.826258E+05   4.441648E-01   1.865872E+02   1.999360E+15
  978000   3.830700E+05   4.442578E-01   1.865149E+02   2.001684E+15
  979000   3.835143E+05   4.443278E-01   1.864508E+02   2.004009E+15
  980000   3.839587E+05   4.444186E-01   1.863847E+02   2.006334E+15
  981000   3.844031E+05   4.444891E-01   1.863193E+02   2.008660E+15
  982000   3.848477E+05   4.445660E-01   1.862606E+02   2.010986E+15
  983000   3.852923E+05   4.446446E-01   1.861965E+02   2.013312E+15
  984000   3.857369E+05   4.447057E-01   1.861418E+02   2.015639E+15
  985000   3.861817E+05   4.447883E-01   1.860818E+02   2.017966E+15
  986000   3.866265E+05   4.448460E-01   1.860255E+02   2.020293E+15
  987000   3.870714E+05   4.449205E-01   1.859727E+02   2.022621E+15
  988000   3.875163E+05   4.449816E-01   1.859168E+02   2.024950E+15
  989000   3.879613E+05   4.450365E-01   1.858694E+02   2.027278E+15
  990000   3.884064E+05   4.451120E-01   1.858127E+02   2.029607E+15
  991000   3.888515E+05   4.451583E-01   1.857642E+02   2.031936E+15
  992000   3.892967E+05   4.452353E-01   1.857136E+02   2.034266E+15
  993000   3.897420E+05   4.452798E-01   1.856633E+02   2.036595E+15
  994000   3.901873E+05   4.453439E-01   1.856158E+02   2.038926E+15
  995000   3.906327E+05   4.454070E-01   1.855604E+02   2.041256E+15
  996000   3.910781E+05   4.454577E-01   1.855134E+02   2.043587E+15
  997000   3.915236E+05   4.455363E-01   1.854589E+02   2.045918E+15
  998000   3.919692E+05   4.455813E-01   1.854057E+02   2.048249E+15
  999000   3.924148E+05   4.456609E-01   1.853509E+02   2.050581E+15
      nt           time          dtime       max(rho)       shockpos
 1000000   3.928605E+05   4.457212E-01   1.852882E+02   2.052913E+15
 1001000   3.933063E+05   4.457942E-01   1.852310E+02   2.055246E+15
 1002000   3.937521E+05   4.458796E-01   1.851621E+02   2.057578E+15
 1003000   3.941981E+05   4.459452E-01   1.850980E+02   2.059912E+15
 1004000   3.946441E+05   4.460474E-01   1.850254E+02   2.062245E+15
 1005000   3.950901E+05   4.461214E-01   1.849487E+02   2.064579E+15
 1006000   3.955363E+05   4.462250E-01   1.848723E+02   2.066914E+15
 1007000   3.959826E+05   4.463234E-01   1.847857E+02   2.069249E+15
 1008000   3.964290E+05   4.464236E-01   1.847023E+02   2.071585E+15
 1009000   3.968754E+05   4.465445E-01   1.846088E+02   2.073921E+15
 1010000   3.973220E+05   4.466477E-01   1.845135E+02   2.076258E+15
 1011000   3.977688E+05   4.467773E-01   1.844167E+02   2.078595E+15
 1012000   3.982156E+05   4.468974E-01   1.843105E+02   2.080933E+15
 1013000   3.986625E+05   4.470249E-01   1.842093E+02   2.083272E+15
 1014000   3.991096E+05   4.471667E-01   1.840967E+02   2.085611E+15
 1015000   3.995569E+05   4.472946E-01   1.839872E+02   2.087951E+15
 1016000   4.000042E+05   4.474449E-01   1.838734E+02   2.090292E+15
 1017000   4.004517E+05   4.475790E-01   1.837567E+02   2.092633E+15
 1018000   4.008994E+05   4.477247E-01   1.836443E+02   2.094975E+15
 1019000   4.013472E+05   4.478730E-01   1.835236E+02   2.097318E+15
 1020000   4.017951E+05   4.480125E-01   1.834086E+02   2.099662E+15
 1021000   4.022432E+05   4.481710E-01   1.832886E+02   2.102007E+15
 1022000   4.026914E+05   4.483084E-01   1.831707E+02   2.104352E+15
 1023000   4.031398E+05   4.484597E-01   1.830546E+02   2.106698E+15
 1024000   4.035883E+05   4.486094E-01   1.829330E+02   2.109045E+15
 1025000   4.040370E+05   4.487496E-01   1.828202E+02   2.111392E+15
 1026000   4.044858E+05   4.489076E-01   1.827015E+02   2.113741E+15
 1027000   4.049348E+05   4.490380E-01   1.825880E+02   2.116090E+15
 1028000   4.053839E+05   4.491949E-01   1.824735E+02   2.118440E+15
 1029000   4.058332E+05   4.493286E-01   1.823582E+02   2.120790E+15
 1030000   4.062826E+05   4.494708E-01   1.822512E+02   2.123142E+15
 1031000   4.067321E+05   4.496161E-01   1.821368E+02   2.125494E+15
 1032000   4.071818E+05   4.497420E-01   1.820327E+02   2.127847E+15
 1033000   4.076316E+05   4.498942E-01   1.819230E+02   2.130200E+15
 1034000   4.080816E+05   4.500087E-01   1.818196E+02   2.132554E+15
 1035000   4.085317E+05   4.501565E-01   1.817167E+02   2.134909E+15
 1036000   4.089819E+05   4.502738E-01   1.816129E+02   2.137265E+15
 1037000   4.094322E+05   4.504052E-01   1.815175E+02   2.139621E+15
 1038000   4.098827E+05   4.505329E-01   1.814158E+02   2.141978E+15
 1039000   4.103333E+05   4.506457E-01   1.813238E+02   2.144336E+15
 1040000   4.107840E+05   4.507776E-01   1.812290E+02   2.146694E+15
 1041000   4.112348E+05   4.508799E-01   1.811389E+02   2.149053E+15
 1042000   4.116858E+05   4.510044E-01   1.810520E+02   2.151412E+15
 1043000   4.121368E+05   4.511087E-01   1.809608E+02   2.153772E+15
 1044000   4.125880E+05   4.512206E-01   1.808794E+02   2.156133E+15
 1045000   4.130393E+05   4.513337E-01   1.807919E+02   2.158494E+15
 1046000   4.134907E+05   4.514289E-01   1.807136E+02   2.160855E+15
 1047000   4.139422E+05   4.515434E-01   1.806307E+02   2.163218E+15
 1048000   4.143938E+05   4.516348E-01   1.805514E+02   2.165580E+15
 1049000   4.148455E+05   4.517411E-01   1.804765E+02   2.167944E+15
 1050000   4.152973E+05   4.518344E-01   1.803984E+02   2.170307E+15
 1051000   4.157492E+05   4.519274E-01   1.803283E+02   2.172672E+15
 1052000   4.162011E+05   4.520301E-01   1.802521E+02   2.175037E+15
 1053000   4.166532E+05   4.521108E-01   1.801838E+02   2.177402E+15
 1054000   4.171054E+05   4.522095E-01   1.801140E+02   2.179768E+15
 1055000   4.175576E+05   4.522886E-01   1.800446E+02   2.182134E+15
 1056000   4.180100E+05   4.523787E-01   1.799806E+02   2.184500E+15
 1057000   4.184624E+05   4.524662E-01   1.799121E+02   2.186867E+15
 1058000   4.189149E+05   4.525396E-01   1.798521E+02   2.189235E+15
 1059000   4.193675E+05   4.526343E-01   1.797863E+02   2.191603E+15
 1060000   4.198202E+05   4.526985E-01   1.797262E+02   2.193971E+15
 1061000   4.202729E+05   4.527899E-01   1.796666E+02   2.196340E+15
 1062000   4.207257E+05   4.528583E-01   1.796053E+02   2.198709E+15
 1063000   4.211786E+05   4.529336E-01   1.795522E+02   2.201079E+15
