Started: 2026-06-22T19:36:54.397582
Command: ./snec (cwd=/Users/arifchu/Desktop/GitHub/supernova_theory/snec/runs/model_variants/avishai_bsg2_sce_e1_ni050)


 ***********************************
 * Supernova Explosion Code (SNEC) *
 ***********************************

 Removing output directory contents: Data
 Using the Paczynski EOS!
 Profile file: avishai_models/MW-M15M8.25P367-primary-BSG2.short
 We have         1087 profile zones.
 We have         1087 composition profile zones.
************************************************************
 Operating in Thermal Bomb Mode  1
 Bomb energy is spread over =           37 points
 Total energy of the model =   -5.4327107516767090E+050  ergs
 Total energy of the bomb =    1.5432710751676711E+051  ergs
************************************************************
 composing opacity tables from OPAL (may take a few minutes)...
 finished composing opacity tables
      nt           time          dtime       max(rho)       shockpos
       0   0.000000E+00   1.025000E-08   4.203665E+07   1.300416E+08
    1000   2.766700E-01   9.471558E-04   1.941886E+06   6.276682E+08
    2000   6.366690E+00   1.715418E-02   1.006601E+04   7.710946E+09
    3000   3.121093E+01   2.374463E-02   3.936189E+02   2.987376E+10
    4000   5.272197E+01   1.898330E-02   1.142540E+02   4.716125E+10
    5000   7.285672E+01   2.522528E-02   5.267063E+01   6.500703E+10
    6000   1.083053E+02   4.847925E-02   2.030198E+01   1.052709E+11
    7000   1.922787E+02   1.362939E-01   4.952865E+00   2.473101E+11
    8000   3.681842E+02   2.052187E-01   9.711323E-01   6.023077E+11
    9000   6.085888E+02   2.733834E-01   2.732730E-01   1.111436E+12
   10000   9.011155E+02   2.370398E-01   1.749585E-01   1.703071E+12
   11000   1.053621E+03   1.267638E-01   2.054951E-01   2.006337E+12
   12000   1.199805E+03   1.746716E-01   1.184029E-01   2.290028E+12
   13000   1.409083E+03   2.454798E-01   6.224966E-02   2.692571E+12
   14000   1.690273E+03   3.121116E-01   3.463282E-02   3.246278E+12
   15000   2.027554E+03   3.443947E-01   2.066845E-02   3.875352E+12
   16000   2.410567E+03   4.108083E-01   1.269287E-02   4.595183E+12
   17000   2.850303E+03   4.577172E-01   8.046810E-03   5.414826E+12
   18000   3.349933E+03   5.544289E-01   5.197446E-03   6.341086E+12
   19000   3.934458E+03   6.374205E-01   3.262868E-03   7.430027E+12
   20000   4.648426E+03   7.920781E-01   1.887814E-03   8.809270E+12
   21000   5.479204E+03   9.075368E-01   1.201135E-03   1.048833E+13
 Time of breakout is   6304.6008073943958     
   22000   6.490447E+03   1.147110E+00   6.599661E-04   1.292149E+13
 finished tracing the shock position
   23000   7.789595E+03   1.434550E+00   3.662180E-04   1.735769E+13
   24000   9.450737E+03   1.918605E+00   1.994410E-04   2.432240E+13
   25000   1.177057E+04   2.772518E+00   8.539174E-05   3.425546E+13
   26000   1.494498E+04   3.525120E+00   3.735224E-05   4.811461E+13
   27000   1.888423E+04   4.405128E+00   1.619603E-05   6.553522E+13
   28000   2.387441E+04   5.646160E+00   6.868025E-06   8.779043E+13
   29000   3.034773E+04   7.406794E+00   2.909910E-06   1.168163E+14
   30000   3.890863E+04   9.500000E+00   1.222687E-06   1.552278E+14
   31000   4.829581E+04   8.731640E+00   5.761704E-07   1.972357E+14
   32000   5.587354E+04   6.762023E+00   3.520040E-07   2.310520E+14
   33000   6.209624E+04   5.852529E+00   2.477422E-07   2.587603E+14
   34000   6.771266E+04   5.498565E+00   1.850474E-07   2.837213E+14
   35000   7.310978E+04   5.566523E+00   1.432454E-07   3.076637E+14
   36000   7.856382E+04   5.620601E+00   1.128098E-07   3.318194E+14
   37000   8.450886E+04   5.864161E+00   8.867680E-08   3.581107E+14
   38000   9.081255E+04   6.734935E+00   6.988959E-08   3.859504E+14
   39000   9.787347E+04   7.176851E+00   5.453861E-08   4.170965E+14
   40000   1.056268E+05   8.250867E+00   4.240768E-08   4.512612E+14
   41000   1.146203E+05   9.446779E+00   3.241558E-08   4.908573E+14
   42000   1.240899E+05   9.500000E+00   2.498330E-08   5.325301E+14
   43000   1.335899E+05   9.500000E+00   1.962041E-08   5.743349E+14
   44000   1.430899E+05   9.500000E+00   1.568068E-08   6.161560E+14
   45000   1.525899E+05   9.500000E+00   1.272393E-08   6.580078E+14
   46000   1.620899E+05   9.500000E+00   1.045703E-08   6.999002E+14
   47000   1.715899E+05   9.500000E+00   8.691275E-09   7.418382E+14
   48000   1.810899E+05   9.500000E+00   7.298875E-09   7.838201E+14
   49000   1.905899E+05   9.500000E+00   6.186664E-09   8.258430E+14
   50000   2.000899E+05   9.500000E+00   5.287880E-09   8.679040E+14
   51000   2.095899E+05   9.500000E+00   4.552694E-09   9.100012E+14
   52000   2.190899E+05   9.500000E+00   3.947404E-09   9.521327E+14
   53000   2.285899E+05   9.500000E+00   3.443351E-09   9.942971E+14
   54000   2.380899E+05   9.500000E+00   3.020315E-09   1.036493E+15
   55000   2.475899E+05   9.500000E+00   2.662791E-09   1.078720E+15
   56000   2.570899E+05   9.500000E+00   2.358680E-09   1.120977E+15
   57000   2.665899E+05   9.500000E+00   2.098690E-09   1.163263E+15
   58000   2.760899E+05   9.500000E+00   1.875876E-09   1.205577E+15
   59000   2.855899E+05   9.500000E+00   1.683018E-09   1.247918E+15
   60000   2.950899E+05   9.500000E+00   1.515296E-09   1.290287E+15
   61000   3.045899E+05   9.500000E+00   1.368786E-09   1.332681E+15
   62000   3.140899E+05   9.500000E+00   1.240269E-09   1.375100E+15
   63000   3.235899E+05   9.500000E+00   1.127093E-09   1.417543E+15
   64000   3.330899E+05   9.500000E+00   1.027059E-09   1.460009E+15
   65000   3.425899E+05   9.500000E+00   9.383466E-10   1.502498E+15
   66000   3.520899E+05   9.500000E+00   8.596809E-10   1.545009E+15
   67000   3.615899E+05   9.500000E+00   7.894955E-10   1.587541E+15
   68000   3.710899E+05   9.500000E+00   7.266275E-10   1.630094E+15
   69000   3.805899E+05   9.500000E+00   6.701569E-10   1.672666E+15
   70000   3.900899E+05   9.500000E+00   6.192987E-10   1.715257E+15
   71000   3.995899E+05   9.500000E+00   5.733799E-10   1.757866E+15
   72000   4.090899E+05   9.500000E+00   5.318214E-10   1.800493E+15
   73000   4.185899E+05   9.500000E+00   4.941230E-10   1.843137E+15
   74000   4.280899E+05   9.500000E+00   4.598519E-10   1.885798E+15
   75000   4.375899E+05   9.500000E+00   4.286315E-10   1.928474E+15
   76000   4.470899E+05   9.500000E+00   4.001332E-10   1.971166E+15
   77000   4.565899E+05   9.500000E+00   3.741722E-10   2.013872E+15
   78000   4.660899E+05   9.500000E+00   3.503831E-10   2.056592E+15
   79000   4.755899E+05   9.500000E+00   3.285397E-10   2.099326E+15
   80000   4.850899E+05   9.500000E+00   3.084491E-10   2.142073E+15
   81000   4.945899E+05   9.500000E+00   2.899408E-10   2.184833E+15
   82000   5.040899E+05   9.500000E+00   2.728634E-10   2.227605E+15
   83000   5.135899E+05   9.500000E+00   2.570826E-10   2.270389E+15
   84000   5.230899E+05   9.500000E+00   2.424789E-10   2.313184E+15
   85000   5.325899E+05   9.500000E+00   2.289454E-10   2.355990E+15
   86000   5.420899E+05   9.500000E+00   2.163870E-10   2.398807E+15
   87000   5.515899E+05   9.500000E+00   2.047182E-10   2.441633E+15
   88000   5.610899E+05   9.500000E+00   1.938623E-10   2.484470E+15
   89000   5.705899E+05   9.500000E+00   1.837506E-10   2.527316E+15
   90000   5.800899E+05   9.500000E+00   1.743208E-10   2.570172E+15
   91000   5.895899E+05   9.500000E+00   1.655171E-10   2.613036E+15
   92000   5.990899E+05   9.500000E+00   1.572887E-10   2.655909E+15
   93000   6.085899E+05   9.500000E+00   1.496065E-10   2.698790E+15
   94000   6.180899E+05   9.500000E+00   1.424224E-10   2.741680E+15
   95000   6.275899E+05   9.500000E+00   1.356854E-10   2.784577E+15
   96000   6.370899E+05   9.500000E+00   1.293615E-10   2.827481E+15
   97000   6.465899E+05   9.500000E+00   1.234198E-10   2.870392E+15
   98000   6.560899E+05   9.500000E+00   1.178322E-10   2.913310E+15
   99000   6.655899E+05   9.500000E+00   1.125729E-10   2.956234E+15
  100000   6.750899E+05   9.500000E+00   1.076183E-10   2.999164E+15
  101000   6.845899E+05   9.500000E+00   1.029470E-10   3.042099E+15
  102000   6.940899E+05   9.500000E+00   9.853918E-11   3.085038E+15
  103000   7.035899E+05   9.500000E+00   9.437664E-11   3.127982E+15
  104000   7.130899E+05   9.500000E+00   9.044272E-11   3.170931E+15
  105000   7.225899E+05   9.500000E+00   8.672209E-11   3.213883E+15
  106000   7.320899E+05   9.500000E+00   8.320059E-11   3.256838E+15
  107000   7.415899E+05   9.500000E+00   7.986521E-11   3.299797E+15
  108000   7.510899E+05   9.500000E+00   7.670390E-11   3.342758E+15
  109000   7.605899E+05   9.500000E+00   7.370555E-11   3.385722E+15
  110000   7.700899E+05   9.500000E+00   7.085989E-11   3.428688E+15
  111000   7.795899E+05   9.500000E+00   6.815738E-11   3.471656E+15
  112000   7.890899E+05   9.500000E+00   6.558921E-11   3.514626E+15
  113000   7.985899E+05   9.500000E+00   6.314722E-11   3.557597E+15
  114000   8.080899E+05   9.500000E+00   6.082382E-11   3.600569E+15
  115000   8.175899E+05   9.500000E+00   5.861194E-11   3.643541E+15
  116000   8.270899E+05   9.500000E+00   5.650503E-11   3.686515E+15
  117000   8.365899E+05   9.500000E+00   5.449700E-11   3.729488E+15
  118000   8.460899E+05   9.500000E+00   5.258769E-11   3.772462E+15
  119000   8.555899E+05   9.500000E+00   5.076605E-11   3.815435E+15
 Done! :-) tend reached

Finished: 2026-06-22T19:56:38.044244
Exit code: 0
Elapsed: 1183.6 s
