Started: 2026-06-16T10:26:10.097168
Command: ./snec (cwd=/Users/arifchu/Desktop/GitHub/supernova_theory/snec/runs/model_variants/rsg_e2_ni050)


 ***********************************
 * Supernova Explosion Code (SNEC) *
 ***********************************

 Removing output directory contents: Data
 Using the Paczynski EOS!
 Profile file: profiles/15Msol_RSG.short
 We have         3208 profile zones.
 We have         3208 composition profile zones.
************************************************************
 Operating in Thermal Bomb Mode  1
 Bomb energy is spread over =           14 points
 Total energy of the model =   -6.4161114802470171E+050  ergs
 Total energy of the bomb =    2.6416111480247018E+051  ergs
************************************************************
 composing opacity tables from OPAL (may take a few minutes)...
 finished composing opacity tables
      nt           time          dtime       max(rho)       shockpos
       0   0.000000E+00   1.025000E-08   5.556077E+07   1.101959E+08
    1000   5.711249E-01   2.319115E-03   4.647590E+05   1.270474E+09
    2000   1.701433E+01   4.757590E-02   1.047790E+03   2.166162E+10
    3000   1.047096E+02   1.323927E-01   2.356264E+01   6.032430E+11
    4000   2.667823E+02   1.985878E-01   2.658737E+00   1.550721E+12
    5000   5.054797E+02   2.739093E-01   5.488097E-01   1.628843E+12
    6000   7.438701E+02   1.387082E-01   5.183125E-01   1.766069E+12
    7000   9.184921E+02   2.392699E-01   2.034723E-01   1.892188E+12
    8000   1.191320E+03   3.258114E-01   9.160093E-02   2.765733E+12
    9000   1.524737E+03   3.839412E-01   4.861877E-02   2.946675E+12
   10000   1.931928E+03   4.375357E-01   2.702264E-02   3.775868E+12
   11000   2.435887E+03   5.709644E-01   1.323916E-02   4.016360E+12
   12000   3.015369E+03   5.889084E-01   8.465022E-03   4.804988E+12
   13000   3.660765E+03   7.295079E-01   4.677169E-03   5.589988E+12
   14000   4.497138E+03   9.481946E-01   2.406384E-03   6.406129E+12
   15000   5.573723E+03   1.274223E+00   1.173989E-03   7.272163E+12
   16000   6.913998E+03   1.359854E+00   7.179363E-04   8.639444E+12
   17000   8.438019E+03   1.771373E+00   3.716670E-04   9.983073E+12
   18000   1.060825E+04   2.682798E+00   1.558976E-04   1.183369E+13
   19000   1.435532E+04   5.076996E+00   5.251979E-05   1.468152E+13
   20000   2.186459E+04   1.074015E+01   9.996770E-06   2.010393E+13
   21000   3.374800E+04   1.337674E+01   2.348213E-06   2.782140E+13
   22000   4.919495E+04   1.797407E+01   1.257107E-06   3.642999E+13
   23000   7.171297E+04   2.852312E+01   6.005021E-07   4.770234E+13
   24000   9.709371E+04   1.967283E+01   3.751135E-07   5.980576E+13
   25000   1.111395E+05   9.901157E+00   2.807627E-07   6.622789E+13
   26000   1.182492E+05   5.048555E+00   2.411295E-07   6.948521E+13
   27000   1.218291E+05   2.050446E+00   2.248490E-07   7.115940E+13
   28000   1.231789E+05   9.467121E-01   2.192920E-07   7.177469E+13
 Time of breakout is   123525.91618641026     
 finished tracing the shock position
   29000   1.239075E+05   6.699235E-01   2.164155E-07   7.223859E+13
   30000   1.250152E+05   1.871012E+00   2.121421E-07   7.321853E+13
   31000   1.286053E+05   5.657332E+00   1.982908E-07   7.728147E+13
   32000   1.374222E+05   1.277053E+01   1.674973E-07   8.784375E+13
   33000   1.565034E+05   2.715920E+01   1.187781E-07   1.116493E+14
   34000   1.968231E+05   5.657437E+01   6.788314E-08   1.635551E+14
   35000   2.753466E+05   9.500000E+01   3.128566E-08   2.675319E+14
   36000   3.703466E+05   9.500000E+01   1.558718E-08   3.975801E+14
   37000   4.653466E+05   9.500000E+01   6.453384E-09   5.317380E+14
   38000   5.603466E+05   9.500000E+01   3.282091E-09   6.697537E+14
   39000   6.553466E+05   9.500000E+01   1.879793E-09   8.114829E+14
   40000   7.503466E+05   9.500000E+01   1.165892E-09   9.568430E+14
   41000   8.453466E+05   9.500000E+01   7.676092E-10   1.105779E+15
   42000   9.403466E+05   9.500000E+01   5.312064E-10   1.258232E+15
   43000   1.035347E+06   9.500000E+01   3.857491E-10   1.414134E+15
   44000   1.130347E+06   9.500000E+01   2.885840E-10   1.573406E+15
   45000   1.225347E+06   9.500000E+01   2.212325E-10   1.735969E+15
   46000   1.320347E+06   9.500000E+01   1.731364E-10   1.901744E+15
   47000   1.415347E+06   9.500000E+01   1.379133E-10   2.070659E+15
   48000   1.510347E+06   9.500000E+01   1.115516E-10   2.242650E+15
   49000   1.605347E+06   9.500000E+01   9.144616E-11   2.417669E+15
   50000   1.700347E+06   9.500000E+01   7.585628E-11   2.595679E+15
   51000   1.795347E+06   9.500000E+01   6.358944E-11   2.776656E+15
   52000   1.890347E+06   9.500000E+01   5.381026E-11   2.960583E+15
   53000   1.985347E+06   9.500000E+01   4.592215E-11   3.147444E+15
   54000   2.080347E+06   9.500000E+01   3.949163E-11   3.337222E+15
   55000   2.175347E+06   9.500000E+01   3.422000E-11   3.529900E+15
   56000   2.270347E+06   9.500000E+01   2.986881E-11   3.725463E+15
   57000   2.365095E+06   9.500000E+01   2.622841E-11   3.923372E+15
   58000   2.458873E+06   9.500000E+01   2.318104E-11   4.122060E+15
   59000   2.551247E+06   9.500000E+01   2.062058E-11   4.320497E+15
   60000   2.641812E+06   9.500000E+01   1.846103E-11   4.517662E+15
   61000   2.730399E+06   9.052010E+01   1.662867E-11   4.713014E+15
   62000   2.817780E+06   8.302426E+01   1.504951E-11   4.908117E+15
   63000   2.903518E+06   7.778214E+01   1.368705E-11   5.101874E+15
   64000   2.987324E+06   7.680156E+01   1.250845E-11   5.293480E+15
   65000   3.068566E+06   8.015743E+01   1.149057E-11   5.481303E+15
   66000   3.146750E+06   8.361505E+01   1.061179E-11   5.663973E+15
   67000   3.222903E+06   7.952581E+01   9.839181E-12   5.843670E+15
   68000   3.298981E+06   7.188266E+01   9.139777E-12   6.024934E+15
   69000   3.374885E+06   7.024411E+01   8.505915E-12   6.207527E+15
   70000   3.448636E+06   7.530072E+01   7.944461E-12   6.386595E+15
   71000   3.519704E+06   7.561076E+01   7.448810E-12   6.560648E+15
   72000   3.591117E+06   6.828185E+01   6.991047E-12   6.737004E+15
   73000   3.663178E+06   6.776981E+01   6.566027E-12   6.916458E+15
   74000   3.732741E+06   7.331128E+01   6.187506E-12   7.091103E+15
   75000   3.800726E+06   6.901753E+01   5.845471E-12   7.263064E+15
   76000   3.870480E+06   6.487548E+01   5.521750E-12   7.440828E+15
   77000   3.938851E+06   7.036538E+01   5.227019E-12   7.616375E+15
   78000   4.004920E+06   6.809210E+01   4.961621E-12   7.787180E+15
   79000   4.073095E+06   6.365032E+01   4.706089E-12   7.964631E+15
   80000   4.139986E+06   6.933536E+01   4.471983E-12   8.139945E+15
   81000   4.204962E+06   6.574011E+01   4.259079E-12   8.311310E+15
   82000   4.272398E+06   6.362787E+01   4.052038E-12   8.490293E+15
   83000   4.337432E+06   6.893415E+01   3.864774E-12   8.663991E+15
   84000   4.402469E+06   6.282480E+01   3.688763E-12   8.838696E+15
   85000   4.469045E+06   6.587254E+01   3.519388E-12   9.018613E+15
   86000   4.532536E+06   6.609006E+01   3.367302E-12   9.191159E+15
   87000   4.598770E+06   6.242683E+01   3.217762E-12   9.372144E+15
   88000   4.663060E+06   6.796410E+01   3.080889E-12   9.548801E+15
   89000   4.727612E+06   6.198078E+01   2.951093E-12   9.727074E+15
   90000   4.793287E+06   6.673740E+01   2.826351E-12   9.909420E+15
   91000   4.856541E+06   6.361585E+01   2.712712E-12   1.008590E+16
   92000   4.922876E+06   6.453136E+01   2.599936E-12   1.027191E+16
   93000   4.985882E+06   6.561749E+01   2.498488E-12   1.044942E+16
   94000   5.052109E+06   6.298820E+01   2.397419E-12   1.063688E+16
   95000   5.115582E+06   6.702224E+01   2.305566E-12   1.081739E+16
   96000   5.181390E+06   6.232532E+01   2.215183E-12   1.100535E+16
   97000   5.245566E+06   6.776469E+01   2.131501E-12   1.118949E+16
   98000   5.311029E+06   6.225736E+01   2.050394E-12   1.137809E+16
   99000   5.375872E+06   6.816257E+01   1.974032E-12   1.156573E+16
  100000   5.441250E+06   6.249134E+01   1.900804E-12   1.175566E+16
  101000   5.506631E+06   6.850690E+01   1.831125E-12   1.194640E+16
  102000   5.572239E+06   6.285437E+01   1.764564E-12   1.213852E+16
  103000   5.638007E+06   6.892623E+01   1.701018E-12   1.233190E+16
  104000   5.704176E+06   6.331997E+01   1.640109E-12   1.252715E+16
  105000   5.770187E+06   6.940045E+01   1.582193E-12   1.272269E+16
  106000   5.837278E+06   6.401407E+01   1.526070E-12   1.292213E+16
  107000   5.903436E+06   6.980676E+01   1.473280E-12   1.311952E+16
  108000   5.971855E+06   6.521648E+01   1.421197E-12   1.332434E+16
  109000   6.038230E+06   6.998839E+01   1.372970E-12   1.352376E+16
  110000   6.108375E+06   6.732604E+01   1.324325E-12   1.373518E+16
  111000   6.175400E+06   6.991596E+01   1.279945E-12   1.393787E+16
  112000   6.247546E+06   7.076269E+01   1.234337E-12   1.415675E+16
  113000   6.316318E+06   7.000010E+01   1.192832E-12   1.436605E+16
  114000   6.390496E+06   7.559415E+01   1.150094E-12   1.459251E+16
  115000   6.463040E+06   7.140212E+01   1.110218E-12   1.481462E+16
  116000   6.539156E+06   8.080245E+01   1.070303E-12   1.504838E+16
  117000   6.618270E+06   7.622874E+01   1.030804E-12   1.529201E+16
  118000   6.697184E+06   8.485296E+01   9.933279E-13   1.553573E+16
  119000   6.785342E+06   8.703687E+01   9.535873E-13   1.580871E+16
  120000   6.870723E+06   8.774689E+01   9.171003E-13   1.607377E+16
  121000   6.964094E+06   9.500000E+01   8.793050E-13   1.636439E+16
  122000   7.059010E+06   9.416291E+01   8.429885E-13   1.666047E+16
  123000   7.153792E+06   9.500000E+01   8.086971E-13   1.695686E+16
  124000   7.248792E+06   9.500000E+01   7.761723E-13   1.725453E+16
  125000   7.343792E+06   9.500000E+01   7.453723E-13   1.755271E+16
  126000   7.438792E+06   9.500000E+01   7.161840E-13   1.785146E+16
  127000   7.533792E+06   9.500000E+01   6.885032E-13   1.815069E+16
  128000   7.628792E+06   9.500000E+01   6.622334E-13   1.845026E+16
  129000   7.723792E+06   9.500000E+01   6.372856E-13   1.875020E+16
  130000   7.818792E+06   9.500000E+01   6.135776E-13   1.905057E+16
  131000   7.913792E+06   9.500000E+01   5.910331E-13   1.935131E+16
  132000   8.008792E+06   9.500000E+01   5.695815E-13   1.965230E+16
  133000   8.103792E+06   9.500000E+01   5.491572E-13   1.995354E+16
  134000   8.198792E+06   9.500000E+01   5.296993E-13   2.025508E+16
  135000   8.293792E+06   9.500000E+01   5.111513E-13   2.055696E+16
  136000   8.388792E+06   9.500000E+01   4.934604E-13   2.085915E+16
  137000   8.483792E+06   9.500000E+01   4.765777E-13   2.116157E+16
  138000   8.578792E+06   9.500000E+01   4.604574E-13   2.146417E+16
  139000   8.673792E+06   9.500000E+01   4.450570E-13   2.176698E+16
  140000   8.768792E+06   9.500000E+01   4.303365E-13   2.207005E+16
  141000   8.863792E+06   9.500000E+01   4.162590E-13   2.237341E+16
  142000   8.958792E+06   9.500000E+01   4.027895E-13   2.267704E+16
  143000   9.053792E+06   9.500000E+01   3.898956E-13   2.298088E+16
  144000   9.148792E+06   9.500000E+01   3.775468E-13   2.328486E+16
  145000   9.243792E+06   9.500000E+01   3.657146E-13   2.358901E+16
  146000   9.338792E+06   9.500000E+01   3.543722E-13   2.389334E+16
  147000   9.433792E+06   9.500000E+01   3.434944E-13   2.419791E+16
  148000   9.528792E+06   9.500000E+01   3.330578E-13   2.450273E+16
  149000   9.623792E+06   9.500000E+01   3.230489E-13   2.480778E+16
  150000   9.718792E+06   9.500000E+01   3.134569E-13   2.511300E+16
  151000   9.813792E+06   9.500000E+01   3.042412E-13   2.541835E+16
  152000   9.908792E+06   9.500000E+01   2.953836E-13   2.572383E+16
  153000   1.000379E+07   9.500000E+01   2.868667E-13   2.602946E+16
  154000   1.009879E+07   9.500000E+01   2.786745E-13   2.633527E+16
  155000   1.019379E+07   9.500000E+01   2.707914E-13   2.664129E+16
  156000   1.028879E+07   9.500000E+01   2.632032E-13   2.694753E+16
  157000   1.038379E+07   9.500000E+01   2.558960E-13   2.725395E+16
  158000   1.047879E+07   9.500000E+01   2.488571E-13   2.756052E+16
  159000   1.057379E+07   9.500000E+01   2.420741E-13   2.786721E+16
  160000   1.066879E+07   9.500000E+01   2.355355E-13   2.817399E+16
  161000   1.076379E+07   9.500000E+01   2.292306E-13   2.848090E+16
  162000   1.085879E+07   9.500000E+01   2.231487E-13   2.878795E+16
  163000   1.095379E+07   9.500000E+01   2.172803E-13   2.909518E+16
  164000   1.104879E+07   9.500000E+01   2.116160E-13   2.940259E+16
  165000   1.114379E+07   9.500000E+01   2.061470E-13   2.971019E+16
  166000   1.123879E+07   9.500000E+01   2.008650E-13   3.001793E+16
  167000   1.133379E+07   9.500000E+01   1.957619E-13   3.032580E+16
  168000   1.142879E+07   9.500000E+01   1.908304E-13   3.063377E+16
  169000   1.152379E+07   9.500000E+01   1.860632E-13   3.094182E+16
  170000   1.161879E+07   9.500000E+01   1.814536E-13   3.124997E+16
  171000   1.171379E+07   9.500000E+01   1.769951E-13   3.155824E+16
  172000   1.180879E+07   9.500000E+01   1.726815E-13   3.186665E+16
  173000   1.190379E+07   9.500000E+01   1.685070E-13   3.217522E+16
  174000   1.199879E+07   9.500000E+01   1.644661E-13   3.248395E+16
  175000   1.209379E+07   9.500000E+01   1.605534E-13   3.279282E+16
  176000   1.218879E+07   9.500000E+01   1.567640E-13   3.310183E+16
  177000   1.228379E+07   9.500000E+01   1.530928E-13   3.341094E+16
  178000   1.237879E+07   9.500000E+01   1.495355E-13   3.372013E+16
  179000   1.247379E+07   9.500000E+01   1.460876E-13   3.402940E+16
  180000   1.256879E+07   9.500000E+01   1.427449E-13   3.433875E+16
  181000   1.266379E+07   9.500000E+01   1.395035E-13   3.464819E+16
  182000   1.275879E+07   9.500000E+01   1.363595E-13   3.495775E+16
  183000   1.285379E+07   9.500000E+01   1.333093E-13   3.526743E+16
  184000   1.294879E+07   9.500000E+01   1.303495E-13   3.557726E+16
  185000   1.304379E+07   9.500000E+01   1.274766E-13   3.588722E+16
  186000   1.313879E+07   9.500000E+01   1.246876E-13   3.619730E+16
  187000   1.323379E+07   9.500000E+01   1.219794E-13   3.650750E+16
  188000   1.332879E+07   9.500000E+01   1.193491E-13   3.681779E+16
  189000   1.342379E+07   9.500000E+01   1.167939E-13   3.712815E+16
  190000   1.351879E+07   9.500000E+01   1.143112E-13   3.743858E+16
  191000   1.361379E+07   9.500000E+01   1.118983E-13   3.774907E+16
  192000   1.370879E+07   9.500000E+01   1.095529E-13   3.805963E+16
  193000   1.380379E+07   9.500000E+01   1.072726E-13   3.837029E+16
  194000   1.389879E+07   9.500000E+01   1.050552E-13   3.868104E+16
  195000   1.399379E+07   9.500000E+01   1.028985E-13   3.899192E+16
  196000   1.408879E+07   9.500000E+01   1.008005E-13   3.930291E+16
  197000   1.418379E+07   9.500000E+01   9.875908E-14   3.961402E+16
  198000   1.427879E+07   9.500000E+01   9.677246E-14   3.992524E+16
  199000   1.437379E+07   9.500000E+01   9.483879E-14   4.023656E+16
      nt           time          dtime       max(rho)       shockpos
  200000   1.446879E+07   9.500000E+01   9.295631E-14   4.054796E+16
  201000   1.456379E+07   9.500000E+01   9.112333E-14   4.085943E+16
  202000   1.465879E+07   9.500000E+01   8.933824E-14   4.117095E+16
  203000   1.475379E+07   9.500000E+01   8.759949E-14   4.148254E+16
  204000   1.484879E+07   9.500000E+01   8.590558E-14   4.179418E+16
  205000   1.494379E+07   9.500000E+01   8.425507E-14   4.210588E+16
  206000   1.503879E+07   9.500000E+01   8.264659E-14   4.241767E+16
  207000   1.513379E+07   9.500000E+01   8.107880E-14   4.272954E+16
  208000   1.522879E+07   9.500000E+01   7.955042E-14   4.304152E+16
  209000   1.532379E+07   9.500000E+01   7.806023E-14   4.335359E+16
  210000   1.541879E+07   9.500000E+01   7.660703E-14   4.366577E+16
  211000   1.551379E+07   9.500000E+01   7.518970E-14   4.397805E+16
  212000   1.560879E+07   9.500000E+01   7.380711E-14   4.429042E+16
  213000   1.570379E+07   9.500000E+01   7.245823E-14   4.460286E+16
  214000   1.579879E+07   9.500000E+01   7.114202E-14   4.491538E+16
  215000   1.589379E+07   9.500000E+01   6.985751E-14   4.522795E+16
  216000   1.598879E+07   9.500000E+01   6.860374E-14   4.554057E+16
  217000   1.608379E+07   9.500000E+01   6.737980E-14   4.585324E+16
  218000   1.617879E+07   9.500000E+01   6.618481E-14   4.616595E+16
  219000   1.627379E+07   9.500000E+01   6.501792E-14   4.647872E+16
  220000   1.636879E+07   9.500000E+01   6.387830E-14   4.679155E+16
  221000   1.646379E+07   9.500000E+01   6.276517E-14   4.710446E+16
  222000   1.655879E+07   9.500000E+01   6.167775E-14   4.741745E+16
  223000   1.665379E+07   9.500000E+01   6.061531E-14   4.773053E+16
  224000   1.674879E+07   9.500000E+01   5.957714E-14   4.804369E+16
  225000   1.684379E+07   9.500000E+01   5.856255E-14   4.835694E+16
  226000   1.693879E+07   9.500000E+01   5.757087E-14   4.867028E+16
 Done! :-) tend reached

Finished: 2026-06-16T11:55:26.410995
Exit code: 0
Elapsed: 5356.3 s
