Started: 2026-06-16T10:17:44.868001
Command: ./snec (cwd=/Users/arifchu/Desktop/GitHub/supernova_theory/snec/runs/model_variants/rsg_e0p5_ni050)


 ***********************************
 * Supernova Explosion Code (SNEC) *
 ***********************************

 Removing output directory contents: Data
 Using the Paczynski EOS!
 Profile file: profiles/15Msol_RSG.short
 We have         3208 profile zones.
 We have         3208 composition profile zones.
************************************************************
 Operating in Thermal Bomb Mode  1
 Bomb energy is spread over =           14 points
 Total energy of the model =   -6.4161114802470171E+050  ergs
 Total energy of the bomb =    1.1416111480247018E+051  ergs
************************************************************
 composing opacity tables from OPAL (may take a few minutes)...
 finished composing opacity tables
      nt           time          dtime       max(rho)       shockpos
       0   0.000000E+00   1.025000E-08   5.556077E+07   1.101959E+08
    1000   3.863832E+00   2.820727E-02   3.607943E+04   4.001611E+09
    2000   2.501182E+02   3.628805E-01   1.479061E+03   6.096291E+11
    3000   5.880822E+02   3.382729E-01   1.833605E+03   1.565165E+12
    4000   9.271890E+02   3.383740E-01   1.839477E+03   1.636978E+12
    5000   1.262333E+03   3.345229E-01   1.887422E+03   1.743705E+12
    6000   1.595336E+03   3.363567E-01   1.884194E+03   1.874767E+12
    7000   1.930893E+03   3.327281E-01   1.919517E+03   2.717592E+12
    8000   2.263162E+03   3.303207E-01   1.954385E+03   2.803478E+12
    9000   2.594368E+03   3.309465E-01   1.940606E+03   2.903999E+12
   10000   2.925854E+03   3.316076E-01   1.934019E+03   3.017744E+12
   11000   3.257154E+03   3.303383E-01   1.945794E+03   3.735029E+12
   12000   3.589327E+03   3.332585E-01   1.912595E+03   3.806451E+12
   13000   3.922225E+03   3.334692E-01   1.916532E+03   3.889728E+12
   14000   4.254287E+03   3.326033E-01   1.923343E+03   3.983976E+12
   15000   4.586182E+03   3.326205E-01   1.926303E+03   4.088728E+12
   16000   4.916887E+03   3.305456E-01   1.943377E+03   4.702127E+12
   17000   5.247470E+03   3.312688E-01   1.940765E+03   4.769508E+12
   18000   5.578059E+03   3.309955E-01   1.944564E+03   4.847456E+12
   19000   5.908814E+03   3.318334E-01   1.933483E+03   4.936021E+12
   20000   6.239756E+03   3.317692E-01   1.932288E+03   5.035059E+12
   21000   6.571718E+03   3.324174E-01   1.929363E+03   5.590756E+12
   22000   6.903565E+03   3.319197E-01   1.931606E+03   5.656639E+12
   23000   7.234911E+03   3.321685E-01   1.929727E+03   5.733337E+12
   24000   7.566580E+03   3.312230E-01   1.940319E+03   5.821162E+12
   25000   7.897913E+03   3.314061E-01   1.937184E+03   6.376643E+12
   26000   8.228880E+03   3.307975E-01   1.943513E+03   6.432826E+12
   27000   8.559394E+03   3.307614E-01   1.945371E+03   6.499882E+12
   28000   8.890020E+03   3.305312E-01   1.948038E+03   6.578190E+12
   29000   9.220546E+03   3.310508E-01   1.943945E+03   6.667649E+12
   30000   9.550947E+03   3.306338E-01   1.946274E+03   7.182497E+12
   31000   9.881448E+03   3.312743E-01   1.940876E+03   7.241648E+12
   32000   1.021212E+04   3.308735E-01   1.945600E+03   7.311956E+12
   33000   1.054318E+04   3.317656E-01   1.937049E+03   7.393583E+12
   34000   1.087454E+04   3.321846E-01   1.931561E+03   7.486338E+12
   35000   1.120624E+04   3.322858E-01   1.930715E+03   7.957758E+12
   36000   1.153803E+04   3.318252E-01   1.935132E+03   8.021726E+12
   37000   1.186976E+04   3.324749E-01   1.928991E+03   8.097141E+12
   38000   1.220142E+04   3.318948E-01   1.934119E+03   8.184040E+12
   39000   1.253300E+04   3.317256E-01   1.935201E+03   8.649146E+12
   40000   1.286463E+04   3.319299E-01   1.935089E+03   8.708517E+12
   41000   1.319627E+04   3.322937E-01   1.930261E+03   8.779683E+12
   42000   1.352802E+04   3.317755E-01   1.935029E+03   8.862822E+12
   43000   1.385953E+04   3.316303E-01   1.936265E+03   9.319575E+12
   44000   1.419102E+04   3.315608E-01   1.939101E+03   9.376208E+12
   45000   1.452226E+04   3.314294E-01   1.937420E+03   9.444793E+12
   46000   1.485337E+04   3.314223E-01   1.940438E+03   9.525487E+12
   47000   1.518458E+04   3.315388E-01   1.938975E+03   9.972083E+12
   48000   1.551598E+04   3.316133E-01   1.938019E+03   1.002721E+13
   49000   1.584725E+04   3.317646E-01   1.935889E+03   1.009438E+13
   50000   1.617850E+04   3.314907E-01   1.938674E+03   1.017375E+13
   51000   1.650996E+04   3.317986E-01   1.935947E+03   1.060821E+13
   52000   1.684144E+04   3.316050E-01   1.937393E+03   1.066269E+13
   53000   1.717301E+04   3.320525E-01   1.932944E+03   1.072926E+13
   54000   1.750466E+04   3.320422E-01   1.933327E+03   1.080800E+13
   55000   1.783642E+04   3.317316E-01   1.935000E+03   1.122526E+13
   56000   1.816805E+04   3.318063E-01   1.936042E+03   1.127982E+13
   57000   1.849970E+04   3.319642E-01   1.932887E+03   1.134636E+13
   58000   1.883127E+04   3.317898E-01   1.936109E+03   1.142490E+13
   59000   1.916297E+04   3.317321E-01   1.935670E+03   1.182425E+13
   60000   1.949458E+04   3.315778E-01   1.936478E+03   1.187950E+13
   61000   1.982614E+04   3.314457E-01   1.937392E+03   1.194669E+13
   62000   2.015754E+04   3.315909E-01   1.937649E+03   1.202578E+13
   63000   2.048907E+04   3.312749E-01   1.939118E+03   1.240948E+13
   64000   2.082056E+04   3.315067E-01   1.938957E+03   1.246600E+13
   65000   2.115213E+04   3.313497E-01   1.938614E+03   1.253450E+13
   66000   2.148363E+04   3.316075E-01   1.937606E+03   1.261482E+13
   67000   2.181526E+04   3.314460E-01   1.939478E+03   1.297987E+13
   68000   2.214689E+04   3.316072E-01   1.937786E+03   1.303830E+13
   69000   2.247865E+04   3.315829E-01   1.937577E+03   1.310866E+13
   70000   2.281052E+04   3.319513E-01   1.934347E+03   1.348883E+13
   71000   2.314243E+04   3.318143E-01   1.936049E+03   1.353802E+13
   72000   2.347444E+04   3.319747E-01   1.933760E+03   1.359897E+13
   73000   2.380656E+04   3.320327E-01   1.933749E+03   1.367181E+13
   74000   2.413878E+04   3.322401E-01   1.930891E+03   1.403363E+13
   75000   2.447110E+04   3.322676E-01   1.930307E+03   1.408579E+13
   76000   2.480357E+04   3.323581E-01   1.929919E+03   1.414985E+13
   77000   2.513597E+04   3.322471E-01   1.931073E+03   1.422570E+13
   78000   2.546845E+04   3.324763E-01   1.927647E+03   1.456666E+13
   79000   2.580101E+04   3.324391E-01   1.929105E+03   1.462249E+13
   80000   2.613356E+04   3.323759E-01   1.929176E+03   1.469019E+13
   81000   2.646613E+04   3.325437E-01   1.927826E+03   1.504210E+13
   82000   2.679883E+04   3.326717E-01   1.926588E+03   1.509035E+13
   83000   2.713141E+04   3.323791E-01   1.928971E+03   1.515033E+13
   84000   2.746402E+04   3.324857E-01   1.927568E+03   1.522209E+13
   85000   2.779670E+04   3.326176E-01   1.927186E+03   1.555224E+13
   86000   2.812943E+04   3.325953E-01   1.926046E+03   1.560506E+13
   87000   2.846216E+04   3.325977E-01   1.926300E+03   1.566973E+13
   88000   2.879501E+04   3.327584E-01   1.925546E+03   1.600942E+13
   89000   2.912781E+04   3.327522E-01   1.925505E+03   1.605575E+13
   90000   2.946063E+04   3.327690E-01   1.924712E+03   1.611382E+13
   91000   2.979344E+04   3.326439E-01   1.926098E+03   1.618374E+13
   92000   3.012628E+04   3.326557E-01   1.925269E+03   1.650247E+13
   93000   3.045910E+04   3.327597E-01   1.925296E+03   1.655434E+13
   94000   3.079192E+04   3.326935E-01   1.925415E+03   1.661808E+13
   95000   3.112465E+04   3.326068E-01   1.926070E+03   1.694426E+13
   96000   3.145740E+04   3.326599E-01   1.926297E+03   1.699037E+13
   97000   3.179009E+04   3.326903E-01   1.925691E+03   1.704816E+13
   98000   3.212284E+04   3.327159E-01   1.924567E+03   1.711765E+13
   99000   3.245556E+04   3.326262E-01   1.925697E+03   1.742151E+13
  100000   3.278831E+04   3.325958E-01   1.925619E+03   1.747372E+13
  101000   3.312107E+04   3.328153E-01   1.923793E+03   1.753765E+13
  102000   3.345388E+04   3.327546E-01   1.924295E+03   1.784714E+13
  103000   3.378665E+04   3.328174E-01   1.923176E+03   1.789423E+13
  104000   3.411956E+04   3.329045E-01   1.923042E+03   1.795302E+13
  105000   3.445248E+04   3.329686E-01   1.922401E+03   1.802342E+13
  106000   3.478537E+04   3.329857E-01   1.921590E+03   1.830932E+13
  107000   3.511832E+04   3.331206E-01   1.920807E+03   1.836342E+13
  108000   3.545136E+04   3.329927E-01   1.921386E+03   1.842924E+13
  109000   3.578447E+04   3.333417E-01   1.918505E+03   1.871941E+13
  110000   3.611767E+04   3.334087E-01   1.917979E+03   1.876927E+13
  111000   3.645095E+04   3.334034E-01   1.917441E+03   1.883089E+13
  112000   3.678426E+04   3.334625E-01   1.917284E+03   1.912605E+13
  113000   3.711771E+04   3.336397E-01   1.915733E+03   1.917201E+13
  114000   3.745116E+04   3.336202E-01   1.915278E+03   1.922966E+13
  115000   3.778466E+04   3.337397E-01   1.914612E+03   1.952897E+13
  116000   3.811824E+04   3.336695E-01   1.915288E+03   1.957126E+13
  117000   3.845186E+04   3.338107E-01   1.913885E+03   1.962511E+13
  118000   3.878539E+04   3.337403E-01   1.914355E+03   1.969056E+13
  119000   3.911900E+04   3.337703E-01   1.914194E+03   1.996499E+13
  120000   3.945265E+04   3.337688E-01   1.914075E+03   2.001534E+13
  121000   3.978634E+04   3.338220E-01   1.912970E+03   2.007733E+13
  122000   4.011999E+04   3.337890E-01   1.913226E+03   2.035376E+13
  123000   4.045375E+04   3.339313E-01   1.912205E+03   2.040101E+13
  124000   4.078751E+04   3.338518E-01   1.913131E+03   2.045990E+13
  125000   4.112131E+04   3.340046E-01   1.911747E+03   2.073747E+13
  126000   4.145510E+04   3.339991E-01   1.911220E+03   2.078194E+13
  127000   4.178900E+04   3.339810E-01   1.911509E+03   2.083803E+13
  128000   4.212286E+04   3.339471E-01   1.912272E+03   2.111601E+13
  129000   4.245673E+04   3.340673E-01   1.910604E+03   2.115805E+13
  130000   4.279054E+04   3.339438E-01   1.912131E+03   2.121163E+13
  131000   4.312439E+04   3.339693E-01   1.912189E+03   2.127671E+13
  132000   4.345821E+04   3.339758E-01   1.911892E+03   2.152977E+13
  133000   4.379207E+04   3.339662E-01   1.911351E+03   2.158113E+13
  134000   4.412586E+04   3.339757E-01   1.911838E+03   2.164405E+13
  135000   4.445973E+04   3.339268E-01   1.911677E+03   2.189714E+13
  136000   4.479359E+04   3.339313E-01   1.911994E+03   2.194660E+13
  137000   4.512751E+04   3.339892E-01   1.910885E+03   2.200768E+13
  138000   4.546140E+04   3.340505E-01   1.910640E+03   2.226032E+13
  139000   4.579542E+04   3.340069E-01   1.910970E+03   2.230820E+13
  140000   4.612941E+04   3.340548E-01   1.910525E+03   2.236773E+13
  141000   4.646341E+04   3.340127E-01   1.910240E+03   2.261950E+13
  142000   4.679743E+04   3.341643E-01   1.909756E+03   2.266607E+13
  143000   4.713154E+04   3.340303E-01   1.910278E+03   2.272428E+13
  144000   4.746561E+04   3.340999E-01   1.909788E+03   2.297487E+13
  145000   4.779979E+04   3.341467E-01   1.909081E+03   2.302036E+13
  146000   4.813397E+04   3.342331E-01   1.908348E+03   2.307746E+13
  147000   4.846821E+04   3.341548E-01   1.908970E+03   2.332670E+13
  148000   4.880253E+04   3.343862E-01   1.907061E+03   2.337129E+13
  149000   4.913693E+04   3.343171E-01   1.906915E+03   2.342751E+13
  150000   4.947131E+04   3.344974E-01   1.906199E+03   2.367466E+13
  151000   4.980582E+04   3.344253E-01   1.906345E+03   2.371859E+13
  152000   5.014033E+04   3.344439E-01   1.905799E+03   2.377414E+13
  153000   5.047483E+04   3.344515E-01   1.906062E+03   2.401822E+13
  154000   5.080938E+04   3.346565E-01   1.904518E+03   2.406176E+13
  155000   5.114398E+04   3.344461E-01   1.905679E+03   2.411695E+13
  156000   5.147856E+04   3.345622E-01   1.905001E+03   2.435763E+13
  157000   5.181319E+04   3.345712E-01   1.904562E+03   2.440112E+13
  158000   5.214783E+04   3.346380E-01   1.904152E+03   2.445629E+13
  159000   5.248251E+04   3.345515E-01   1.904889E+03   2.469388E+13
  160000   5.281722E+04   3.347075E-01   1.903165E+03   2.473760E+13
  161000   5.315199E+04   3.347151E-01   1.903215E+03   2.479301E+13
  162000   5.348678E+04   3.348274E-01   1.902759E+03   2.502746E+13
  163000   5.382160E+04   3.347073E-01   1.903378E+03   2.507158E+13
  164000   5.415641E+04   3.347612E-01   1.902695E+03   2.512738E+13
  165000   5.449124E+04   3.347648E-01   1.902734E+03   2.535789E+13
  166000   5.482609E+04   3.347806E-01   1.902405E+03   2.540256E+13
  167000   5.516094E+04   3.347445E-01   1.903101E+03   2.545888E+13
  168000   5.549581E+04   3.348161E-01   1.902190E+03   2.568450E+13
  169000   5.583067E+04   3.347851E-01   1.902471E+03   2.572994E+13
  170000   5.616555E+04   3.348741E-01   1.902077E+03   2.578704E+13
  171000   5.650047E+04   3.348857E-01   1.902014E+03   2.600726E+13
  172000   5.683543E+04   3.348877E-01   1.901424E+03   2.605383E+13
  173000   5.717040E+04   3.349925E-01   1.900828E+03   2.611207E+13
  174000   5.750545E+04   3.350074E-01   1.900493E+03   2.632713E+13
  175000   5.784048E+04   3.349588E-01   1.901196E+03   2.637517E+13
  176000   5.817554E+04   3.350472E-01   1.900156E+03   2.660710E+13
  177000   5.851065E+04   3.351234E-01   1.899432E+03   2.664509E+13
  178000   5.884579E+04   3.350722E-01   1.899946E+03   2.669482E+13
  179000   5.918091E+04   3.350796E-01   1.899464E+03   2.692163E+13
  180000   5.951611E+04   3.351259E-01   1.898950E+03   2.696138E+13
  181000   5.985128E+04   3.351593E-01   1.898759E+03   2.701288E+13
  182000   6.018651E+04   3.351918E-01   1.898219E+03   2.723391E+13
  183000   6.052181E+04   3.352824E-01   1.897592E+03   2.727554E+13
  184000   6.085716E+04   3.352984E-01   1.897496E+03   2.732894E+13
  185000   6.119251E+04   3.353433E-01   1.896287E+03   2.754355E+13
  186000   6.152795E+04   3.353655E-01   1.896454E+03   2.758728E+13
  187000   6.186338E+04   3.353450E-01   1.896283E+03   2.764275E+13
  188000   6.219886E+04   3.354563E-01   1.895662E+03   2.785044E+13
  189000   6.253438E+04   3.354996E-01   1.894872E+03   2.789654E+13
  190000   6.286992E+04   3.354515E-01   1.895338E+03   2.811783E+13
  191000   6.320545E+04   3.354872E-01   1.894857E+03   2.815483E+13
  192000   6.354104E+04   3.355422E-01   1.894723E+03   2.820362E+13
  193000   6.387662E+04   3.355293E-01   1.893878E+03   2.841754E+13
  194000   6.421225E+04   3.355775E-01   1.894112E+03   2.845739E+13
  195000   6.454792E+04   3.355996E-01   1.893458E+03   2.850910E+13
  196000   6.488364E+04   3.356852E-01   1.892866E+03   2.871569E+13
  197000   6.521936E+04   3.357278E-01   1.892251E+03   2.875862E+13
  198000   6.555512E+04   3.356988E-01   1.892782E+03   2.881340E+13
  199000   6.589091E+04   3.357478E-01   1.891713E+03   2.901253E+13
      nt           time          dtime       max(rho)       shockpos
  200000   6.622675E+04   3.357900E-01   1.891817E+03   2.905874E+13
  201000   6.656257E+04   3.357731E-01   1.891313E+03   2.927024E+13
  202000   6.689842E+04   3.357954E-01   1.891490E+03   2.930803E+13
  203000   6.723430E+04   3.358351E-01   1.891169E+03   2.935773E+13
  204000   6.757016E+04   3.358213E-01   1.891161E+03   2.956069E+13
  205000   6.790605E+04   3.359139E-01   1.889856E+03   2.960217E+13
  206000   6.824200E+04   3.358979E-01   1.890655E+03   2.965563E+13
  207000   6.857796E+04   3.359393E-01   1.889789E+03   2.984981E+13
  208000   6.891396E+04   3.360125E-01   1.889172E+03   2.989534E+13
  209000   6.925001E+04   3.360348E-01   1.888781E+03   3.010041E+13
  210000   6.958604E+04   3.359659E-01   1.889233E+03   3.013819E+13
  211000   6.992214E+04   3.361312E-01   1.887837E+03   3.018799E+13
  212000   7.025828E+04   3.361175E-01   1.888048E+03   3.038419E+13
  213000   7.059442E+04   3.361175E-01   1.887552E+03   3.042635E+13
  214000   7.093056E+04   3.361166E-01   1.887835E+03   3.048050E+13
  215000   7.126678E+04   3.362032E-01   1.887203E+03   3.066797E+13
  216000   7.160296E+04   3.361909E-01   1.886995E+03   3.071467E+13
  217000   7.193919E+04   3.362842E-01   1.886153E+03   3.091244E+13
  218000   7.227547E+04   3.362317E-01   1.886437E+03   3.095176E+13
  219000   7.261180E+04   3.363621E-01   1.885439E+03   3.100314E+13
  220000   7.294812E+04   3.363958E-01   1.885179E+03   3.119148E+13
  221000   7.328452E+04   3.364090E-01   1.884658E+03   3.123568E+13
  222000   7.362091E+04   3.363943E-01   1.884673E+03   3.143336E+13
  223000   7.395739E+04   3.365132E-01   1.884027E+03   3.147056E+13
  224000   7.429386E+04   3.364921E-01   1.883672E+03   3.151989E+13
  225000   7.463037E+04   3.365363E-01   1.883432E+03   3.170737E+13
  226000   7.496686E+04   3.365004E-01   1.883892E+03   3.174988E+13
  227000   7.530342E+04   3.366010E-01   1.882971E+03   3.194588E+13
  228000   7.563996E+04   3.366287E-01   1.882412E+03   3.198178E+13
  229000   7.597657E+04   3.366365E-01   1.882541E+03   3.202986E+13
  230000   7.631318E+04   3.366584E-01   1.882121E+03   3.221556E+13
  231000   7.664987E+04   3.367829E-01   1.881431E+03   3.225717E+13
  232000   7.698653E+04   3.367325E-01   1.881429E+03   3.245109E+13
  233000   7.732325E+04   3.367653E-01   1.880908E+03   3.248644E+13
  234000   7.766000E+04   3.368180E-01   1.880532E+03   3.253402E+13
  235000   7.799682E+04   3.368525E-01   1.880453E+03   3.271758E+13
  236000   7.833359E+04   3.368314E-01   1.879929E+03   3.275899E+13
  237000   7.867043E+04   3.368962E-01   1.879935E+03   3.295000E+13
  238000   7.900727E+04   3.368487E-01   1.880148E+03   3.298542E+13
  239000   7.934413E+04   3.369690E-01   1.879278E+03   3.303311E+13
  240000   7.968100E+04   3.369979E-01   1.878756E+03   3.321309E+13
  241000   8.001794E+04   3.369793E-01   1.879055E+03   3.325491E+13
  242000   8.035486E+04   3.369957E-01   1.878557E+03   3.344176E+13
  243000   8.069186E+04   3.370968E-01   1.878009E+03   3.347786E+13
  244000   8.102884E+04   3.370562E-01   1.877760E+03   3.352627E+13
  245000   8.136588E+04   3.371278E-01   1.877556E+03   3.370162E+13
  246000   8.170295E+04   3.371685E-01   1.877051E+03   3.374449E+13
  247000   8.204008E+04   3.371901E-01   1.876747E+03   3.392600E+13
  248000   8.237716E+04   3.371940E-01   1.876476E+03   3.396350E+13
  249000   8.271430E+04   3.371934E-01   1.876792E+03   3.401341E+13
  250000   8.305147E+04   3.372462E-01   1.876166E+03   3.418327E+13
  251000   8.338865E+04   3.372916E-01   1.875829E+03   3.422806E+13
  252000   8.372583E+04   3.373117E-01   1.875439E+03   3.440366E+13
  253000   8.406310E+04   3.373279E-01   1.875434E+03   3.444345E+13
  254000   8.440036E+04   3.373906E-01   1.874883E+03   3.462450E+13
  255000   8.473765E+04   3.374079E-01   1.874729E+03   3.465948E+13
  256000   8.507497E+04   3.374696E-01   1.873839E+03   3.470698E+13
  257000   8.541235E+04   3.374254E-01   1.874231E+03   3.487598E+13
  258000   8.574974E+04   3.374984E-01   1.873592E+03   3.491883E+13
  259000   8.608717E+04   3.375333E-01   1.873235E+03   3.509282E+13
  260000   8.642460E+04   3.375408E-01   1.873118E+03   3.513116E+13
  261000   8.676206E+04   3.374913E-01   1.873605E+03   3.530994E+13
  262000   8.709955E+04   3.376155E-01   1.872280E+03   3.534396E+13
  263000   8.743706E+04   3.375787E-01   1.872467E+03   3.539064E+13
  264000   8.777458E+04   3.376428E-01   1.872160E+03   3.555722E+13
  265000   8.811215E+04   3.376371E-01   1.872073E+03   3.559969E+13
  266000   8.844974E+04   3.376678E-01   1.871400E+03   3.577095E+13
  267000   8.878735E+04   3.376999E-01   1.871446E+03   3.580929E+13
  268000   8.912500E+04   3.377680E-01   1.870511E+03   3.598447E+13
  269000   8.946271E+04   3.377280E-01   1.870920E+03   3.601882E+13
  270000   8.980043E+04   3.377957E-01   1.870215E+03   3.606587E+13
  271000   9.013814E+04   3.378281E-01   1.870080E+03   3.622831E+13
  272000   9.047590E+04   3.378185E-01   1.869894E+03   3.627151E+13
  273000   9.081369E+04   3.378249E-01   1.870127E+03   3.643797E+13
  274000   9.115149E+04   3.378639E-01   1.869096E+03   3.647741E+13
  275000   9.148931E+04   3.378973E-01   1.869182E+03   3.664725E+13
  276000   9.182718E+04   3.379345E-01   1.868824E+03   3.668308E+13
  277000   9.216505E+04   3.379231E-01   1.868840E+03   3.673168E+13
  278000   9.250298E+04   3.379704E-01   1.868019E+03   3.688834E+13
  279000   9.284092E+04   3.380352E-01   1.867855E+03   3.693355E+13
  280000   9.317892E+04   3.380321E-01   1.867498E+03   3.709328E+13
  281000   9.351693E+04   3.380574E-01   1.867455E+03   3.713522E+13
  282000   9.385500E+04   3.380975E-01   1.866693E+03   3.729782E+13
  283000   9.419303E+04   3.380957E-01   1.866948E+03   3.733661E+13
  284000   9.453113E+04   3.381417E-01   1.866525E+03   3.750178E+13
  285000   9.486926E+04   3.381495E-01   1.866320E+03   3.753759E+13
  286000   9.520740E+04   3.381705E-01   1.865872E+03   3.770502E+13
  287000   9.554555E+04   3.382208E-01   1.865720E+03   3.773803E+13
  288000   9.588379E+04   3.382413E-01   1.865216E+03   3.778402E+13
  289000   9.622201E+04   3.382279E-01   1.865304E+03   3.793792E+13
  290000   9.656030E+04   3.383557E-01   1.864331E+03   3.798131E+13
  291000   9.689862E+04   3.383744E-01   1.863953E+03   3.813733E+13
  292000   9.723699E+04   3.383344E-01   1.864085E+03   3.817825E+13
  293000   9.757535E+04   3.383880E-01   1.863677E+03   3.833609E+13
  294000   9.791378E+04   3.384471E-01   1.862980E+03   3.837468E+13
  295000   9.825219E+04   3.384469E-01   1.863208E+03   3.853397E+13
  296000   9.859067E+04   3.384864E-01   1.862865E+03   3.857037E+13
  297000   9.892916E+04   3.385257E-01   1.862153E+03   3.873105E+13
  298000   9.926770E+04   3.385405E-01   1.862094E+03   3.876543E+13
  299000   9.960623E+04   3.386044E-01   1.861789E+03   3.881301E+13
  300000   9.994484E+04   3.385964E-01   1.861453E+03   3.896000E+13
  301000   1.002835E+05   3.386420E-01   1.860990E+03   3.900574E+13
  302000   1.006221E+05   3.386926E-01   1.860568E+03   3.915400E+13
  303000   1.009608E+05   3.387349E-01   1.860062E+03   3.919800E+13
  304000   1.012996E+05   3.387117E-01   1.860176E+03   3.934708E+13
  305000   1.016383E+05   3.387933E-01   1.859525E+03   3.938943E+13
  306000   1.019771E+05   3.388011E-01   1.859300E+03   3.953916E+13
  307000   1.023159E+05   3.388542E-01   1.859064E+03   3.958003E+13
  308000   1.026548E+05   3.388363E-01   1.858913E+03   3.973051E+13
  309000   1.029936E+05   3.389055E-01   1.858277E+03   3.977004E+13
  310000   1.033325E+05   3.389306E-01   1.858174E+03   3.992125E+13
  311000   1.036715E+05   3.389688E-01   1.857866E+03   3.995954E+13
  312000   1.040104E+05   3.389371E-01   1.857715E+03   4.011099E+13
  313000   1.043494E+05   3.390545E-01   1.856947E+03   4.014815E+13
  314000   1.046884E+05   3.390594E-01   1.856707E+03   4.029947E+13
  315000   1.050275E+05   3.390611E-01   1.856596E+03   4.033567E+13
  316000   1.053666E+05   3.390966E-01   1.856166E+03   4.048699E+13
  317000   1.057057E+05   3.391865E-01   1.855512E+03   4.052240E+13
  318000   1.060449E+05   3.391267E-01   1.855762E+03   4.067370E+13
  319000   1.063840E+05   3.392006E-01   1.855360E+03   4.070847E+13
  320000   1.067232E+05   3.392193E-01   1.854754E+03   4.085952E+13
  321000   1.070624E+05   3.392618E-01   1.854636E+03   4.089378E+13
  322000   1.074017E+05   3.392669E-01   1.854622E+03   4.104438E+13
  323000   1.077410E+05   3.393226E-01   1.853974E+03   4.107827E+13
  324000   1.080803E+05   3.393114E-01   1.853848E+03   4.122839E+13
  325000   1.084196E+05   3.394185E-01   1.853319E+03   4.126205E+13
  326000   1.087590E+05   3.394248E-01   1.852904E+03   4.141157E+13
  327000   1.090984E+05   3.394303E-01   1.852669E+03   4.144515E+13
  328000   1.094379E+05   3.394635E-01   1.852443E+03   4.159363E+13
  329000   1.097773E+05   3.395270E-01   1.851836E+03   4.162726E+13
  330000   1.101168E+05   3.394958E-01   1.851966E+03   4.177473E+13
  331000   1.104564E+05   3.395659E-01   1.851484E+03   4.180859E+13
  332000   1.107959E+05   3.396123E-01   1.850937E+03   4.195520E+13
  333000   1.111355E+05   3.396191E-01   1.850828E+03   4.198943E+13
  334000   1.114751E+05   3.396227E-01   1.850923E+03   4.213510E+13
  335000   1.118147E+05   3.396789E-01   1.850199E+03   4.216982E+13
  336000   1.121544E+05   3.397131E-01   1.849936E+03   4.231433E+13
  337000   1.124940E+05   3.397579E-01   1.849661E+03   4.234963E+13
  338000   1.128338E+05   3.397569E-01   1.849318E+03   4.249246E+13
  339000   1.131735E+05   3.398238E-01   1.848716E+03   4.252847E+13
  340000   1.135133E+05   3.398500E-01   1.848610E+03   4.266955E+13
  341000   1.138531E+05   3.398786E-01   1.848410E+03   4.270647E+13
  342000   1.141930E+05   3.398746E-01   1.848124E+03   4.284615E+13
  343000   1.145329E+05   3.399786E-01   1.847416E+03   4.288413E+13
  344000   1.148728E+05   3.399500E-01   1.847389E+03   4.302240E+13
  345000   1.152127E+05   3.399907E-01   1.847316E+03   4.306152E+13
  346000   1.155526E+05   3.400114E-01   1.846884E+03   4.319803E+13
  347000   1.158926E+05   3.400512E-01   1.846574E+03   4.323838E+13
  348000   1.162326E+05   3.400291E-01   1.846601E+03   4.337282E+13
  349000   1.165726E+05   3.401094E-01   1.845989E+03   4.341453E+13
  350000   1.169127E+05   3.401274E-01   1.845474E+03   4.354692E+13
  351000   1.172527E+05   3.401718E-01   1.845421E+03   4.359016E+13
  352000   1.175929E+05   3.402019E-01   1.845047E+03   4.372053E+13
  353000   1.179330E+05   3.402277E-01   1.844700E+03   4.386136E+13
  354000   1.182732E+05   3.402522E-01   1.844386E+03   4.389373E+13
  355000   1.186134E+05   3.402987E-01   1.844002E+03   4.403226E+13
  356000   1.189537E+05   3.403329E-01   1.843701E+03   4.406652E+13
  357000   1.192939E+05   3.403225E-01   1.843799E+03   4.420263E+13
  358000   1.196342E+05   3.403700E-01   1.843240E+03   4.423893E+13
  359000   1.199745E+05   3.403918E-01   1.843031E+03   4.437264E+13
  360000   1.203148E+05   3.403989E-01   1.843042E+03   4.441113E+13
  361000   1.206552E+05   3.404216E-01   1.842543E+03   4.454253E+13
  362000   1.209956E+05   3.404981E-01   1.841912E+03   4.458333E+13
  363000   1.213360E+05   3.404789E-01   1.842050E+03   4.471236E+13
  364000   1.216765E+05   3.405136E-01   1.841734E+03   4.475555E+13
  365000   1.220169E+05   3.405803E-01   1.841074E+03   4.488192E+13
  366000   1.223574E+05   3.406014E-01   1.840859E+03   4.501745E+13
  367000   1.226980E+05   3.405777E-01   1.840817E+03   4.505122E+13
  368000   1.230386E+05   3.406612E-01   1.840269E+03   4.518405E+13
  369000   1.233792E+05   3.406692E-01   1.840035E+03   4.522062E+13
  370000   1.237198E+05   3.406786E-01   1.839879E+03   4.535076E+13
  371000   1.240604E+05   3.406772E-01   1.839864E+03   4.539026E+13
  372000   1.244011E+05   3.407585E-01   1.839310E+03   4.551755E+13
  373000   1.247418E+05   3.407282E-01   1.839124E+03   4.556007E+13
  374000   1.250825E+05   3.407831E-01   1.838815E+03   4.568438E+13
  375000   1.254232E+05   3.407633E-01   1.838837E+03   4.581719E+13
  376000   1.257640E+05   3.408485E-01   1.838053E+03   4.585131E+13
  377000   1.261048E+05   3.408255E-01   1.838127E+03   4.598089E+13
  378000   1.264457E+05   3.408765E-01   1.837726E+03   4.601845E+13
  379000   1.267865E+05   3.408950E-01   1.837445E+03   4.614485E+13
  380000   1.271275E+05   3.409691E-01   1.836847E+03   4.618598E+13
  381000   1.274684E+05   3.409220E-01   1.837128E+03   4.630923E+13
  382000   1.278093E+05   3.409688E-01   1.836596E+03   4.644056E+13
  383000   1.281503E+05   3.410053E-01   1.836577E+03   4.647415E+13
  384000   1.284913E+05   3.410187E-01   1.836249E+03   4.660218E+13
  385000   1.288323E+05   3.410060E-01   1.836097E+03   4.663967E+13
  386000   1.291734E+05   3.410734E-01   1.835613E+03   4.676438E+13
  387000   1.295144E+05   3.410666E-01   1.835729E+03   4.680588E+13
  388000   1.298555E+05   3.411065E-01   1.835083E+03   4.692727E+13
  389000   1.301966E+05   3.411220E-01   1.835079E+03   4.705631E+13
  390000   1.305378E+05   3.411699E-01   1.834726E+03   4.709093E+13
  391000   1.308790E+05   3.411781E-01   1.834355E+03   4.721646E+13
  392000   1.312202E+05   3.412611E-01   1.833718E+03   4.725539E+13
  393000   1.315615E+05   3.412011E-01   1.834204E+03   4.737742E+13
  394000   1.319027E+05   3.412697E-01   1.833579E+03   4.750680E+13
  395000   1.322440E+05   3.412767E-01   1.833411E+03   4.753933E+13
  396000   1.325853E+05   3.413127E-01   1.833160E+03   4.766523E+13
  397000   1.329267E+05   3.412687E-01   1.833293E+03   4.770234E+13
  398000   1.332680E+05   3.413956E-01   1.832352E+03   4.782470E+13
  399000   1.336094E+05   3.413583E-01   1.832617E+03   4.795396E+13
      nt           time          dtime       max(rho)       shockpos
  400000   1.339508E+05   3.413843E-01   1.832281E+03   4.798509E+13
  401000   1.342923E+05   3.414122E-01   1.832156E+03   4.811040E+13
  402000   1.346338E+05   3.414843E-01   1.831369E+03   4.814638E+13
  403000   1.349753E+05   3.414660E-01   1.831462E+03   4.826778E+13
  404000   1.353168E+05   3.415321E-01   1.830906E+03   4.830876E+13
  405000   1.356584E+05   3.415549E-01   1.830883E+03   4.842645E+13
  406000   1.360000E+05   3.415821E-01   1.830287E+03   4.855068E+13
  407000   1.363416E+05   3.415750E-01   1.830520E+03   4.858654E+13
  408000   1.366832E+05   3.416262E-01   1.829997E+03   4.870692E+13
  409000   1.370249E+05   3.416470E-01   1.829821E+03   4.883360E+13
  410000   1.373666E+05   3.416931E-01   1.829323E+03   4.886465E+13
  411000   1.377083E+05   3.416668E-01   1.829630E+03   4.898729E+13
  412000   1.380500E+05   3.417287E-01   1.828960E+03   4.902387E+13
  413000   1.383918E+05   3.417350E-01   1.828901E+03   4.914231E+13
  414000   1.387336E+05   3.417708E-01   1.828452E+03   4.926657E+13
  415000   1.390754E+05   3.417792E-01   1.828312E+03   4.929895E+13
  416000   1.394173E+05   3.418781E-01   1.827629E+03   4.941919E+13
  417000   1.397592E+05   3.418607E-01   1.827750E+03   4.945754E+13
  418000   1.401011E+05   3.419014E-01   1.827175E+03   4.957390E+13
  419000   1.404430E+05   3.419240E-01   1.827182E+03   4.969619E+13
  420000   1.407850E+05   3.419523E-01   1.826769E+03   4.973090E+13
  421000   1.411270E+05   3.419696E-01   1.826607E+03   4.984908E+13
  422000   1.414690E+05   3.420257E-01   1.826093E+03   4.997250E+13
  423000   1.418110E+05   3.419872E-01   1.826358E+03   5.000382E+13
  424000   1.421531E+05   3.420647E-01   1.825663E+03   5.012271E+13
  425000   1.424952E+05   3.420888E-01   1.825518E+03   5.016052E+13
  426000   1.428373E+05   3.421094E-01   1.825269E+03   5.027512E+13
  427000   1.431794E+05   3.421131E-01   1.825074E+03   5.039501E+13
  428000   1.435216E+05   3.422157E-01   1.824137E+03   5.043021E+13
  429000   1.438638E+05   3.421650E-01   1.824409E+03   5.054594E+13
  430000   1.442061E+05   3.422254E-01   1.824056E+03   5.066663E+13
  431000   1.445483E+05   3.422379E-01   1.823636E+03   5.069952E+13
  432000   1.448906E+05   3.422925E-01   1.823221E+03   5.081572E+13
  433000   1.452329E+05   3.422747E-01   1.823350E+03   5.093647E+13
  434000   1.455753E+05   3.423352E-01   1.822745E+03   5.096745E+13
  435000   1.459176E+05   3.423444E-01   1.822505E+03   5.108372E+13
  436000   1.462600E+05   3.423892E-01   1.822352E+03   5.112209E+13
  437000   1.466024E+05   3.423919E-01   1.822160E+03   5.123391E+13
  438000   1.469448E+05   3.424273E-01   1.821603E+03   5.135001E+13
  439000   1.472873E+05   3.424726E-01   1.821276E+03   5.138721E+13
  440000   1.476298E+05   3.425032E-01   1.820954E+03   5.149867E+13
  441000   1.479724E+05   3.425088E-01   1.820769E+03   5.161418E+13
  442000   1.483149E+05   3.425717E-01   1.820263E+03   5.165070E+13
  443000   1.486575E+05   3.425882E-01   1.820016E+03   5.176166E+13
  444000   1.490001E+05   3.426168E-01   1.819744E+03   5.187650E+13
  445000   1.493428E+05   3.426414E-01   1.819420E+03   5.191285E+13
  446000   1.496855E+05   3.427011E-01   1.818952E+03   5.202303E+13
  447000   1.500282E+05   3.426872E-01   1.818947E+03   5.213682E+13
  448000   1.503709E+05   3.427414E-01   1.818653E+03   5.217346E+13
  449000   1.507136E+05   3.427447E-01   1.818245E+03   5.228267E+13
  450000   1.510564E+05   3.427944E-01   1.817978E+03   5.239537E+13
  451000   1.513992E+05   3.428302E-01   1.817630E+03   5.243279E+13
  452000   1.517420E+05   3.428740E-01   1.817267E+03   5.254082E+13
  453000   1.520849E+05   3.428741E-01   1.816932E+03   5.265198E+13
  454000   1.524278E+05   3.429285E-01   1.816733E+03   5.276611E+13
  455000   1.527707E+05   3.429739E-01   1.816178E+03   5.279710E+13
  456000   1.531137E+05   3.429645E-01   1.816141E+03   5.290653E+13
  457000   1.534567E+05   3.430298E-01   1.815589E+03   5.301888E+13
  458000   1.537997E+05   3.430631E-01   1.815342E+03   5.305192E+13
  459000   1.541427E+05   3.430630E-01   1.815134E+03   5.315966E+13
  460000   1.544858E+05   3.430816E-01   1.815101E+03   5.327021E+13
  461000   1.548289E+05   3.431580E-01   1.814378E+03   5.330580E+13
  462000   1.551720E+05   3.431518E-01   1.814376E+03   5.341180E+13
  463000   1.555151E+05   3.431909E-01   1.814067E+03   5.352055E+13
  464000   1.558583E+05   3.432532E-01   1.813536E+03   5.363202E+13
  465000   1.562015E+05   3.432915E-01   1.813058E+03   5.366354E+13
  466000   1.565447E+05   3.432783E-01   1.813299E+03   5.377049E+13
  467000   1.568880E+05   3.433489E-01   1.812595E+03   5.387978E+13
  468000   1.572313E+05   3.433774E-01   1.812265E+03   5.391481E+13
  469000   1.575746E+05   3.434111E-01   1.811969E+03   5.401925E+13
  470000   1.579180E+05   3.433837E-01   1.812007E+03   5.412570E+13
  471000   1.582613E+05   3.434770E-01   1.811249E+03   5.423422E+13
  472000   1.586047E+05   3.434289E-01   1.811480E+03   5.426681E+13
  473000   1.589482E+05   3.434733E-01   1.811070E+03   5.437090E+13
  474000   1.592916E+05   3.434956E-01   1.810957E+03   5.447708E+13
  475000   1.596351E+05   3.435616E-01   1.810248E+03   5.458515E+13
  476000   1.599786E+05   3.435285E-01   1.810390E+03   5.461641E+13
  477000   1.603222E+05   3.435891E-01   1.809855E+03   5.471994E+13
  478000   1.606657E+05   3.436169E-01   1.809778E+03   5.482516E+13
  479000   1.610093E+05   3.436397E-01   1.809197E+03   5.493191E+13
  480000   1.613530E+05   3.436430E-01   1.809282E+03   5.496286E+13
  481000   1.616966E+05   3.436959E-01   1.808740E+03   5.506514E+13
  482000   1.620404E+05   3.437145E-01   1.808536E+03   5.516886E+13
  483000   1.623841E+05   3.437471E-01   1.808165E+03   5.527388E+13
  484000   1.627278E+05   3.437289E-01   1.808383E+03   5.530572E+13
  485000   1.630716E+05   3.437799E-01   1.807794E+03   5.540634E+13
  486000   1.634154E+05   3.437924E-01   1.807726E+03   5.550809E+13
  487000   1.637592E+05   3.438249E-01   1.807469E+03   5.561086E+13
  488000   1.641031E+05   3.438344E-01   1.807339E+03   5.564494E+13
  489000   1.644469E+05   3.439038E-01   1.806704E+03   5.574344E+13
  490000   1.647909E+05   3.438860E-01   1.806833E+03   5.584283E+13
  491000   1.651348E+05   3.439049E-01   1.806473E+03   5.594308E+13
  492000   1.654788E+05   3.439638E-01   1.806140E+03   5.604407E+13
  493000   1.658228E+05   3.439976E-01   1.805781E+03   5.607715E+13
  494000   1.661668E+05   3.440125E-01   1.805635E+03   5.617420E+13
  495000   1.665108E+05   3.440423E-01   1.805163E+03   5.627204E+13
  496000   1.668550E+05   3.440924E-01   1.805041E+03   5.637065E+13
  497000   1.671991E+05   3.440651E-01   1.804961E+03   5.646992E+13
  498000   1.675432E+05   3.441192E-01   1.804604E+03   5.650423E+13
  499000   1.678874E+05   3.441551E-01   1.804363E+03   5.659970E+13
  500000   1.682315E+05   3.441744E-01   1.804113E+03   5.669546E+13
  501000   1.685757E+05   3.441916E-01   1.803822E+03   5.679139E+13
  502000   1.689200E+05   3.442334E-01   1.803496E+03   5.688744E+13
  503000   1.692643E+05   3.442405E-01   1.803449E+03   5.698369E+13
  504000   1.696086E+05   3.443010E-01   1.802848E+03   5.708025E+13
  505000   1.699529E+05   3.443139E-01   1.802610E+03   5.711119E+13
  506000   1.702973E+05   3.443506E-01   1.802235E+03   5.720477E+13
  507000   1.706417E+05   3.443919E-01   1.801974E+03   5.729860E+13
  508000   1.709861E+05   3.444445E-01   1.801350E+03   5.739250E+13
  509000   1.713305E+05   3.444134E-01   1.801508E+03   5.748632E+13
  510000   1.716750E+05   3.444621E-01   1.801017E+03   5.757997E+13
  511000   1.720195E+05   3.444957E-01   1.800767E+03   5.767340E+13
  512000   1.723640E+05   3.445278E-01   1.800317E+03   5.770603E+13
  513000   1.727086E+05   3.445369E-01   1.800349E+03   5.779678E+13
  514000   1.730532E+05   3.445967E-01   1.799641E+03   5.788752E+13
  515000   1.733978E+05   3.446043E-01   1.799658E+03   5.797822E+13
  516000   1.737424E+05   3.446399E-01   1.799242E+03   5.806880E+13
  517000   1.740871E+05   3.446452E-01   1.799075E+03   5.815921E+13
  518000   1.744317E+05   3.447268E-01   1.798304E+03   5.824937E+13
  519000   1.747765E+05   3.447403E-01   1.798300E+03   5.833924E+13
  520000   1.751212E+05   3.448068E-01   1.797739E+03   5.842877E+13
  521000   1.754660E+05   3.447902E-01   1.797628E+03   5.851794E+13
  522000   1.758108E+05   3.448732E-01   1.797107E+03   5.860672E+13
  523000   1.761557E+05   3.448621E-01   1.797073E+03   5.869513E+13
  524000   1.765005E+05   3.449128E-01   1.796614E+03   5.878316E+13
  525000   1.768454E+05   3.449489E-01   1.796366E+03   5.887081E+13
  526000   1.771903E+05   3.449829E-01   1.796006E+03   5.890168E+13
  527000   1.775353E+05   3.449748E-01   1.796008E+03   5.898813E+13
  528000   1.778802E+05   3.450162E-01   1.795668E+03   5.907420E+13
  529000   1.782252E+05   3.450432E-01   1.795315E+03   5.915988E+13
  530000   1.785702E+05   3.450650E-01   1.795120E+03   5.924514E+13
  531000   1.789152E+05   3.450956E-01   1.794903E+03   5.933000E+13
  532000   1.792603E+05   3.451233E-01   1.794347E+03   5.941450E+13
  533000   1.796054E+05   3.451612E-01   1.794122E+03   5.949870E+13
  534000   1.799505E+05   3.451524E-01   1.794144E+03   5.958266E+13
  535000   1.802957E+05   3.451983E-01   1.793657E+03   5.966641E+13
  536000   1.806409E+05   3.452240E-01   1.793338E+03   5.980243E+13
  537000   1.809861E+05   3.452569E-01   1.793245E+03   5.988462E+13
  538000   1.813314E+05   3.452436E-01   1.793140E+03   5.996633E+13
  539000   1.816766E+05   3.453129E-01   1.792477E+03   6.004751E+13
  540000   1.820219E+05   3.452791E-01   1.792775E+03   6.012819E+13
  541000   1.823672E+05   3.453083E-01   1.792515E+03   6.020842E+13
  542000   1.827126E+05   3.453306E-01   1.792236E+03   6.028829E+13
  543000   1.830579E+05   3.453901E-01   1.791692E+03   6.036789E+13
  544000   1.834033E+05   3.453570E-01   1.791975E+03   6.044732E+13
  545000   1.837488E+05   3.454269E-01   1.791299E+03   6.052667E+13
  546000   1.840942E+05   3.454614E-01   1.791123E+03   6.060597E+13
  547000   1.844397E+05   3.454698E-01   1.790925E+03   6.068522E+13
  548000   1.847852E+05   3.454681E-01   1.790883E+03   6.081259E+13
  549000   1.851307E+05   3.455633E-01   1.790149E+03   6.088891E+13
  550000   1.854763E+05   3.455638E-01   1.790179E+03   6.096511E+13
  551000   1.858219E+05   3.455857E-01   1.789887E+03   6.104129E+13
  552000   1.861676E+05   3.456129E-01   1.789718E+03   6.111758E+13
  553000   1.865132E+05   3.456581E-01   1.789255E+03   6.119408E+13
  554000   1.868589E+05   3.456433E-01   1.789396E+03   6.127087E+13
  555000   1.872046E+05   3.456990E-01   1.788905E+03   6.139101E+13
  556000   1.875503E+05   3.457085E-01   1.788611E+03   6.146474E+13
  557000   1.878960E+05   3.457622E-01   1.788227E+03   6.153876E+13
  558000   1.882418E+05   3.457564E-01   1.788120E+03   6.161319E+13
  559000   1.885876E+05   3.457928E-01   1.787740E+03   6.173152E+13
  560000   1.889335E+05   3.458324E-01   1.787342E+03   6.180287E+13
  561000   1.892793E+05   3.458664E-01   1.787139E+03   6.187491E+13
  562000   1.896252E+05   3.458822E-01   1.786729E+03   6.194778E+13
  563000   1.899711E+05   3.459287E-01   1.786368E+03   6.206281E+13
  564000   1.903171E+05   3.459724E-01   1.785936E+03   6.213282E+13
  565000   1.906631E+05   3.459574E-01   1.785984E+03   6.220378E+13
  566000   1.910091E+05   3.460068E-01   1.785518E+03   6.231725E+13
  567000   1.913551E+05   3.460563E-01   1.785212E+03   6.238555E+13
  568000   1.917011E+05   3.460729E-01   1.784926E+03   6.245520E+13
  569000   1.920472E+05   3.460792E-01   1.784870E+03   6.256677E+13
  570000   1.923933E+05   3.461534E-01   1.784147E+03   6.263424E+13
  571000   1.927394E+05   3.461671E-01   1.784102E+03   6.270324E+13
  572000   1.930856E+05   3.461890E-01   1.783837E+03   6.281172E+13
  573000   1.934317E+05   3.462214E-01   1.783646E+03   6.287855E+13
  574000   1.937780E+05   3.463072E-01   1.782865E+03   6.294724E+13
  575000   1.941242E+05   3.462815E-01   1.783066E+03   6.305179E+13
  576000   1.944705E+05   3.463324E-01   1.782485E+03   6.311897E+13
  577000   1.948168E+05   3.463639E-01   1.782233E+03   6.322343E+13
  578000   1.951631E+05   3.463856E-01   1.781973E+03   6.328950E+13
  579000   1.955094E+05   3.463686E-01   1.782142E+03   6.339319E+13
  580000   1.958558E+05   3.464117E-01   1.781493E+03   6.345814E+13
  581000   1.962022E+05   3.464413E-01   1.781346E+03   6.356048E+13
  582000   1.965486E+05   3.464265E-01   1.781310E+03   6.362474E+13
  583000   1.968951E+05   3.464622E-01   1.781045E+03   6.372587E+13
  584000   1.972415E+05   3.465108E-01   1.780597E+03   6.379005E+13
  585000   1.975880E+05   3.464974E-01   1.780667E+03   6.388986E+13
  586000   1.979345E+05   3.465059E-01   1.780443E+03   6.395406E+13
  587000   1.982811E+05   3.465740E-01   1.779936E+03   6.405194E+13
  588000   1.986277E+05   3.465921E-01   1.779745E+03   6.415076E+13
  589000   1.989743E+05   3.465957E-01   1.779623E+03   6.421228E+13
  590000   1.993209E+05   3.466289E-01   1.779311E+03   6.430901E+13
  591000   1.996676E+05   3.466917E-01   1.778936E+03   6.437176E+13
  592000   2.000143E+05   3.466497E-01   1.779087E+03   6.446689E+13
  593000   2.003610E+05   3.467113E-01   1.778644E+03   6.456271E+13
  594000   2.007078E+05   3.467239E-01   1.778465E+03   6.462457E+13
  595000   2.010546E+05   3.467669E-01   1.778082E+03   6.471801E+13
  596000   2.014013E+05   3.467523E-01   1.778205E+03   6.481138E+13
  597000   2.017482E+05   3.468153E-01   1.777650E+03   6.490451E+13
  598000   2.020950E+05   3.468255E-01   1.777602E+03   6.496376E+13
  599000   2.024419E+05   3.468613E-01   1.777196E+03   6.505462E+13
      nt           time          dtime       max(rho)       shockpos
  600000   2.027888E+05   3.468713E-01   1.777078E+03   6.514570E+13
  601000   2.031357E+05   3.469325E-01   1.776453E+03   6.523691E+13
  602000   2.034827E+05   3.469450E-01   1.776335E+03   6.529650E+13
  603000   2.038296E+05   3.469877E-01   1.775929E+03   6.538576E+13
  604000   2.041767E+05   3.469906E-01   1.775764E+03   6.547444E+13
  605000   2.045237E+05   3.470610E-01   1.775217E+03   6.556232E+13
  606000   2.048708E+05   3.470597E-01   1.775156E+03   6.564923E+13
  607000   2.052179E+05   3.470948E-01   1.774762E+03   6.573525E+13
  608000   2.055650E+05   3.471343E-01   1.774422E+03   6.582056E+13
  609000   2.059121E+05   3.471746E-01   1.774093E+03   6.590519E+13
  610000   2.062593E+05   3.471592E-01   1.774048E+03   6.598918E+13
  611000   2.066065E+05   3.472090E-01   1.773709E+03   6.607258E+13
  612000   2.069537E+05   3.472574E-01   1.773228E+03   6.615519E+13
  613000   2.073009E+05   3.472740E-01   1.773150E+03   6.623694E+13
  614000   2.076482E+05   3.472988E-01   1.772774E+03   6.631797E+13
  615000   2.079955E+05   3.473646E-01   1.772360E+03   6.639824E+13
  616000   2.083428E+05   3.473943E-01   1.771986E+03   6.647782E+13
  617000   2.086902E+05   3.473953E-01   1.772080E+03   6.658068E+13
  618000   2.090376E+05   3.474486E-01   1.771439E+03   6.665743E+13
  619000   2.093850E+05   3.474726E-01   1.771256E+03   6.673410E+13
  620000   2.097324E+05   3.474951E-01   1.771032E+03   6.681093E+13
  621000   2.100799E+05   3.474913E-01   1.770972E+03   6.690935E+13
  622000   2.104274E+05   3.475585E-01   1.770324E+03   6.698428E+13
  623000   2.107749E+05   3.475256E-01   1.770575E+03   6.708066E+13
  624000   2.111224E+05   3.475495E-01   1.770315E+03   6.715361E+13
  625000   2.114700E+05   3.475670E-01   1.770055E+03   6.724772E+13
  626000   2.118176E+05   3.476194E-01   1.769620E+03   6.731962E+13
  627000   2.121652E+05   3.475953E-01   1.769820E+03   6.741209E+13
  628000   2.125128E+05   3.476417E-01   1.769267E+03   6.748382E+13
  629000   2.128605E+05   3.476882E-01   1.769035E+03   6.757453E+13
  630000   2.132082E+05   3.476805E-01   1.768941E+03   6.766455E+13
  631000   2.135559E+05   3.477012E-01   1.768813E+03   6.775374E+13
  632000   2.139037E+05   3.477562E-01   1.768243E+03   6.782262E+13
  633000   2.142515E+05   3.477854E-01   1.768123E+03   6.790939E+13
  634000   2.145993E+05   3.477816E-01   1.768063E+03   6.799510E+13
  635000   2.149471E+05   3.478435E-01   1.767619E+03   6.808002E+13
  636000   2.152950E+05   3.478626E-01   1.767454E+03   6.816440E+13
  637000   2.156429E+05   3.478648E-01   1.767357E+03   6.824849E+13
  638000   2.159907E+05   3.478837E-01   1.767158E+03   6.833215E+13
  639000   2.163387E+05   3.479475E-01   1.766523E+03   6.841526E+13
  640000   2.166866E+05   3.479468E-01   1.766536E+03   6.851327E+13
  641000   2.170346E+05   3.479867E-01   1.766167E+03   6.859349E+13
  642000   2.173826E+05   3.480007E-01   1.765918E+03   6.867292E+13
  643000   2.177307E+05   3.480483E-01   1.765421E+03   6.876671E+13
  644000   2.180788E+05   3.480641E-01   1.765420E+03   6.884497E+13
  645000   2.184269E+05   3.481095E-01   1.764787E+03   6.893740E+13
  646000   2.187750E+05   3.481369E-01   1.764557E+03   6.901456E+13
  647000   2.191232E+05   3.481884E-01   1.764131E+03   6.910463E+13
  648000   2.194713E+05   3.481789E-01   1.764104E+03   6.919335E+13
  649000   2.198195E+05   3.482381E-01   1.763554E+03   6.928062E+13
  650000   2.201678E+05   3.482465E-01   1.763478E+03   6.936704E+13
  651000   2.205160E+05   3.483042E-01   1.763144E+03   6.945254E+13
  652000   2.208643E+05   3.483049E-01   1.762908E+03   6.953668E+13
  653000   2.212126E+05   3.483706E-01   1.762471E+03   6.961940E+13
  654000   2.215610E+05   3.483834E-01   1.762323E+03   6.971276E+13
  655000   2.219093E+05   3.483914E-01   1.762176E+03   6.979392E+13
  656000   2.222577E+05   3.484390E-01   1.761798E+03   6.988447E+13
  657000   2.226061E+05   3.484498E-01   1.761506E+03   6.997260E+13
  658000   2.229545E+05   3.484882E-01   1.761233E+03   7.005937E+13
  659000   2.233030E+05   3.485018E-01   1.761046E+03   7.014539E+13
  660000   2.236515E+05   3.485437E-01   1.760579E+03   7.022981E+13
  661000   2.240000E+05   3.485368E-01   1.760570E+03   7.032079E+13
  662000   2.243486E+05   3.485788E-01   1.760338E+03   7.040926E+13
  663000   2.246972E+05   3.485784E-01   1.760210E+03   7.049622E+13
  664000   2.250458E+05   3.486272E-01   1.759736E+03   7.058123E+13
  665000   2.253944E+05   3.486157E-01   1.759917E+03   7.068117E+13
  666000   2.257431E+05   3.486553E-01   1.759464E+03   7.075082E+13
  667000   2.260917E+05   3.486554E-01   1.759369E+03   7.084237E+13
  668000   2.264404E+05   3.486977E-01   1.759077E+03   7.092490E+13
  669000   2.267892E+05   3.487039E-01   1.759163E+03   7.101033E+13
  670000   2.271379E+05   3.487516E-01   1.758556E+03   7.109094E+13
  671000   2.274867E+05   3.487870E-01   1.758357E+03   7.117274E+13
  672000   2.278355E+05   3.488126E-01   1.758157E+03   7.125349E+13
  673000   2.281844E+05   3.488441E-01   1.757860E+03   7.133843E+13
  674000   2.285332E+05   3.488868E-01   1.757411E+03   7.142224E+13
  675000   2.288822E+05   3.488848E-01   1.757331E+03   7.150516E+13
  676000   2.292311E+05   3.489164E-01   1.757090E+03   7.158923E+13
  677000   2.295800E+05   3.489670E-01   1.756588E+03   7.167345E+13
  678000   2.299290E+05   3.489852E-01   1.756376E+03   7.175894E+13
  679000   2.302780E+05   3.489875E-01   1.756170E+03   7.184744E+13
 Time of breakout is   230447.65149377592     
  680000   2.306271E+05   3.490432E-01   1.755890E+03   7.231203E+13
  681000   2.309761E+05   3.490823E-01   1.755394E+03   7.232061E+13
  682000   2.313252E+05   3.490690E-01   1.755494E+03   7.236278E+13
 finished tracing the shock position
  683000   2.316743E+05   3.491365E-01   1.754914E+03   7.246808E+13
  684000   2.320234E+05   3.491637E-01   1.754637E+03   7.260864E+13
  685000   2.323726E+05   3.492084E-01   1.754184E+03   7.277318E+13
  686000   2.327218E+05   3.492085E-01   1.754175E+03   7.295065E+13
  687000   2.330710E+05   3.492894E-01   1.753557E+03   7.313522E+13
  688000   2.334203E+05   3.492963E-01   1.753434E+03   7.332442E+13
  689000   2.337695E+05   3.493268E-01   1.753164E+03   7.351702E+13
  690000   2.341188E+05   3.493422E-01   1.752943E+03   7.371228E+13
  691000   2.344682E+05   3.493855E-01   1.752489E+03   7.390975E+13
  692000   2.348175E+05   3.493983E-01   1.752449E+03   7.410912E+13
  693000   2.351669E+05   3.494127E-01   1.752161E+03   7.431011E+13
  694000   2.355163E+05   3.494329E-01   1.751980E+03   7.451254E+13
  695000   2.358657E+05   3.494451E-01   1.751851E+03   7.471625E+13
  696000   2.362152E+05   3.494681E-01   1.751665E+03   7.492113E+13
  697000   2.365647E+05   3.494761E-01   1.751412E+03   7.512706E+13
  698000   2.369142E+05   3.495267E-01   1.751064E+03   7.533397E+13
  699000   2.372637E+05   3.495240E-01   1.751051E+03   7.554178E+13
  700000   2.376133E+05   3.495792E-01   1.750598E+03   7.575044E+13
  701000   2.379629E+05   3.495743E-01   1.750591E+03   7.595987E+13
  702000   2.383125E+05   3.496140E-01   1.750221E+03   7.617006E+13
  703000   2.386621E+05   3.496305E-01   1.750089E+03   7.638094E+13
  704000   2.390118E+05   3.496856E-01   1.749618E+03   7.659248E+13
  705000   2.393615E+05   3.497020E-01   1.749589E+03   7.680466E+13
  706000   2.397113E+05   3.497418E-01   1.749160E+03   7.701743E+13
  707000   2.400610E+05   3.497554E-01   1.749051E+03   7.723078E+13
  708000   2.404108E+05   3.497758E-01   1.748775E+03   7.744466E+13
  709000   2.407606E+05   3.497775E-01   1.748655E+03   7.765907E+13
  710000   2.411104E+05   3.498420E-01   1.748098E+03   7.787398E+13
  711000   2.414603E+05   3.498429E-01   1.747964E+03   7.808937E+13
  712000   2.418102E+05   3.498843E-01   1.747694E+03   7.830522E+13
  713000   2.421601E+05   3.499191E-01   1.747249E+03   7.852154E+13
  714000   2.425100E+05   3.499533E-01   1.746982E+03   7.873827E+13
  715000   2.428600E+05   3.499770E-01   1.746713E+03   7.895542E+13
  716000   2.432100E+05   3.500199E-01   1.746419E+03   7.917298E+13
  717000   2.435600E+05   3.500837E-01   1.745785E+03   7.939094E+13
  718000   2.439101E+05   3.500827E-01   1.745783E+03   7.960927E+13
  719000   2.442601E+05   3.501292E-01   1.745389E+03   7.982797E+13
  720000   2.446103E+05   3.501644E-01   1.745122E+03   8.004703E+13
  721000   2.449604E+05   3.501952E-01   1.744815E+03   8.026643E+13
  722000   2.453105E+05   3.501740E-01   1.744930E+03   8.048616E+13
  723000   2.456607E+05   3.502282E-01   1.744333E+03   8.070622E+13
  724000   2.460109E+05   3.502372E-01   1.744212E+03   8.092659E+13
  725000   2.463611E+05   3.502551E-01   1.744052E+03   8.114727E+13
  726000   2.467114E+05   3.502571E-01   1.743998E+03   8.136826E+13
  727000   2.470617E+05   3.503046E-01   1.743470E+03   8.158954E+13
  728000   2.474120E+05   3.503163E-01   1.743497E+03   8.181110E+13
  729000   2.477623E+05   3.503104E-01   1.743374E+03   8.203294E+13
  730000   2.481127E+05   3.503754E-01   1.742871E+03   8.225506E+13
  731000   2.484631E+05   3.503919E-01   1.742666E+03   8.247745E+13
  732000   2.488135E+05   3.504133E-01   1.742570E+03   8.270011E+13
  733000   2.491640E+05   3.504291E-01   1.742384E+03   8.292301E+13
  734000   2.495145E+05   3.504913E-01   1.741884E+03   8.314617E+13
  735000   2.498650E+05   3.504888E-01   1.741982E+03   8.336958E+13
  736000   2.502155E+05   3.505211E-01   1.741648E+03   8.359321E+13
  737000   2.505660E+05   3.505559E-01   1.741337E+03   8.381708E+13
  738000   2.509166E+05   3.505915E-01   1.740939E+03   8.404119E+13
  739000   2.512672E+05   3.505784E-01   1.741039E+03   8.426551E+13
  740000   2.516179E+05   3.506428E-01   1.740446E+03   8.449005E+13
  741000   2.519685E+05   3.506492E-01   1.740289E+03   8.471481E+13
  742000   2.523192E+05   3.506768E-01   1.739992E+03   8.493977E+13
  743000   2.526699E+05   3.506980E-01   1.739764E+03   8.516495E+13
  744000   2.530206E+05   3.507730E-01   1.739177E+03   8.539033E+13
  745000   2.533714E+05   3.507868E-01   1.738947E+03   8.561592E+13
  746000   2.537222E+05   3.508238E-01   1.738750E+03   8.584171E+13
  747000   2.540730E+05   3.508650E-01   1.738311E+03   8.606769E+13
  748000   2.544238E+05   3.508894E-01   1.738119E+03   8.629385E+13
  749000   2.547747E+05   3.509183E-01   1.737835E+03   8.652022E+13
  750000   2.551256E+05   3.509373E-01   1.737622E+03   8.674675E+13
  751000   2.554765E+05   3.509823E-01   1.737195E+03   8.697348E+13
  752000   2.558275E+05   3.509814E-01   1.737203E+03   8.720038E+13
  753000   2.561785E+05   3.510144E-01   1.736851E+03   8.742746E+13
  754000   2.565294E+05   3.509984E-01   1.736851E+03   8.765470E+13
  755000   2.568805E+05   3.510399E-01   1.736511E+03   8.788211E+13
  756000   2.572315E+05   3.510393E-01   1.736475E+03   8.810970E+13
  757000   2.575826E+05   3.510805E-01   1.736015E+03   8.833745E+13
  758000   2.579337E+05   3.511005E-01   1.735983E+03   8.856536E+13
  759000   2.582848E+05   3.511250E-01   1.735685E+03   8.879344E+13
  760000   2.586360E+05   3.511585E-01   1.735458E+03   8.902168E+13
  761000   2.589872E+05   3.511704E-01   1.735268E+03   8.925007E+13
  762000   2.593384E+05   3.512101E-01   1.735049E+03   8.947862E+13
  763000   2.596896E+05   3.512402E-01   1.734741E+03   8.970732E+13
  764000   2.600409E+05   3.512792E-01   1.734400E+03   8.993618E+13
  765000   2.603922E+05   3.512858E-01   1.734345E+03   9.016518E+13
  766000   2.607435E+05   3.513272E-01   1.733909E+03   9.039433E+13
  767000   2.610949E+05   3.513439E-01   1.733751E+03   9.062362E+13
  768000   2.614462E+05   3.513630E-01   1.733456E+03   9.085305E+13
  769000   2.617976E+05   3.513699E-01   1.733381E+03   9.108262E+13
  770000   2.621490E+05   3.514465E-01   1.732735E+03   9.131232E+13
  771000   2.625005E+05   3.514546E-01   1.732666E+03   9.154217E+13
  772000   2.628520E+05   3.514860E-01   1.732300E+03   9.177215E+13
  773000   2.632035E+05   3.515206E-01   1.732006E+03   9.200227E+13
  774000   2.635550E+05   3.515787E-01   1.731567E+03   9.223251E+13
  775000   2.639065E+05   3.515689E-01   1.731497E+03   9.246290E+13
  776000   2.642581E+05   3.516239E-01   1.731154E+03   9.269340E+13
  777000   2.646097E+05   3.516689E-01   1.730688E+03   9.292404E+13
  778000   2.649613E+05   3.516848E-01   1.730536E+03   9.315481E+13
  779000   2.653130E+05   3.517079E-01   1.730334E+03   9.338571E+13
  780000   2.656647E+05   3.517118E-01   1.730129E+03   9.361672E+13
  781000   2.660164E+05   3.517430E-01   1.729809E+03   9.384786E+13
  782000   2.663682E+05   3.517320E-01   1.729918E+03   9.407912E+13
  783000   2.667199E+05   3.517744E-01   1.729522E+03   9.431049E+13
  784000   2.670717E+05   3.517779E-01   1.729398E+03   9.454198E+13
  785000   2.674235E+05   3.518315E-01   1.729074E+03   9.477360E+13
  786000   2.677754E+05   3.518264E-01   1.729140E+03   9.500532E+13
  787000   2.681272E+05   3.518491E-01   1.728735E+03   9.523716E+13
  788000   2.684791E+05   3.518835E-01   1.728627E+03   9.546911E+13
  789000   2.688310E+05   3.519101E-01   1.728380E+03   9.570117E+13
  790000   2.691830E+05   3.519377E-01   1.728146E+03   9.593335E+13
  791000   2.695349E+05   3.519739E-01   1.727760E+03   9.616563E+13
  792000   2.698869E+05   3.520009E-01   1.727464E+03   9.639804E+13
  793000   2.702390E+05   3.520194E-01   1.727321E+03   9.663054E+13
  794000   2.705910E+05   3.520638E-01   1.726947E+03   9.686316E+13
  795000   2.709431E+05   3.520762E-01   1.726715E+03   9.709588E+13
  796000   2.712952E+05   3.521111E-01   1.726336E+03   9.732870E+13
  797000   2.716473E+05   3.521318E-01   1.726275E+03   9.756162E+13
  798000   2.719995E+05   3.521842E-01   1.725714E+03   9.779465E+13
  799000   2.723517E+05   3.521945E-01   1.725561E+03   9.802778E+13
      nt           time          dtime       max(rho)       shockpos
  800000   2.727039E+05   3.522368E-01   1.725243E+03   9.826100E+13
  801000   2.730561E+05   3.522525E-01   1.725159E+03   9.849432E+13
  802000   2.734083E+05   3.523037E-01   1.724650E+03   9.872774E+13
  803000   2.737606E+05   3.523157E-01   1.724522E+03   9.896126E+13
  804000   2.741129E+05   3.523300E-01   1.724298E+03   9.919487E+13
  805000   2.744652E+05   3.523763E-01   1.723946E+03   9.942859E+13
  806000   2.748176E+05   3.524079E-01   1.723634E+03   9.966240E+13
  807000   2.751700E+05   3.524086E-01   1.723519E+03   9.989631E+13
  808000   2.755224E+05   3.524157E-01   1.723422E+03   1.001303E+14
  809000   2.758749E+05   3.524742E-01   1.722987E+03   1.003644E+14
  810000   2.762273E+05   3.524639E-01   1.722986E+03   1.005986E+14
  811000   2.765798E+05   3.524957E-01   1.722710E+03   1.008329E+14
  812000   2.769324E+05   3.525144E-01   1.722568E+03   1.010672E+14
  813000   2.772849E+05   3.525667E-01   1.722188E+03   1.013017E+14
  814000   2.776375E+05   3.525516E-01   1.722313E+03   1.015362E+14
  815000   2.779901E+05   3.525876E-01   1.721951E+03   1.017709E+14
  816000   2.783427E+05   3.526128E-01   1.721776E+03   1.020056E+14
  817000   2.786953E+05   3.526424E-01   1.721484E+03   1.022404E+14
  818000   2.790480E+05   3.526602E-01   1.721257E+03   1.024753E+14
  819000   2.794007E+05   3.527091E-01   1.720844E+03   1.027102E+14
  820000   2.797534E+05   3.527296E-01   1.720556E+03   1.029453E+14
  821000   2.801062E+05   3.527533E-01   1.720367E+03   1.031804E+14
  822000   2.804590E+05   3.527986E-01   1.719913E+03   1.034157E+14
  823000   2.808117E+05   3.528168E-01   1.719728E+03   1.036510E+14
  824000   2.811646E+05   3.528632E-01   1.719302E+03   1.038864E+14
  825000   2.815175E+05   3.528889E-01   1.719101E+03   1.041219E+14
  826000   2.818703E+05   3.529330E-01   1.718663E+03   1.043574E+14
  827000   2.822233E+05   3.529465E-01   1.718648E+03   1.045930E+14
  828000   2.825762E+05   3.529847E-01   1.718217E+03   1.048288E+14
  829000   2.829292E+05   3.529989E-01   1.718139E+03   1.050646E+14
  830000   2.832821E+05   3.530104E-01   1.717927E+03   1.053004E+14
  831000   2.836351E+05   3.530334E-01   1.717755E+03   1.055364E+14
  832000   2.839882E+05   3.530523E-01   1.717417E+03   1.057724E+14
  833000   2.843412E+05   3.530705E-01   1.717320E+03   1.060085E+14
  834000   2.846943E+05   3.530844E-01   1.717216E+03   1.062447E+14
  835000   2.850474E+05   3.531255E-01   1.716814E+03   1.064809E+14
  836000   2.854005E+05   3.531272E-01   1.716774E+03   1.067172E+14
  837000   2.857537E+05   3.531641E-01   1.716560E+03   1.069536E+14
  838000   2.861069E+05   3.531772E-01   1.716359E+03   1.071901E+14
  839000   2.864601E+05   3.532355E-01   1.715846E+03   1.074267E+14
  840000   2.868134E+05   3.532421E-01   1.715892E+03   1.076633E+14
  841000   2.871667E+05   3.532752E-01   1.715528E+03   1.079000E+14
  842000   2.875200E+05   3.532972E-01   1.715315E+03   1.081367E+14
  843000   2.878733E+05   3.533297E-01   1.714996E+03   1.083736E+14
  844000   2.882266E+05   3.533199E-01   1.714909E+03   1.086105E+14
  845000   2.885800E+05   3.533861E-01   1.714487E+03   1.088475E+14
  846000   2.889334E+05   3.534163E-01   1.714119E+03   1.090845E+14
  847000   2.892868E+05   3.534289E-01   1.713943E+03   1.093216E+14
  848000   2.896403E+05   3.534684E-01   1.713628E+03   1.095588E+14
  849000   2.899937E+05   3.535022E-01   1.713420E+03   1.097961E+14
  850000   2.903472E+05   3.535421E-01   1.712992E+03   1.100334E+14
  851000   2.907007E+05   3.535515E-01   1.712911E+03   1.102708E+14
  852000   2.910543E+05   3.535963E-01   1.712483E+03   1.105082E+14
  853000   2.914079E+05   3.536120E-01   1.712305E+03   1.107457E+14
  854000   2.917615E+05   3.536603E-01   1.711915E+03   1.109833E+14
  855000   2.921151E+05   3.536496E-01   1.711948E+03   1.112210E+14
  856000   2.924688E+05   3.536637E-01   1.711635E+03   1.114587E+14
  857000   2.928225E+05   3.537019E-01   1.711442E+03   1.116965E+14
  858000   2.931762E+05   3.537120E-01   1.711292E+03   1.119343E+14
  859000   2.935299E+05   3.537196E-01   1.711197E+03   1.121723E+14
  860000   2.938837E+05   3.537503E-01   1.710929E+03   1.124102E+14
  861000   2.942375E+05   3.537988E-01   1.710616E+03   1.126483E+14
  862000   2.945913E+05   3.537851E-01   1.710728E+03   1.128864E+14
  863000   2.949451E+05   3.538294E-01   1.710361E+03   1.131245E+14
  864000   2.952990E+05   3.538547E-01   1.710117E+03   1.133628E+14
  865000   2.956528E+05   3.538790E-01   1.709815E+03   1.136010E+14
  866000   2.960067E+05   3.538927E-01   1.709753E+03   1.138394E+14
  867000   2.963607E+05   3.539587E-01   1.709105E+03   1.140778E+14
  868000   2.967146E+05   3.539759E-01   1.708891E+03   1.143163E+14
  869000   2.970686E+05   3.540076E-01   1.708660E+03   1.145548E+14
  870000   2.974227E+05   3.540277E-01   1.708382E+03   1.147934E+14
  871000   2.977767E+05   3.540886E-01   1.707927E+03   1.150320E+14
  872000   2.981308E+05   3.541002E-01   1.707717E+03   1.152708E+14
  873000   2.984849E+05   3.541297E-01   1.707555E+03   1.155095E+14
  874000   2.988390E+05   3.541870E-01   1.707070E+03   1.157484E+14
  875000   2.991931E+05   3.541922E-01   1.706989E+03   1.159873E+14
  876000   2.995473E+05   3.542143E-01   1.706753E+03   1.162262E+14
  877000   2.999015E+05   3.542027E-01   1.706707E+03   1.164652E+14
  878000   3.002557E+05   3.542423E-01   1.706350E+03   1.167043E+14
  879000   3.006100E+05   3.542473E-01   1.706335E+03   1.169434E+14
  880000   3.009642E+05   3.542692E-01   1.706020E+03   1.171825E+14
  881000   3.013185E+05   3.542822E-01   1.705932E+03   1.174218E+14
  882000   3.016729E+05   3.543200E-01   1.705635E+03   1.176611E+14
  883000   3.020272E+05   3.543509E-01   1.705476E+03   1.179004E+14
  884000   3.023816E+05   3.543590E-01   1.705318E+03   1.181398E+14
  885000   3.027360E+05   3.544020E-01   1.705049E+03   1.183793E+14
  886000   3.030904E+05   3.544232E-01   1.704822E+03   1.186188E+14
  887000   3.034449E+05   3.544721E-01   1.704427E+03   1.188583E+14
  888000   3.037994E+05   3.544762E-01   1.704344E+03   1.190979E+14
  889000   3.041539E+05   3.545144E-01   1.703863E+03   1.193376E+14
  890000   3.045084E+05   3.545332E-01   1.703717E+03   1.195774E+14
  891000   3.048630E+05   3.545676E-01   1.703407E+03   1.198171E+14
  892000   3.052175E+05   3.545788E-01   1.703260E+03   1.200570E+14
  893000   3.055721E+05   3.546323E-01   1.702794E+03   1.202968E+14
  894000   3.059268E+05   3.546565E-01   1.702620E+03   1.205368E+14
  895000   3.062814E+05   3.547016E-01   1.702314E+03   1.207768E+14
  896000   3.066361E+05   3.547210E-01   1.702028E+03   1.210168E+14
  897000   3.069908E+05   3.547420E-01   1.701875E+03   1.212569E+14
  898000   3.073455E+05   3.547669E-01   1.701590E+03   1.214970E+14
  899000   3.077003E+05   3.547742E-01   1.701460E+03   1.217372E+14
  900000   3.080550E+05   3.548093E-01   1.701109E+03   1.219775E+14
  901000   3.084099E+05   3.548110E-01   1.701054E+03   1.222178E+14
  902000   3.087647E+05   3.548591E-01   1.700649E+03   1.224581E+14
  903000   3.091196E+05   3.548630E-01   1.700633E+03   1.226985E+14
  904000   3.094745E+05   3.548848E-01   1.700408E+03   1.229390E+14
  905000   3.098294E+05   3.549088E-01   1.700260E+03   1.231795E+14
  906000   3.101843E+05   3.549373E-01   1.699981E+03   1.234200E+14
  907000   3.105393E+05   3.549553E-01   1.699922E+03   1.236607E+14
  908000   3.108943E+05   3.549843E-01   1.699631E+03   1.239013E+14
  909000   3.112493E+05   3.550231E-01   1.699250E+03   1.241420E+14
  910000   3.116043E+05   3.550265E-01   1.699197E+03   1.243828E+14
  911000   3.119594E+05   3.550616E-01   1.698839E+03   1.246235E+14
  912000   3.123145E+05   3.550855E-01   1.698608E+03   1.248644E+14
  913000   3.126696E+05   3.551273E-01   1.698197E+03   1.251053E+14
  914000   3.130247E+05   3.551253E-01   1.698121E+03   1.253462E+14
  915000   3.133799E+05   3.551960E-01   1.697587E+03   1.255872E+14
  916000   3.137351E+05   3.552371E-01   1.697326E+03   1.258282E+14
  917000   3.140903E+05   3.552634E-01   1.697041E+03   1.260693E+14
  918000   3.144455E+05   3.552828E-01   1.696882E+03   1.263105E+14
  919000   3.148008E+05   3.553004E-01   1.696563E+03   1.265517E+14
  920000   3.151561E+05   3.553339E-01   1.696351E+03   1.267929E+14
  921000   3.155114E+05   3.553424E-01   1.696256E+03   1.270342E+14
  922000   3.158668E+05   3.553668E-01   1.695953E+03   1.272755E+14
  923000   3.162221E+05   3.553695E-01   1.695873E+03   1.275169E+14
  924000   3.165776E+05   3.554171E-01   1.695547E+03   1.277583E+14
  925000   3.169330E+05   3.554104E-01   1.695638E+03   1.279997E+14
  926000   3.172884E+05   3.554371E-01   1.695353E+03   1.282412E+14
  927000   3.176439E+05   3.554667E-01   1.695181E+03   1.284828E+14
  928000   3.179994E+05   3.555012E-01   1.694909E+03   1.287244E+14
  929000   3.183549E+05   3.555080E-01   1.694839E+03   1.289660E+14
  930000   3.187104E+05   3.555492E-01   1.694410E+03   1.292077E+14
  931000   3.190660E+05   3.555820E-01   1.694047E+03   1.294494E+14
  932000   3.194216E+05   3.555984E-01   1.693949E+03   1.296912E+14
  933000   3.197772E+05   3.556301E-01   1.693600E+03   1.299330E+14
  934000   3.201329E+05   3.556705E-01   1.693262E+03   1.301749E+14
  935000   3.204886E+05   3.557110E-01   1.692856E+03   1.304168E+14
  936000   3.208443E+05   3.557070E-01   1.692848E+03   1.306588E+14
  937000   3.212000E+05   3.557852E-01   1.692283E+03   1.309008E+14
  938000   3.215558E+05   3.558064E-01   1.692086E+03   1.311428E+14
  939000   3.219115E+05   3.558214E-01   1.691932E+03   1.313849E+14
  940000   3.222673E+05   3.558294E-01   1.691850E+03   1.316271E+14
  941000   3.226232E+05   3.558457E-01   1.691520E+03   1.318692E+14
  942000   3.229790E+05   3.558718E-01   1.691375E+03   1.321114E+14
  943000   3.233349E+05   3.558712E-01   1.691292E+03   1.323537E+14
  944000   3.236908E+05   3.559004E-01   1.691015E+03   1.325960E+14
  945000   3.240467E+05   3.559125E-01   1.690884E+03   1.328383E+14
  946000   3.244027E+05   3.559595E-01   1.690590E+03   1.330807E+14
  947000   3.247586E+05   3.559512E-01   1.690643E+03   1.333232E+14
  948000   3.251146E+05   3.559943E-01   1.690249E+03   1.335656E+14
  949000   3.254707E+05   3.560244E-01   1.690051E+03   1.338081E+14
  950000   3.258267E+05   3.560600E-01   1.689714E+03   1.340507E+14
  951000   3.261828E+05   3.560739E-01   1.689592E+03   1.342933E+14
  952000   3.265389E+05   3.561139E-01   1.689176E+03   1.345359E+14
  953000   3.268950E+05   3.561404E-01   1.688838E+03   1.347786E+14
  954000   3.272512E+05   3.561651E-01   1.688730E+03   1.350214E+14
  955000   3.276074E+05   3.561907E-01   1.688430E+03   1.352641E+14
  956000   3.279636E+05   3.562336E-01   1.688104E+03   1.355069E+14
  957000   3.283198E+05   3.562734E-01   1.687730E+03   1.357498E+14
  958000   3.286761E+05   3.562813E-01   1.687734E+03   1.359927E+14
  959000   3.290324E+05   3.563356E-01   1.687235E+03   1.362356E+14
  960000   3.293887E+05   3.563478E-01   1.687125E+03   1.364786E+14
  961000   3.297450E+05   3.563615E-01   1.686937E+03   1.367216E+14
  962000   3.301013E+05   3.563674E-01   1.686832E+03   1.369646E+14
  963000   3.304577E+05   3.563926E-01   1.686529E+03   1.372077E+14
  964000   3.308141E+05   3.564222E-01   1.686343E+03   1.374509E+14
  965000   3.311706E+05   3.564300E-01   1.686201E+03   1.376940E+14
  966000   3.315270E+05   3.564597E-01   1.685939E+03   1.379373E+14
  967000   3.318835E+05   3.564775E-01   1.685824E+03   1.381805E+14
  968000   3.322400E+05   3.565266E-01   1.685493E+03   1.384238E+14
  969000   3.325966E+05   3.565253E-01   1.685462E+03   1.386671E+14
  970000   3.329531E+05   3.565721E-01   1.685083E+03   1.389105E+14
  971000   3.333097E+05   3.565763E-01   1.684910E+03   1.391539E+14
  972000   3.336663E+05   3.566277E-01   1.684511E+03   1.393974E+14
  973000   3.340230E+05   3.566388E-01   1.684376E+03   1.396409E+14
  974000   3.343796E+05   3.566690E-01   1.684060E+03   1.398844E+14
  975000   3.347363E+05   3.567074E-01   1.683722E+03   1.401280E+14
  976000   3.350930E+05   3.567335E-01   1.683586E+03   1.403716E+14
  977000   3.354498E+05   3.567633E-01   1.683288E+03   1.406152E+14
  978000   3.358065E+05   3.567946E-01   1.683042E+03   1.408589E+14
  979000   3.361633E+05   3.568350E-01   1.682667E+03   1.411026E+14
  980000   3.365201E+05   3.568295E-01   1.682618E+03   1.413464E+14
  981000   3.368769E+05   3.568695E-01   1.682216E+03   1.415902E+14
  982000   3.372338E+05   3.568748E-01   1.682182E+03   1.418341E+14
  983000   3.375907E+05   3.568942E-01   1.681928E+03   1.420779E+14
  984000   3.379476E+05   3.569169E-01   1.681773E+03   1.423219E+14
  985000   3.383046E+05   3.569364E-01   1.681596E+03   1.425658E+14
  986000   3.386615E+05   3.569715E-01   1.681385E+03   1.428098E+14
  987000   3.390185E+05   3.569879E-01   1.681203E+03   1.430539E+14
  988000   3.393756E+05   3.570241E-01   1.680930E+03   1.432979E+14
  989000   3.397326E+05   3.570336E-01   1.680895E+03   1.435421E+14
  990000   3.400897E+05   3.570663E-01   1.680502E+03   1.437862E+14
  991000   3.404467E+05   3.570849E-01   1.680371E+03   1.440304E+14
  992000   3.408039E+05   3.571173E-01   1.680027E+03   1.442746E+14
  993000   3.411610E+05   3.571222E-01   1.679851E+03   1.445189E+14
  994000   3.415181E+05   3.571938E-01   1.679392E+03   1.447631E+14
  995000   3.418753E+05   3.572152E-01   1.679162E+03   1.450075E+14
  996000   3.422326E+05   3.572400E-01   1.678941E+03   1.452518E+14
  997000   3.425898E+05   3.572826E-01   1.678599E+03   1.454963E+14
  998000   3.429470E+05   3.572967E-01   1.678439E+03   1.457407E+14
  999000   3.433043E+05   3.573381E-01   1.678102E+03   1.459852E+14
      nt           time          dtime       max(rho)       shockpos
 1000000   3.436617E+05   3.573446E-01   1.677999E+03   1.462297E+14
 1001000   3.440190E+05   3.573745E-01   1.677677E+03   1.464743E+14
 1002000   3.443764E+05   3.573791E-01   1.677584E+03   1.467189E+14
 1003000   3.447338E+05   3.574091E-01   1.677310E+03   1.469635E+14
 1004000   3.450912E+05   3.574110E-01   1.677364E+03   1.472082E+14
 1005000   3.454486E+05   3.574345E-01   1.677114E+03   1.474529E+14
 1006000   3.458061E+05   3.574720E-01   1.676859E+03   1.476976E+14
 1007000   3.461636E+05   3.574796E-01   1.676795E+03   1.479424E+14
 1008000   3.465211E+05   3.575143E-01   1.676522E+03   1.481872E+14
 1009000   3.468786E+05   3.575409E-01   1.676266E+03   1.484320E+14
 1010000   3.472362E+05   3.575757E-01   1.675894E+03   1.486769E+14
 1011000   3.475938E+05   3.575727E-01   1.675860E+03   1.489218E+14
 1012000   3.479514E+05   3.576214E-01   1.675416E+03   1.491668E+14
 1013000   3.483090E+05   3.576578E-01   1.675159E+03   1.494118E+14
 1014000   3.486667E+05   3.576979E-01   1.674804E+03   1.496568E+14
 1015000   3.490244E+05   3.577138E-01   1.674608E+03   1.499018E+14
 1016000   3.493821E+05   3.577594E-01   1.674246E+03   1.501469E+14
 1017000   3.497399E+05   3.577962E-01   1.673940E+03   1.503921E+14
 1018000   3.500976E+05   3.578033E-01   1.673861E+03   1.506373E+14
 1019000   3.504554E+05   3.578234E-01   1.673629E+03   1.508825E+14
 1020000   3.508133E+05   3.578201E-01   1.673558E+03   1.511277E+14
 1021000   3.511711E+05   3.578655E-01   1.673189E+03   1.513730E+14
 1022000   3.515290E+05   3.578646E-01   1.673216E+03   1.516183E+14
 1023000   3.518869E+05   3.578828E-01   1.673012E+03   1.518636E+14
 1024000   3.522448E+05   3.579118E-01   1.672822E+03   1.521090E+14
 1025000   3.526027E+05   3.579445E-01   1.672565E+03   1.523544E+14
 1026000   3.529607E+05   3.579455E-01   1.672556E+03   1.525999E+14
 1027000   3.533187E+05   3.579825E-01   1.672308E+03   1.528454E+14
 1028000   3.536767E+05   3.580268E-01   1.671843E+03   1.530909E+14
 1029000   3.540347E+05   3.580297E-01   1.671747E+03   1.533364E+14
 1030000   3.543928E+05   3.580689E-01   1.671372E+03   1.535820E+14
 1031000   3.547509E+05   3.581043E-01   1.671096E+03   1.538276E+14
 1032000   3.551090E+05   3.581574E-01   1.670641E+03   1.540733E+14
 1033000   3.554672E+05   3.581610E-01   1.670566E+03   1.543190E+14
 1034000   3.558253E+05   3.582060E-01   1.670260E+03   1.545647E+14
 1035000   3.561835E+05   3.582305E-01   1.670005E+03   1.548105E+14
 1036000   3.565417E+05   3.582598E-01   1.669714E+03   1.550563E+14
 1037000   3.569000E+05   3.582801E-01   1.669559E+03   1.553021E+14
 1038000   3.572582E+05   3.582724E-01   1.669490E+03   1.555480E+14
 1039000   3.576165E+05   3.583142E-01   1.669146E+03   1.557939E+14
 1040000   3.579749E+05   3.583198E-01   1.669139E+03   1.560399E+14
 1041000   3.583332E+05   3.583354E-01   1.668987E+03   1.562858E+14
 1042000   3.586916E+05   3.583420E-01   1.668940E+03   1.565318E+14
 1043000   3.590500E+05   3.583948E-01   1.668501E+03   1.567779E+14
 1044000   3.594084E+05   3.584148E-01   1.668412E+03   1.570239E+14
 1045000   3.597668E+05   3.584330E-01   1.668230E+03   1.572700E+14
 1046000   3.601253E+05   3.584696E-01   1.667864E+03   1.575162E+14
 1047000   3.604838E+05   3.585043E-01   1.667565E+03   1.577623E+14
 1048000   3.608423E+05   3.585145E-01   1.667337E+03   1.580086E+14
 1049000   3.612008E+05   3.585461E-01   1.667159E+03   1.582548E+14
 1050000   3.615594E+05   3.586106E-01   1.666630E+03   1.585011E+14
 1051000   3.619180E+05   3.586192E-01   1.666480E+03   1.587474E+14
 1052000   3.622766E+05   3.586689E-01   1.666122E+03   1.589937E+14
 1053000   3.626352E+05   3.586805E-01   1.666003E+03   1.592401E+14
 1054000   3.629939E+05   3.587061E-01   1.665698E+03   1.594865E+14
 1055000   3.633526E+05   3.587303E-01   1.665542E+03   1.597330E+14
 1056000   3.637113E+05   3.587217E-01   1.665506E+03   1.599794E+14
 1057000   3.640701E+05   3.587401E-01   1.665319E+03   1.602260E+14
 1058000   3.644288E+05   3.587648E-01   1.665109E+03   1.604725E+14
 1059000   3.647876E+05   3.587971E-01   1.664878E+03   1.607191E+14
 1060000   3.651464E+05   3.587857E-01   1.664956E+03   1.609657E+14
 1061000   3.655053E+05   3.588340E-01   1.664545E+03   1.612123E+14
 1062000   3.658641E+05   3.588587E-01   1.664401E+03   1.614590E+14
 1063000   3.662230E+05   3.588840E-01   1.664182E+03   1.617057E+14
 1064000   3.665819E+05   3.589001E-01   1.663978E+03   1.619525E+14
 1065000   3.669408E+05   3.589469E-01   1.663582E+03   1.621992E+14
 1066000   3.672998E+05   3.589788E-01   1.663228E+03   1.624460E+14
 1067000   3.676588E+05   3.590016E-01   1.663031E+03   1.626929E+14
 1068000   3.680178E+05   3.590526E-01   1.662645E+03   1.629398E+14
 1069000   3.683769E+05   3.590790E-01   1.662469E+03   1.631867E+14
 1070000   3.687359E+05   3.591127E-01   1.662106E+03   1.634336E+14
 1071000   3.690950E+05   3.591205E-01   1.662072E+03   1.636806E+14
 1072000   3.694541E+05   3.591383E-01   1.661776E+03   1.639276E+14
 1073000   3.698133E+05   3.591654E-01   1.661599E+03   1.641747E+14
 1074000   3.701724E+05   3.591811E-01   1.661402E+03   1.644217E+14
 1075000   3.705316E+05   3.591873E-01   1.661332E+03   1.646689E+14
 1076000   3.708908E+05   3.591940E-01   1.661239E+03   1.649160E+14
 1077000   3.712501E+05   3.592400E-01   1.660926E+03   1.651632E+14
 1078000   3.716093E+05   3.592420E-01   1.660931E+03   1.654104E+14
 1079000   3.719686E+05   3.592778E-01   1.660644E+03   1.656576E+14
 1080000   3.723279E+05   3.593038E-01   1.660433E+03   1.659049E+14
 1081000   3.726872E+05   3.593434E-01   1.660035E+03   1.661522E+14
 1082000   3.730466E+05   3.593495E-01   1.659882E+03   1.663995E+14
 1083000   3.734060E+05   3.594031E-01   1.659518E+03   1.666469E+14
 1084000   3.737654E+05   3.594263E-01   1.659231E+03   1.668943E+14
 1085000   3.741248E+05   3.594510E-01   1.659005E+03   1.671418E+14
 1086000   3.744843E+05   3.595017E-01   1.658643E+03   1.673892E+14
 1087000   3.748438E+05   3.595145E-01   1.658531E+03   1.676367E+14
 1088000   3.752033E+05   3.595624E-01   1.658136E+03   1.678843E+14
 1089000   3.755628E+05   3.595733E-01   1.658002E+03   1.681318E+14
 1090000   3.759224E+05   3.595835E-01   1.657797E+03   1.683795E+14
 1091000   3.762820E+05   3.595878E-01   1.657774E+03   1.686271E+14
 1092000   3.766416E+05   3.596184E-01   1.657507E+03   1.688748E+14
 1093000   3.770012E+05   3.596343E-01   1.657420E+03   1.691225E+14
 1094000   3.773609E+05   3.596372E-01   1.657327E+03   1.693702E+14
 1095000   3.777206E+05   3.596826E-01   1.657006E+03   1.696179E+14
 1096000   3.780803E+05   3.597011E-01   1.656898E+03   1.698657E+14
 1097000   3.784400E+05   3.597412E-01   1.656555E+03   1.701136E+14
 1098000   3.787998E+05   3.597523E-01   1.656414E+03   1.703614E+14
 1099000   3.791595E+05   3.597864E-01   1.656059E+03   1.706093E+14
 1100000   3.795193E+05   3.598017E-01   1.655870E+03   1.708573E+14
 1101000   3.798792E+05   3.598510E-01   1.655483E+03   1.711052E+14
 1102000   3.802390E+05   3.598801E-01   1.655240E+03   1.713532E+14
 1103000   3.805989E+05   3.599181E-01   1.654969E+03   1.716012E+14
 1104000   3.809588E+05   3.599569E-01   1.654594E+03   1.718493E+14
 1105000   3.813188E+05   3.599625E-01   1.654515E+03   1.720974E+14
 1106000   3.816787E+05   3.599889E-01   1.654255E+03   1.723455E+14
 1107000   3.820387E+05   3.599987E-01   1.654193E+03   1.725937E+14
 1108000   3.823987E+05   3.600195E-01   1.653929E+03   1.728419E+14
 1109000   3.827587E+05   3.600197E-01   1.653902E+03   1.730901E+14
 1110000   3.831188E+05   3.600485E-01   1.653666E+03   1.733383E+14
 1111000   3.834788E+05   3.600752E-01   1.653514E+03   1.735866E+14
 1112000   3.838389E+05   3.600896E-01   1.653370E+03   1.738349E+14
 1113000   3.841991E+05   3.601308E-01   1.653100E+03   1.740833E+14
 1114000   3.845592E+05   3.601423E-01   1.652992E+03   1.743317E+14
 1115000   3.849194E+05   3.601702E-01   1.652652E+03   1.745801E+14
 1116000   3.852796E+05   3.601900E-01   1.652459E+03   1.748285E+14
 1117000   3.856398E+05   3.602479E-01   1.652026E+03   1.750770E+14
 1118000   3.860001E+05   3.602576E-01   1.651847E+03   1.753255E+14
 1119000   3.863603E+05   3.603052E-01   1.651466E+03   1.755740E+14
 1120000   3.867206E+05   3.603461E-01   1.651200E+03   1.758226E+14
 1121000   3.870810E+05   3.603568E-01   1.651050E+03   1.760712E+14
 1122000   3.874413E+05   3.603910E-01   1.650788E+03   1.763199E+14
 1123000   3.878017E+05   3.603877E-01   1.650684E+03   1.765686E+14
 1124000   3.881621E+05   3.604144E-01   1.650409E+03   1.768173E+14
 1125000   3.885225E+05   3.604218E-01   1.650356E+03   1.770660E+14
 1126000   3.888829E+05   3.604480E-01   1.650099E+03   1.773148E+14
 1127000   3.892434E+05   3.604589E-01   1.650073E+03   1.775636E+14
 1128000   3.896039E+05   3.604916E-01   1.649812E+03   1.778124E+14
 1129000   3.899644E+05   3.605196E-01   1.649653E+03   1.780613E+14
 1130000   3.903250E+05   3.605278E-01   1.649560E+03   1.783102E+14
 1131000   3.906855E+05   3.605660E-01   1.649192E+03   1.785591E+14
 1132000   3.910461E+05   3.605956E-01   1.648961E+03   1.788081E+14
 1133000   3.914067E+05   3.606248E-01   1.648607E+03   1.790571E+14
 1134000   3.917674E+05   3.606448E-01   1.648430E+03   1.793061E+14
 1135000   3.921280E+05   3.607039E-01   1.647992E+03   1.795551E+14
 1136000   3.924887E+05   3.607152E-01   1.647842E+03   1.798042E+14
 1137000   3.928494E+05   3.607548E-01   1.647571E+03   1.800534E+14
 1138000   3.932102E+05   3.607771E-01   1.647358E+03   1.803025E+14
 1139000   3.935709E+05   3.607846E-01   1.647182E+03   1.805517E+14
 1140000   3.939317E+05   3.608207E-01   1.646865E+03   1.808009E+14
 1141000   3.942926E+05   3.608177E-01   1.646852E+03   1.810502E+14
 1142000   3.946534E+05   3.608471E-01   1.646637E+03   1.812995E+14
 1143000   3.950143E+05   3.608593E-01   1.646531E+03   1.815488E+14
 1144000   3.953752E+05   3.608896E-01   1.646282E+03   1.817982E+14
 1145000   3.957361E+05   3.608987E-01   1.646295E+03   1.820476E+14
 1146000   3.960970E+05   3.609326E-01   1.646013E+03   1.822970E+14
 1147000   3.964580E+05   3.609657E-01   1.645688E+03   1.825464E+14
 1148000   3.968190E+05   3.609817E-01   1.645519E+03   1.827959E+14
 1149000   3.971800E+05   3.610138E-01   1.645172E+03   1.830454E+14
 1150000   3.975410E+05   3.610387E-01   1.644975E+03   1.832950E+14
 1151000   3.979021E+05   3.610902E-01   1.644570E+03   1.835446E+14
 1152000   3.982631E+05   3.611040E-01   1.644424E+03   1.837942E+14
 1153000   3.986242E+05   3.611455E-01   1.644126E+03   1.840438E+14
 1154000   3.989854E+05   3.611667E-01   1.643936E+03   1.842935E+14
 1155000   3.993465E+05   3.611895E-01   1.643619E+03   1.845432E+14
 1156000   3.997077E+05   3.612149E-01   1.643445E+03   1.847930E+14
 1157000   4.000689E+05   3.612100E-01   1.643433E+03   1.850427E+14
 1158000   4.004302E+05   3.612445E-01   1.643118E+03   1.852926E+14
 1159000   4.007914E+05   3.612543E-01   1.643060E+03   1.855424E+14
 1160000   4.011527E+05   3.612842E-01   1.642884E+03   1.857923E+14
 1161000   4.015140E+05   3.612946E-01   1.642816E+03   1.860422E+14
 1162000   4.018753E+05   3.613328E-01   1.642459E+03   1.862922E+14
 1163000   4.022367E+05   3.613567E-01   1.642246E+03   1.865421E+14
 1164000   4.025981E+05   3.613761E-01   1.642024E+03   1.867922E+14
 1165000   4.029595E+05   3.614072E-01   1.641739E+03   1.870422E+14
 1166000   4.033209E+05   3.614391E-01   1.641534E+03   1.872923E+14
 1167000   4.036824E+05   3.614797E-01   1.641119E+03   1.875424E+14
 1168000   4.040438E+05   3.614897E-01   1.641044E+03   1.877925E+14
 1169000   4.044053E+05   3.615346E-01   1.640723E+03   1.880427E+14
 1170000   4.047668E+05   3.615564E-01   1.640482E+03   1.882929E+14
 1171000   4.051284E+05   3.615836E-01   1.640203E+03   1.885432E+14
 1172000   4.054900E+05   3.615921E-01   1.640149E+03   1.887934E+14
 1173000   4.058516E+05   3.615997E-01   1.639998E+03   1.890437E+14
 1174000   4.062132E+05   3.616394E-01   1.639701E+03   1.892941E+14
 1175000   4.065748E+05   3.616424E-01   1.639694E+03   1.895445E+14
 1176000   4.069365E+05   3.616757E-01   1.639464E+03   1.897949E+14
 1177000   4.072982E+05   3.616914E-01   1.639345E+03   1.900453E+14
 1178000   4.076599E+05   3.617369E-01   1.638955E+03   1.902958E+14
 1179000   4.080217E+05   3.617442E-01   1.638789E+03   1.905464E+14
 1180000   4.083835E+05   3.617720E-01   1.638586E+03   1.907969E+14
 1181000   4.087452E+05   3.618025E-01   1.638315E+03   1.910475E+14
 1182000   4.091071E+05   3.618366E-01   1.638018E+03   1.912981E+14
 1183000   4.094689E+05   3.618712E-01   1.637716E+03   1.915488E+14
