Started: 2026-06-16T08:55:01.784607
Command: ./snec (cwd=/Users/arifchu/Desktop/GitHub/supernova_theory/snec/runs/model_variants/stripped_baseline)


 ***********************************
 * Supernova Explosion Code (SNEC) *
 ***********************************

 Removing output directory contents: Data
 Using the Paczynski EOS!
 Profile file: profiles/stripped_star.short
 We have         1482 profile zones.
 We have         1482 composition profile zones.
************************************************************
 Operating in Thermal Bomb Mode  1
 Bomb energy is spread over =           33 points
 Total energy of the model =   -8.9562888629634544E+050  ergs
 Total energy of the bomb =    1.8956288862963454E+051  ergs
************************************************************
 composing opacity tables from OPAL (may take a few minutes)...
 finished composing opacity tables
      nt           time          dtime       max(rho)       shockpos
       0   0.000000E+00   1.025000E-08   1.118719E+08   9.370999E+07
    1000   1.980358E-01   6.703666E-04   7.078950E+06   4.400876E+08
    2000   3.834446E+00   9.833318E-03   5.624095E+04   4.659178E+09
    3000   2.205040E+01   2.092214E-02   2.595454E+03   2.098014E+10
    4000   4.292115E+01   2.101252E-02   6.124457E+02   3.786620E+10
    5000   6.576756E+01   2.771480E-02   2.318388E+02   5.826373E+10
    6000   9.806455E+01   3.469997E-02   9.186517E+01   9.267432E+10
    7000   1.362209E+02   4.342830E-02   4.195714E+01   1.397141E+11
    8000   1.960879E+02   8.527988E-02   1.763471E+01   2.317657E+11
    9000   3.095655E+02   1.506831E-01   5.800607E+00   4.489848E+11
   10000   4.799600E+02   1.900380E-01   1.998343E+00   9.016695E+11
 finished tracing the shock position
 Time of breakout is   675.38310171833064     
   11000   6.903938E+02   2.327610E-01   8.101448E-01   1.728760E+12
   12000   9.421448E+02   2.729451E-01   3.780125E-01   3.343456E+12
   13000   1.238593E+03   3.186270E-01   1.899626E-01   5.455461E+12
   14000   1.580296E+03   3.665672E-01   1.024435E-01   7.948156E+12
   15000   1.974345E+03   4.229977E-01   5.734383E-02   1.085481E+13
   16000   2.430817E+03   4.934012E-01   3.263287E-02   1.424395E+13
   17000   2.965215E+03   5.767951E-01   1.885680E-02   1.822886E+13
   18000   3.585961E+03   6.707031E-01   1.113839E-02   2.287186E+13
   19000   4.321701E+03   8.102644E-01   6.371960E-03   2.838751E+13
   20000   5.236998E+03   1.031211E+00   3.420974E-03   3.526152E+13
   21000   6.414823E+03   1.344900E+00   1.767883E-03   4.412023E+13
   22000   7.990358E+03   1.840592E+00   8.473397E-04   5.598526E+13
   23000   1.019597E+04   2.653444E+00   3.618735E-04   7.261353E+13
   24000   1.365031E+04   4.480663E+00   1.197531E-04   9.868108E+13
   25000   1.994639E+04   8.861676E+00   2.971934E-05   1.462340E+14
   26000   3.456183E+04   2.340985E+01   4.053989E-06   2.566955E+14
   27000   8.101609E+04   8.520982E+01   2.269726E-07   6.078717E+14
   28000   1.756359E+05   9.500000E+01   1.703382E-08   1.322992E+15
   29000   2.706359E+05   9.500000E+01   4.055116E-09   2.040786E+15
   30000   3.656359E+05   9.500000E+01   1.494434E-09   2.758432E+15
   31000   4.606359E+05   9.500000E+01   6.957633E-10   3.475944E+15
   32000   5.556359E+05   9.500000E+01   3.747500E-10   4.193317E+15
   33000   6.506359E+05   9.500000E+01   2.230676E-10   4.910537E+15
   34000   7.456359E+05   9.500000E+01   1.427539E-10   5.627582E+15
   35000   8.406359E+05   9.500000E+01   9.652707E-11   6.344429E+15
   36000   9.356359E+05   9.500000E+01   6.816821E-11   7.061051E+15
   37000   1.030636E+06   9.500000E+01   4.984547E-11   7.777419E+15
   38000   1.125636E+06   9.500000E+01   3.750655E-11   8.493500E+15
   39000   1.220636E+06   9.500000E+01   2.891060E-11   9.209258E+15
   40000   1.315636E+06   9.500000E+01   2.274559E-11   9.924650E+15
   41000   1.410636E+06   9.500000E+01   1.821108E-11   1.063963E+16
   42000   1.505636E+06   9.500000E+01   1.480310E-11   1.135414E+16
   43000   1.600636E+06   9.500000E+01   1.219321E-11   1.206815E+16
   44000   1.695636E+06   9.500000E+01   1.016125E-11   1.278161E+16
   45000   1.790636E+06   9.500000E+01   8.555997E-12   1.349448E+16
   46000   1.885636E+06   9.500000E+01   7.271237E-12   1.420674E+16
   47000   1.980636E+06   9.500000E+01   6.230934E-12   1.491836E+16
   48000   2.075636E+06   9.500000E+01   5.379680E-12   1.562932E+16
   49000   2.170636E+06   9.500000E+01   4.676465E-12   1.633959E+16
   50000   2.265636E+06   9.500000E+01   4.090494E-12   1.704916E+16
   51000   2.360636E+06   9.500000E+01   3.598343E-12   1.775801E+16
   52000   2.455636E+06   9.500000E+01   3.181981E-12   1.846614E+16
   53000   2.550636E+06   9.500000E+01   2.827379E-12   1.917353E+16
   54000   2.645636E+06   9.500000E+01   2.523507E-12   1.988017E+16
   55000   2.740636E+06   9.500000E+01   2.261617E-12   2.058606E+16
   56000   2.835636E+06   9.500000E+01   2.034709E-12   2.129119E+16
   57000   2.930636E+06   9.500000E+01   1.837135E-12   2.199556E+16
   58000   3.025636E+06   9.500000E+01   1.664309E-12   2.269918E+16
   59000   3.120636E+06   9.500000E+01   1.512478E-12   2.340204E+16
   60000   3.215636E+06   9.500000E+01   1.378549E-12   2.410414E+16
   61000   3.310636E+06   9.500000E+01   1.259963E-12   2.480549E+16
   62000   3.405636E+06   9.500000E+01   1.154585E-12   2.550608E+16
   63000   3.500636E+06   9.500000E+01   1.060628E-12   2.620593E+16
   64000   3.595636E+06   9.500000E+01   9.765858E-13   2.690504E+16
   65000   3.690636E+06   9.500000E+01   9.011863E-13   2.760340E+16
   66000   3.785636E+06   9.500000E+01   8.333467E-13   2.830103E+16
   67000   3.880636E+06   9.500000E+01   7.721435E-13   2.899793E+16
   68000   3.975636E+06   9.500000E+01   7.167851E-13   2.969411E+16
   69000   4.070636E+06   9.500000E+01   6.665906E-13   3.038957E+16
   70000   4.165636E+06   9.500000E+01   6.209719E-13   3.108431E+16
   71000   4.260636E+06   9.500000E+01   5.794197E-13   3.177833E+16
   72000   4.355636E+06   9.500000E+01   5.414910E-13   3.247166E+16
   73000   4.450636E+06   9.500000E+01   5.067995E-13   3.316428E+16
   74000   4.545636E+06   9.500000E+01   4.750073E-13   3.385620E+16
   75000   4.640636E+06   9.500000E+01   4.458179E-13   3.454744E+16
   76000   4.735636E+06   9.500000E+01   4.189704E-13   3.523798E+16
   77000   4.830636E+06   9.500000E+01   3.942347E-13   3.592784E+16
   78000   4.925636E+06   9.500000E+01   3.714073E-13   3.661703E+16
   79000   5.020636E+06   9.500000E+01   3.503078E-13   3.730554E+16
   80000   5.115636E+06   9.500000E+01   3.307761E-13   3.799338E+16
   81000   5.210636E+06   9.500000E+01   3.126703E-13   3.868055E+16
   82000   5.305636E+06   9.500000E+01   2.958613E-13   3.936707E+16
   83000   5.400636E+06   9.500000E+01   2.802354E-13   4.005292E+16
   84000   5.495636E+06   9.500000E+01   2.656901E-13   4.073813E+16
   85000   5.590636E+06   9.500000E+01   2.521338E-13   4.142269E+16
   86000   5.685636E+06   9.500000E+01   2.394838E-13   4.210661E+16
   87000   5.780636E+06   9.500000E+01   2.276656E-13   4.278988E+16
   88000   5.875636E+06   9.500000E+01   2.166121E-13   4.347253E+16
   89000   5.970636E+06   9.500000E+01   2.062624E-13   4.415454E+16
   90000   6.065636E+06   9.500000E+01   1.965614E-13   4.483593E+16
   91000   6.160636E+06   9.500000E+01   1.874590E-13   4.551671E+16
   92000   6.255636E+06   9.500000E+01   1.789098E-13   4.619686E+16
   93000   6.350636E+06   9.500000E+01   1.708725E-13   4.687641E+16
   94000   6.445636E+06   9.500000E+01   1.633093E-13   4.755535E+16
   95000   6.540636E+06   9.500000E+01   1.561858E-13   4.823369E+16
   96000   6.635636E+06   9.500000E+01   1.494704E-13   4.891144E+16
   97000   6.730636E+06   9.500000E+01   1.431345E-13   4.958859E+16
   98000   6.825636E+06   9.500000E+01   1.371515E-13   5.026516E+16
   99000   6.920636E+06   9.500000E+01   1.314972E-13   5.094115E+16
  100000   7.015636E+06   9.500000E+01   1.261494E-13   5.161656E+16
  101000   7.110636E+06   9.500000E+01   1.210877E-13   5.229141E+16
  102000   7.205636E+06   9.500000E+01   1.162930E-13   5.296568E+16
  103000   7.300636E+06   9.500000E+01   1.117481E-13   5.363940E+16
  104000   7.395636E+06   9.500000E+01   1.074369E-13   5.431256E+16
  105000   7.490636E+06   9.500000E+01   1.033446E-13   5.498517E+16
  106000   7.585636E+06   9.500000E+01   9.945745E-14   5.565723E+16
  107000   7.680636E+06   9.500000E+01   9.576276E-14   5.632876E+16
  108000   7.775636E+06   9.500000E+01   9.224879E-14   5.699975E+16
  109000   7.870636E+06   9.500000E+01   8.890461E-14   5.767021E+16
  110000   7.965636E+06   9.500000E+01   8.572010E-14   5.834014E+16
  111000   8.060636E+06   9.500000E+01   8.268584E-14   5.900956E+16
  112000   8.155636E+06   9.500000E+01   7.979307E-14   5.967845E+16
  113000   8.250636E+06   9.500000E+01   7.703366E-14   6.034684E+16
  114000   8.345636E+06   9.500000E+01   7.439999E-14   6.101473E+16
  115000   8.440636E+06   9.500000E+01   7.188500E-14   6.168211E+16
  116000   8.535636E+06   9.500000E+01   6.948207E-14   6.234900E+16
  117000   8.630636E+06   9.500000E+01   6.718503E-14   6.301540E+16
  118000   8.725636E+06   9.500000E+01   6.498811E-14   6.368132E+16
  119000   8.820636E+06   9.500000E+01   6.288593E-14   6.434676E+16
  120000   8.915636E+06   9.500000E+01   6.087342E-14   6.501174E+16
  121000   9.010636E+06   9.500000E+01   5.894587E-14   6.567626E+16
  122000   9.105636E+06   9.500000E+01   5.709882E-14   6.634034E+16
  123000   9.200636E+06   9.500000E+01   5.532813E-14   6.700398E+16
  124000   9.295636E+06   9.500000E+01   5.362990E-14   6.766721E+16
  125000   9.390636E+06   9.500000E+01   5.200044E-14   6.833004E+16
  126000   9.485636E+06   9.500000E+01   5.043632E-14   6.899247E+16
  127000   9.580636E+06   9.500000E+01   4.893430E-14   6.965454E+16
  128000   9.675636E+06   9.500000E+01   4.749132E-14   7.031625E+16
  129000   9.770636E+06   9.500000E+01   4.610451E-14   7.097762E+16
  130000   9.865636E+06   9.500000E+01   4.477117E-14   7.163868E+16
  131000   9.960636E+06   9.500000E+01   4.348875E-14   7.229943E+16
  132000   1.005564E+07   9.500000E+01   4.225483E-14   7.295991E+16
  133000   1.015064E+07   9.500000E+01   4.106714E-14   7.362012E+16
  134000   1.024564E+07   9.500000E+01   3.992355E-14   7.428008E+16
  135000   1.034064E+07   9.500000E+01   3.882202E-14   7.493983E+16
  136000   1.043564E+07   9.500000E+01   3.776064E-14   7.559937E+16
  137000   1.053064E+07   9.500000E+01   3.673759E-14   7.625872E+16
  138000   1.062564E+07   9.500000E+01   3.575116E-14   7.691791E+16
  139000   1.072064E+07   9.500000E+01   3.479973E-14   7.757696E+16
  140000   1.081564E+07   9.500000E+01   3.388176E-14   7.823588E+16
  141000   1.091064E+07   9.500000E+01   3.299579E-14   7.889470E+16
  142000   1.100564E+07   9.500000E+01   3.214044E-14   7.955342E+16
  143000   1.110064E+07   9.500000E+01   3.131440E-14   8.021208E+16
  144000   1.119564E+07   9.500000E+01   3.051642E-14   8.087069E+16
  145000   1.129064E+07   9.500000E+01   2.974532E-14   8.152927E+16
  146000   1.138564E+07   9.500000E+01   2.899998E-14   8.218783E+16
  147000   1.148064E+07   9.500000E+01   2.827933E-14   8.284639E+16
  148000   1.157564E+07   9.500000E+01   2.758236E-14   8.350498E+16
  149000   1.167064E+07   9.500000E+01   2.690811E-14   8.416360E+16
  150000   1.176564E+07   9.500000E+01   2.625565E-14   8.482227E+16
  151000   1.186064E+07   9.500000E+01   2.562412E-14   8.548101E+16
  152000   1.195564E+07   9.500000E+01   2.501267E-14   8.613984E+16
  153000   1.205064E+07   9.500000E+01   2.442053E-14   8.679876E+16
  154000   1.214564E+07   9.500000E+01   2.384692E-14   8.745780E+16
  155000   1.224064E+07   9.500000E+01   2.329114E-14   8.811695E+16
  156000   1.233564E+07   9.500000E+01   2.275250E-14   8.877625E+16
  157000   1.243064E+07   9.500000E+01   2.223034E-14   8.943570E+16
  158000   1.252564E+07   9.500000E+01   2.172403E-14   9.009531E+16
  159000   1.262064E+07   9.500000E+01   2.123298E-14   9.075509E+16
  160000   1.271564E+07   9.500000E+01   2.075662E-14   9.141506E+16
  161000   1.281064E+07   9.500000E+01   2.029440E-14   9.207522E+16
  162000   1.290564E+07   9.500000E+01   1.984580E-14   9.273558E+16
  163000   1.300064E+07   9.500000E+01   1.941033E-14   9.339617E+16
  164000   1.309564E+07   9.500000E+01   1.898750E-14   9.405697E+16
  165000   1.319064E+07   9.500000E+01   1.857687E-14   9.471801E+16
  166000   1.328564E+07   9.500000E+01   1.817799E-14   9.537928E+16
  167000   1.338064E+07   9.500000E+01   1.779045E-14   9.604080E+16
  168000   1.347564E+07   9.500000E+01   1.741384E-14   9.670258E+16
  169000   1.357064E+07   9.500000E+01   1.704779E-14   9.736462E+16
  170000   1.366564E+07   9.500000E+01   1.669193E-14   9.802692E+16
  171000   1.376064E+07   9.500000E+01   1.634590E-14   9.868950E+16
  172000   1.385564E+07   9.500000E+01   1.600937E-14   9.935235E+16
  173000   1.395064E+07   9.500000E+01   1.568202E-14   1.000155E+17
  174000   1.404564E+07   9.500000E+01   1.536353E-14   1.006789E+17
  175000   1.414064E+07   9.500000E+01   1.505361E-14   1.013426E+17
  176000   1.423564E+07   9.500000E+01   1.475196E-14   1.020066E+17
  177000   1.433064E+07   9.500000E+01   1.445832E-14   1.026710E+17
  178000   1.442564E+07   9.500000E+01   1.417242E-14   1.033356E+17
  179000   1.452064E+07   9.500000E+01   1.389402E-14   1.040005E+17
  180000   1.461564E+07   9.500000E+01   1.362285E-14   1.046657E+17
  181000   1.471064E+07   9.500000E+01   1.335870E-14   1.053313E+17
  182000   1.480564E+07   9.500000E+01   1.310133E-14   1.059971E+17
  183000   1.490064E+07   9.500000E+01   1.285052E-14   1.066633E+17
  184000   1.499564E+07   9.500000E+01   1.260608E-14   1.073298E+17
  185000   1.509064E+07   9.500000E+01   1.236781E-14   1.079966E+17
  186000   1.518564E+07   9.500000E+01   1.213549E-14   1.086637E+17
  187000   1.528064E+07   9.500000E+01   1.190896E-14   1.093312E+17
  188000   1.537564E+07   9.500000E+01   1.168803E-14   1.099989E+17
  189000   1.547064E+07   9.500000E+01   1.147254E-14   1.106670E+17
  190000   1.556564E+07   9.500000E+01   1.126231E-14   1.113354E+17
  191000   1.566064E+07   9.500000E+01   1.105718E-14   1.120042E+17
  192000   1.575564E+07   9.500000E+01   1.085701E-14   1.126732E+17
  193000   1.585064E+07   9.500000E+01   1.066163E-14   1.133426E+17
  194000   1.594564E+07   9.500000E+01   1.047092E-14   1.140123E+17
  195000   1.604064E+07   9.500000E+01   1.028473E-14   1.146823E+17
  196000   1.613564E+07   9.500000E+01   1.010293E-14   1.153527E+17
  197000   1.623064E+07   9.500000E+01   9.925382E-15   1.160233E+17
  198000   1.632564E+07   9.500000E+01   9.751974E-15   1.166943E+17
  199000   1.642064E+07   9.500000E+01   9.582582E-15   1.173656E+17
      nt           time          dtime       max(rho)       shockpos
  200000   1.651564E+07   9.500000E+01   9.417091E-15   1.180372E+17
  201000   1.661064E+07   9.500000E+01   9.255388E-15   1.187092E+17
  202000   1.670564E+07   9.500000E+01   9.097367E-15   1.193814E+17
  203000   1.680064E+07   9.500000E+01   8.942922E-15   1.200540E+17
  204000   1.689564E+07   9.500000E+01   8.791954E-15   1.207268E+17
  205000   1.699064E+07   9.500000E+01   8.644364E-15   1.214000E+17
 Done! :-) tend reached

Finished: 2026-06-16T09:57:41.161752
Exit code: 0
Elapsed: 3759.4 s
