Started: 2026-06-16T10:17:44.868009
Command: ./snec (cwd=/Users/arifchu/Desktop/GitHub/supernova_theory/snec/runs/model_variants/stripped_e0p5_ni050)


 ***********************************
 * Supernova Explosion Code (SNEC) *
 ***********************************

 Removing output directory contents: Data
 Using the Paczynski EOS!
 Profile file: profiles/stripped_star.short
 We have         1482 profile zones.
 We have         1482 composition profile zones.
************************************************************
 Operating in Thermal Bomb Mode  1
 Bomb energy is spread over =           33 points
 Total energy of the model =   -8.9562888629634544E+050  ergs
 Total energy of the bomb =    1.3956288862963454E+051  ergs
************************************************************
 composing opacity tables from OPAL (may take a few minutes)...
 finished composing opacity tables
      nt           time          dtime       max(rho)       shockpos
       0   0.000000E+00   1.025000E-08   1.118719E+08   9.370999E+07
    1000   3.291048E-01   1.384176E-03   3.628052E+06   5.748658E+08
    2000   9.965651E+00   2.375455E-02   3.624771E+04   9.164434E+09
    3000   3.760906E+01   2.758416E-02   5.194646E+03   2.762277E+10
    4000   6.514045E+01   2.853252E-02   2.361859E+03   4.551952E+10
    5000   1.000293E+02   4.221576E-02   1.519013E+03   7.217884E+10
    6000   1.448056E+02   4.839854E-02   1.337736E+03   1.116311E+11
    7000   2.013063E+02   7.139444E-02   1.935300E+03   1.706723E+11
    8000   2.835685E+02   7.303953E-02   7.266206E+03   2.786878E+11
    9000   3.577583E+02   8.183182E-02   5.399384E+03   3.883199E+11
   10000   4.658800E+02   1.153742E-01   3.367513E+03   5.754786E+11
   11000   5.633849E+02   9.118275E-02   5.859938E+03   7.758264E+11
   12000   6.567997E+02   1.015191E-01   4.393973E+03   9.937164E+11
   13000   7.640619E+02   1.021339E-01   4.556301E+03   1.348729E+12
   14000   8.627758E+02   9.866711E-02   5.102617E+03   1.594055E+12
 finished tracing the shock position
 Time of breakout is   866.32882682318746     
   15000   9.643455E+02   1.050630E-01   4.611400E+03   2.070976E+12
   16000   1.065466E+03   9.751239E-02   5.162219E+03   2.577944E+12
   17000   1.162851E+03   9.804401E-02   5.201413E+03   3.091965E+12
   18000   1.261758E+03   9.819417E-02   5.204679E+03   3.627086E+12
   19000   1.359706E+03   9.885446E-02   5.135146E+03   4.165115E+12
   20000   1.459703E+03   1.008314E-01   4.999866E+03   4.720110E+12
   21000   1.560434E+03   1.005076E-01   5.019777E+03   5.283451E+12
   22000   1.661776E+03   1.025315E-01   4.831606E+03   5.853506E+12
   23000   1.764099E+03   1.017650E-01   4.905982E+03   6.431737E+12
   24000   1.865259E+03   1.006935E-01   5.004393E+03   7.005517E+12
   25000   1.965933E+03   1.006992E-01   5.009390E+03   7.578271E+12
   26000   2.065662E+03   9.943489E-02   5.144800E+03   8.147094E+12
   27000   2.165170E+03   9.982985E-02   5.069455E+03   8.715873E+12
   28000   2.265653E+03   1.003699E-01   5.027524E+03   9.291298E+12
   29000   2.365759E+03   1.000914E-01   5.059733E+03   9.865506E+12
   30000   2.466273E+03   1.007726E-01   5.017850E+03   1.044288E+13
   31000   2.566216E+03   9.946524E-02   5.129843E+03   1.101771E+13
   32000   2.665664E+03   9.938375E-02   5.148851E+03   1.159035E+13
   33000   2.765049E+03   9.920445E-02   5.155485E+03   1.216321E+13
   34000   2.864187E+03   9.921362E-02   5.156394E+03   1.273518E+13
   35000   2.963669E+03   1.001015E-01   5.062219E+03   1.330961E+13
   36000   3.063825E+03   9.978080E-02   5.091727E+03   1.388837E+13
   37000   3.163320E+03   9.938280E-02   5.124630E+03   1.446373E+13
   38000   3.263213E+03   1.000090E-01   5.077264E+03   1.504176E+13
   39000   3.363077E+03   9.984496E-02   5.108013E+03   1.561996E+13
   40000   3.463007E+03   1.004089E-01   5.049330E+03   1.619887E+13
   41000   3.563333E+03   1.002813E-01   5.065037E+03   1.678038E+13
   42000   3.663577E+03   1.002732E-01   5.058624E+03   1.736168E+13
   43000   3.764008E+03   1.004073E-01   5.047323E+03   1.794432E+13
   44000   3.864391E+03   1.004771E-01   5.046399E+03   1.852693E+13
   45000   3.964786E+03   1.003921E-01   5.053636E+03   1.910984E+13
   46000   4.065148E+03   1.003312E-01   5.050700E+03   1.969277E+13
   47000   4.165524E+03   1.000218E-01   5.065901E+03   2.027598E+13
   48000   4.265351E+03   9.977318E-02   5.112589E+03   2.085620E+13
   49000   4.365214E+03   1.001797E-01   5.071669E+03   2.143679E+13
   50000   4.465092E+03   9.971415E-02   5.117262E+03   2.201764E+13
   51000   4.564797E+03   9.976503E-02   5.103259E+03   2.259765E+13
   52000   4.664649E+03   9.967967E-02   5.112467E+03   2.317866E+13
   53000   4.764294E+03   9.965245E-02   5.126079E+03   2.375862E+13
   54000   4.863983E+03   9.984050E-02   5.106928E+03   2.433897E+13
   55000   4.963803E+03   9.992120E-02   5.097831E+03   2.492021E+13
   56000   5.063705E+03   9.991642E-02   5.094842E+03   2.550205E+13
   57000   5.163675E+03   9.993886E-02   5.096137E+03   2.608442E+13
   58000   5.263540E+03   9.982316E-02   5.110310E+03   2.666629E+13
   59000   5.363398E+03   9.991444E-02   5.093769E+03   2.724824E+13
   60000   5.463123E+03   9.954805E-02   5.127257E+03   2.782951E+13
   61000   5.562664E+03   9.971192E-02   5.109976E+03   2.840982E+13
   62000   5.662391E+03   9.957367E-02   5.125548E+03   2.899131E+13
   63000   5.761927E+03   9.954184E-02   5.122005E+03   2.957179E+13
   64000   5.861720E+03   9.979990E-02   5.102612E+03   3.015385E+13
   65000   5.961428E+03   9.960749E-02   5.125687E+03   3.073552E+13
   66000   6.061123E+03   9.987665E-02   5.101264E+03   3.131719E+13
   67000   6.161048E+03   9.990413E-02   5.097316E+03   3.190029E+13
   68000   6.260858E+03   9.977867E-02   5.109708E+03   3.248280E+13
   69000   6.360716E+03   9.989874E-02   5.101417E+03   3.306567E+13
   70000   6.460476E+03   9.962555E-02   5.124388E+03   3.364804E+13
   71000   6.560148E+03   9.975788E-02   5.110898E+03   3.422997E+13
   72000   6.659966E+03   9.973786E-02   5.110240E+03   3.481282E+13
   73000   6.759676E+03   9.979471E-02   5.102957E+03   3.539512E+13
   74000   6.859637E+03   1.000158E-01   5.090131E+03   3.597894E+13
   75000   6.959546E+03   9.986772E-02   5.096937E+03   3.656253E+13
   76000   7.059596E+03   1.001691E-01   5.077058E+03   3.714701E+13
   77000   7.159629E+03   9.986705E-02   5.097023E+03   3.773144E+13
   78000   7.259519E+03   9.994567E-02   5.093657E+03   3.831510E+13
   79000   7.359517E+03   1.000339E-01   5.086853E+03   3.889945E+13
   80000   7.459483E+03   9.992467E-02   5.097791E+03   3.948366E+13
   81000   7.559429E+03   9.995009E-02   5.090654E+03   4.006782E+13
   82000   7.659486E+03   9.999257E-02   5.085044E+03   4.065267E+13
   83000   7.759372E+03   9.986489E-02   5.104763E+03   4.123658E+13
   84000   7.859292E+03   1.001098E-01   5.076926E+03   4.182073E+13
   85000   7.959322E+03   9.994911E-02   5.094213E+03   4.240558E+13
   86000   8.059278E+03   9.997272E-02   5.087656E+03   4.299004E+13
   87000   8.159326E+03   9.994106E-02   5.090057E+03   4.357509E+13
   88000   8.259278E+03   9.996792E-02   5.094636E+03   4.415961E+13
   89000   8.359276E+03   1.000103E-01   5.088305E+03   4.474445E+13
   90000   8.459173E+03   9.989727E-02   5.102753E+03   4.532875E+13
   91000   8.559022E+03   9.984177E-02   5.104324E+03   4.591280E+13
   92000   8.658907E+03   9.988521E-02   5.103417E+03   4.649711E+13
   93000   8.758781E+03   9.985819E-02   5.105501E+03   4.708139E+13
   94000   8.858693E+03   1.000772E-01   5.083699E+03   4.766593E+13
   95000   8.958702E+03   9.985613E-02   5.097059E+03   4.825107E+13
   96000   9.058503E+03   9.982524E-02   5.100026E+03   4.883504E+13
   97000   9.158459E+03   9.992909E-02   5.095206E+03   4.941994E+13
   98000   9.258259E+03   9.975449E-02   5.115196E+03   5.000397E+13
   99000   9.358082E+03   9.990915E-02   5.099151E+03   5.058817E+13
  100000   9.457914E+03   9.973084E-02   5.112722E+03   5.117246E+13
  101000   9.557656E+03   9.979674E-02   5.109510E+03   5.175625E+13
  102000   9.657477E+03   9.982148E-02   5.108341E+03   5.234053E+13
  103000   9.757245E+03   9.974497E-02   5.116736E+03   5.292454E+13
  104000   9.857003E+03   9.975975E-02   5.113179E+03   5.350851E+13
  105000   9.956790E+03   9.976010E-02   5.113046E+03   5.409269E+13
  106000   1.005658E+04   9.983822E-02   5.107251E+03   5.467690E+13
  107000   1.015640E+04   9.973306E-02   5.111516E+03   5.526137E+13
  108000   1.025608E+04   9.970239E-02   5.115629E+03   5.584498E+13
  109000   1.035587E+04   9.978814E-02   5.110643E+03   5.642926E+13
  110000   1.045558E+04   9.966059E-02   5.117710E+03   5.701313E+13
  111000   1.055538E+04   9.988258E-02   5.102092E+03   5.759757E+13
  112000   1.065519E+04   9.974138E-02   5.114541E+03   5.818209E+13
  113000   1.075495E+04   9.984378E-02   5.106662E+03   5.876631E+13
  114000   1.085480E+04   9.980640E-02   5.107541E+03   5.935109E+13
  115000   1.095451E+04   9.971030E-02   5.119337E+03   5.993511E+13
  116000   1.105424E+04   9.977015E-02   5.108571E+03   6.051924E+13
  117000   1.115405E+04   9.974223E-02   5.113656E+03   6.110382E+13
  118000   1.125381E+04   9.978839E-02   5.108412E+03   6.168823E+13
  119000   1.135367E+04   9.978304E-02   5.104842E+03   6.227316E+13
  120000   1.145344E+04   9.977125E-02   5.111620E+03   6.285760E+13
  121000   1.155327E+04   9.991908E-02   5.100082E+03   6.344247E+13
  122000   1.165311E+04   9.980661E-02   5.107174E+03   6.402738E+13
  123000   1.175298E+04   9.989997E-02   5.102223E+03   6.461249E+13
  124000   1.185283E+04   9.981370E-02   5.110378E+03   6.519747E+13
  125000   1.195266E+04   9.989093E-02   5.103235E+03   6.578243E+13
  126000   1.205256E+04   9.989293E-02   5.100905E+03   6.636776E+13
  127000   1.215243E+04   9.989617E-02   5.101186E+03   6.695295E+13
  128000   1.225235E+04   9.996125E-02   5.090882E+03   6.753842E+13
  129000   1.235234E+04   9.995750E-02   5.095264E+03   6.812436E+13
  130000   1.245228E+04   9.993119E-02   5.094132E+03   6.871006E+13
  131000   1.255230E+04   9.997166E-02   5.088003E+03   6.929619E+13
  132000   1.265220E+04   9.989284E-02   5.102897E+03   6.988164E+13
  133000   1.275211E+04   1.000398E-01   5.085532E+03   7.046719E+13
  134000   1.285213E+04   9.999571E-02   5.092797E+03   7.105336E+13
  135000   1.295211E+04   9.999274E-02   5.089500E+03   7.163938E+13
  136000   1.305216E+04   1.000218E-01   5.087772E+03   7.222575E+13
  137000   1.315217E+04   9.997864E-02   5.091439E+03   7.281197E+13
  138000   1.325217E+04   1.000431E-01   5.088065E+03   7.339810E+13
  139000   1.335220E+04   1.000261E-01   5.088868E+03   7.398444E+13
  140000   1.345217E+04   9.995517E-02   5.094114E+03   7.457045E+13
  141000   1.355218E+04   1.000076E-01   5.090128E+03   7.515666E+13
  142000   1.365215E+04   9.992906E-02   5.098337E+03   7.574269E+13
  143000   1.375210E+04   1.000420E-01   5.087734E+03   7.632866E+13
  144000   1.385208E+04   9.989351E-02   5.098333E+03   7.691476E+13
  145000   1.395195E+04   9.992877E-02   5.093565E+03   7.750027E+13
  146000   1.405197E+04   1.000236E-01   5.089109E+03   7.808663E+13
  147000   1.415195E+04   9.995687E-02   5.095243E+03   7.867279E+13
  148000   1.425195E+04   1.000506E-01   5.086787E+03   7.925913E+13
  149000   1.435196E+04   9.991739E-02   5.094398E+03   7.984551E+13
  150000   1.445189E+04   9.993190E-02   5.097435E+03   8.043137E+13
  151000   1.455184E+04   1.000031E-01   5.091191E+03   8.101746E+13
  152000   1.465179E+04   9.990894E-02   5.100416E+03   8.160349E+13
  153000   1.475171E+04   9.996182E-02   5.093133E+03   8.218943E+13
  154000   1.485171E+04   9.994153E-02   5.093732E+03   8.277575E+13
  155000   1.495166E+04   9.998887E-02   5.092260E+03   8.336186E+13
  156000   1.505167E+04   1.000074E-01   5.089152E+03   8.394836E+13
  157000   1.515160E+04   9.992144E-02   5.096416E+03   8.453436E+13
  158000   1.525159E+04   1.000069E-01   5.089789E+03   8.512069E+13
  159000   1.535157E+04   9.996812E-02   5.095743E+03   8.570703E+13
  160000   1.545155E+04   1.000153E-01   5.089992E+03   8.629339E+13
  161000   1.555157E+04   9.996495E-02   5.092378E+03   8.687994E+13
  162000   1.565150E+04   9.994505E-02   5.096636E+03   8.746602E+13
  163000   1.575145E+04   1.000046E-01   5.089323E+03   8.805223E+13
  164000   1.585144E+04   9.995412E-02   5.095185E+03   8.863868E+13
  165000   1.595138E+04   9.992931E-02   5.095369E+03   8.922482E+13
  166000   1.605137E+04   9.995830E-02   5.091115E+03   8.981129E+13
  167000   1.615128E+04   9.988700E-02   5.101930E+03   9.039729E+13
  168000   1.625120E+04   9.998713E-02   5.092624E+03   9.098335E+13
  169000   1.635110E+04   9.987259E-02   5.103406E+03   9.156933E+13
  170000   1.645097E+04   9.989239E-02   5.098662E+03   9.215515E+13
  171000   1.655091E+04   9.993551E-02   5.097785E+03   9.274137E+13
  172000   1.665086E+04   9.994663E-02   5.096973E+03   9.332763E+13
  173000   1.675080E+04   9.991999E-02   5.097277E+03   9.391391E+13
  174000   1.685073E+04   9.991065E-02   5.099415E+03   9.450007E+13
  175000   1.695063E+04   9.992561E-02   5.097281E+03   9.508610E+13
  176000   1.705056E+04   9.992581E-02   5.098752E+03   9.567235E+13
  177000   1.715046E+04   9.988446E-02   5.099814E+03   9.625840E+13
  178000   1.725040E+04   9.992546E-02   5.096510E+03   9.684469E+13
  179000   1.735030E+04   9.988939E-02   5.102583E+03   9.743076E+13
  180000   1.745023E+04   1.000098E-01   5.090504E+03   9.801699E+13
  181000   1.755017E+04   9.991034E-02   5.099651E+03   9.860330E+13
  182000   1.765007E+04   9.994575E-02   5.092433E+03   9.918943E+13
  183000   1.775007E+04   9.999046E-02   5.092495E+03   9.977611E+13
  184000   1.785002E+04   9.993002E-02   5.097919E+03   1.003625E+14
  185000   1.794998E+04   9.998329E-02   5.094157E+03   1.009490E+14
  186000   1.804994E+04   9.991297E-02   5.096892E+03   1.015355E+14
  187000   1.814986E+04   9.995634E-02   5.093945E+03   1.021217E+14
  188000   1.824986E+04   1.000225E-01   5.088523E+03   1.027084E+14
  189000   1.834982E+04   9.993485E-02   5.096099E+03   1.032950E+14
  190000   1.844980E+04   9.999315E-02   5.092069E+03   1.038816E+14
  191000   1.854974E+04   9.991189E-02   5.099551E+03   1.044680E+14
  192000   1.864968E+04   9.996742E-02   5.093657E+03   1.050544E+14
  193000   1.874963E+04   9.991743E-02   5.098482E+03   1.056409E+14
  194000   1.884955E+04   9.997155E-02   5.092081E+03   1.062272E+14
  195000   1.894955E+04   9.999822E-02   5.092116E+03   1.068140E+14
  196000   1.904952E+04   9.996457E-02   5.094620E+03   1.074007E+14
  197000   1.914951E+04   1.000010E-01   5.092033E+03   1.079874E+14
  198000   1.924950E+04   9.994150E-02   5.095020E+03   1.085741E+14
  199000   1.934945E+04   9.997993E-02   5.091617E+03   1.091607E+14
      nt           time          dtime       max(rho)       shockpos
  200000   1.944947E+04   1.000351E-01   5.086581E+03   1.097476E+14
  201000   1.954942E+04   9.992760E-02   5.096699E+03   1.103342E+14
  202000   1.964939E+04   1.000166E-01   5.088356E+03   1.109209E+14
  203000   1.974938E+04   9.994324E-02   5.096487E+03   1.115076E+14
  204000   1.984934E+04   1.000025E-01   5.090339E+03   1.120943E+14
  205000   1.994936E+04   1.000016E-01   5.089505E+03   1.126813E+14
  206000   2.004935E+04   1.000185E-01   5.089617E+03   1.132681E+14
  207000   2.014938E+04   1.000399E-01   5.087905E+03   1.138551E+14
  208000   2.024938E+04   9.999263E-02   5.092521E+03   1.144420E+14
  209000   2.034936E+04   9.996282E-02   5.094314E+03   1.150288E+14
  210000   2.044934E+04   9.996652E-02   5.093338E+03   1.156156E+14
  211000   2.054932E+04   1.000015E-01   5.091780E+03   1.162023E+14
  212000   2.064934E+04   1.000195E-01   5.086849E+03   1.167894E+14
  213000   2.074931E+04   9.996441E-02   5.094927E+03   1.173761E+14
  214000   2.084929E+04   1.000121E-01   5.089397E+03   1.179629E+14
  215000   2.094925E+04   9.992721E-02   5.098430E+03   1.185496E+14
  216000   2.104919E+04   9.996121E-02   5.093731E+03   1.191362E+14
  217000   2.114917E+04   9.995081E-02   5.094105E+03   1.197230E+14
  218000   2.124912E+04   9.996505E-02   5.094817E+03   1.203097E+14
  219000   2.134910E+04   1.000250E-01   5.089008E+03   1.208965E+14
  220000   2.144909E+04   9.998040E-02   5.093319E+03   1.214835E+14
  221000   2.154905E+04   9.994908E-02   5.093239E+03   1.220702E+14
  222000   2.164906E+04   1.000179E-01   5.089794E+03   1.226572E+14
  223000   2.174905E+04   9.997982E-02   5.093391E+03   1.232441E+14
  224000   2.184905E+04   1.000172E-01   5.088337E+03   1.238311E+14
  225000   2.194903E+04   9.995345E-02   5.095073E+03   1.244180E+14
  226000   2.204899E+04   1.000066E-01   5.089556E+03   1.250047E+14
  227000   2.214898E+04   9.998938E-02   5.092733E+03   1.255917E+14
  228000   2.224898E+04   1.000027E-01   5.088727E+03   1.261787E+14
  229000   2.234900E+04   9.999646E-02   5.090492E+03   1.267659E+14
  230000   2.244901E+04   1.000137E-01   5.090605E+03   1.273529E+14
  231000   2.254903E+04   1.000204E-01   5.087697E+03   1.279401E+14
  232000   2.264903E+04   9.998989E-02   5.091932E+03   1.285271E+14
  233000   2.274901E+04   9.999834E-02   5.088484E+03   1.291140E+14
  234000   2.284906E+04   1.000641E-01   5.085785E+03   1.297014E+14
  235000   2.294909E+04   1.000160E-01   5.088924E+03   1.302886E+14
  236000   2.304916E+04   1.000867E-01   5.081991E+03   1.308760E+14
  237000   2.314920E+04   9.999931E-02   5.089994E+03   1.314633E+14
  238000   2.324922E+04   1.000808E-01   5.082239E+03   1.320505E+14
  239000   2.334931E+04   1.000740E-01   5.083744E+03   1.326381E+14
  240000   2.344936E+04   1.000573E-01   5.083706E+03   1.332254E+14
  241000   2.354946E+04   1.000964E-01   5.082460E+03   1.338131E+14
  242000   2.364955E+04   1.000863E-01   5.083322E+03   1.344007E+14
  243000   2.374965E+04   1.001177E-01   5.080211E+03   1.349883E+14
  244000   2.384977E+04   1.001224E-01   5.079310E+03   1.355761E+14
  245000   2.394987E+04   1.001150E-01   5.078984E+03   1.361638E+14
  246000   2.405002E+04   1.001606E-01   5.075294E+03   1.367518E+14
  247000   2.415015E+04   1.001124E-01   5.080712E+03   1.373396E+14
  248000   2.425028E+04   1.001659E-01   5.076113E+03   1.379275E+14
  249000   2.435040E+04   1.000415E-01   5.083579E+03   1.385153E+14
  250000   2.445046E+04   1.001090E-01   5.078560E+03   1.391028E+14
  251000   2.455061E+04   1.001399E-01   5.076135E+03   1.396908E+14
  252000   2.465072E+04   1.001004E-01   5.079630E+03   1.402786E+14
  253000   2.475087E+04   1.001670E-01   5.075762E+03   1.408666E+14
  254000   2.485101E+04   1.001080E-01   5.080060E+03   1.414545E+14
  255000   2.495113E+04   1.001276E-01   5.079482E+03   1.420424E+14
  256000   2.505127E+04   1.001530E-01   5.076068E+03   1.426303E+14
  257000   2.515139E+04   1.001139E-01   5.080649E+03   1.432182E+14
  258000   2.525151E+04   1.001388E-01   5.075496E+03   1.438060E+14
  259000   2.535166E+04   1.001320E-01   5.078246E+03   1.443941E+14
  260000   2.545180E+04   1.001359E-01   5.077091E+03   1.449821E+14
  261000   2.555195E+04   1.001189E-01   5.077374E+03   1.455701E+14
  262000   2.565207E+04   1.001272E-01   5.077855E+03   1.461580E+14
  263000   2.575224E+04   1.001966E-01   5.072750E+03   1.467461E+14
  264000   2.585239E+04   1.001322E-01   5.077369E+03   1.473341E+14
  265000   2.595255E+04   1.001676E-01   5.074892E+03   1.479222E+14
  266000   2.605270E+04   1.001252E-01   5.078647E+03   1.485103E+14
  267000   2.615283E+04   1.001400E-01   5.078524E+03   1.490983E+14
  268000   2.625298E+04   1.001962E-01   5.072821E+03   1.496864E+14
  269000   2.635315E+04   1.001487E-01   5.076408E+03   1.502745E+14
  270000   2.645329E+04   1.001641E-01   5.072337E+03   1.508626E+14
  271000   2.655350E+04   1.001831E-01   5.072556E+03   1.514510E+14
  272000   2.665365E+04   1.001453E-01   5.077033E+03   1.520391E+14
  273000   2.675383E+04   1.001697E-01   5.072978E+03   1.526273E+14
  274000   2.685397E+04   1.001366E-01   5.078329E+03   1.532153E+14
  275000   2.695411E+04   1.001830E-01   5.072986E+03   1.538033E+14
  276000   2.705429E+04   1.001755E-01   5.074280E+03   1.543916E+14
  277000   2.715446E+04   1.001695E-01   5.074905E+03   1.549798E+14
  278000   2.725464E+04   1.001632E-01   5.075406E+03   1.555681E+14
  279000   2.735480E+04   1.001451E-01   5.076375E+03   1.561563E+14
  280000   2.745496E+04   1.002007E-01   5.072531E+03   1.567445E+14
  281000   2.755516E+04   1.001722E-01   5.073521E+03   1.573328E+14
  282000   2.765531E+04   1.001546E-01   5.073950E+03   1.579210E+14
  283000   2.775551E+04   1.001996E-01   5.071452E+03   1.585094E+14
  284000   2.785568E+04   1.001413E-01   5.077255E+03   1.590976E+14
  285000   2.795585E+04   1.002233E-01   5.069698E+03   1.596859E+14
  286000   2.805606E+04   1.001619E-01   5.074170E+03   1.602743E+14
  287000   2.815623E+04   1.002134E-01   5.069166E+03   1.608625E+14
  288000   2.825647E+04   1.002544E-01   5.067272E+03   1.614512E+14
  289000   2.835669E+04   1.002095E-01   5.071391E+03   1.620398E+14
  290000   2.845691E+04   1.002183E-01   5.070602E+03   1.626283E+14
  291000   2.855713E+04   1.001860E-01   5.071799E+03   1.632168E+14
  292000   2.865732E+04   1.001929E-01   5.071691E+03   1.638052E+14
  293000   2.875754E+04   1.002640E-01   5.066616E+03   1.643937E+14
  294000   2.885776E+04   1.002021E-01   5.070709E+03   1.649823E+14
  295000   2.895799E+04   1.002501E-01   5.066394E+03   1.655709E+14
  296000   2.905822E+04   1.002029E-01   5.070753E+03   1.661596E+14
  297000   2.915844E+04   1.002469E-01   5.067424E+03   1.667482E+14
  298000   2.925869E+04   1.002153E-01   5.068568E+03   1.673369E+14
  299000   2.935889E+04   1.002168E-01   5.069462E+03   1.679253E+14
  300000   2.945913E+04   1.002596E-01   5.066241E+03   1.685140E+14
  301000   2.955936E+04   1.002163E-01   5.070900E+03   1.691027E+14
  302000   2.965958E+04   1.002164E-01   5.070375E+03   1.696912E+14
  303000   2.975981E+04   1.002057E-01   5.069625E+03   1.702798E+14
  304000   2.986001E+04   1.002013E-01   5.072001E+03   1.708683E+14
  305000   2.996022E+04   1.002600E-01   5.065329E+03   1.714569E+14
  306000   3.006046E+04   1.002167E-01   5.070175E+03   1.720456E+14
  307000   3.016067E+04   1.002073E-01   5.069708E+03   1.726341E+14
  308000   3.026090E+04   1.002022E-01   5.070013E+03   1.732227E+14
  309000   3.036110E+04   1.002019E-01   5.072319E+03   1.738112E+14
  310000   3.046131E+04   1.002364E-01   5.068432E+03   1.743998E+14
  311000   3.056153E+04   1.002171E-01   5.070118E+03   1.749883E+14
  312000   3.066175E+04   1.002434E-01   5.066780E+03   1.755770E+14
  313000   3.076200E+04   1.002407E-01   5.068445E+03   1.761658E+14
  314000   3.086224E+04   1.002248E-01   5.069975E+03   1.767545E+14
  315000   3.096247E+04   1.002175E-01   5.069323E+03   1.773431E+14
  316000   3.106268E+04   1.001984E-01   5.071784E+03   1.779317E+14
  317000   3.116288E+04   1.002408E-01   5.067400E+03   1.785202E+14
  318000   3.126311E+04   1.002161E-01   5.070002E+03   1.791089E+14
  319000   3.136330E+04   1.001808E-01   5.071636E+03   1.796973E+14
  320000   3.146352E+04   1.002269E-01   5.068715E+03   1.802860E+14
  321000   3.156372E+04   1.001883E-01   5.073279E+03   1.808745E+14
  322000   3.166393E+04   1.002510E-01   5.067392E+03   1.814630E+14
  323000   3.176416E+04   1.002158E-01   5.069942E+03   1.820517E+14
  324000   3.186436E+04   1.002111E-01   5.069366E+03   1.826402E+14
  325000   3.196459E+04   1.002366E-01   5.068947E+03   1.832289E+14
  326000   3.206480E+04   1.001868E-01   5.073084E+03   1.838175E+14
  327000   3.216500E+04   1.002082E-01   5.071416E+03   1.844060E+14
  328000   3.226521E+04   1.001983E-01   5.070718E+03   1.849946E+14
  329000   3.236541E+04   1.002275E-01   5.068459E+03   1.855831E+14
  330000   3.246566E+04   1.002373E-01   5.067608E+03   1.861719E+14
  331000   3.256586E+04   1.001960E-01   5.071182E+03   1.867604E+14
  332000   3.266608E+04   1.002314E-01   5.068743E+03   1.873491E+14
  333000   3.276629E+04   1.001900E-01   5.072844E+03   1.879377E+14
  334000   3.286650E+04   1.002519E-01   5.067238E+03   1.885263E+14
  335000   3.296675E+04   1.002230E-01   5.068908E+03   1.891151E+14
  336000   3.306697E+04   1.002390E-01   5.067043E+03   1.897037E+14
  337000   3.316723E+04   1.002687E-01   5.065343E+03   1.902926E+14
  338000   3.326747E+04   1.002279E-01   5.069837E+03   1.908814E+14
  339000   3.336770E+04   1.002325E-01   5.067884E+03   1.914701E+14
  340000   3.346795E+04   1.002328E-01   5.067158E+03   1.920590E+14
  341000   3.356817E+04   1.002356E-01   5.068162E+03   1.926477E+14
  342000   3.366843E+04   1.002708E-01   5.064638E+03   1.932365E+14
  343000   3.376865E+04   1.002090E-01   5.070604E+03   1.938252E+14
  344000   3.386887E+04   1.002409E-01   5.066891E+03   1.944139E+14
  345000   3.396912E+04   1.002326E-01   5.068809E+03   1.950027E+14
  346000   3.406936E+04   1.002660E-01   5.065870E+03   1.955915E+14
  347000   3.416963E+04   1.002493E-01   5.065939E+03   1.961805E+14
  348000   3.426988E+04   1.002620E-01   5.065839E+03   1.967693E+14
  349000   3.437013E+04   1.002742E-01   5.065439E+03   1.973582E+14
  350000   3.447038E+04   1.002337E-01   5.068771E+03   1.979470E+14
  351000   3.457062E+04   1.002380E-01   5.067383E+03   1.985358E+14
  352000   3.467088E+04   1.002492E-01   5.065713E+03   1.991247E+14
  353000   3.477113E+04   1.002602E-01   5.066080E+03   1.997136E+14
  354000   3.487141E+04   1.002952E-01   5.061625E+03   2.003026E+14
  355000   3.497166E+04   1.002377E-01   5.068515E+03   2.008915E+14
  356000   3.507190E+04   1.002601E-01   5.064170E+03   2.014803E+14
  357000   3.517217E+04   1.002594E-01   5.066163E+03   2.020693E+14
  358000   3.527243E+04   1.002653E-01   5.065622E+03   2.026582E+14
  359000   3.537271E+04   1.002835E-01   5.063218E+03   2.032473E+14
  360000   3.547299E+04   1.002721E-01   5.064557E+03   2.038363E+14
  361000   3.557326E+04   1.002803E-01   5.062967E+03   2.044253E+14
  362000   3.567355E+04   1.002922E-01   5.063337E+03   2.050145E+14
  363000   3.577383E+04   1.002588E-01   5.065083E+03   2.056035E+14
  364000   3.587412E+04   1.003006E-01   5.061998E+03   2.061926E+14
  365000   3.597441E+04   1.002768E-01   5.064414E+03   2.067817E+14
  366000   3.607469E+04   1.003051E-01   5.061272E+03   2.073708E+14
  367000   3.617496E+04   1.002620E-01   5.065896E+03   2.079598E+14
  368000   3.627522E+04   1.002820E-01   5.061872E+03   2.085487E+14
  369000   3.637553E+04   1.003040E-01   5.062217E+03   2.091379E+14
  370000   3.647583E+04   1.003029E-01   5.061484E+03   2.097271E+14
  371000   3.657615E+04   1.003250E-01   5.058964E+03   2.103165E+14
  372000   3.667647E+04   1.002995E-01   5.061376E+03   2.109057E+14
  373000   3.677677E+04   1.003221E-01   5.059422E+03   2.114949E+14
  374000   3.687711E+04   1.003329E-01   5.058898E+03   2.120843E+14
  375000   3.697742E+04   1.002938E-01   5.061885E+03   2.126736E+14
  376000   3.707775E+04   1.003640E-01   5.056350E+03   2.132629E+14
  377000   3.717809E+04   1.003196E-01   5.059388E+03   2.138524E+14
  378000   3.727843E+04   1.003656E-01   5.056266E+03   2.144418E+14
  379000   3.737878E+04   1.003365E-01   5.057889E+03   2.150313E+14
  380000   3.747911E+04   1.003249E-01   5.058096E+03   2.156206E+14
  381000   3.757946E+04   1.003678E-01   5.056112E+03   2.162102E+14
  382000   3.767982E+04   1.003486E-01   5.057744E+03   2.167997E+14
  383000   3.778018E+04   1.003657E-01   5.056010E+03   2.173892E+14
  384000   3.788054E+04   1.003429E-01   5.057262E+03   2.179788E+14
  385000   3.798088E+04   1.003503E-01   5.056417E+03   2.185682E+14
  386000   3.808125E+04   1.003836E-01   5.054215E+03   2.191579E+14
  387000   3.818161E+04   1.003444E-01   5.057552E+03   2.197474E+14
  388000   3.828198E+04   1.003829E-01   5.053462E+03   2.203370E+14
  389000   3.838236E+04   1.003462E-01   5.056076E+03   2.209267E+14
  390000   3.848270E+04   1.003605E-01   5.056042E+03   2.215161E+14
  391000   3.858308E+04   1.003645E-01   5.054861E+03   2.221058E+14
  392000   3.868341E+04   1.003316E-01   5.058427E+03   2.226952E+14
  393000   3.878376E+04   1.003695E-01   5.054053E+03   2.232847E+14
  394000   3.888415E+04   1.003747E-01   5.055040E+03   2.238744E+14
  395000   3.898453E+04   1.003800E-01   5.054726E+03   2.244641E+14
  396000   3.908491E+04   1.003834E-01   5.053453E+03   2.250538E+14
  397000   3.918529E+04   1.003762E-01   5.055042E+03   2.256435E+14
  398000   3.928566E+04   1.003866E-01   5.052884E+03   2.262331E+14
  399000   3.938605E+04   1.003809E-01   5.054643E+03   2.268228E+14
      nt           time          dtime       max(rho)       shockpos
  400000   3.948643E+04   1.003824E-01   5.053896E+03   2.274125E+14
  401000   3.958682E+04   1.003775E-01   5.053177E+03   2.280023E+14
  402000   3.968720E+04   1.003800E-01   5.054788E+03   2.285920E+14
  403000   3.978759E+04   1.004104E-01   5.051517E+03   2.291817E+14
  404000   3.988796E+04   1.003682E-01   5.055602E+03   2.297714E+14
  405000   3.998834E+04   1.003947E-01   5.051824E+03   2.303611E+14
  406000   4.008875E+04   1.003892E-01   5.053119E+03   2.309509E+14
  407000   4.018914E+04   1.003819E-01   5.054661E+03   2.315407E+14
  408000   4.028952E+04   1.003943E-01   5.052709E+03   2.321304E+14
  409000   4.038991E+04   1.003728E-01   5.054805E+03   2.327201E+14
  410000   4.049027E+04   1.003776E-01   5.052878E+03   2.333097E+14
  411000   4.059068E+04   1.004164E-01   5.051363E+03   2.338996E+14
  412000   4.069108E+04   1.003816E-01   5.053874E+03   2.344894E+14
  413000   4.079148E+04   1.004227E-01   5.050150E+03   2.350792E+14
  414000   4.089189E+04   1.003797E-01   5.053645E+03   2.356691E+14
  415000   4.099228E+04   1.004137E-01   5.051023E+03   2.362588E+14
  416000   4.109267E+04   1.003949E-01   5.053277E+03   2.368487E+14
  417000   4.119307E+04   1.003941E-01   5.051544E+03   2.374384E+14
  418000   4.129348E+04   1.004142E-01   5.050845E+03   2.380284E+14
  419000   4.139390E+04   1.004091E-01   5.051935E+03   2.386183E+14
  420000   4.149431E+04   1.004254E-01   5.049987E+03   2.392082E+14
  421000   4.159474E+04   1.004193E-01   5.050436E+03   2.397982E+14
  422000   4.169514E+04   1.004150E-01   5.049793E+03   2.403880E+14
  423000   4.179559E+04   1.004621E-01   5.047088E+03   2.409781E+14
  424000   4.189601E+04   1.004094E-01   5.051927E+03   2.415681E+14
  425000   4.199644E+04   1.004530E-01   5.047638E+03   2.421580E+14
  426000   4.209688E+04   1.003976E-01   5.050556E+03   2.427481E+14
  427000   4.219728E+04   1.004234E-01   5.049333E+03   2.433380E+14
  428000   4.229772E+04   1.004447E-01   5.048166E+03   2.439281E+14
  429000   4.239815E+04   1.004201E-01   5.049713E+03   2.445181E+14
  430000   4.249860E+04   1.004553E-01   5.047772E+03   2.451082E+14
  431000   4.259904E+04   1.004231E-01   5.049416E+03   2.456983E+14
  432000   4.269947E+04   1.004184E-01   5.050557E+03   2.462882E+14
  433000   4.279989E+04   1.004346E-01   5.049398E+03   2.468782E+14
  434000   4.290031E+04   1.004158E-01   5.050432E+03   2.474682E+14
  435000   4.300074E+04   1.004459E-01   5.047234E+03   2.480582E+14
  436000   4.310118E+04   1.004196E-01   5.050476E+03   2.486482E+14
  437000   4.320161E+04   1.004414E-01   5.047998E+03   2.492383E+14
  438000   4.330205E+04   1.004196E-01   5.048819E+03   2.498284E+14
  439000   4.340247E+04   1.004258E-01   5.049309E+03   2.504183E+14
  440000   4.350291E+04   1.004587E-01   5.047063E+03   2.510084E+14
  441000   4.360334E+04   1.004169E-01   5.050265E+03   2.515984E+14
  442000   4.370377E+04   1.004420E-01   5.048051E+03   2.521885E+14
  443000   4.380422E+04   1.004334E-01   5.048571E+03   2.527786E+14
  444000   4.390465E+04   1.004162E-01   5.050587E+03   2.533686E+14
  445000   4.400508E+04   1.004598E-01   5.046867E+03   2.539586E+14
  446000   4.410552E+04   1.004423E-01   5.048475E+03   2.545487E+14
  447000   4.420596E+04   1.004514E-01   5.046135E+03   2.551388E+14
  448000   4.430643E+04   1.004393E-01   5.047799E+03   2.557290E+14
  449000   4.440686E+04   1.004302E-01   5.049275E+03   2.563191E+14
  450000   4.450731E+04   1.004318E-01   5.047763E+03   2.569092E+14
  451000   4.460774E+04   1.004355E-01   5.048950E+03   2.574992E+14
  452000   4.470818E+04   1.004663E-01   5.046314E+03   2.580893E+14
  453000   4.480863E+04   1.004398E-01   5.048215E+03   2.586795E+14
  454000   4.490908E+04   1.004538E-01   5.046991E+03   2.592696E+14
  455000   4.500954E+04   1.004463E-01   5.047385E+03   2.598598E+14
  456000   4.510998E+04   1.004205E-01   5.049796E+03   2.604499E+14
  457000   4.521041E+04   1.004583E-01   5.046576E+03   2.610400E+14
  458000   4.531087E+04   1.004425E-01   5.047884E+03   2.616302E+14
  459000   4.541130E+04   1.004421E-01   5.046160E+03   2.622202E+14
  460000   4.551178E+04   1.004646E-01   5.045580E+03   2.628105E+14
  461000   4.561222E+04   1.004297E-01   5.048794E+03   2.634006E+14
  462000   4.571268E+04   1.004861E-01   5.044202E+03   2.639908E+14
  463000   4.581316E+04   1.004654E-01   5.045918E+03   2.645812E+14
  464000   4.591362E+04   1.004908E-01   5.043609E+03   2.651714E+14
  465000   4.601411E+04   1.004843E-01   5.044335E+03   2.657618E+14
  466000   4.611459E+04   1.004673E-01   5.045475E+03   2.663521E+14
  467000   4.621507E+04   1.004805E-01   5.044815E+03   2.669424E+14
  468000   4.631555E+04   1.004587E-01   5.045991E+03   2.675327E+14
  469000   4.641601E+04   1.004867E-01   5.043873E+03   2.681230E+14
  470000   4.651651E+04   1.004976E-01   5.042723E+03   2.687134E+14
  471000   4.661699E+04   1.004861E-01   5.042863E+03   2.693038E+14
  472000   4.671750E+04   1.005036E-01   5.041969E+03   2.698943E+14
  473000   4.681798E+04   1.004649E-01   5.046551E+03   2.704846E+14
  474000   4.691845E+04   1.005012E-01   5.042673E+03   2.710749E+14
  475000   4.701895E+04   1.004780E-01   5.044244E+03   2.716653E+14
  476000   4.711943E+04   1.005006E-01   5.042478E+03   2.722557E+14
  477000   4.721994E+04   1.005170E-01   5.041656E+03   2.728462E+14
  478000   4.732043E+04   1.004866E-01   5.044205E+03   2.734366E+14
  479000   4.742092E+04   1.004963E-01   5.042771E+03   2.740270E+14
  480000   4.752143E+04   1.004767E-01   5.043651E+03   2.746175E+14
  481000   4.762191E+04   1.004888E-01   5.043807E+03   2.752078E+14
  482000   4.772241E+04   1.005188E-01   5.040717E+03   2.757983E+14
  483000   4.782291E+04   1.004879E-01   5.043088E+03   2.763888E+14
  484000   4.792341E+04   1.005165E-01   5.041012E+03   2.769793E+14
  485000   4.802391E+04   1.004890E-01   5.044135E+03   2.775697E+14
  486000   4.812441E+04   1.005187E-01   5.041048E+03   2.781602E+14
  487000   4.822494E+04   1.005141E-01   5.040672E+03   2.787508E+14
  488000   4.832545E+04   1.005315E-01   5.039698E+03   2.793413E+14
  489000   4.842599E+04   1.005411E-01   5.039169E+03   2.799320E+14
  490000   4.852650E+04   1.005131E-01   5.041983E+03   2.805226E+14
  491000   4.862701E+04   1.005086E-01   5.041210E+03   2.811131E+14
  492000   4.872754E+04   1.005061E-01   5.041108E+03   2.817037E+14
  493000   4.882804E+04   1.005064E-01   5.041990E+03   2.822942E+14
  494000   4.892857E+04   1.005634E-01   5.037087E+03   2.828848E+14
  495000   4.902910E+04   1.005242E-01   5.040544E+03   2.834754E+14
  496000   4.912962E+04   1.005356E-01   5.038385E+03   2.840661E+14
  497000   4.923016E+04   1.005145E-01   5.040774E+03   2.846567E+14
  498000   4.933068E+04   1.005219E-01   5.040608E+03   2.852473E+14
  499000   4.943121E+04   1.005435E-01   5.038051E+03   2.858380E+14
  500000   4.953176E+04   1.005438E-01   5.038606E+03   2.864287E+14
  501000   4.963230E+04   1.005503E-01   5.037721E+03   2.870194E+14
  502000   4.973285E+04   1.005449E-01   5.038547E+03   2.876102E+14
  503000   4.983339E+04   1.005368E-01   5.038755E+03   2.882009E+14
  504000   4.993394E+04   1.005562E-01   5.037186E+03   2.887917E+14
  505000   5.003450E+04   1.005458E-01   5.038299E+03   2.893825E+14
  506000   5.013505E+04   1.005846E-01   5.034856E+03   2.899732E+14
  507000   5.023562E+04   1.005543E-01   5.037354E+03   2.905641E+14
  508000   5.033617E+04   1.005508E-01   5.036517E+03   2.911549E+14
  509000   5.043673E+04   1.005572E-01   5.036892E+03   2.917457E+14
  510000   5.053729E+04   1.005489E-01   5.037779E+03   2.923365E+14
  511000   5.063786E+04   1.006032E-01   5.033164E+03   2.929274E+14
  512000   5.073845E+04   1.005834E-01   5.034489E+03   2.935184E+14
  513000   5.083903E+04   1.005845E-01   5.034202E+03   2.941094E+14
  514000   5.093962E+04   1.005892E-01   5.034554E+03   2.947004E+14
  515000   5.104019E+04   1.005572E-01   5.037148E+03   2.952912E+14
  516000   5.114076E+04   1.005868E-01   5.034715E+03   2.958821E+14
  517000   5.124134E+04   1.005645E-01   5.035774E+03   2.964731E+14
  518000   5.134191E+04   1.005886E-01   5.034215E+03   2.970640E+14
  519000   5.144250E+04   1.005896E-01   5.033798E+03   2.976550E+14
  520000   5.154307E+04   1.005676E-01   5.035456E+03   2.982459E+14
  521000   5.164366E+04   1.005885E-01   5.034381E+03   2.988369E+14
  522000   5.174423E+04   1.005691E-01   5.036431E+03   2.994278E+14
  523000   5.184481E+04   1.006052E-01   5.032807E+03   3.000187E+14
  524000   5.194541E+04   1.005836E-01   5.033761E+03   3.006098E+14
  525000   5.204599E+04   1.005852E-01   5.034149E+03   3.012007E+14
  526000   5.214659E+04   1.006003E-01   5.033448E+03   3.017918E+14
  527000   5.224717E+04   1.005760E-01   5.035690E+03   3.023827E+14
  528000   5.234776E+04   1.006017E-01   5.032791E+03   3.029737E+14
  529000   5.244837E+04   1.005893E-01   5.032641E+03   3.035648E+14
  530000   5.254895E+04   1.005923E-01   5.033544E+03   3.041558E+14
  531000   5.264956E+04   1.006213E-01   5.031035E+03   3.047470E+14
  532000   5.275015E+04   1.005811E-01   5.034972E+03   3.053380E+14
  533000   5.285074E+04   1.005955E-01   5.032974E+03   3.059290E+14
  534000   5.295134E+04   1.005914E-01   5.034020E+03   3.065200E+14
  535000   5.305194E+04   1.006121E-01   5.031889E+03   3.071111E+14
  536000   5.315256E+04   1.006247E-01   5.030549E+03   3.077023E+14
  537000   5.325317E+04   1.006180E-01   5.031648E+03   3.082934E+14
  538000   5.335378E+04   1.006081E-01   5.031779E+03   3.088846E+14
  539000   5.345439E+04   1.006066E-01   5.032861E+03   3.094757E+14
  540000   5.355500E+04   1.006074E-01   5.032212E+03   3.100668E+14
  541000   5.365562E+04   1.006150E-01   5.030709E+03   3.106580E+14
  542000   5.375622E+04   1.006041E-01   5.032908E+03   3.112491E+14
  543000   5.385684E+04   1.006363E-01   5.029420E+03   3.118402E+14
  544000   5.395745E+04   1.006067E-01   5.032867E+03   3.124314E+14
  545000   5.405805E+04   1.006143E-01   5.030664E+03   3.130225E+14
  546000   5.415868E+04   1.006187E-01   5.030777E+03   3.136137E+14
  547000   5.425931E+04   1.006275E-01   5.030623E+03   3.142050E+14
  548000   5.435994E+04   1.006481E-01   5.028229E+03   3.147962E+14
  549000   5.446058E+04   1.006315E-01   5.030010E+03   3.153875E+14
  550000   5.456120E+04   1.006213E-01   5.030560E+03   3.159787E+14
  551000   5.466184E+04   1.006395E-01   5.029312E+03   3.165700E+14
  552000   5.476248E+04   1.006354E-01   5.030050E+03   3.171613E+14
  553000   5.486312E+04   1.006661E-01   5.026795E+03   3.177527E+14
  554000   5.496378E+04   1.006346E-01   5.029103E+03   3.183440E+14
  555000   5.506441E+04   1.006534E-01   5.027433E+03   3.189353E+14
  556000   5.516506E+04   1.006356E-01   5.029516E+03   3.195267E+14
  557000   5.526569E+04   1.006255E-01   5.029520E+03   3.201180E+14
  558000   5.536634E+04   1.006423E-01   5.028523E+03   3.207093E+14
  559000   5.546698E+04   1.006417E-01   5.029365E+03   3.213007E+14
  560000   5.556763E+04   1.006711E-01   5.026523E+03   3.218920E+14
  561000   5.566830E+04   1.006515E-01   5.027882E+03   3.224835E+14
  562000   5.576893E+04   1.006351E-01   5.029044E+03   3.230748E+14
  563000   5.586959E+04   1.006602E-01   5.027189E+03   3.236661E+14
  564000   5.597024E+04   1.006397E-01   5.029440E+03   3.242575E+14
  565000   5.607088E+04   1.006661E-01   5.026507E+03   3.248489E+14
  566000   5.617155E+04   1.006372E-01   5.028168E+03   3.254403E+14
  567000   5.627218E+04   1.006374E-01   5.028548E+03   3.260316E+14
  568000   5.637283E+04   1.006598E-01   5.027445E+03   3.266230E+14
  569000   5.647348E+04   1.006373E-01   5.028795E+03   3.272143E+14
  570000   5.657413E+04   1.006700E-01   5.026749E+03   3.278057E+14
  571000   5.667480E+04   1.006602E-01   5.027119E+03   3.283972E+14
  572000   5.677547E+04   1.006742E-01   5.026011E+03   3.289887E+14
  573000   5.687614E+04   1.006693E-01   5.026274E+03   3.295802E+14
  574000   5.697679E+04   1.006506E-01   5.027985E+03   3.301716E+14
  575000   5.707745E+04   1.006688E-01   5.025976E+03   3.307630E+14
  576000   5.717812E+04   1.006587E-01   5.027122E+03   3.313545E+14
  577000   5.727879E+04   1.006849E-01   5.024788E+03   3.319460E+14
  578000   5.737948E+04   1.006652E-01   5.025023E+03   3.325376E+14
  579000   5.748014E+04   1.006596E-01   5.026861E+03   3.331290E+14
  580000   5.758081E+04   1.006931E-01   5.024401E+03   3.337205E+14
  581000   5.768148E+04   1.006597E-01   5.027330E+03   3.343120E+14
  582000   5.778215E+04   1.006788E-01   5.025438E+03   3.349035E+14
  583000   5.788283E+04   1.006759E-01   5.025476E+03   3.354951E+14
  584000   5.798351E+04   1.006776E-01   5.025704E+03   3.360866E+14
  585000   5.808419E+04   1.006931E-01   5.024035E+03   3.366782E+14
  586000   5.818487E+04   1.006818E-01   5.025480E+03   3.372697E+14
  587000   5.828555E+04   1.006788E-01   5.024330E+03   3.378613E+14
  588000   5.838625E+04   1.006970E-01   5.023639E+03   3.384530E+14
  589000   5.848695E+04   1.006959E-01   5.023936E+03   3.390446E+14
  590000   5.858765E+04   1.006939E-01   5.022894E+03   3.396363E+14
  591000   5.868833E+04   1.006770E-01   5.025417E+03   3.402279E+14
  592000   5.878902E+04   1.007065E-01   5.022459E+03   3.408194E+14
  593000   5.888972E+04   1.006905E-01   5.024228E+03   3.414111E+14
  594000   5.899042E+04   1.007106E-01   5.022281E+03   3.420028E+14
  595000   5.909114E+04   1.007093E-01   5.021832E+03   3.425946E+14
  596000   5.919185E+04   1.007058E-01   5.022851E+03   3.431863E+14
  597000   5.929256E+04   1.007244E-01   5.021104E+03   3.437780E+14
  598000   5.939327E+04   1.007076E-01   5.022674E+03   3.443698E+14
  599000   5.949397E+04   1.006928E-01   5.022887E+03   3.449614E+14
      nt           time          dtime       max(rho)       shockpos
  600000   5.959469E+04   1.007307E-01   5.020497E+03   3.455532E+14
  601000   5.969541E+04   1.007094E-01   5.022707E+03   3.461450E+14
  602000   5.979612E+04   1.007349E-01   5.020066E+03   3.467368E+14
  603000   5.989684E+04   1.007039E-01   5.022540E+03   3.473286E+14
  604000   5.999755E+04   1.007157E-01   5.021224E+03   3.479203E+14
  605000   6.009827E+04   1.007227E-01   5.021505E+03   3.485121E+14
  606000   6.019899E+04   1.007150E-01   5.021978E+03   3.491039E+14
  607000   6.029971E+04   1.007174E-01   5.021411E+03   3.496957E+14
  608000   6.040043E+04   1.007067E-01   5.022332E+03   3.502874E+14
  609000   6.050114E+04   1.007235E-01   5.021002E+03   3.508792E+14
  610000   6.060187E+04   1.007316E-01   5.020811E+03   3.514710E+14
  611000   6.070258E+04   1.007085E-01   5.021477E+03   3.520628E+14
  612000   6.080332E+04   1.007542E-01   5.018595E+03   3.526547E+14
  613000   6.090406E+04   1.007171E-01   5.021305E+03   3.532466E+14
  614000   6.100479E+04   1.007474E-01   5.019046E+03   3.538384E+14
  615000   6.110552E+04   1.007220E-01   5.020714E+03   3.544303E+14
  616000   6.120623E+04   1.007154E-01   5.020612E+03   3.550220E+14
  617000   6.130698E+04   1.007507E-01   5.018524E+03   3.556140E+14
  618000   6.140772E+04   1.007400E-01   5.019975E+03   3.562059E+14
  619000   6.150846E+04   1.007510E-01   5.018784E+03   3.567978E+14
  620000   6.160922E+04   1.007412E-01   5.018836E+03   3.573898E+14
  621000   6.170995E+04   1.007444E-01   5.019175E+03   3.579817E+14
  622000   6.181070E+04   1.007620E-01   5.017736E+03   3.585737E+14
  623000   6.191145E+04   1.007409E-01   5.019463E+03   3.591656E+14
  624000   6.201220E+04   1.007623E-01   5.017417E+03   3.597576E+14
  625000   6.211296E+04   1.007391E-01   5.018880E+03   3.603496E+14
  626000   6.221370E+04   1.007643E-01   5.017725E+03   3.609416E+14
  627000   6.231447E+04   1.007507E-01   5.017774E+03   3.615336E+14
  628000   6.241521E+04   1.007448E-01   5.018291E+03   3.621255E+14
  629000   6.251597E+04   1.007767E-01   5.015873E+03   3.627176E+14
  630000   6.261674E+04   1.007588E-01   5.018047E+03   3.633096E+14
  631000   6.271750E+04   1.007662E-01   5.017473E+03   3.639017E+14
  632000   6.281826E+04   1.007573E-01   5.017194E+03   3.644937E+14
  633000   6.291902E+04   1.007553E-01   5.018153E+03   3.650857E+14
  634000   6.301978E+04   1.007803E-01   5.015176E+03   3.656778E+14
  635000   6.312056E+04   1.007749E-01   5.016575E+03   3.662699E+14
  636000   6.322133E+04   1.007744E-01   5.015403E+03   3.668620E+14
  637000   6.332213E+04   1.007784E-01   5.014871E+03   3.674543E+14
  638000   6.342290E+04   1.007783E-01   5.016254E+03   3.680464E+14
  639000   6.352369E+04   1.007903E-01   5.014672E+03   3.686386E+14
  640000   6.362446E+04   1.007723E-01   5.016216E+03   3.692307E+14
  641000   6.372524E+04   1.007896E-01   5.014254E+03   3.698228E+14
  642000   6.382603E+04   1.007837E-01   5.015399E+03   3.704150E+14
  643000   6.392682E+04   1.007864E-01   5.015535E+03   3.710072E+14
  644000   6.402761E+04   1.007869E-01   5.014767E+03   3.715994E+14
  645000   6.412839E+04   1.007828E-01   5.015599E+03   3.721916E+14
  646000   6.422917E+04   1.007931E-01   5.013670E+03   3.727837E+14
  647000   6.432997E+04   1.007903E-01   5.014732E+03   3.733760E+14
  648000   6.443075E+04   1.007733E-01   5.015609E+03   3.739681E+14
  649000   6.453154E+04   1.007946E-01   5.013704E+03   3.745604E+14
  650000   6.463232E+04   1.007703E-01   5.016363E+03   3.751525E+14
  651000   6.473310E+04   1.008031E-01   5.013350E+03   3.757447E+14
  652000   6.483390E+04   1.007960E-01   5.014413E+03   3.763369E+14
  653000   6.493469E+04   1.007949E-01   5.013384E+03   3.769291E+14
  654000   6.503550E+04   1.008053E-01   5.013215E+03   3.775215E+14
  655000   6.513630E+04   1.007845E-01   5.014961E+03   3.781137E+14
  656000   6.523709E+04   1.007960E-01   5.014197E+03   3.787059E+14
  657000   6.533789E+04   1.007975E-01   5.013905E+03   3.792982E+14
  658000   6.543868E+04   1.008042E-01   5.012983E+03   3.798904E+14
  659000   6.553950E+04   1.008198E-01   5.012071E+03   3.804828E+14
  660000   6.564031E+04   1.008007E-01   5.013565E+03   3.810751E+14
  661000   6.574112E+04   1.008294E-01   5.011252E+03   3.816675E+14
  662000   6.584194E+04   1.007975E-01   5.013548E+03   3.822598E+14
  663000   6.594274E+04   1.008234E-01   5.011225E+03   3.828521E+14
  664000   6.604357E+04   1.008179E-01   5.012047E+03   3.834445E+14
  665000   6.614438E+04   1.008057E-01   5.012110E+03   3.840368E+14
  666000   6.624520E+04   1.008326E-01   5.011040E+03   3.846293E+14
  667000   6.634602E+04   1.008021E-01   5.013215E+03   3.852216E+14
  668000   6.644683E+04   1.008201E-01   5.012084E+03   3.858140E+14
  669000   6.654765E+04   1.008301E-01   5.010754E+03   3.864064E+14
  670000   6.664847E+04   1.008207E-01   5.011426E+03   3.869987E+14
  671000   6.674930E+04   1.008425E-01   5.009485E+03   3.875912E+14
  672000   6.685013E+04   1.008150E-01   5.012411E+03   3.881836E+14
  673000   6.695095E+04   1.008322E-01   5.010723E+03   3.887760E+14
  674000   6.705179E+04   1.008175E-01   5.011334E+03   3.893685E+14
  675000   6.715261E+04   1.008366E-01   5.010104E+03   3.899609E+14
  676000   6.725345E+04   1.008468E-01   5.009192E+03   3.905534E+14
  677000   6.735429E+04   1.008371E-01   5.009662E+03   3.911459E+14
  678000   6.745514E+04   1.008553E-01   5.008873E+03   3.917385E+14
  679000   6.755598E+04   1.008296E-01   5.010609E+03   3.923310E+14
  680000   6.765682E+04   1.008373E-01   5.010491E+03   3.929234E+14
  681000   6.775766E+04   1.008515E-01   5.008721E+03   3.935160E+14
  682000   6.785850E+04   1.008378E-01   5.010009E+03   3.941085E+14
  683000   6.795935E+04   1.008598E-01   5.007429E+03   3.947010E+14
  684000   6.806020E+04   1.008318E-01   5.010165E+03   3.952936E+14
  685000   6.816104E+04   1.008413E-01   5.009210E+03   3.958861E+14
  686000   6.826189E+04   1.008455E-01   5.008307E+03   3.964787E+14
  687000   6.836274E+04   1.008473E-01   5.009138E+03   3.970712E+14
  688000   6.846359E+04   1.008704E-01   5.007358E+03   3.976638E+14
  689000   6.856445E+04   1.008515E-01   5.008825E+03   3.982564E+14
  690000   6.866530E+04   1.008485E-01   5.008963E+03   3.988490E+14
  691000   6.876615E+04   1.008499E-01   5.009156E+03   3.994416E+14
  692000   6.886700E+04   1.008421E-01   5.009620E+03   4.000341E+14
  693000   6.896785E+04   1.008692E-01   5.007202E+03   4.006267E+14
  694000   6.906872E+04   1.008638E-01   5.007713E+03   4.012193E+14
  695000   6.916958E+04   1.008641E-01   5.006658E+03   4.018119E+14
  696000   6.927044E+04   1.008542E-01   5.008297E+03   4.024046E+14
  697000   6.937130E+04   1.008468E-01   5.008594E+03   4.029972E+14
  698000   6.947216E+04   1.008681E-01   5.006530E+03   4.035898E+14
  699000   6.957303E+04   1.008652E-01   5.007591E+03   4.041825E+14
  700000   6.967390E+04   1.008934E-01   5.004761E+03   4.047752E+14
  701000   6.977478E+04   1.008814E-01   5.006037E+03   4.053679E+14
  702000   6.987566E+04   1.008763E-01   5.006342E+03   4.059607E+14
  703000   6.997655E+04   1.008821E-01   5.005758E+03   4.065534E+14
  704000   7.007742E+04   1.008642E-01   5.007175E+03   4.071462E+14
  705000   7.017829E+04   1.008910E-01   5.004937E+03   4.077388E+14
  706000   7.027919E+04   1.008879E-01   5.004945E+03   4.083317E+14
  707000   7.038007E+04   1.008780E-01   5.005568E+03   4.089244E+14
  708000   7.048096E+04   1.008893E-01   5.005162E+03   4.095172E+14
  709000   7.058184E+04   1.008742E-01   5.006472E+03   4.101099E+14
  710000   7.068273E+04   1.009029E-01   5.003805E+03   4.107027E+14
  711000   7.078363E+04   1.008935E-01   5.004680E+03   4.112956E+14
  712000   7.088453E+04   1.009118E-01   5.003153E+03   4.118884E+14
  713000   7.098543E+04   1.009026E-01   5.004261E+03   4.124813E+14
  714000   7.108632E+04   1.008865E-01   5.005152E+03   4.130741E+14
  715000   7.118722E+04   1.009031E-01   5.004187E+03   4.136670E+14
  716000   7.128812E+04   1.008861E-01   5.005118E+03   4.142598E+14
  717000   7.138901E+04   1.009088E-01   5.002840E+03   4.148526E+14
  718000   7.148993E+04   1.009199E-01   5.001848E+03   4.154456E+14
  719000   7.159084E+04   1.008954E-01   5.003748E+03   4.160385E+14
  720000   7.169175E+04   1.009237E-01   5.002213E+03   4.166314E+14
  721000   7.179266E+04   1.008960E-01   5.004765E+03   4.172243E+14
  722000   7.189356E+04   1.009235E-01   5.002073E+03   4.178172E+14
  723000   7.199449E+04   1.009184E-01   5.001905E+03   4.184102E+14
  724000   7.209540E+04   1.009244E-01   5.001818E+03   4.190031E+14
  725000   7.219633E+04   1.009296E-01   5.001358E+03   4.195962E+14
  726000   7.229725E+04   1.009200E-01   5.002477E+03   4.201892E+14
  727000   7.239817E+04   1.009214E-01   5.002054E+03   4.207821E+14
  728000   7.249910E+04   1.009156E-01   5.002009E+03   4.213752E+14
  729000   7.260002E+04   1.009253E-01   5.001782E+03   4.219681E+14
  730000   7.270095E+04   1.009391E-01   5.000292E+03   4.225612E+14
  731000   7.280187E+04   1.009127E-01   5.002761E+03   4.231541E+14
  732000   7.290279E+04   1.009298E-01   5.001093E+03   4.237471E+14
  733000   7.300372E+04   1.009133E-01   5.002838E+03   4.243401E+14
  734000   7.310464E+04   1.009382E-01   5.000365E+03   4.249331E+14
  735000   7.320558E+04   1.009458E-01   4.999234E+03   4.255262E+14
  736000   7.330652E+04   1.009423E-01   5.000359E+03   4.261193E+14
  737000   7.340747E+04   1.009440E-01   4.999501E+03   4.267124E+14
  738000   7.350841E+04   1.009401E-01   5.000757E+03   4.273055E+14
  739000   7.360935E+04   1.009333E-01   5.000662E+03   4.278986E+14
  740000   7.371029E+04   1.009527E-01   4.998877E+03   4.284917E+14
  741000   7.381125E+04   1.009493E-01   4.999611E+03   4.290849E+14
  742000   7.391220E+04   1.009754E-01   4.997043E+03   4.296781E+14
  743000   7.401316E+04   1.009577E-01   4.998883E+03   4.302713E+14
  744000   7.411412E+04   1.009556E-01   4.998413E+03   4.308645E+14
  745000   7.421508E+04   1.009538E-01   4.998869E+03   4.314577E+14
  746000   7.431604E+04   1.009618E-01   4.998121E+03   4.320509E+14
  747000   7.441701E+04   1.009800E-01   4.996270E+03   4.326442E+14
  748000   7.451798E+04   1.009708E-01   4.997668E+03   4.332374E+14
  749000   7.461895E+04   1.009737E-01   4.996756E+03   4.338307E+14
  750000   7.471992E+04   1.009724E-01   4.997466E+03   4.344240E+14
  751000   7.482090E+04   1.009684E-01   4.997588E+03   4.350173E+14
  752000   7.492188E+04   1.009880E-01   4.995537E+03   4.356106E+14
  753000   7.502286E+04   1.009684E-01   4.997142E+03   4.362039E+14
  754000   7.512383E+04   1.009852E-01   4.995581E+03   4.367972E+14
  755000   7.522481E+04   1.009781E-01   4.996548E+03   4.373906E+14
  756000   7.532578E+04   1.009595E-01   4.997726E+03   4.379838E+14
  757000   7.542676E+04   1.009879E-01   4.995783E+03   4.385771E+14
  758000   7.552775E+04   1.009833E-01   4.996274E+03   4.391705E+14
  759000   7.562874E+04   1.010137E-01   4.993743E+03   4.397639E+14
  760000   7.572974E+04   1.009993E-01   4.994572E+03   4.403574E+14
  761000   7.583074E+04   1.009936E-01   4.995046E+03   4.409508E+14
  762000   7.593174E+04   1.009988E-01   4.995031E+03   4.415442E+14
  763000   7.603273E+04   1.009938E-01   4.995484E+03   4.421376E+14
  764000   7.613373E+04   1.010131E-01   4.993747E+03   4.427311E+14
  765000   7.623474E+04   1.010013E-01   4.994066E+03   4.433246E+14
  766000   7.633574E+04   1.010044E-01   4.993685E+03   4.439180E+14
  767000   7.643676E+04   1.010175E-01   4.993114E+03   4.445115E+14
  768000   7.653775E+04   1.009886E-01   4.995350E+03   4.451050E+14
  769000   7.663876E+04   1.010196E-01   4.992822E+03   4.456985E+14
  770000   7.673978E+04   1.010001E-01   4.994048E+03   4.462920E+14
  771000   7.684078E+04   1.010209E-01   4.992381E+03   4.468855E+14
  772000   7.694181E+04   1.010239E-01   4.992347E+03   4.474791E+14
  773000   7.704282E+04   1.010035E-01   4.993958E+03   4.480726E+14
  774000   7.714383E+04   1.010169E-01   4.992755E+03   4.486661E+14
  775000   7.724486E+04   1.010186E-01   4.992712E+03   4.492597E+14
  776000   7.734588E+04   1.010290E-01   4.992004E+03   4.498532E+14
  777000   7.744691E+04   1.010369E-01   4.990803E+03   4.504469E+14
  778000   7.754794E+04   1.010257E-01   4.992362E+03   4.510405E+14
  779000   7.764897E+04   1.010363E-01   4.991118E+03   4.516341E+14
  780000   7.774999E+04   1.010176E-01   4.993202E+03   4.522277E+14
  781000   7.785101E+04   1.010324E-01   4.991230E+03   4.528212E+14
  782000   7.795205E+04   1.010351E-01   4.990913E+03   4.534149E+14
  783000   7.805309E+04   1.010505E-01   4.989902E+03   4.540086E+14
  784000   7.815415E+04   1.010621E-01   4.988874E+03   4.546024E+14
  785000   7.825519E+04   1.010405E-01   4.990811E+03   4.551961E+14
  786000   7.835624E+04   1.010461E-01   4.989902E+03   4.557898E+14
  787000   7.845729E+04   1.010548E-01   4.989238E+03   4.563836E+14
  788000   7.855835E+04   1.010519E-01   4.989802E+03   4.569773E+14
  789000   7.865941E+04   1.010768E-01   4.987548E+03   4.575711E+14
  790000   7.876047E+04   1.010514E-01   4.989907E+03   4.581649E+14
  791000   7.886152E+04   1.010545E-01   4.988697E+03   4.587586E+14
  792000   7.896258E+04   1.010548E-01   4.989172E+03   4.593524E+14
  793000   7.906364E+04   1.010579E-01   4.989199E+03   4.599462E+14
  794000   7.916471E+04   1.010707E-01   4.987572E+03   4.605401E+14
  795000   7.926577E+04   1.010739E-01   4.988069E+03   4.611339E+14
  796000   7.936684E+04   1.010768E-01   4.987484E+03   4.617278E+14
  797000   7.946791E+04   1.010652E-01   4.988800E+03   4.623216E+14
  798000   7.956897E+04   1.010563E-01   4.989015E+03   4.629154E+14
  799000   7.967004E+04   1.010813E-01   4.987238E+03   4.635092E+14
      nt           time          dtime       max(rho)       shockpos
  800000   7.977112E+04   1.010755E-01   4.987457E+03   4.641032E+14
  801000   7.987220E+04   1.010950E-01   4.985585E+03   4.646971E+14
  802000   7.997329E+04   1.010766E-01   4.987126E+03   4.652910E+14
  803000   8.007436E+04   1.010632E-01   4.987666E+03   4.658848E+14
  804000   8.017544E+04   1.010842E-01   4.986456E+03   4.664788E+14
  805000   8.027651E+04   1.010726E-01   4.988034E+03   4.670727E+14
  806000   8.037759E+04   1.010983E-01   4.985474E+03   4.676666E+14
  807000   8.047869E+04   1.010915E-01   4.986048E+03   4.682606E+14
  808000   8.057977E+04   1.010872E-01   4.985819E+03   4.688545E+14
  809000   8.068087E+04   1.010983E-01   4.985547E+03   4.694485E+14
  810000   8.078196E+04   1.010865E-01   4.986601E+03   4.700425E+14
  811000   8.088305E+04   1.011025E-01   4.985027E+03   4.706365E+14
  812000   8.098416E+04   1.011014E-01   4.984531E+03   4.712305E+14
  813000   8.108525E+04   1.011039E-01   4.984715E+03   4.718245E+14
  814000   8.118636E+04   1.011042E-01   4.984609E+03   4.724186E+14
  815000   8.128745E+04   1.010813E-01   4.986714E+03   4.730126E+14
  816000   8.138855E+04   1.011096E-01   4.984474E+03   4.736066E+14
  817000   8.148965E+04   1.010915E-01   4.985585E+03   4.742006E+14
  818000   8.159075E+04   1.011174E-01   4.983562E+03   4.747946E+14
  819000   8.169187E+04   1.011113E-01   4.983723E+03   4.753888E+14
  820000   8.179297E+04   1.010981E-01   4.984786E+03   4.759828E+14
  821000   8.189408E+04   1.011118E-01   4.984026E+03   4.765769E+14
  822000   8.199519E+04   1.010986E-01   4.985065E+03   4.771710E+14
  823000   8.209629E+04   1.011095E-01   4.984194E+03   4.777650E+14
  824000   8.219741E+04   1.011334E-01   4.981928E+03   4.783592E+14
  825000   8.229853E+04   1.011189E-01   4.983296E+03   4.789533E+14
  826000   8.239966E+04   1.011340E-01   4.981597E+03   4.795475E+14
  827000   8.250079E+04   1.011127E-01   4.983747E+03   4.801417E+14
  828000   8.260190E+04   1.011240E-01   4.982495E+03   4.807358E+14
  829000   8.270304E+04   1.011267E-01   4.981970E+03   4.813300E+14
  830000   8.280417E+04   1.011328E-01   4.981843E+03   4.819242E+14
  831000   8.290531E+04   1.011454E-01   4.981090E+03   4.825185E+14
  832000   8.300644E+04   1.011271E-01   4.982354E+03   4.831127E+14
  833000   8.310757E+04   1.011353E-01   4.981725E+03   4.837069E+14
  834000   8.320871E+04   1.011380E-01   4.981469E+03   4.843012E+14
  835000   8.330985E+04   1.011415E-01   4.981419E+03   4.848955E+14
  836000   8.341100E+04   1.011661E-01   4.978977E+03   4.854898E+14
  837000   8.351215E+04   1.011445E-01   4.980764E+03   4.860841E+14
  838000   8.361329E+04   1.011409E-01   4.980292E+03   4.866784E+14
  839000   8.371444E+04   1.011355E-01   4.981146E+03   4.872727E+14
  840000   8.381558E+04   1.011328E-01   4.981875E+03   4.878669E+14
  841000   8.391672E+04   1.011602E-01   4.979245E+03   4.884612E+14
  842000   8.401788E+04   1.011538E-01   4.980249E+03   4.890556E+14
  843000   8.411903E+04   1.011592E-01   4.979291E+03   4.896499E+14
  844000   8.422019E+04   1.011578E-01   4.979963E+03   4.902443E+14
  845000   8.432134E+04   1.011489E-01   4.980634E+03   4.908386E+14
  846000   8.442250E+04   1.011585E-01   4.979661E+03   4.914329E+14
  847000   8.452366E+04   1.011523E-01   4.979904E+03   4.920273E+14
  848000   8.462481E+04   1.011638E-01   4.978568E+03   4.926216E+14
  849000   8.472598E+04   1.011712E-01   4.978434E+03   4.932161E+14
  850000   8.482714E+04   1.011558E-01   4.979304E+03   4.938105E+14
  851000   8.492831E+04   1.011710E-01   4.978210E+03   4.944049E+14
  852000   8.502948E+04   1.011579E-01   4.979713E+03   4.949993E+14
  853000   8.513064E+04   1.011907E-01   4.976726E+03   4.955937E+14
  854000   8.523183E+04   1.011773E-01   4.977663E+03   4.961883E+14
  855000   8.533300E+04   1.011710E-01   4.977940E+03   4.967827E+14
  856000   8.543418E+04   1.011799E-01   4.977871E+03   4.973772E+14
  857000   8.553535E+04   1.011633E-01   4.979149E+03   4.979716E+14
  858000   8.563652E+04   1.011812E-01   4.977718E+03   4.985661E+14
  859000   8.573770E+04   1.011839E-01   4.976983E+03   4.991606E+14
  860000   8.583888E+04   1.011768E-01   4.977328E+03   4.997550E+14
  861000   8.594007E+04   1.011987E-01   4.975597E+03   5.003496E+14
  862000   8.604125E+04   1.011818E-01   4.977700E+03   5.009441E+14
  863000   8.614244E+04   1.011906E-01   4.976634E+03   5.015387E+14
  864000   8.624363E+04   1.011753E-01   4.977518E+03   5.021332E+14
  865000   8.634481E+04   1.011902E-01   4.976125E+03   5.027277E+14
  866000   8.644601E+04   1.012048E-01   4.975392E+03   5.033223E+14
  867000   8.654720E+04   1.011888E-01   4.976285E+03   5.039169E+14
  868000   8.664840E+04   1.012030E-01   4.975662E+03   5.045115E+14
  869000   8.674960E+04   1.011906E-01   4.976364E+03   5.051061E+14
  870000   8.685079E+04   1.012038E-01   4.975528E+03   5.057006E+14
  871000   8.695200E+04   1.012175E-01   4.974000E+03   5.062953E+14
  872000   8.705320E+04   1.012030E-01   4.975500E+03   5.068899E+14
  873000   8.715441E+04   1.012142E-01   4.973692E+03   5.074846E+14
  874000   8.725563E+04   1.012014E-01   4.975013E+03   5.080793E+14
  875000   8.735683E+04   1.012087E-01   4.974703E+03   5.086739E+14
  876000   8.745805E+04   1.012160E-01   4.973425E+03   5.092686E+14
  877000   8.755926E+04   1.012152E-01   4.973915E+03   5.098633E+14
  878000   8.766049E+04   1.012378E-01   4.972024E+03   5.104581E+14
  879000   8.776172E+04   1.012298E-01   4.973146E+03   5.110529E+14
  880000   8.786295E+04   1.012256E-01   4.973528E+03   5.116477E+14
  881000   8.796417E+04   1.012182E-01   4.973627E+03   5.122424E+14
  882000   8.806539E+04   1.012193E-01   4.973886E+03   5.128371E+14
  883000   8.816661E+04   1.012321E-01   4.972324E+03   5.134319E+14
  884000   8.826784E+04   1.012292E-01   4.973037E+03   5.140267E+14
  885000   8.836907E+04   1.012247E-01   4.972631E+03   5.146214E+14
  886000   8.847031E+04   1.012308E-01   4.972137E+03   5.152163E+14
  887000   8.857153E+04   1.012259E-01   4.973414E+03   5.158110E+14
  888000   8.867277E+04   1.012474E-01   4.971173E+03   5.164058E+14
  889000   8.877400E+04   1.012331E-01   4.972749E+03   5.170006E+14
  890000   8.887523E+04   1.012365E-01   4.971420E+03   5.175954E+14
  891000   8.897648E+04   1.012453E-01   4.971413E+03   5.181903E+14
  892000   8.907772E+04   1.012324E-01   4.972518E+03   5.187852E+14
  893000   8.917896E+04   1.012481E-01   4.971332E+03   5.193800E+14
  894000   8.928021E+04   1.012420E-01   4.971449E+03   5.199749E+14
  895000   8.938145E+04   1.012428E-01   4.970870E+03   5.205697E+14
  896000   8.948270E+04   1.012635E-01   4.969908E+03   5.211647E+14
  897000   8.958395E+04   1.012450E-01   4.971498E+03   5.217596E+14
  898000   8.968521E+04   1.012597E-01   4.969984E+03   5.223545E+14
  899000   8.978646E+04   1.012415E-01   4.971397E+03   5.229494E+14
  900000   8.988770E+04   1.012568E-01   4.969845E+03   5.235443E+14
  901000   8.998897E+04   1.012631E-01   4.969992E+03   5.241392E+14
  902000   9.009022E+04   1.012536E-01   4.969806E+03   5.247342E+14
  903000   9.019149E+04   1.012778E-01   4.968546E+03   5.253292E+14
  904000   9.029276E+04   1.012556E-01   4.969866E+03   5.259242E+14
  905000   9.039402E+04   1.012679E-01   4.969414E+03   5.265192E+14
  906000   9.049529E+04   1.012672E-01   4.969168E+03   5.271142E+14
  907000   9.059655E+04   1.012533E-01   4.970149E+03   5.277091E+14
  908000   9.069781E+04   1.012767E-01   4.968195E+03   5.283041E+14
  909000   9.079908E+04   1.012561E-01   4.969861E+03   5.288991E+14
  910000   9.090035E+04   1.012711E-01   4.968839E+03   5.294941E+14
  911000   9.100162E+04   1.012713E-01   4.968336E+03   5.300892E+14
  912000   9.110289E+04   1.012690E-01   4.968744E+03   5.306842E+14
  913000   9.120417E+04   1.012881E-01   4.967417E+03   5.312792E+14
  914000   9.130545E+04   1.012788E-01   4.968272E+03   5.318743E+14
  915000   9.140673E+04   1.012921E-01   4.967221E+03   5.324694E+14
  916000   9.150802E+04   1.012822E-01   4.967404E+03   5.330646E+14
  917000   9.160931E+04   1.012849E-01   4.967792E+03   5.336597E+14
  918000   9.171059E+04   1.012915E-01   4.966822E+03   5.342548E+14
  919000   9.181188E+04   1.012876E-01   4.967407E+03   5.348499E+14
  920000   9.191317E+04   1.012976E-01   4.965856E+03   5.354450E+14
  921000   9.201448E+04   1.012932E-01   4.965995E+03   5.360403E+14
  922000   9.211577E+04   1.012938E-01   4.966922E+03   5.366354E+14
  923000   9.221707E+04   1.013080E-01   4.965335E+03   5.372306E+14
  924000   9.231837E+04   1.012878E-01   4.967197E+03   5.378258E+14
  925000   9.241966E+04   1.012998E-01   4.965585E+03   5.384209E+14
  926000   9.252097E+04   1.013040E-01   4.965887E+03   5.390162E+14
  927000   9.262227E+04   1.013073E-01   4.965711E+03   5.396114E+14
  928000   9.272358E+04   1.013194E-01   4.964489E+03   5.402066E+14
  929000   9.282490E+04   1.013075E-01   4.965396E+03   5.408019E+14
  930000   9.292620E+04   1.013026E-01   4.965364E+03   5.413971E+14
  931000   9.302751E+04   1.013123E-01   4.965152E+03   5.419924E+14
  932000   9.312882E+04   1.013054E-01   4.965547E+03   5.425876E+14
  933000   9.323013E+04   1.013174E-01   4.964097E+03   5.431829E+14
  934000   9.333144E+04   1.013017E-01   4.965842E+03   5.437781E+14
  935000   9.343275E+04   1.013158E-01   4.964454E+03   5.443733E+14
  936000   9.353406E+04   1.013101E-01   4.965362E+03   5.449686E+14
  937000   9.363537E+04   1.013110E-01   4.964538E+03   5.455639E+14
  938000   9.373669E+04   1.013285E-01   4.963469E+03   5.461592E+14
  939000   9.383802E+04   1.013174E-01   4.964292E+03   5.467545E+14
  940000   9.393934E+04   1.013338E-01   4.963059E+03   5.473499E+14
  941000   9.404067E+04   1.013266E-01   4.963615E+03   5.479452E+14
  942000   9.414199E+04   1.013123E-01   4.964547E+03   5.485405E+14
  943000   9.424331E+04   1.013365E-01   4.962940E+03   5.491359E+14
  944000   9.434464E+04   1.013233E-01   4.963844E+03   5.497312E+14
  945000   9.444597E+04   1.013457E-01   4.961948E+03   5.503266E+14
  946000   9.454732E+04   1.013327E-01   4.962590E+03   5.509220E+14
  947000   9.464864E+04   1.013264E-01   4.963264E+03   5.515174E+14
  948000   9.474998E+04   1.013378E-01   4.962773E+03   5.521128E+14
  949000   9.485131E+04   1.013280E-01   4.963470E+03   5.527082E+14
  950000   9.495265E+04   1.013456E-01   4.961965E+03   5.533036E+14
  951000   9.505399E+04   1.013361E-01   4.962458E+03   5.538990E+14
  952000   9.515533E+04   1.013442E-01   4.962063E+03   5.544944E+14
  953000   9.525667E+04   1.013483E-01   4.961704E+03   5.550899E+14
  954000   9.535801E+04   1.013351E-01   4.962810E+03   5.556853E+14
  955000   9.545935E+04   1.013506E-01   4.961249E+03   5.562807E+14
  956000   9.556071E+04   1.013434E-01   4.961414E+03   5.568762E+14
  957000   9.566205E+04   1.013519E-01   4.961079E+03   5.574717E+14
  958000   9.576341E+04   1.013592E-01   4.960254E+03   5.580672E+14
  959000   9.586475E+04   1.013341E-01   4.962582E+03   5.586627E+14
  960000   9.596610E+04   1.013522E-01   4.960936E+03   5.592581E+14
  961000   9.606745E+04   1.013520E-01   4.961315E+03   5.598536E+14
  962000   9.616881E+04   1.013656E-01   4.960070E+03   5.604491E+14
  963000   9.627018E+04   1.013740E-01   4.959220E+03   5.610447E+14
  964000   9.637155E+04   1.013675E-01   4.959919E+03   5.616403E+14
  965000   9.647291E+04   1.013669E-01   4.959533E+03   5.622359E+14
  966000   9.657428E+04   1.013650E-01   4.960032E+03   5.628315E+14
  967000   9.667565E+04   1.013644E-01   4.959869E+03   5.634271E+14
  968000   9.677702E+04   1.013770E-01   4.958479E+03   5.640227E+14
  969000   9.687839E+04   1.013737E-01   4.959225E+03   5.646183E+14
  970000   9.697977E+04   1.013898E-01   4.957678E+03   5.652139E+14
  971000   9.708115E+04   1.013673E-01   4.959886E+03   5.658096E+14
  972000   9.718252E+04   1.013710E-01   4.959087E+03   5.664052E+14
  973000   9.728390E+04   1.013757E-01   4.958549E+03   5.670008E+14
  974000   9.738527E+04   1.013799E-01   4.958717E+03   5.675965E+14
  975000   9.748666E+04   1.013932E-01   4.957518E+03   5.681921E+14
  976000   9.758804E+04   1.013771E-01   4.958862E+03   5.687878E+14
  977000   9.768941E+04   1.013689E-01   4.959147E+03   5.693834E+14
  978000   9.779079E+04   1.013844E-01   4.958073E+03   5.699791E+14
  979000   9.789217E+04   1.013780E-01   4.958796E+03   5.705748E+14
  980000   9.799356E+04   1.014021E-01   4.956665E+03   5.711704E+14
  981000   9.809496E+04   1.013938E-01   4.957316E+03   5.717662E+14
  982000   9.819634E+04   1.013913E-01   4.957087E+03   5.723619E+14
  983000   9.829774E+04   1.013876E-01   4.957640E+03   5.729576E+14
  984000   9.839912E+04   1.013803E-01   4.958560E+03   5.735533E+14
  985000   9.850051E+04   1.013987E-01   4.956870E+03   5.741490E+14
  986000   9.860191E+04   1.013964E-01   4.957115E+03   5.747448E+14
  987000   9.870330E+04   1.014057E-01   4.955898E+03   5.753405E+14
  988000   9.880471E+04   1.014046E-01   4.956411E+03   5.759363E+14
  989000   9.890611E+04   1.013901E-01   4.957394E+03   5.765321E+14
  990000   9.900751E+04   1.014122E-01   4.955789E+03   5.771279E+14
  991000   9.910892E+04   1.013971E-01   4.956414E+03   5.777237E+14
  992000   9.921032E+04   1.014104E-01   4.955386E+03   5.783195E+14
  993000   9.931174E+04   1.014175E-01   4.954928E+03   5.789154E+14
  994000   9.941314E+04   1.013959E-01   4.956500E+03   5.795111E+14
  995000   9.951455E+04   1.014193E-01   4.955087E+03   5.801070E+14
  996000   9.961596E+04   1.013995E-01   4.956456E+03   5.807028E+14
  997000   9.971737E+04   1.014189E-01   4.954964E+03   5.812986E+14
  998000   9.981879E+04   1.014248E-01   4.954461E+03   5.818945E+14
  999000   9.992021E+04   1.014200E-01   4.954623E+03   5.824904E+14
      nt           time          dtime       max(rho)       shockpos
 1000000   1.000216E+05   1.014221E-01   4.954664E+03   5.830863E+14
 1001000   1.001230E+05   1.014083E-01   4.955816E+03   5.836822E+14
 1002000   1.002245E+05   1.014156E-01   4.955055E+03   5.842780E+14
 1003000   1.003259E+05   1.014252E-01   4.953987E+03   5.848739E+14
 1004000   1.004273E+05   1.014231E-01   4.954055E+03   5.854698E+14
 1005000   1.005287E+05   1.014464E-01   4.952379E+03   5.860658E+14
 1006000   1.006302E+05   1.014259E-01   4.954351E+03   5.866618E+14
 1007000   1.007316E+05   1.014395E-01   4.952909E+03   5.872577E+14
 1008000   1.008330E+05   1.014262E-01   4.953494E+03   5.878537E+14
 1009000   1.009345E+05   1.014347E-01   4.953390E+03   5.884496E+14
 1010000   1.010359E+05   1.014502E-01   4.951979E+03   5.890456E+14
 1011000   1.011374E+05   1.014418E-01   4.952909E+03   5.896417E+14
 1012000   1.012388E+05   1.014400E-01   4.952650E+03   5.902377E+14
 1013000   1.013402E+05   1.014381E-01   4.952665E+03   5.908337E+14
 1014000   1.014417E+05   1.014385E-01   4.953128E+03   5.914297E+14
 1015000   1.015431E+05   1.014615E-01   4.951137E+03   5.920257E+14
 1016000   1.016446E+05   1.014520E-01   4.951978E+03   5.926218E+14
 1017000   1.017460E+05   1.014535E-01   4.951288E+03   5.932179E+14
 1018000   1.018475E+05   1.014445E-01   4.952214E+03   5.938140E+14
 1019000   1.019489E+05   1.014461E-01   4.952405E+03   5.944100E+14
 1020000   1.020504E+05   1.014515E-01   4.951402E+03   5.950061E+14
 1021000   1.021518E+05   1.014494E-01   4.952118E+03   5.956021E+14
 1022000   1.022533E+05   1.014605E-01   4.950518E+03   5.961982E+14
 1023000   1.023547E+05   1.014620E-01   4.951128E+03   5.967944E+14
 1024000   1.024562E+05   1.014555E-01   4.951501E+03   5.973905E+14
 1025000   1.025577E+05   1.014581E-01   4.950951E+03   5.979866E+14
 1026000   1.026591E+05   1.014456E-01   4.952105E+03   5.985827E+14
 1027000   1.027606E+05   1.014584E-01   4.950486E+03   5.991787E+14
 1028000   1.028620E+05   1.014711E-01   4.950186E+03   5.997749E+14
 1029000   1.029635E+05   1.014563E-01   4.950791E+03   6.003710E+14
 1030000   1.030650E+05   1.014751E-01   4.949540E+03   6.009672E+14
 1031000   1.031664E+05   1.014631E-01   4.950725E+03   6.015634E+14
 1032000   1.032679E+05   1.014840E-01   4.948992E+03   6.021595E+14
 1033000   1.033694E+05   1.014775E-01   4.949529E+03   6.027558E+14
 1034000   1.034708E+05   1.014749E-01   4.949217E+03   6.033520E+14
 1035000   1.035723E+05   1.014823E-01   4.949089E+03   6.039482E+14
 1036000   1.036738E+05   1.014736E-01   4.949735E+03   6.045444E+14
 1037000   1.037753E+05   1.014801E-01   4.949118E+03   6.051407E+14
 1038000   1.038768E+05   1.014734E-01   4.949404E+03   6.057369E+14
 1039000   1.039782E+05   1.014733E-01   4.949006E+03   6.063331E+14
 1040000   1.040797E+05   1.014995E-01   4.947481E+03   6.069294E+14
 1041000   1.041812E+05   1.014821E-01   4.949129E+03   6.075256E+14
 1042000   1.042827E+05   1.014971E-01   4.947628E+03   6.081219E+14
 1043000   1.043842E+05   1.014739E-01   4.948977E+03   6.087182E+14
 1044000   1.044857E+05   1.014858E-01   4.948224E+03   6.093144E+14
 1045000   1.045872E+05   1.014989E-01   4.947443E+03   6.099107E+14
 1046000   1.046886E+05   1.014901E-01   4.948102E+03   6.105070E+14
 1047000   1.047901E+05   1.015011E-01   4.947109E+03   6.111034E+14
 1048000   1.048916E+05   1.014967E-01   4.947219E+03   6.116997E+14
 1049000   1.049931E+05   1.015000E-01   4.947363E+03   6.122961E+14
 1050000   1.050946E+05   1.015071E-01   4.946670E+03   6.128924E+14
 1051000   1.051961E+05   1.014940E-01   4.947592E+03   6.134888E+14
 1052000   1.052976E+05   1.015087E-01   4.946068E+03   6.140851E+14
 1053000   1.053992E+05   1.015020E-01   4.946814E+03   6.146816E+14
 1054000   1.055007E+05   1.015142E-01   4.946151E+03   6.152779E+14
 1055000   1.056022E+05   1.015081E-01   4.945921E+03   6.158744E+14
 1056000   1.057037E+05   1.015053E-01   4.946374E+03   6.164707E+14
 1057000   1.058052E+05   1.015251E-01   4.944656E+03   6.170672E+14
 1058000   1.059067E+05   1.015188E-01   4.945752E+03   6.176637E+14
 1059000   1.060082E+05   1.015240E-01   4.945194E+03   6.182601E+14
 1060000   1.061098E+05   1.015181E-01   4.944993E+03   6.188566E+14
 1061000   1.062113E+05   1.015136E-01   4.946045E+03   6.194531E+14
 1062000   1.063128E+05   1.015188E-01   4.945062E+03   6.200495E+14
 1063000   1.064143E+05   1.015186E-01   4.945710E+03   6.206460E+14
 1064000   1.065158E+05   1.015163E-01   4.945216E+03   6.212424E+14
 1065000   1.066174E+05   1.015301E-01   4.944072E+03   6.218390E+14
 1066000   1.067189E+05   1.015236E-01   4.945141E+03   6.224355E+14
 1067000   1.068204E+05   1.015348E-01   4.944072E+03   6.230320E+14
 1068000   1.069219E+05   1.015210E-01   4.945273E+03   6.236284E+14
 1069000   1.070235E+05   1.015268E-01   4.944144E+03   6.242249E+14
 1070000   1.071250E+05   1.015318E-01   4.944209E+03   6.248215E+14
 1071000   1.072265E+05   1.015364E-01   4.944042E+03   6.254180E+14
 1072000   1.073281E+05   1.015411E-01   4.943139E+03   6.260146E+14
 1073000   1.074296E+05   1.015365E-01   4.943781E+03   6.266112E+14
 1074000   1.075311E+05   1.015347E-01   4.943362E+03   6.272077E+14
 1075000   1.076327E+05   1.015462E-01   4.943001E+03   6.278043E+14
 1076000   1.077342E+05   1.015359E-01   4.943857E+03   6.284009E+14
 1077000   1.078358E+05   1.015581E-01   4.941716E+03   6.289975E+14
 1078000   1.079373E+05   1.015348E-01   4.943347E+03   6.295942E+14
 1079000   1.080388E+05   1.015466E-01   4.942451E+03   6.301907E+14
 1080000   1.081404E+05   1.015499E-01   4.942632E+03   6.307874E+14
 1081000   1.082419E+05   1.015461E-01   4.942532E+03   6.313840E+14
 1082000   1.083435E+05   1.015644E-01   4.941167E+03   6.319807E+14
 1083000   1.084451E+05   1.015577E-01   4.941540E+03   6.325774E+14
 1084000   1.085466E+05   1.015648E-01   4.941308E+03   6.331741E+14
 1085000   1.086482E+05   1.015623E-01   4.941446E+03   6.337708E+14
 1086000   1.087497E+05   1.015488E-01   4.942287E+03   6.343675E+14
 1087000   1.088513E+05   1.015647E-01   4.941212E+03   6.349642E+14
 1088000   1.089529E+05   1.015545E-01   4.941950E+03   6.355609E+14
 1089000   1.090544E+05   1.015748E-01   4.940196E+03   6.361576E+14
 1090000   1.091560E+05   1.015665E-01   4.940470E+03   6.367544E+14
 1091000   1.092576E+05   1.015591E-01   4.941024E+03   6.373511E+14
 1092000   1.093591E+05   1.015766E-01   4.940136E+03   6.379479E+14
 1093000   1.094607E+05   1.015658E-01   4.941132E+03   6.385446E+14
 1094000   1.095623E+05   1.015861E-01   4.939285E+03   6.391414E+14
 1095000   1.096639E+05   1.015802E-01   4.939268E+03   6.397383E+14
 1096000   1.097654E+05   1.015781E-01   4.939795E+03   6.403351E+14
 1097000   1.098670E+05   1.015856E-01   4.938980E+03   6.409319E+14
 1098000   1.099686E+05   1.015806E-01   4.939819E+03   6.415287E+14
 1099000   1.100702E+05   1.015872E-01   4.938862E+03   6.421256E+14
 1100000   1.101718E+05   1.015904E-01   4.938322E+03   6.427225E+14
 1101000   1.102734E+05   1.015903E-01   4.938693E+03   6.433193E+14
 1102000   1.103750E+05   1.016022E-01   4.937735E+03   6.439162E+14
 1103000   1.104766E+05   1.015810E-01   4.939536E+03   6.445131E+14
 1104000   1.105781E+05   1.015904E-01   4.938525E+03   6.451099E+14
 1105000   1.106797E+05   1.015857E-01   4.938992E+03   6.457068E+14
 1106000   1.107813E+05   1.016013E-01   4.937704E+03   6.463037E+14
 1107000   1.108829E+05   1.016090E-01   4.936816E+03   6.469007E+14
 1108000   1.109845E+05   1.016015E-01   4.937886E+03   6.474976E+14
 1109000   1.110861E+05   1.015984E-01   4.937591E+03   6.480945E+14
 1110000   1.111877E+05   1.015975E-01   4.937946E+03   6.486915E+14
 1111000   1.112893E+05   1.015950E-01   4.938203E+03   6.492884E+14
 1112000   1.113909E+05   1.016150E-01   4.936330E+03   6.498854E+14
 1113000   1.114925E+05   1.016005E-01   4.937734E+03   6.504823E+14
 1114000   1.115941E+05   1.016105E-01   4.936355E+03   6.510793E+14
 1115000   1.116957E+05   1.016040E-01   4.937266E+03   6.516763E+14
 1116000   1.117974E+05   1.016048E-01   4.937162E+03   6.522732E+14
 1117000   1.118990E+05   1.016150E-01   4.936163E+03   6.528702E+14
 1118000   1.120006E+05   1.016211E-01   4.935989E+03   6.534673E+14
 1119000   1.121022E+05   1.016305E-01   4.935015E+03   6.540643E+14
 1120000   1.122038E+05   1.016251E-01   4.935679E+03   6.546614E+14
 1121000   1.123055E+05   1.016141E-01   4.936226E+03   6.552585E+14
 1122000   1.124071E+05   1.016280E-01   4.935336E+03   6.558555E+14
 1123000   1.125087E+05   1.016222E-01   4.935634E+03   6.564526E+14
 1124000   1.126103E+05   1.016446E-01   4.933651E+03   6.570497E+14
 1125000   1.127120E+05   1.016334E-01   4.934487E+03   6.576469E+14
 1126000   1.128136E+05   1.016268E-01   4.934665E+03   6.582440E+14
 1127000   1.129152E+05   1.016360E-01   4.934323E+03   6.588411E+14
 1128000   1.130169E+05   1.016236E-01   4.935688E+03   6.594382E+14
 1129000   1.131185E+05   1.016425E-01   4.933937E+03   6.600353E+14
 1130000   1.132201E+05   1.016408E-01   4.934029E+03   6.606325E+14
 1131000   1.133218E+05   1.016416E-01   4.933496E+03   6.612297E+14
 1132000   1.134234E+05   1.016513E-01   4.933082E+03   6.618269E+14
 1133000   1.135251E+05   1.016396E-01   4.934187E+03   6.624241E+14
 1134000   1.136267E+05   1.016487E-01   4.933272E+03   6.630213E+14
 1135000   1.137284E+05   1.016510E-01   4.932828E+03   6.636185E+14
 1136000   1.138300E+05   1.016530E-01   4.932549E+03   6.642157E+14
 1137000   1.139317E+05   1.016647E-01   4.931956E+03   6.648130E+14
 1138000   1.140333E+05   1.016446E-01   4.933462E+03   6.654102E+14
 1139000   1.141350E+05   1.016622E-01   4.932124E+03   6.660075E+14
 1140000   1.142366E+05   1.016479E-01   4.932948E+03   6.666047E+14
 1141000   1.143383E+05   1.016646E-01   4.931593E+03   6.672020E+14
 1142000   1.144400E+05   1.016735E-01   4.931035E+03   6.677993E+14
 1143000   1.145416E+05   1.016656E-01   4.931495E+03   6.683966E+14
 1144000   1.146433E+05   1.016753E-01   4.930811E+03   6.689940E+14
 1145000   1.147450E+05   1.016611E-01   4.931678E+03   6.695913E+14
 1146000   1.148466E+05   1.016639E-01   4.931828E+03   6.701886E+14
 1147000   1.149483E+05   1.016839E-01   4.930149E+03   6.707860E+14
 1148000   1.150500E+05   1.016721E-01   4.931011E+03   6.713833E+14
 1149000   1.151517E+05   1.016860E-01   4.929543E+03   6.719807E+14
 1150000   1.152533E+05   1.016716E-01   4.930826E+03   6.725781E+14
 1151000   1.153550E+05   1.016773E-01   4.930621E+03   6.731755E+14
 1152000   1.154567E+05   1.016766E-01   4.930203E+03   6.737729E+14
 1153000   1.155584E+05   1.016787E-01   4.930489E+03   6.743702E+14
 1154000   1.156600E+05   1.016853E-01   4.929663E+03   6.749677E+14
 1155000   1.157617E+05   1.016818E-01   4.930265E+03   6.755651E+14
 1156000   1.158634E+05   1.016849E-01   4.929860E+03   6.761625E+14
 1157000   1.159651E+05   1.016867E-01   4.929403E+03   6.767599E+14
 1158000   1.160668E+05   1.016834E-01   4.929995E+03   6.773574E+14
 1159000   1.161685E+05   1.016986E-01   4.928263E+03   6.779548E+14
 1160000   1.162702E+05   1.016987E-01   4.928779E+03   6.785523E+14
 1161000   1.163719E+05   1.016975E-01   4.928292E+03   6.791498E+14
 1162000   1.164736E+05   1.016993E-01   4.927994E+03   6.797474E+14
 1163000   1.165753E+05   1.016920E-01   4.929293E+03   6.803448E+14
 1164000   1.166770E+05   1.017091E-01   4.927629E+03   6.809423E+14
 1165000   1.167787E+05   1.017042E-01   4.928173E+03   6.815399E+14
 1166000   1.168804E+05   1.017058E-01   4.927452E+03   6.821374E+14
 1167000   1.169821E+05   1.017178E-01   4.927006E+03   6.827350E+14
 1168000   1.170838E+05   1.017120E-01   4.927374E+03   6.833326E+14
 1169000   1.171855E+05   1.017204E-01   4.926623E+03   6.839302E+14
 1170000   1.172872E+05   1.017137E-01   4.927085E+03   6.845278E+14
 1171000   1.173890E+05   1.017093E-01   4.926998E+03   6.851254E+14
 1172000   1.174907E+05   1.017256E-01   4.926155E+03   6.857230E+14
 1173000   1.175924E+05   1.017180E-01   4.926784E+03   6.863207E+14
 1174000   1.176941E+05   1.017348E-01   4.925176E+03   6.869183E+14
 1175000   1.177958E+05   1.017167E-01   4.926574E+03   6.875160E+14
 1176000   1.178976E+05   1.017256E-01   4.925585E+03   6.881136E+14
 1177000   1.179993E+05   1.017329E-01   4.925527E+03   6.887113E+14
 1178000   1.181010E+05   1.017251E-01   4.925972E+03   6.893090E+14
 1179000   1.182028E+05   1.017382E-01   4.924931E+03   6.899067E+14
 1180000   1.183045E+05   1.017285E-01   4.925456E+03   6.905044E+14
 1181000   1.184062E+05   1.017321E-01   4.925336E+03   6.911021E+14
 1182000   1.185080E+05   1.017428E-01   4.924563E+03   6.916998E+14
 1183000   1.186097E+05   1.017287E-01   4.925551E+03   6.922975E+14
