Started: 2026-06-22T18:25:48.307848
Command: ./snec (cwd=/Users/arifchu/Desktop/GitHub/supernova_theory/snec/runs/model_variants/wn3_sce_radius_m0p01_r50_e1_ni050)


 ***********************************
 * Supernova Explosion Code (SNEC) *
 ***********************************

 Removing output directory contents: Data
 Using the Paczynski EOS!
 Profile file: profiles/generated/avishai_wn3_ext_m0p01_r50.short
 We have         1177 profile zones.
 We have         1177 composition profile zones.
************************************************************
 Operating in Thermal Bomb Mode  1
 Bomb energy is spread over =           21 points
 Total energy of the model =   -1.1784029727250074E+051  ergs
 Total energy of the bomb =    2.1784029727250074E+051  ergs
************************************************************
 composing opacity tables from OPAL (may take a few minutes)...
 finished composing opacity tables
      nt           time          dtime       max(rho)       shockpos
       0   0.000000E+00   1.025000E-08   4.759366E+07   1.454745E+08
    1000   2.240026E-01   7.179621E-04   6.180426E+06   5.218419E+08
    2000   3.528885E+00   7.982744E-03   8.771005E+04   3.771338E+09
    3000   1.221922E+01   9.819402E-03   4.525041E+04   9.978457E+09
    4000   2.121655E+01   8.849753E-03   3.227389E+04   1.659114E+10
    5000   2.849621E+01   6.069579E-03   2.169220E+04   2.232185E+10
    6000   3.383614E+01   4.740436E-03   1.608341E+04   2.694766E+10
    7000   3.864730E+01   5.566878E-03   1.258376E+04   3.186549E+10
    8000   4.841836E+01   1.742546E-02   8.043180E+03   6.883759E+10
    9000   8.717723E+01   6.300557E-02   2.411419E+03   1.793555E+11
   10000   1.753298E+02   1.156772E-01   6.626280E+02   3.942211E+11
   11000   3.260258E+02   1.756600E-01   2.323774E+02   7.114116E+11
   12000   4.961996E+02   1.670884E-01   1.260034E+02   1.040176E+12
   13000   6.576329E+02   1.589455E-01   8.838785E+01   1.325520E+12
   14000   8.141476E+02   1.542417E-01   7.031255E+01   1.606689E+12
   15000   9.677751E+02   1.520492E-01   6.056193E+01   1.885444E+12
   16000   1.119074E+03   1.502806E-01   5.474843E+01   2.132821E+12
   17000   1.268622E+03   1.486663E-01   5.176711E+01   2.379787E+12
   18000   1.416575E+03   1.468428E-01   5.081421E+01   2.623023E+12
   19000   1.563162E+03   1.460484E-01   5.154790E+01   2.861494E+12
   20000   1.708828E+03   1.454504E-01   5.379465E+01   3.094223E+12
   21000   1.853737E+03   1.444840E-01   5.787491E+01   3.319850E+12
 finished tracing the shock position
 Time of breakout is   1963.9460832871564     
   22000   1.997714E+03   1.436553E-01   6.391408E+01   3.571551E+12
   23000   2.141118E+03   1.430417E-01   7.325248E+01   3.997600E+12
   24000   2.283848E+03   1.424185E-01   8.655497E+01   4.454597E+12
   25000   2.426124E+03   1.421799E-01   1.064072E+02   4.924530E+12
   26000   2.568160E+03   1.418796E-01   1.350415E+02   5.402419E+12
   27000   2.709911E+03   1.415661E-01   1.766829E+02   5.885397E+12
   28000   2.851267E+03   1.417619E-01   2.333558E+02   6.371505E+12
   29000   3.002213E+03   1.658540E-01   3.034955E+02   6.894426E+12
   30000   3.189484E+03   2.109080E-01   3.620965E+02   7.547506E+12
   31000   3.428519E+03   2.699326E-01   3.361516E+02   8.386499E+12
   32000   3.721769E+03   3.076379E-01   2.449754E+02   9.422050E+12
   33000   4.060295E+03   3.705532E-01   1.684069E+02   1.062385E+13
   34000   4.490254E+03   4.939169E-01   1.304431E+02   1.215739E+13
   35000   4.997449E+03   4.621972E-01   1.343659E+02   1.397383E+13
   36000   5.422399E+03   3.969130E-01   1.712734E+02   1.550036E+13
   37000   5.799116E+03   3.615665E-01   2.184971E+02   1.685648E+13
   38000   6.167513E+03   3.829358E-01   2.454547E+02   1.818491E+13
   39000   6.537694E+03   3.714901E-01   2.200251E+02   1.952179E+13
   40000   6.925177E+03   4.039019E-01   1.872530E+02   2.092316E+13
   41000   7.352589E+03   4.517925E-01   1.662504E+02   2.247109E+13
   42000   7.816800E+03   4.545000E-01   1.658846E+02   2.415464E+13
   43000   8.249398E+03   4.148408E-01   1.841102E+02   2.572549E+13
   44000   8.659674E+03   4.091002E-01   2.032554E+02   2.721685E+13
   45000   9.072243E+03   4.164447E-01   2.093087E+02   2.871792E+13
   46000   9.483301E+03   4.094084E-01   2.004271E+02   3.021474E+13
   47000   9.901336E+03   4.301459E-01   1.863163E+02   3.173811E+13
   48000   1.034277E+04   4.476725E-01   1.823030E+02   3.334789E+13
   49000   1.078568E+04   4.352947E-01   1.853138E+02   3.496412E+13
   50000   1.121348E+04   4.212218E-01   1.943412E+02   3.652614E+13
   51000   1.163117E+04   4.175337E-01   2.033065E+02   3.805205E+13
   52000   1.205157E+04   4.212231E-01   2.048651E+02   3.958857E+13
   53000   1.247165E+04   4.197156E-01   2.021730E+02   4.112460E+13
   54000   1.289394E+04   4.265334E-01   1.976973E+02   4.266934E+13
   55000   1.332337E+04   4.300744E-01   1.968432E+02   4.424082E+13
   56000   1.375025E+04   4.240519E-01   1.991449E+02   4.580349E+13
   57000   1.417240E+04   4.215959E-01   2.025765E+02   4.734937E+13
   58000   1.459430E+04   4.218587E-01   2.039535E+02   4.889477E+13
   59000   1.501620E+04   4.212178E-01   2.035757E+02   5.044063E+13
   60000   1.543721E+04   4.222458E-01   2.000574E+02   5.198361E+13
   61000   1.586331E+04   4.292252E-01   1.978325E+02   5.354568E+13
   62000   1.629196E+04   4.280072E-01   1.983332E+02   5.511743E+13
   63000   1.671999E+04   4.270455E-01   1.982623E+02   5.668725E+13
   64000   1.714731E+04   4.296258E-01   1.954493E+02   5.825482E+13
   65000   1.757911E+04   4.335257E-01   1.942793E+02   5.983912E+13
   66000   1.801213E+04   4.324495E-01   1.945997E+02   6.142818E+13
   67000   1.844395E+04   4.323002E-01   1.952936E+02   6.301313E+13
   68000   1.887521E+04   4.308707E-01   1.937257E+02   6.459630E+13
   69000   1.930734E+04   4.341793E-01   1.903738E+02   6.618293E+13
   70000   1.974400E+04   4.388772E-01   1.877590E+02   6.778639E+13
   71000   2.018498E+04   4.408794E-01   1.873558E+02   6.940599E+13
   72000   2.062386E+04   4.365452E-01   1.889673E+02   7.101807E+13
   73000   2.105898E+04   4.348523E-01   1.914602E+02   7.261657E+13
   74000   2.149437E+04   4.351809E-01   1.918435E+02   7.421626E+13
   75000   2.193013E+04   4.365134E-01   1.907041E+02   7.581748E+13
   76000   2.236737E+04   4.382239E-01   1.896816E+02   7.742432E+13
   77000   2.280621E+04   4.389490E-01   1.894148E+02   7.903725E+13
   78000   2.324464E+04   4.385780E-01   1.897899E+02   8.064883E+13
   79000   2.368311E+04   4.391020E-01   1.891293E+02   8.226070E+13
   80000   2.412213E+04   4.378641E-01   1.893474E+02   8.387477E+13
   81000   2.455887E+04   4.354705E-01   1.907610E+02   8.548060E+13
   82000   2.499329E+04   4.340508E-01   1.924659E+02   8.707807E+13
   83000   2.542756E+04   4.348310E-01   1.931372E+02   8.867509E+13
   84000   2.586181E+04   4.345570E-01   1.922234E+02   9.027219E+13
   85000   2.629721E+04   4.366096E-01   1.912668E+02   9.187367E+13
   86000   2.673416E+04   4.367975E-01   1.912131E+02   9.348094E+13
   87000   2.717020E+04   4.354267E-01   1.917848E+02   9.508500E+13
   88000   2.760544E+04   4.355212E-01   1.923737E+02   9.668622E+13
   89000   2.804095E+04   4.350639E-01   1.923553E+02   9.828855E+13
   90000   2.847550E+04   4.340531E-01   1.929820E+02   9.988743E+13
   91000   2.890891E+04   4.333479E-01   1.938220E+02   1.014822E+14
   92000   2.934247E+04   4.330756E-01   1.935963E+02   1.030777E+14
   93000   2.977602E+04   4.342241E-01   1.923651E+02   1.046732E+14
   94000   3.021140E+04   4.363309E-01   1.915870E+02   1.062755E+14
   95000   3.064796E+04   4.366279E-01   1.914137E+02   1.078823E+14
   96000   3.108433E+04   4.361519E-01   1.916364E+02   1.094884E+14
   97000   3.152020E+04   4.361561E-01   1.919305E+02   1.110928E+14
   98000   3.195629E+04   4.356334E-01   1.917897E+02   1.126980E+14
   99000   3.239175E+04   4.357554E-01   1.904096E+02   1.143010E+14
  100000   3.282884E+04   4.386241E-01   1.888131E+02   1.159101E+14
  101000   3.326850E+04   4.405372E-01   1.882053E+02   1.175287E+14
  102000   3.370749E+04   4.377463E-01   1.891234E+02   1.191448E+14
  103000   3.414448E+04   4.370911E-01   1.904058E+02   1.207537E+14
  104000   3.458195E+04   4.372010E-01   1.901893E+02   1.223644E+14
  105000   3.501926E+04   4.379932E-01   1.887840E+02   1.239746E+14
  106000   3.545858E+04   4.405494E-01   1.876679E+02   1.255922E+14
  107000   3.589979E+04   4.413120E-01   1.875162E+02   1.272168E+14
  108000   3.634094E+04   4.412110E-01   1.876365E+02   1.288412E+14
  109000   3.678221E+04   4.409773E-01   1.875968E+02   1.304661E+14
  110000   3.722332E+04   4.411266E-01   1.875451E+02   1.320904E+14
  111000   3.766454E+04   4.412180E-01   1.871979E+02   1.337153E+14
  112000   3.810602E+04   4.415359E-01   1.866264E+02   1.353411E+14
  113000   3.854819E+04   4.430372E-01   1.858917E+02   1.369694E+14
  114000   3.899160E+04   4.436204E-01   1.857264E+02   1.386024E+14
  115000   3.943511E+04   4.436479E-01   1.856037E+02   1.402357E+14
  116000   3.987880E+04   4.435923E-01   1.854170E+02   1.418697E+14
  117000   4.032252E+04   4.439158E-01   1.849346E+02   1.435039E+14
  118000   4.076694E+04   4.450131E-01   1.845219E+02   1.451407E+14
  119000   4.121124E+04   4.435210E-01   1.849431E+02   1.467770E+14
  120000   4.165455E+04   4.433892E-01   1.855497E+02   1.484097E+14
  121000   4.209798E+04   4.430934E-01   1.854472E+02   1.500429E+14
  122000   4.254113E+04   4.436447E-01   1.842758E+02   1.516750E+14
  123000   4.298595E+04   4.463300E-01   1.831563E+02   1.533133E+14
  124000   4.343235E+04   4.458958E-01   1.833183E+02   1.549575E+14
  125000   4.387707E+04   4.438413E-01   1.842682E+02   1.565955E+14
  126000   4.432059E+04   4.436578E-01   1.851737E+02   1.582290E+14
  127000   4.476459E+04   4.439261E-01   1.851343E+02   1.598643E+14
  128000   4.520852E+04   4.441552E-01   1.845585E+02   1.614994E+14
  129000   4.565306E+04   4.449696E-01   1.837990E+02   1.631368E+14
  130000   4.609886E+04   4.463340E-01   1.833458E+02   1.647787E+14
  131000   4.654500E+04   4.455688E-01   1.835364E+02   1.664220E+14
  132000   4.699018E+04   4.445990E-01   1.840734E+02   1.680617E+14
  133000   4.743456E+04   4.445148E-01   1.846545E+02   1.696984E+14
  134000   4.787906E+04   4.443212E-01   1.844296E+02   1.713356E+14
  135000   4.832376E+04   4.450067E-01   1.836592E+02   1.729735E+14
  136000   4.876950E+04   4.467341E-01   1.829079E+02   1.746153E+14
  137000   4.921626E+04   4.463093E-01   1.830149E+02   1.762608E+14
  138000   4.966258E+04   4.464235E-01   1.832574E+02   1.779047E+14
  139000   5.010907E+04   4.463255E-01   1.831699E+02   1.795492E+14
  140000   5.055569E+04   4.469570E-01   1.829032E+02   1.811942E+14
  141000   5.100248E+04   4.463109E-01   1.830073E+02   1.828398E+14
  142000   5.144890E+04   4.465712E-01   1.831955E+02   1.844840E+14
  143000   5.189533E+04   4.464005E-01   1.829131E+02   1.861283E+14
  144000   5.234207E+04   4.470521E-01   1.823771E+02   1.877737E+14
  145000   5.278952E+04   4.479694E-01   1.818925E+02   1.894217E+14
  146000   5.323754E+04   4.475377E-01   1.819796E+02   1.910718E+14
  147000   5.368495E+04   4.470505E-01   1.823468E+02   1.927196E+14
  148000   5.413189E+04   4.469670E-01   1.826937E+02   1.943657E+14
  149000   5.457892E+04   4.469274E-01   1.826161E+02   1.960121E+14
  150000   5.502593E+04   4.472021E-01   1.819953E+02   1.976584E+14
  151000   5.547349E+04   4.483337E-01   1.810394E+02   1.993068E+14
  152000   5.592268E+04   4.495545E-01   1.806210E+02   2.009611E+14
  153000   5.637148E+04   4.479995E-01   1.811812E+02   2.026140E+14
  154000   5.681923E+04   4.479610E-01   1.818437E+02   2.042630E+14
  155000   5.726725E+04   4.476802E-01   1.816341E+02   2.059130E+14
  156000   5.771515E+04   4.487105E-01   1.805339E+02   2.075626E+14
  157000   5.816473E+04   4.504849E-01   1.797479E+02   2.092183E+14
  158000   5.861570E+04   4.510785E-01   1.795565E+02   2.108791E+14
  159000   5.906631E+04   4.503031E-01   1.798720E+02   2.125386E+14
  160000   5.951665E+04   4.505542E-01   1.800741E+02   2.141971E+14
  161000   5.996721E+04   4.506055E-01   1.800474E+02   2.158563E+14
  162000   6.041766E+04   4.505601E-01   1.797463E+02   2.175152E+14
  163000   6.086842E+04   4.508932E-01   1.793430E+02   2.191751E+14
  164000   6.131979E+04   4.517006E-01   1.789887E+02   2.208373E+14
  165000   6.177169E+04   4.519233E-01   1.789175E+02   2.225015E+14
  166000   6.222351E+04   4.518746E-01   1.790073E+02   2.241653E+14
  167000   6.267537E+04   4.519368E-01   1.788543E+02   2.258293E+14
  168000   6.312750E+04   4.522874E-01   1.787124E+02   2.274942E+14
  169000   6.357955E+04   4.520217E-01   1.788101E+02   2.291589E+14
  170000   6.403139E+04   4.519867E-01   1.789379E+02   2.308227E+14
  171000   6.448303E+04   4.516442E-01   1.784156E+02   2.324858E+14
  172000   6.493525E+04   4.528920E-01   1.776192E+02   2.341510E+14
  173000   6.538886E+04   4.541912E-01   1.772396E+02   2.358213E+14
  174000   6.584241E+04   4.530884E-01   1.775730E+02   2.374914E+14
  175000   6.629519E+04   4.529300E-01   1.780179E+02   2.391587E+14
  176000   6.674816E+04   4.528959E-01   1.778548E+02   2.408266E+14
  177000   6.720106E+04   4.532438E-01   1.770868E+02   2.424942E+14
  178000   6.765495E+04   4.545837E-01   1.762246E+02   2.441655E+14
  179000   6.811034E+04   4.559707E-01   1.757612E+02   2.458423E+14
  180000   6.856642E+04   4.559046E-01   1.757583E+02   2.475216E+14
  181000   6.902181E+04   4.548853E-01   1.761377E+02   2.491983E+14
  182000   6.947696E+04   4.553864E-01   1.763139E+02   2.508741E+14
  183000   6.993205E+04   4.550244E-01   1.758433E+02   2.525498E+14
  184000   7.038747E+04   4.559429E-01   1.748694E+02   2.542266E+14
  185000   7.084450E+04   4.580441E-01   1.741668E+02   2.559093E+14
  186000   7.130261E+04   4.577456E-01   1.742142E+02   2.575960E+14
  187000   7.176021E+04   4.575420E-01   1.744961E+02   2.592808E+14
  188000   7.221778E+04   4.575705E-01   1.744651E+02   2.609654E+14
  189000   7.267542E+04   4.578131E-01   1.740292E+02   2.626504E+14
  190000   7.313369E+04   4.588759E-01   1.735766E+02   2.643376E+14
  191000   7.359279E+04   4.590340E-01   1.734989E+02   2.660278E+14
  192000   7.405191E+04   4.591300E-01   1.735065E+02   2.677182E+14
  193000   7.451102E+04   4.588936E-01   1.733385E+02   2.694084E+14
  194000   7.497018E+04   4.595391E-01   1.728833E+02   2.710988E+14
  195000   7.543014E+04   4.604292E-01   1.725995E+02   2.727922E+14
  196000   7.589057E+04   4.604123E-01   1.725523E+02   2.744873E+14
  197000   7.635070E+04   4.599312E-01   1.726990E+02   2.761812E+14
  198000   7.681065E+04   4.600424E-01   1.728058E+02   2.778745E+14
  199000   7.727075E+04   4.600448E-01   1.727420E+02   2.795683E+14
      nt           time          dtime       max(rho)       shockpos
  200000   7.773072E+04   4.601804E-01   1.723486E+02   2.812617E+14
  201000   7.819104E+04   4.607782E-01   1.716907E+02   2.829563E+14
  202000   7.865256E+04   4.621052E-01   1.712746E+02   2.846553E+14
  203000   7.911432E+04   4.611346E-01   1.714907E+02   2.863552E+14
  204000   7.957496E+04   4.601337E-01   1.720771E+02   2.880510E+14
  205000   8.003534E+04   4.606504E-01   1.723471E+02   2.897457E+14
  206000   8.049568E+04   4.604205E-01   1.718242E+02   2.914403E+14
  207000   8.095662E+04   4.615268E-01   1.709996E+02   2.931372E+14
  208000   8.141899E+04   4.632746E-01   1.704908E+02   2.948392E+14
  209000   8.188187E+04   4.622947E-01   1.706903E+02   2.965431E+14
  210000   8.234400E+04   4.620022E-01   1.710732E+02   2.982443E+14
  211000   8.280621E+04   4.622489E-01   1.711346E+02   2.999457E+14
  212000   8.326845E+04   4.622912E-01   1.708647E+02   3.016473E+14
  213000   8.373104E+04   4.629852E-01   1.704983E+02   3.033501E+14
  214000   8.419420E+04   4.635007E-01   1.702172E+02   3.050550E+14
  215000   8.465778E+04   4.637678E-01   1.700061E+02   3.067615E+14
  216000   8.512170E+04   4.638411E-01   1.699786E+02   3.084692E+14
  217000   8.558567E+04   4.640147E-01   1.699361E+02   3.101770E+14
  218000   8.604968E+04   4.641096E-01   1.697957E+02   3.118850E+14
  219000   8.651380E+04   4.643909E-01   1.695226E+02   3.135934E+14
  220000   8.697843E+04   4.647129E-01   1.694018E+02   3.153037E+14
  221000   8.744309E+04   4.647433E-01   1.694364E+02   3.170140E+14
  222000   8.790778E+04   4.647349E-01   1.692728E+02   3.187245E+14
  223000   8.837244E+04   4.648704E-01   1.687996E+02   3.204349E+14
  224000   8.883770E+04   4.658425E-01   1.681568E+02   3.221474E+14
  225000   8.930419E+04   4.666706E-01   1.679227E+02   3.238644E+14
  226000   8.977027E+04   4.656366E-01   1.682784E+02   3.255800E+14
  227000   9.023584E+04   4.656163E-01   1.686015E+02   3.272936E+14
  228000   9.070145E+04   4.655055E-01   1.684048E+02   3.290074E+14
  229000   9.116712E+04   4.661884E-01   1.676499E+02   3.307214E+14
  230000   9.163402E+04   4.675554E-01   1.670123E+02   3.324400E+14
  231000   9.210214E+04   4.684216E-01   1.667734E+02   3.341630E+14
  232000   9.257024E+04   4.676381E-01   1.669541E+02   3.358859E+14
  233000   9.303787E+04   4.675500E-01   1.672101E+02   3.376071E+14
  234000   9.350542E+04   4.677015E-01   1.673231E+02   3.393280E+14
  235000   9.397299E+04   4.675606E-01   1.670662E+02   3.410490E+14
  236000   9.444075E+04   4.681658E-01   1.665251E+02   3.427706E+14
  237000   9.490942E+04   4.692363E-01   1.661099E+02   3.444956E+14
  238000   9.537888E+04   4.693143E-01   1.660359E+02   3.462235E+14
  239000   9.584780E+04   4.686655E-01   1.663101E+02   3.479494E+14
  240000   9.631643E+04   4.687947E-01   1.665128E+02   3.496743E+14
  241000   9.678518E+04   4.688946E-01   1.663154E+02   3.513995E+14
  242000   9.725414E+04   4.692140E-01   1.659748E+02   3.531256E+14
  243000   9.772376E+04   4.697708E-01   1.658125E+02   3.548541E+14
  244000   9.819329E+04   4.695336E-01   1.659339E+02   3.565822E+14
  245000   9.866294E+04   4.695608E-01   1.658630E+02   3.583108E+14
  246000   9.913251E+04   4.698570E-01   1.654916E+02   3.600391E+14
  247000   9.960269E+04   4.706507E-01   1.651609E+02   3.617696E+14
  248000   1.000733E+05   4.704340E-01   1.652003E+02   3.635018E+14
  249000   1.005435E+05   4.700502E-01   1.654491E+02   3.652322E+14
  250000   1.010136E+05   4.702610E-01   1.655223E+02   3.669625E+14
  251000   1.014837E+05   4.701158E-01   1.652797E+02   3.686929E+14
  252000   1.019540E+05   4.706668E-01   1.647358E+02   3.704237E+14
  253000   1.024252E+05   4.716821E-01   1.643503E+02   3.721581E+14
  254000   1.028972E+05   4.719766E-01   1.642417E+02   3.738951E+14
  255000   1.033688E+05   4.711879E-01   1.644817E+02   3.756307E+14
  256000   1.038398E+05   4.710357E-01   1.647612E+02   3.773645E+14
  257000   1.043110E+05   4.710159E-01   1.646828E+02   3.790987E+14
  258000   1.047820E+05   4.712290E-01   1.640916E+02   3.808324E+14
  259000   1.052540E+05   4.727520E-01   1.634378E+02   3.825695E+14
  260000   1.057272E+05   4.731940E-01   1.632940E+02   3.843112E+14
  261000   1.062000E+05   4.724887E-01   1.636062E+02   3.860513E+14
  262000   1.066724E+05   4.725979E-01   1.638485E+02   3.877901E+14
  263000   1.071450E+05   4.723498E-01   1.636008E+02   3.895292E+14
  264000   1.076177E+05   4.732239E-01   1.631275E+02   3.912694E+14
  265000   1.080913E+05   4.740413E-01   1.627567E+02   3.930124E+14
  266000   1.085656E+05   4.745229E-01   1.625941E+02   3.947581E+14
  267000   1.090402E+05   4.744786E-01   1.625275E+02   3.965047E+14
  268000   1.095148E+05   4.747303E-01   1.623836E+02   3.982516E+14
  269000   1.099896E+05   4.749353E-01   1.622160E+02   3.999993E+14
  270000   1.104647E+05   4.752611E-01   1.620477E+02   4.017478E+14
  271000   1.109400E+05   4.754980E-01   1.619152E+02   4.034974E+14
  272000   1.114156E+05   4.755319E-01   1.618173E+02   4.052478E+14
  273000   1.118913E+05   4.757326E-01   1.616812E+02   4.069987E+14
  274000   1.123671E+05   4.758583E-01   1.614086E+02   4.087498E+14
  275000   1.128432E+05   4.764828E-01   1.609875E+02   4.105021E+14
  276000   1.133201E+05   4.772596E-01   1.607674E+02   4.122574E+14
  277000   1.137970E+05   4.765777E-01   1.609109E+02   4.140129E+14
  278000   1.142732E+05   4.762604E-01   1.612405E+02   4.157657E+14
  279000   1.147496E+05   4.762805E-01   1.611084E+02   4.175191E+14
  280000   1.152260E+05   4.766750E-01   1.605433E+02   4.192725E+14
  281000   1.157032E+05   4.779196E-01   1.599412E+02   4.210292E+14
  282000   1.161818E+05   4.786496E-01   1.597748E+02   4.227905E+14
  283000   1.166599E+05   4.777903E-01   1.600376E+02   4.245505E+14
  284000   1.171377E+05   4.778447E-01   1.602601E+02   4.263090E+14
  285000   1.176156E+05   4.778184E-01   1.601310E+02   4.280680E+14
  286000   1.180935E+05   4.781485E-01   1.596628E+02   4.298271E+14
  287000   1.185722E+05   4.791211E-01   1.591561E+02   4.315890E+14
  288000   1.190518E+05   4.800101E-01   1.587918E+02   4.333542E+14
  289000   1.195320E+05   4.801374E-01   1.587246E+02   4.351221E+14
  290000   1.200121E+05   4.800909E-01   1.588228E+02   4.368893E+14
  291000   1.204922E+05   4.800942E-01   1.588289E+02   4.386564E+14
  292000   1.209723E+05   4.801079E-01   1.585529E+02   4.404235E+14
  293000   1.214527E+05   4.808899E-01   1.581013E+02   4.421918E+14
  294000   1.219340E+05   4.816742E-01   1.578637E+02   4.439635E+14
  295000   1.224158E+05   4.816949E-01   1.578480E+02   4.457367E+14
  296000   1.228975E+05   4.816729E-01   1.577777E+02   4.475098E+14
  297000   1.233792E+05   4.818233E-01   1.574987E+02   4.492830E+14
  298000   1.238613E+05   4.826377E-01   1.571149E+02   4.510576E+14
  299000   1.243442E+05   4.829364E-01   1.570129E+02   4.528352E+14
  300000   1.248270E+05   4.825836E-01   1.571293E+02   4.546122E+14
  301000   1.253096E+05   4.827107E-01   1.572173E+02   4.563886E+14
  302000   1.257921E+05   4.826060E-01   1.569207E+02   4.581649E+14
  303000   1.262750E+05   4.833941E-01   1.564142E+02   4.599424E+14
  304000   1.267588E+05   4.842647E-01   1.560421E+02   4.617233E+14
  305000   1.272434E+05   4.844536E-01   1.559914E+02   4.635071E+14
  306000   1.277276E+05   4.840229E-01   1.561559E+02   4.652896E+14
  307000   1.282117E+05   4.840589E-01   1.562854E+02   4.670714E+14
  308000   1.286958E+05   4.841261E-01   1.562075E+02   4.688533E+14
  309000   1.291798E+05   4.840657E-01   1.558188E+02   4.706352E+14
  310000   1.296644E+05   4.851071E-01   1.552552E+02   4.724191E+14
  311000   1.301501E+05   4.863192E-01   1.549168E+02   4.742070E+14
  312000   1.306364E+05   4.858552E-01   1.549539E+02   4.759971E+14
  313000   1.311220E+05   4.854640E-01   1.552319E+02   4.777846E+14
  314000   1.316076E+05   4.856798E-01   1.552824E+02   4.795722E+14
  315000   1.320932E+05   4.856460E-01   1.549932E+02   4.813598E+14
  316000   1.325791E+05   4.864848E-01   1.545075E+02   4.831486E+14
  317000   1.330661E+05   4.874333E-01   1.542585E+02   4.849413E+14
  318000   1.335533E+05   4.871456E-01   1.543174E+02   4.867350E+14
  319000   1.340405E+05   4.872601E-01   1.543563E+02   4.885284E+14
  320000   1.345277E+05   4.872820E-01   1.542065E+02   4.903220E+14
  321000   1.350151E+05   4.876880E-01   1.539335E+02   4.921162E+14
  322000   1.355030E+05   4.881412E-01   1.538033E+02   4.939125E+14
  323000   1.359911E+05   4.880595E-01   1.538326E+02   4.957091E+14
  324000   1.364792E+05   4.881795E-01   1.537908E+02   4.975061E+14
  325000   1.369673E+05   4.881199E-01   1.536124E+02   4.993029E+14
  326000   1.374556E+05   4.886135E-01   1.532872E+02   5.011005E+14
  327000   1.379444E+05   4.891473E-01   1.529907E+02   5.029001E+14
  328000   1.384339E+05   4.897144E-01   1.528386E+02   5.047020E+14
  329000   1.389234E+05   4.891943E-01   1.529158E+02   5.065041E+14
  330000   1.394126E+05   4.891188E-01   1.530527E+02   5.083051E+14
  331000   1.399018E+05   4.891532E-01   1.530000E+02   5.101062E+14
  332000   1.403910E+05   4.892966E-01   1.526112E+02   5.119071E+14
  333000   1.408807E+05   4.902681E-01   1.520196E+02   5.137099E+14
  334000   1.413716E+05   4.916056E-01   1.516731E+02   5.155173E+14
  335000   1.418630E+05   4.910274E-01   1.517361E+02   5.173266E+14
  336000   1.423538E+05   4.905623E-01   1.520356E+02   5.191332E+14
  337000   1.428445E+05   4.906897E-01   1.520649E+02   5.209399E+14
  338000   1.433352E+05   4.909413E-01   1.516647E+02   5.227465E+14
  339000   1.438265E+05   4.918784E-01   1.511816E+02   5.245554E+14
  340000   1.443189E+05   4.928300E-01   1.509120E+02   5.263682E+14
  341000   1.448117E+05   4.927547E-01   1.509190E+02   5.281825E+14
  342000   1.453044E+05   4.926736E-01   1.509722E+02   5.299964E+14
  343000   1.457972E+05   4.928463E-01   1.509176E+02   5.318107E+14
  344000   1.462900E+05   4.928865E-01   1.507516E+02   5.336251E+14
  345000   1.467830E+05   4.933125E-01   1.505272E+02   5.354404E+14
  346000   1.472766E+05   4.936330E-01   1.504019E+02   5.372574E+14
  347000   1.477703E+05   4.939009E-01   1.502936E+02   5.390753E+14
  348000   1.482642E+05   4.940351E-01   1.502144E+02   5.408939E+14
  349000   1.487582E+05   4.940090E-01   1.500539E+02   5.427126E+14
  350000   1.492524E+05   4.943793E-01   1.498230E+02   5.445322E+14
  351000   1.497471E+05   4.949189E-01   1.496175E+02   5.463534E+14
  352000   1.502420E+05   4.947894E-01   1.495999E+02   5.481758E+14
  353000   1.507367E+05   4.944804E-01   1.497463E+02   5.499970E+14
  354000   1.512313E+05   4.946142E-01   1.497529E+02   5.518181E+14
  355000   1.517258E+05   4.946333E-01   1.494060E+02   5.536390E+14
  356000   1.522209E+05   4.955811E-01   1.488772E+02   5.554618E+14
  357000   1.527171E+05   4.967243E-01   1.485978E+02   5.572888E+14
  358000   1.532135E+05   4.960113E-01   1.487429E+02   5.591164E+14
  359000   1.537093E+05   4.957983E-01   1.489778E+02   5.609421E+14
  360000   1.542052E+05   4.958449E-01   1.490080E+02   5.627679E+14
  361000   1.547010E+05   4.960553E-01   1.486445E+02   5.645935E+14
  362000   1.551974E+05   4.968686E-01   1.482000E+02   5.664212E+14
  363000   1.556947E+05   4.977762E-01   1.479220E+02   5.682524E+14
  364000   1.561925E+05   4.977168E-01   1.479147E+02   5.700855E+14
  365000   1.566901E+05   4.974884E-01   1.480346E+02   5.719177E+14
  366000   1.571877E+05   4.975896E-01   1.480699E+02   5.737497E+14
  367000   1.576853E+05   4.976213E-01   1.479245E+02   5.755819E+14
  368000   1.581830E+05   4.978641E-01   1.476011E+02   5.774145E+14
  369000   1.586813E+05   4.987217E-01   1.472971E+02   5.792494E+14
  370000   1.591803E+05   4.991865E-01   1.471802E+02   5.810867E+14
  371000   1.596794E+05   4.990396E-01   1.471922E+02   5.829245E+14
  372000   1.601785E+05   4.990431E-01   1.470935E+02   5.847622E+14
  373000   1.606776E+05   4.993772E-01   1.468166E+02   5.866003E+14
  374000   1.611774E+05   4.999911E-01   1.465918E+02   5.884405E+14
  375000   1.616776E+05   5.001460E-01   1.465289E+02   5.902823E+14
  376000   1.621777E+05   5.001619E-01   1.465751E+02   5.921238E+14
  377000   1.626778E+05   5.000346E-01   1.464303E+02   5.939654E+14
  378000   1.631780E+05   5.004109E-01   1.460409E+02   5.958073E+14
  379000   1.636789E+05   5.014527E-01   1.456471E+02   5.976519E+14
  380000   1.641808E+05   5.020476E-01   1.454836E+02   5.994998E+14
  381000   1.646825E+05   5.015649E-01   1.456101E+02   6.013475E+14
  382000   1.651841E+05   5.016563E-01   1.457187E+02   6.031943E+14
  383000   1.656857E+05   5.015595E-01   1.456081E+02   6.050417E+14
  384000   1.661874E+05   5.019003E-01   1.452541E+02   6.068890E+14
  385000   1.666897E+05   5.028348E-01   1.448452E+02   6.087386E+14
  386000   1.671928E+05   5.034668E-01   1.445903E+02   6.105914E+14
  387000   1.676964E+05   5.034336E-01   1.445922E+02   6.124459E+14
  388000   1.681996E+05   5.029350E-01   1.447844E+02   6.142987E+14
  389000   1.687027E+05   5.031901E-01   1.448589E+02   6.161512E+14
  390000   1.692057E+05   5.030564E-01   1.446250E+02   6.180037E+14
  391000   1.697091E+05   5.036918E-01   1.441949E+02   6.198572E+14
  392000   1.702133E+05   5.047200E-01   1.438743E+02   6.217141E+14
  393000   1.707182E+05   5.048682E-01   1.438377E+02   6.235735E+14
  394000   1.712230E+05   5.047554E-01   1.439062E+02   6.254324E+14
  395000   1.717279E+05   5.047458E-01   1.438672E+02   6.272915E+14
  396000   1.722327E+05   5.049328E-01   1.435968E+02   6.291505E+14
  397000   1.727381E+05   5.057180E-01   1.433480E+02   6.310116E+14
 Done! :-) tend reached

Finished: 2026-06-22T18:55:01.192124
Exit code: 0
Elapsed: 1752.9 s
