Started: 2026-06-22T12:37:21.767586
Command: ./snec (cwd=/Users/arifchu/Desktop/GitHub/supernova_theory/snec/runs/model_variants/wn3_sce_bare_e1_ni050)


 ***********************************
 * Supernova Explosion Code (SNEC) *
 ***********************************

 Removing output directory contents: Data
 Using the Paczynski EOS!
 Profile file: avishai_models/MW-M25M13.75P4-primary-WN3.short
 We have          997 profile zones.
 We have          997 composition profile zones.
************************************************************
 Operating in Thermal Bomb Mode  1
 Bomb energy is spread over =           21 points
 Total energy of the model =   -1.1786950943446718E+051  ergs
 Total energy of the bomb =    2.1786950943446716E+051  ergs
************************************************************
 composing opacity tables from OPAL (may take a few minutes)...
 finished composing opacity tables
      nt           time          dtime       max(rho)       shockpos
       0   0.000000E+00   1.025000E-08   4.759431E+07   1.454740E+08
    1000   2.231844E-01   7.145957E-04   6.218138E+06   5.206404E+08
    2000   3.505708E+00   8.066935E-03   8.834129E+04   3.760184E+09
    3000   1.212695E+01   9.741658E-03   4.507156E+04   9.913796E+09
    4000   2.095431E+01   8.510622E-03   3.260802E+04   1.638083E+10
    5000   2.797817E+01   5.848464E-03   2.222492E+04   2.190132E+10
    6000   3.283281E+01   4.104234E-03   1.702133E+04   2.603788E+10
    7000   3.635559E+01   3.101986E-03   1.413890E+04   2.938427E+10
    8000   3.925287E+01   2.930073E-03   1.225541E+04   3.255390E+10
 finished tracing the shock position
 Time of breakout is   42.367797775475474     
    9000   4.350583E+01   6.799831E-03   1.006599E+04   4.142642E+10
   10000   5.759513E+01   2.575250E-02   5.668982E+03   1.016552E+11
   11000   1.090460E+02   7.752713E-02   1.567158E+03   3.309961E+11
   12000   2.142262E+02   1.355578E-01   4.665038E+02   8.038177E+11
   13000   3.928016E+02   2.313886E-01   1.748622E+02   1.608494E+12
   14000   6.945826E+02   3.876836E-01   8.284038E+01   2.969634E+12
   15000   1.215698E+03   6.997744E-01   5.256230E+01   5.321131E+12
   16000   1.928176E+03   5.605899E-01   6.034930E+01   8.536882E+12
   17000   2.390889E+03   3.863039E-01   9.973708E+01   1.062553E+13
   18000   2.728902E+03   3.007247E-01   1.815016E+02   1.215135E+13
   19000   3.011711E+03   2.752185E-01   3.060899E+02   1.342801E+13
   20000   3.303077E+03   2.996552E-01   3.635428E+02   1.474331E+13
   21000   3.594506E+03   2.956303E-01   2.869503E+02   1.605892E+13
   22000   3.908131E+03   3.412217E-01   1.978366E+02   1.747475E+13
   23000   4.288374E+03   4.388134E-01   1.410721E+02   1.919135E+13
   24000   4.783127E+03   5.232196E-01   1.261662E+02   2.142492E+13
   25000   5.245428E+03   4.211276E-01   1.518219E+02   2.351200E+13
   26000   5.640523E+03   3.706807E-01   1.960246E+02   2.529570E+13
   27000   6.002839E+03   3.674136E-01   2.399892E+02   2.693143E+13
   28000   6.376630E+03   3.670306E-01   2.347644E+02   2.861897E+13
   29000   6.751697E+03   3.863961E-01   2.022614E+02   3.031228E+13
   30000   7.156177E+03   4.275978E-01   1.732955E+02   3.213840E+13
   31000   7.608391E+03   4.743747E-01   1.622665E+02   3.418003E+13
   32000   8.061139E+03   4.293778E-01   1.728800E+02   3.622408E+13
   33000   8.477549E+03   4.102988E-01   1.944883E+02   3.810408E+13
   34000   8.887321E+03   4.113126E-01   2.073596E+02   3.995412E+13
   35000   9.299858E+03   4.079881E-01   2.060757E+02   4.181665E+13
   36000   9.710410E+03   4.189002E-01   1.915317E+02   4.367022E+13
   37000   1.014167E+04   4.416780E-01   1.830678E+02   4.561728E+13
   38000   1.058691E+04   4.434943E-01   1.822570E+02   4.762750E+13
   39000   1.102195E+04   4.278559E-01   1.888668E+02   4.959166E+13
   40000   1.144374E+04   4.169756E-01   1.984921E+02   5.149599E+13
   41000   1.186289E+04   4.207786E-01   2.033354E+02   5.338838E+13
   42000   1.228407E+04   4.200533E-01   2.029495E+02   5.528995E+13
   43000   1.270437E+04   4.221718E-01   1.985649E+02   5.718759E+13
   44000   1.313082E+04   4.298252E-01   1.955854E+02   5.911300E+13
   45000   1.356056E+04   4.270886E-01   1.962707E+02   6.105320E+13
   46000   1.398458E+04   4.205584E-01   2.000530E+02   6.296764E+13
   47000   1.440485E+04   4.201493E-01   2.034174E+02   6.486514E+13
   48000   1.482487E+04   4.209597E-01   2.047713E+02   6.676150E+13
   49000   1.524439E+04   4.183006E-01   2.025646E+02   6.865560E+13
   50000   1.566582E+04   4.249757E-01   1.988509E+02   7.055834E+13
   51000   1.609305E+04   4.278268E-01   1.981784E+02   7.248727E+13
   52000   1.652080E+04   4.275894E-01   1.983045E+02   7.441856E+13
   53000   1.694754E+04   4.281141E-01   1.962931E+02   7.634527E+13
   54000   1.737742E+04   4.312654E-01   1.951719E+02   7.828617E+13
   55000   1.780887E+04   4.311324E-01   1.949284E+02   8.023417E+13
   56000   1.824017E+04   4.312471E-01   1.939082E+02   8.218147E+13
   57000   1.867145E+04   4.323272E-01   1.911206E+02   8.412871E+13
   58000   1.910575E+04   4.371268E-01   1.877808E+02   8.608957E+13
   59000   1.954547E+04   4.414776E-01   1.863727E+02   8.807486E+13
   60000   1.998633E+04   4.393859E-01   1.870313E+02   9.006536E+13
   61000   2.042463E+04   4.364431E-01   1.886299E+02   9.204430E+13
   62000   2.086005E+04   4.352088E-01   1.906390E+02   9.401022E+13
   63000   2.129565E+04   4.352158E-01   1.909125E+02   9.597693E+13
   64000   2.173146E+04   4.367865E-01   1.895792E+02   9.794464E+13
   65000   2.216917E+04   4.388457E-01   1.886376E+02   9.992087E+13
   66000   2.260841E+04   4.392804E-01   1.884958E+02   1.019041E+14
   67000   2.304691E+04   4.387349E-01   1.889506E+02   1.038839E+14
   68000   2.348564E+04   4.386418E-01   1.886906E+02   1.058648E+14
   69000   2.392462E+04   4.382387E-01   1.886140E+02   1.078467E+14
   70000   2.436146E+04   4.355362E-01   1.899358E+02   1.098191E+14
   71000   2.479585E+04   4.341752E-01   1.916939E+02   1.117804E+14
   72000   2.522994E+04   4.345689E-01   1.924534E+02   1.137403E+14
   73000   2.566417E+04   4.343620E-01   1.917733E+02   1.157009E+14
   74000   2.609913E+04   4.359407E-01   1.907724E+02   1.176647E+14
   75000   2.653575E+04   4.369134E-01   1.904761E+02   1.196361E+14
   76000   2.697213E+04   4.357574E-01   1.908280E+02   1.216063E+14
   77000   2.740696E+04   4.343699E-01   1.917872E+02   1.235696E+14
   78000   2.784089E+04   4.329264E-01   1.926440E+02   1.255288E+14
   79000   2.827344E+04   4.322447E-01   1.936537E+02   1.274818E+14
   80000   2.870596E+04   4.324766E-01   1.937860E+02   1.294346E+14
   81000   2.913827E+04   4.323730E-01   1.925619E+02   1.313865E+14
   82000   2.957187E+04   4.350404E-01   1.908249E+02   1.333442E+14
   83000   3.000825E+04   4.369659E-01   1.902874E+02   1.353145E+14
   84000   3.044510E+04   4.363577E-01   1.904723E+02   1.372869E+14
   85000   3.088155E+04   4.363351E-01   1.907318E+02   1.392575E+14
   86000   3.131790E+04   4.362067E-01   1.907148E+02   1.412276E+14
   87000   3.175425E+04   4.363212E-01   1.900619E+02   1.431977E+14
   88000   3.219085E+04   4.372797E-01   1.886653E+02   1.451690E+14
   89000   3.262940E+04   4.401258E-01   1.874756E+02   1.471490E+14
   90000   3.306976E+04   4.396853E-01   1.875239E+02   1.491373E+14
   91000   3.350841E+04   4.379222E-01   1.885143E+02   1.511178E+14
   92000   3.394585E+04   4.378559E-01   1.894665E+02   1.530928E+14
   93000   3.438368E+04   4.376710E-01   1.889754E+02   1.550697E+14
   94000   3.482169E+04   4.388803E-01   1.877799E+02   1.570473E+14
   95000   3.526149E+04   4.407913E-01   1.869403E+02   1.590330E+14
   96000   3.570249E+04   4.407861E-01   1.870027E+02   1.610241E+14
   97000   3.614297E+04   4.407363E-01   1.872976E+02   1.630129E+14
   98000   3.658342E+04   4.400030E-01   1.874664E+02   1.650016E+14
   99000   3.702346E+04   4.400600E-01   1.876957E+02   1.669883E+14
  100000   3.746351E+04   4.399015E-01   1.874474E+02   1.689752E+14
  101000   3.790354E+04   4.400651E-01   1.866023E+02   1.709619E+14
  102000   3.834456E+04   4.418334E-01   1.855094E+02   1.729531E+14
  103000   3.878733E+04   4.433569E-01   1.850323E+02   1.749522E+14
  104000   3.923078E+04   4.438415E-01   1.847792E+02   1.769544E+14
  105000   3.967457E+04   4.438527E-01   1.846967E+02   1.789582E+14
  106000   4.011839E+04   4.437688E-01   1.846713E+02   1.809620E+14
  107000   4.056222E+04   4.436308E-01   1.847001E+02   1.829659E+14
  108000   4.100575E+04   4.435321E-01   1.848767E+02   1.849685E+14
  109000   4.144918E+04   4.434884E-01   1.845128E+02   1.869706E+14
  110000   4.189282E+04   4.439098E-01   1.837075E+02   1.889736E+14
  111000   4.233752E+04   4.453256E-01   1.828649E+02   1.909814E+14
  112000   4.278331E+04   4.450657E-01   1.829002E+02   1.929942E+14
  113000   4.322756E+04   4.433484E-01   1.838892E+02   1.950000E+14
  114000   4.367089E+04   4.434291E-01   1.846359E+02   1.970016E+14
  115000   4.411437E+04   4.433271E-01   1.846106E+02   1.990039E+14
  116000   4.455805E+04   4.440110E-01   1.839868E+02   2.010072E+14
  117000   4.500257E+04   4.450133E-01   1.834618E+02   2.030142E+14
  118000   4.544785E+04   4.458897E-01   1.830826E+02   2.050246E+14
  119000   4.589334E+04   4.448208E-01   1.832959E+02   2.070360E+14
  120000   4.633750E+04   4.437817E-01   1.840310E+02   2.090414E+14
  121000   4.678086E+04   4.432499E-01   1.846874E+02   2.110432E+14
  122000   4.722442E+04   4.433838E-01   1.846613E+02   2.130458E+14
  123000   4.766774E+04   4.439270E-01   1.837392E+02   2.150474E+14
  124000   4.811225E+04   4.453511E-01   1.828005E+02   2.170544E+14
  125000   4.855837E+04   4.466840E-01   1.824265E+02   2.190686E+14
  126000   4.900458E+04   4.460457E-01   1.826651E+02   2.210833E+14
  127000   4.945061E+04   4.459907E-01   1.828168E+02   2.230971E+14
  128000   4.989665E+04   4.458270E-01   1.828866E+02   2.251110E+14
  129000   5.034267E+04   4.461045E-01   1.828786E+02   2.271248E+14
  130000   5.078863E+04   4.457308E-01   1.826324E+02   2.291383E+14
  131000   5.123465E+04   4.462535E-01   1.819212E+02   2.311521E+14
  132000   5.168176E+04   4.478914E-01   1.814074E+02   2.331708E+14
  133000   5.212939E+04   4.471014E-01   1.815676E+02   2.351918E+14
  134000   5.257623E+04   4.463908E-01   1.820299E+02   2.372093E+14
  135000   5.302262E+04   4.467058E-01   1.823658E+02   2.392247E+14
  136000   5.346927E+04   4.464628E-01   1.822453E+02   2.412414E+14
  137000   5.391592E+04   4.466865E-01   1.817959E+02   2.432580E+14
  138000   5.436300E+04   4.477510E-01   1.811249E+02   2.452766E+14
  139000   5.481117E+04   4.487094E-01   1.807641E+02   2.473001E+14
  140000   5.525956E+04   4.477646E-01   1.809545E+02   2.493245E+14
  141000   5.570673E+04   4.468898E-01   1.816098E+02   2.513435E+14
  142000   5.615375E+04   4.470179E-01   1.818135E+02   2.533618E+14
  143000   5.660063E+04   4.471549E-01   1.810100E+02   2.553794E+14
  144000   5.704834E+04   4.487967E-01   1.798361E+02   2.574009E+14
  145000   5.749805E+04   4.505635E-01   1.792718E+02   2.594313E+14
  146000   5.794847E+04   4.502439E-01   1.793769E+02   2.614649E+14
  147000   5.839833E+04   4.495359E-01   1.796899E+02   2.634960E+14
  148000   5.884770E+04   4.493682E-01   1.800389E+02   2.655249E+14
  149000   5.929726E+04   4.496543E-01   1.799694E+02   2.675547E+14
  150000   5.974667E+04   4.495103E-01   1.794585E+02   2.695838E+14
  151000   6.019666E+04   4.504961E-01   1.787094E+02   2.716154E+14
  152000   6.064794E+04   4.517782E-01   1.783735E+02   2.736530E+14
  153000   6.109943E+04   4.511796E-01   1.785124E+02   2.756915E+14
  154000   6.155038E+04   4.507356E-01   1.788293E+02   2.777275E+14
  155000   6.200137E+04   4.510300E-01   1.788254E+02   2.797637E+14
  156000   6.245244E+04   4.511180E-01   1.785226E+02   2.818003E+14
  157000   6.290383E+04   4.513623E-01   1.781232E+02   2.838383E+14
  158000   6.335565E+04   4.521304E-01   1.775359E+02   2.858782E+14
  159000   6.380816E+04   4.530861E-01   1.768585E+02   2.879213E+14
  160000   6.426181E+04   4.540061E-01   1.765328E+02   2.899695E+14
  161000   6.471543E+04   4.534291E-01   1.767943E+02   2.920176E+14
  162000   6.516879E+04   4.534787E-01   1.769783E+02   2.940645E+14
  163000   6.562220E+04   4.533363E-01   1.766200E+02   2.961117E+14
  164000   6.607577E+04   4.541339E-01   1.757904E+02   2.981595E+14
  165000   6.653053E+04   4.555228E-01   1.750304E+02   3.002127E+14
  166000   6.698657E+04   4.564863E-01   1.746301E+02   3.022717E+14
  167000   6.744321E+04   4.565319E-01   1.746425E+02   3.043335E+14
  168000   6.789931E+04   4.558680E-01   1.749251E+02   3.063927E+14
  169000   6.835510E+04   4.555228E-01   1.751643E+02   3.084506E+14
  170000   6.881083E+04   4.557438E-01   1.751851E+02   3.105082E+14
  171000   6.926647E+04   4.556898E-01   1.746805E+02   3.125654E+14
  172000   6.972272E+04   4.567707E-01   1.739874E+02   3.146254E+14
  173000   7.018016E+04   4.580854E-01   1.735429E+02   3.166907E+14
  174000   7.063803E+04   4.571958E-01   1.736996E+02   3.187579E+14
  175000   7.109517E+04   4.571136E-01   1.740547E+02   3.208219E+14
  176000   7.155238E+04   4.571738E-01   1.741007E+02   3.228862E+14
  177000   7.200974E+04   4.574548E-01   1.738724E+02   3.249511E+14
  178000   7.246736E+04   4.579111E-01   1.735860E+02   3.270173E+14
  179000   7.292535E+04   4.582296E-01   1.733035E+02   3.290851E+14
  180000   7.338361E+04   4.584783E-01   1.729010E+02   3.311541E+14
  181000   7.384252E+04   4.592385E-01   1.725653E+02   3.332260E+14
  182000   7.430196E+04   4.594742E-01   1.725005E+02   3.353004E+14
  183000   7.476123E+04   4.588665E-01   1.726425E+02   3.373740E+14
  184000   7.522021E+04   4.590578E-01   1.727967E+02   3.394462E+14
  185000   7.567924E+04   4.589361E-01   1.725569E+02   3.415187E+14
  186000   7.613847E+04   4.594257E-01   1.720734E+02   3.435922E+14
  187000   7.659837E+04   4.603640E-01   1.715530E+02   3.456685E+14
  188000   7.705911E+04   4.612502E-01   1.711973E+02   3.477488E+14
  189000   7.752048E+04   4.615479E-01   1.710632E+02   3.498318E+14
  190000   7.798171E+04   4.608764E-01   1.712032E+02   3.519143E+14
  191000   7.844211E+04   4.602218E-01   1.716268E+02   3.539930E+14
  192000   7.890235E+04   4.604573E-01   1.718304E+02   3.560709E+14
  193000   7.936260E+04   4.602626E-01   1.714791E+02   3.581489E+14
  194000   7.982309E+04   4.610203E-01   1.707363E+02   3.602280E+14
  195000   8.028492E+04   4.623828E-01   1.703314E+02   3.623131E+14
  196000   8.074720E+04   4.619494E-01   1.704305E+02   3.644003E+14
  197000   8.120885E+04   4.613721E-01   1.707727E+02   3.664846E+14
  198000   8.167033E+04   4.615659E-01   1.709411E+02   3.685682E+14
  199000   8.213190E+04   4.615496E-01   1.707363E+02   3.706521E+14
      nt           time          dtime       max(rho)       shockpos
  200000   8.259368E+04   4.618182E-01   1.703689E+02   3.727370E+14
  201000   8.305591E+04   4.625225E-01   1.699064E+02   3.748240E+14
  202000   8.351884E+04   4.633933E-01   1.694811E+02   3.769140E+14
  203000   8.398247E+04   4.639495E-01   1.692269E+02   3.790073E+14
  204000   8.444641E+04   4.636777E-01   1.692690E+02   3.811020E+14
  205000   8.490993E+04   4.637296E-01   1.694609E+02   3.831947E+14
  206000   8.537364E+04   4.635640E-01   1.693445E+02   3.852883E+14
  207000   8.583731E+04   4.639543E-01   1.689316E+02   3.873817E+14
  208000   8.630151E+04   4.646709E-01   1.684460E+02   3.894776E+14
  209000   8.676652E+04   4.651975E-01   1.681174E+02   3.915771E+14
  210000   8.723203E+04   4.656784E-01   1.678144E+02   3.936788E+14
  211000   8.769808E+04   4.663429E-01   1.676380E+02   3.957830E+14
  212000   8.816424E+04   4.658022E-01   1.676981E+02   3.978877E+14
  213000   8.862984E+04   4.653560E-01   1.679596E+02   3.999898E+14
  214000   8.909514E+04   4.655304E-01   1.681555E+02   4.020906E+14
  215000   8.956053E+04   4.653151E-01   1.678826E+02   4.041918E+14
  216000   9.002617E+04   4.660544E-01   1.673701E+02   4.062941E+14
  217000   9.049267E+04   4.671214E-01   1.669547E+02   4.084003E+14
  218000   9.095979E+04   4.667199E-01   1.670080E+02   4.105093E+14
  219000   9.142616E+04   4.663045E-01   1.673449E+02   4.126150E+14
  220000   9.189232E+04   4.661714E-01   1.675577E+02   4.147196E+14
  221000   9.235864E+04   4.663757E-01   1.675373E+02   4.168250E+14
  222000   9.282489E+04   4.663751E-01   1.672606E+02   4.189301E+14
  223000   9.329140E+04   4.667900E-01   1.667592E+02   4.210363E+14
  224000   9.375867E+04   4.677738E-01   1.662833E+02   4.231460E+14
  225000   9.422677E+04   4.679759E-01   1.662317E+02   4.252594E+14
  226000   9.469441E+04   4.672571E-01   1.665101E+02   4.273708E+14
  227000   9.516170E+04   4.672736E-01   1.667380E+02   4.294806E+14
  228000   9.562904E+04   4.672411E-01   1.665950E+02   4.315906E+14
  229000   9.609651E+04   4.677741E-01   1.661286E+02   4.337011E+14
  230000   9.656473E+04   4.685656E-01   1.657113E+02   4.358151E+14
  231000   9.703366E+04   4.693566E-01   1.654244E+02   4.379323E+14
  232000   9.750311E+04   4.695633E-01   1.653095E+02   4.400518E+14
  233000   9.797264E+04   4.694311E-01   1.653209E+02   4.421717E+14
  234000   9.844180E+04   4.690875E-01   1.654876E+02   4.442899E+14
  235000   9.891079E+04   4.691711E-01   1.656070E+02   4.464073E+14
  236000   9.937985E+04   4.690480E-01   1.653953E+02   4.485251E+14
  237000   9.984901E+04   4.695192E-01   1.649084E+02   4.506433E+14
  238000   1.003190E+05   4.704774E-01   1.645282E+02   4.527653E+14
  239000   1.007897E+05   4.708227E-01   1.644772E+02   4.548905E+14
  240000   1.012604E+05   4.705434E-01   1.645386E+02   4.570154E+14
  241000   1.017308E+05   4.703592E-01   1.646471E+02   4.591393E+14
  242000   1.022013E+05   4.705351E-01   1.645961E+02   4.612635E+14
  243000   1.026717E+05   4.703929E-01   1.643215E+02   4.633875E+14
  244000   1.031424E+05   4.708742E-01   1.637492E+02   4.655125E+14
  245000   1.036140E+05   4.721413E-01   1.632143E+02   4.676416E+14
  246000   1.040866E+05   4.727000E-01   1.630400E+02   4.697754E+14
  247000   1.045590E+05   4.719569E-01   1.632690E+02   4.719082E+14
  248000   1.050309E+05   4.720413E-01   1.635152E+02   4.740388E+14
  249000   1.055029E+05   4.718953E-01   1.633409E+02   4.761699E+14
  250000   1.059751E+05   4.724015E-01   1.628585E+02   4.783017E+14
  251000   1.064480E+05   4.734928E-01   1.623524E+02   4.804367E+14
  252000   1.069218E+05   4.743000E-01   1.620715E+02   4.825761E+14
  253000   1.073962E+05   4.744418E-01   1.619835E+02   4.847178E+14
  254000   1.078704E+05   4.739702E-01   1.621046E+02   4.868587E+14
  255000   1.083442E+05   4.737960E-01   1.622827E+02   4.889980E+14
  256000   1.088182E+05   4.739922E-01   1.622546E+02   4.911379E+14
  257000   1.092920E+05   4.740094E-01   1.619141E+02   4.932773E+14
  258000   1.097663E+05   4.747269E-01   1.614481E+02   4.954186E+14
  259000   1.102415E+05   4.754917E-01   1.611608E+02   4.975640E+14
  260000   1.107172E+05   4.758491E-01   1.610595E+02   4.997118E+14
  261000   1.111930E+05   4.757659E-01   1.610435E+02   5.018602E+14
  262000   1.116689E+05   4.759442E-01   1.609680E+02   5.040087E+14
  263000   1.121449E+05   4.760184E-01   1.608373E+02   5.061576E+14
  264000   1.126210E+05   4.760428E-01   1.606448E+02   5.083072E+14
  265000   1.130972E+05   4.764323E-01   1.602436E+02   5.104574E+14
  266000   1.135740E+05   4.772104E-01   1.597307E+02   5.126100E+14
  267000   1.140517E+05   4.783369E-01   1.593611E+02   5.147668E+14
  268000   1.145300E+05   4.781095E-01   1.594053E+02   5.169263E+14
  269000   1.150078E+05   4.778500E-01   1.596163E+02   5.190836E+14
  270000   1.154857E+05   4.779427E-01   1.596426E+02   5.212412E+14
  271000   1.159636E+05   4.779253E-01   1.593549E+02   5.233986E+14
  272000   1.164417E+05   4.785418E-01   1.589054E+02   5.255574E+14
  273000   1.169207E+05   4.792433E-01   1.585212E+02   5.277197E+14
  274000   1.174003E+05   4.799030E-01   1.582611E+02   5.298852E+14
  275000   1.178803E+05   4.798849E-01   1.582543E+02   5.320525E+14
  276000   1.183601E+05   4.795195E-01   1.584025E+02   5.342185E+14
  277000   1.188396E+05   4.794976E-01   1.585646E+02   5.363832E+14
  278000   1.193191E+05   4.793608E-01   1.584732E+02   5.385481E+14
  279000   1.197986E+05   4.797123E-01   1.580826E+02   5.407132E+14
  280000   1.202788E+05   4.806080E-01   1.576432E+02   5.428810E+14
  281000   1.207598E+05   4.813907E-01   1.574106E+02   5.450528E+14
  282000   1.212411E+05   4.812570E-01   1.574465E+02   5.472258E+14
  283000   1.217223E+05   4.812761E-01   1.574721E+02   5.493985E+14
  284000   1.222037E+05   4.814180E-01   1.573863E+02   5.515718E+14
  285000   1.226852E+05   4.815397E-01   1.572524E+02   5.537455E+14
  286000   1.231667E+05   4.817827E-01   1.570377E+02   5.559198E+14
  287000   1.236486E+05   4.819203E-01   1.567247E+02   5.580951E+14
  288000   1.241308E+05   4.825449E-01   1.563247E+02   5.602725E+14
  289000   1.246139E+05   4.834750E-01   1.560836E+02   5.624536E+14
  290000   1.250974E+05   4.832686E-01   1.560620E+02   5.646365E+14
  291000   1.255806E+05   4.830476E-01   1.562036E+02   5.668179E+14
  292000   1.260637E+05   4.832109E-01   1.562444E+02   5.689990E+14
  293000   1.265469E+05   4.831559E-01   1.560905E+02   5.711806E+14
  294000   1.270302E+05   4.835490E-01   1.557813E+02   5.733628E+14
  295000   1.275140E+05   4.842547E-01   1.554102E+02   5.755470E+14
  296000   1.279985E+05   4.847838E-01   1.551489E+02   5.777343E+14
  297000   1.284835E+05   4.851595E-01   1.550379E+02   5.799241E+14
  298000   1.289684E+05   4.844872E-01   1.551653E+02   5.821131E+14
  299000   1.294527E+05   4.842346E-01   1.553863E+02   5.843000E+14
  300000   1.299372E+05   4.845015E-01   1.553445E+02   5.864874E+14
  301000   1.304216E+05   4.845456E-01   1.549780E+02   5.886744E+14
  302000   1.309066E+05   4.854256E-01   1.545081E+02   5.908640E+14
  303000   1.313925E+05   4.863056E-01   1.542627E+02   5.930579E+14
  304000   1.318789E+05   4.861781E-01   1.542481E+02   5.952538E+14
  305000   1.323651E+05   4.861297E-01   1.543141E+02   5.974489E+14
  306000   1.328513E+05   4.862334E-01   1.542825E+02   5.996441E+14
  307000   1.333377E+05   4.863232E-01   1.541428E+02   6.018398E+14
  308000   1.338241E+05   4.865900E-01   1.538815E+02   6.040360E+14
  309000   1.343109E+05   4.871390E-01   1.534926E+02   6.062338E+14
  310000   1.347984E+05   4.878527E-01   1.531427E+02   6.084346E+14
  311000   1.352865E+05   4.884273E-01   1.529203E+02   6.106384E+14
  312000   1.357749E+05   4.883371E-01   1.529588E+02   6.128435E+14
  313000   1.362631E+05   4.881294E-01   1.530718E+02   6.150476E+14
  314000   1.367514E+05   4.883232E-01   1.530376E+02   6.172522E+14
  315000   1.372397E+05   4.883207E-01   1.528582E+02   6.194567E+14
  316000   1.377283E+05   4.887041E-01   1.526159E+02   6.216625E+14
  317000   1.382172E+05   4.890724E-01   1.523752E+02   6.238701E+14
  318000   1.387065E+05   4.896291E-01   1.521249E+02   6.260794E+14
  319000   1.391964E+05   4.900281E-01   1.519829E+02   6.282909E+14
  320000   1.396863E+05   4.897347E-01   1.520514E+02   6.305027E+14
  321000   1.401758E+05   4.894075E-01   1.522283E+02   6.327126E+14
  322000   1.406652E+05   4.894833E-01   1.522562E+02   6.349224E+14
  323000   1.411547E+05   4.895767E-01   1.519591E+02   6.371322E+14
  324000   1.416445E+05   4.902646E-01   1.515465E+02   6.393437E+14
  325000   1.421352E+05   4.910500E-01   1.512464E+02   6.415590E+14
  326000   1.426264E+05   4.911884E-01   1.512325E+02   6.437768E+14
  327000   1.431175E+05   4.909541E-01   1.513220E+02   6.459938E+14
  328000   1.436085E+05   4.910691E-01   1.513526E+02   6.482106E+14
  329000   1.440995E+05   4.910892E-01   1.512436E+02   6.504277E+14
  330000   1.445906E+05   4.912116E-01   1.509598E+02   6.526449E+14
  331000   1.450821E+05   4.917192E-01   1.505526E+02   6.548640E+14
  332000   1.455744E+05   4.927681E-01   1.501725E+02   6.570863E+14
  333000   1.460674E+05   4.930277E-01   1.500601E+02   6.593124E+14
  334000   1.465604E+05   4.928003E-01   1.501686E+02   6.615379E+14
  335000   1.470531E+05   4.928136E-01   1.502771E+02   6.637625E+14
  336000   1.475459E+05   4.927467E-01   1.501791E+02   6.659875E+14
  337000   1.480389E+05   4.931687E-01   1.499152E+02   6.682131E+14
  338000   1.485322E+05   4.937257E-01   1.496383E+02   6.704405E+14
  339000   1.490261E+05   4.941370E-01   1.494041E+02   6.726701E+14
  340000   1.495204E+05   4.944544E-01   1.492437E+02   6.749019E+14
  341000   1.500151E+05   4.947886E-01   1.491515E+02   6.771352E+14
  342000   1.505098E+05   4.945088E-01   1.491734E+02   6.793687E+14
  343000   1.510043E+05   4.945754E-01   1.492188E+02   6.816016E+14
  344000   1.514989E+05   4.945716E-01   1.490891E+02   6.838344E+14
  345000   1.519936E+05   4.947869E-01   1.487583E+02   6.860678E+14
  346000   1.524888E+05   4.956445E-01   1.483693E+02   6.883036E+14
  347000   1.529849E+05   4.964207E-01   1.481542E+02   6.905433E+14
  348000   1.534814E+05   4.965188E-01   1.480791E+02   6.927848E+14
  349000   1.539779E+05   4.964723E-01   1.480975E+02   6.950264E+14
  350000   1.544744E+05   4.965016E-01   1.480958E+02   6.972680E+14
  351000   1.549709E+05   4.965129E-01   1.479816E+02   6.995099E+14
  352000   1.554675E+05   4.967251E-01   1.476617E+02   7.017518E+14
  353000   1.559645E+05   4.974748E-01   1.472077E+02   7.039957E+14
  354000   1.564625E+05   4.983669E-01   1.468858E+02   7.062438E+14
  355000   1.569611E+05   4.986481E-01   1.468349E+02   7.084951E+14
  356000   1.574594E+05   4.980773E-01   1.469952E+02   7.107447E+14
  357000   1.579575E+05   4.982255E-01   1.470899E+02   7.129937E+14
  358000   1.584557E+05   4.982200E-01   1.469458E+02   7.152430E+14
  359000   1.589541E+05   4.985155E-01   1.466477E+02   7.174930E+14
  360000   1.594530E+05   4.992049E-01   1.463641E+02   7.197456E+14
  361000   1.599525E+05   4.997024E-01   1.461941E+02   7.220008E+14
  362000   1.604524E+05   5.000849E-01   1.460585E+02   7.242575E+14
  363000   1.609525E+05   5.001134E-01   1.460212E+02   7.265154E+14
  364000   1.614525E+05   5.000763E-01   1.460441E+02   7.287729E+14
  365000   1.619526E+05   5.000466E-01   1.460103E+02   7.310307E+14
  366000   1.624527E+05   5.000864E-01   1.458065E+02   7.332883E+14
  367000   1.629529E+05   5.006869E-01   1.454591E+02   7.355470E+14
  368000   1.634539E+05   5.013015E-01   1.451685E+02   7.378087E+14
  369000   1.639555E+05   5.017454E-01   1.449899E+02   7.400733E+14
  370000   1.644575E+05   5.020640E-01   1.449226E+02   7.423397E+14
  371000   1.649596E+05   5.021511E-01   1.448775E+02   7.446066E+14
  372000   1.654618E+05   5.022201E-01   1.448313E+02   7.468739E+14
  373000   1.659640E+05   5.022155E-01   1.447097E+02   7.491411E+14
  374000   1.664663E+05   5.023454E-01   1.444536E+02   7.514088E+14
  375000   1.669689E+05   5.029267E-01   1.440740E+02   7.536782E+14
  376000   1.674723E+05   5.039799E-01   1.437086E+02   7.559508E+14
  377000   1.679765E+05   5.042287E-01   1.436122E+02   7.582273E+14
  378000   1.684805E+05   5.038519E-01   1.437399E+02   7.605028E+14
  379000   1.689843E+05   5.038985E-01   1.438474E+02   7.627774E+14
  380000   1.694883E+05   5.038649E-01   1.437499E+02   7.650526E+14
  381000   1.699922E+05   5.043135E-01   1.434483E+02   7.673278E+14
  382000   1.704968E+05   5.048458E-01   1.431671E+02   7.696056E+14
  383000   1.710019E+05   5.053218E-01   1.429476E+02   7.718860E+14
  384000   1.715075E+05   5.057947E-01   1.428379E+02   7.741687E+14
  385000   1.720132E+05   5.056978E-01   1.428178E+02   7.764522E+14
  386000   1.725189E+05   5.056007E-01   1.428464E+02   7.787353E+14
 Done! :-) tend reached

Finished: 2026-06-22T12:53:25.646428
Exit code: 0
Elapsed: 963.9 s
