Started: 2026-07-02T12:26:13.625377
Command: ./snec (cwd=/Users/arifchu/Desktop/GitHub/supernova_theory/snec/runs/model_variants/wn3_sce_radius_m0p01_r50_e1_ni001)


 ***********************************
 * Supernova Explosion Code (SNEC) *
 ***********************************

 Removing output directory contents: Data
 Using the Paczynski EOS!
 Profile file: profiles/generated/avishai_wn3_ext_m0p01_r50.short
 We have         1177 profile zones.
 We have         1177 composition profile zones.
************************************************************
 Operating in Thermal Bomb Mode  1
 Bomb energy is spread over =           21 points
 Total energy of the model =   -1.1779539163692253E+051  ergs
 Total energy of the bomb =    2.1779539163692253E+051  ergs
************************************************************
 composing opacity tables from OPAL (may take a few minutes)...
 finished composing opacity tables
      nt           time          dtime       max(rho)       shockpos
       0   0.000000E+00   1.025000E-08   4.759366E+07   1.454745E+08
    1000   2.241612E-01   7.183946E-04   6.170580E+06   5.219499E+08
    2000   3.530796E+00   8.005911E-03   8.768013E+04   3.772154E+09
    3000   1.222054E+01   9.808560E-03   4.527892E+04   9.979446E+09
    4000   2.121651E+01   8.843347E-03   3.231300E+04   1.659176E+10
    5000   2.849464E+01   6.075673E-03   2.172486E+04   2.232238E+10
    6000   3.383365E+01   4.738971E-03   1.611113E+04   2.694807E+10
    7000   3.864441E+01   5.562676E-03   1.260415E+04   3.186591E+10
    8000   4.841625E+01   1.742416E-02   8.058233E+03   6.884212E+10
    9000   8.717269E+01   6.297020E-02   2.416853E+03   1.793603E+11
   10000   1.752883E+02   1.155902E-01   6.654123E+02   3.942031E+11
   11000   3.259427E+02   1.756099E-01   2.340920E+02   7.113784E+11
   12000   4.960988E+02   1.670618E-01   1.270890E+02   1.040144E+12
   13000   6.575153E+02   1.589088E-01   8.905419E+01   1.325468E+12
   14000   8.140131E+02   1.542292E-01   7.114725E+01   1.606640E+12
   15000   9.676234E+02   1.520309E-01   6.122481E+01   1.885418E+12
   16000   1.118904E+03   1.502600E-01   5.535509E+01   2.132777E+12
   17000   1.268434E+03   1.486507E-01   5.277395E+01   2.379735E+12
   18000   1.416370E+03   1.468254E-01   5.201590E+01   2.622974E+12
   19000   1.562938E+03   1.460312E-01   5.277223E+01   2.861448E+12
   20000   1.708586E+03   1.454313E-01   5.552576E+01   3.094179E+12
   21000   1.853475E+03   1.444658E-01   5.978048E+01   3.319796E+12
 finished tracing the shock position
 Time of breakout is   1963.6699001304889     
   22000   1.997433E+03   1.436357E-01   6.662514E+01   3.571352E+12
   23000   2.140818E+03   1.430229E-01   7.700690E+01   3.997357E+12
   24000   2.283528E+03   1.423982E-01   9.180114E+01   4.454328E+12
   25000   2.425785E+03   1.421602E-01   1.135055E+02   4.924239E+12
   26000   2.567800E+03   1.418601E-01   1.455226E+02   5.402108E+12
   27000   2.709532E+03   1.415468E-01   1.917652E+02   5.885067E+12
   28000   2.850868E+03   1.417385E-01   2.531208E+02   6.371156E+12
   29000   3.001778E+03   1.658057E-01   3.245944E+02   6.894001E+12
   30000   3.188993E+03   2.108446E-01   3.726768E+02   7.546952E+12
   31000   3.427955E+03   2.698500E-01   3.326213E+02   8.385776E+12
   32000   3.721357E+03   3.109702E-01   2.389528E+02   9.421969E+12
   33000   4.064391E+03   3.774063E-01   1.652012E+02   1.063994E+13
   34000   4.504885E+03   4.981914E-01   1.324764E+02   1.221138E+13
   35000   4.998206E+03   4.432523E-01   1.423257E+02   1.397843E+13
   36000   5.409668E+03   3.856390E-01   1.822147E+02   1.545662E+13
   37000   5.776301E+03   3.552051E-01   2.312604E+02   1.677647E+13
   38000   6.142140E+03   3.713103E-01   2.514551E+02   1.809567E+13
   39000   6.506970E+03   3.711701E-01   2.223449E+02   1.941323E+13
   40000   6.892657E+03   4.023558E-01   1.900106E+02   2.080809E+13
   41000   7.318776E+03   4.498652E-01   1.709244E+02   2.235134E+13
   42000   7.774231E+03   4.400379E-01   1.734836E+02   2.400312E+13
   43000   8.193925E+03   4.054685E-01   1.940942E+02   2.552708E+13
   44000   8.596634E+03   4.018166E-01   2.122563E+02   2.699089E+13
   45000   9.002248E+03   4.071893E-01   2.171063E+02   2.846660E+13
   46000   9.404616E+03   4.030531E-01   2.059451E+02   2.993172E+13
   47000   9.818386E+03   4.261175E-01   1.932463E+02   3.143950E+13
   48000   1.025231E+04   4.383661E-01   1.903384E+02   3.302185E+13
   49000   1.068403E+04   4.234722E-01   1.945089E+02   3.459720E+13
   50000   1.110066E+04   4.106017E-01   2.044620E+02   3.611837E+13
   51000   1.150911E+04   4.098684E-01   2.129241E+02   3.761046E+13
   52000   1.192012E+04   4.117848E-01   2.145303E+02   3.911264E+13
   53000   1.233026E+04   4.098638E-01   2.114154E+02   4.061226E+13
   54000   1.274340E+04   4.170750E-01   2.071823E+02   4.212349E+13
   55000   1.316262E+04   4.189767E-01   2.064779E+02   4.365756E+13
   56000   1.357843E+04   4.129592E-01   2.094487E+02   4.517968E+13
   57000   1.398943E+04   4.105138E-01   2.134141E+02   4.668464E+13
   58000   1.439935E+04   4.096962E-01   2.155600E+02   4.818615E+13
   59000   1.480927E+04   4.087546E-01   2.146848E+02   4.968809E+13
   60000   1.521892E+04   4.129008E-01   2.104388E+02   5.118941E+13
   61000   1.563471E+04   4.176536E-01   2.090270E+02   5.271361E+13
   62000   1.605178E+04   4.168834E-01   2.094669E+02   5.424288E+13
   63000   1.646811E+04   4.155922E-01   2.083819E+02   5.576979E+13
   64000   1.688570E+04   4.196701E-01   2.064850E+02   5.730162E+13
   65000   1.730580E+04   4.198791E-01   2.064618E+02   5.884295E+13
   66000   1.772554E+04   4.193486E-01   2.069161E+02   6.038327E+13
   67000   1.814477E+04   4.183028E-01   2.062039E+02   6.192199E+13
   68000   1.856353E+04   4.200254E-01   2.030007E+02   6.345926E+13
   69000   1.898604E+04   4.251409E-01   2.000541E+02   6.501053E+13
   70000   1.941289E+04   4.282046E-01   1.989254E+02   6.657798E+13
   71000   1.983963E+04   4.251649E-01   2.001236E+02   6.814525E+13
   72000   2.026256E+04   4.210496E-01   2.027882E+02   6.969877E+13
   73000   2.068365E+04   4.216344E-01   2.046516E+02   7.124569E+13
   74000   2.110537E+04   4.219630E-01   2.041826E+02   7.279516E+13
   75000   2.152785E+04   4.227948E-01   2.034437E+02   7.434757E+13
   76000   2.195132E+04   4.239854E-01   2.030277E+02   7.590380E+13
   77000   2.237520E+04   4.233489E-01   2.031829E+02   7.746175E+13
   78000   2.279859E+04   4.233932E-01   2.029395E+02   7.901805E+13
   79000   2.322263E+04   4.238156E-01   2.028050E+02   8.057689E+13
   80000   2.364463E+04   4.204448E-01   2.042989E+02   8.212838E+13
   81000   2.406370E+04   4.178803E-01   2.065483E+02   8.366926E+13
   82000   2.448153E+04   4.179843E-01   2.080613E+02   8.520570E+13
   83000   2.489958E+04   4.176727E-01   2.079186E+02   8.674308E+13
   84000   2.531795E+04   4.191277E-01   2.069076E+02   8.828179E+13
   85000   2.573784E+04   4.202848E-01   2.065992E+02   8.982619E+13
   86000   2.615775E+04   4.191059E-01   2.068780E+02   9.137080E+13
   87000   2.657622E+04   4.180519E-01   2.078295E+02   9.291022E+13
   88000   2.699423E+04   4.176379E-01   2.084599E+02   9.444808E+13
   89000   2.741064E+04   4.156891E-01   2.096979E+02   9.598014E+13
   90000   2.782594E+04   4.152184E-01   2.107812E+02   9.750820E+13
   91000   2.824141E+04   4.151443E-01   2.105655E+02   9.903700E+13
   92000   2.865676E+04   4.162669E-01   2.091257E+02   1.005655E+14
   93000   2.907402E+04   4.182343E-01   2.082381E+02   1.021010E+14
   94000   2.949254E+04   4.184483E-01   2.082145E+02   1.036413E+14
   95000   2.991036E+04   4.173269E-01   2.087264E+02   1.051791E+14
   96000   3.032737E+04   4.168815E-01   2.093898E+02   1.067141E+14
   97000   3.074455E+04   4.169441E-01   2.093461E+02   1.082497E+14
   98000   3.116111E+04   4.167773E-01   2.079680E+02   1.097830E+14
   99000   3.157912E+04   4.193064E-01   2.063324E+02   1.113218E+14
  100000   3.199957E+04   4.206825E-01   2.059536E+02   1.128697E+14
  101000   3.241866E+04   4.176264E-01   2.072025E+02   1.144126E+14
  102000   3.283574E+04   4.169666E-01   2.087794E+02   1.159482E+14
  103000   3.325316E+04   4.172401E-01   2.087414E+02   1.174850E+14
  104000   3.367052E+04   4.177879E-01   2.075729E+02   1.190218E+14
  105000   3.408931E+04   4.195138E-01   2.066274E+02   1.205638E+14
  106000   3.450951E+04   4.204820E-01   2.064021E+02   1.221110E+14
  107000   3.492983E+04   4.201560E-01   2.065225E+02   1.236588E+14
  108000   3.534960E+04   4.192304E-01   2.069527E+02   1.252045E+14
  109000   3.576876E+04   4.194886E-01   2.073919E+02   1.267481E+14
  110000   3.618812E+04   4.191293E-01   2.073090E+02   1.282925E+14
  111000   3.660727E+04   4.192602E-01   2.066366E+02   1.298361E+14
  112000   3.702716E+04   4.206730E-01   2.059102E+02   1.313824E+14
  113000   3.744818E+04   4.210631E-01   2.058219E+02   1.329330E+14
  114000   3.786926E+04   4.210491E-01   2.057037E+02   1.344838E+14
  115000   3.829042E+04   4.209453E-01   2.056251E+02   1.360349E+14
  116000   3.871169E+04   4.215543E-01   2.054087E+02   1.375865E+14
  117000   3.913289E+04   4.205092E-01   2.056679E+02   1.391378E+14
  118000   3.955273E+04   4.197092E-01   2.065597E+02   1.406841E+14
  119000   3.997241E+04   4.197435E-01   2.068793E+02   1.422299E+14
  120000   4.039197E+04   4.195126E-01   2.061566E+02   1.437753E+14
  121000   4.081208E+04   4.211169E-01   2.049773E+02   1.453227E+14
  122000   4.123390E+04   4.213602E-01   2.048956E+02   1.468764E+14
  123000   4.165441E+04   4.198383E-01   2.058766E+02   1.484253E+14
  124000   4.207334E+04   4.185527E-01   2.071994E+02   1.499684E+14
  125000   4.249188E+04   4.187095E-01   2.078666E+02   1.515101E+14
  126000   4.291066E+04   4.187214E-01   2.077900E+02   1.530526E+14
  127000   4.332926E+04   4.187519E-01   2.070770E+02   1.545946E+14
  128000   4.374862E+04   4.200243E-01   2.062782E+02   1.561393E+14
  129000   4.416896E+04   4.199061E-01   2.063860E+02   1.576876E+14
  130000   4.458802E+04   4.181489E-01   2.073412E+02   1.592312E+14
  131000   4.500563E+04   4.172373E-01   2.085185E+02   1.607695E+14
  132000   4.542319E+04   4.175714E-01   2.087650E+02   1.623077E+14
  133000   4.584076E+04   4.177461E-01   2.080233E+02   1.638458E+14
  134000   4.625918E+04   4.191062E-01   2.072250E+02   1.653871E+14
  135000   4.667863E+04   4.192647E-01   2.072131E+02   1.669322E+14
  136000   4.709791E+04   4.191215E-01   2.074549E+02   1.684767E+14
  137000   4.751696E+04   4.187782E-01   2.076689E+02   1.700203E+14
  138000   4.793550E+04   4.183210E-01   2.080670E+02   1.715620E+14
  139000   4.835358E+04   4.180643E-01   2.084805E+02   1.731021E+14
  140000   4.877171E+04   4.180954E-01   2.084735E+02   1.746423E+14
  141000   4.918976E+04   4.183965E-01   2.079854E+02   1.761822E+14
  142000   4.960844E+04   4.190647E-01   2.076362E+02   1.777245E+14
  143000   5.002762E+04   4.189903E-01   2.076210E+02   1.792685E+14
  144000   5.044607E+04   4.180976E-01   2.081193E+02   1.808099E+14
  145000   5.086378E+04   4.173603E-01   2.087626E+02   1.823486E+14
  146000   5.128095E+04   4.171366E-01   2.092924E+02   1.838853E+14
  147000   5.169817E+04   4.170497E-01   2.090360E+02   1.854221E+14
  148000   5.211535E+04   4.175225E-01   2.080984E+02   1.869588E+14
  149000   5.253370E+04   4.191924E-01   2.073175E+02   1.884998E+14
  150000   5.295253E+04   4.180608E-01   2.077698E+02   1.900425E+14
  151000   5.336987E+04   4.169270E-01   2.088604E+02   1.915798E+14
  152000   5.378703E+04   4.174617E-01   2.092883E+02   1.931163E+14
  153000   5.420412E+04   4.170499E-01   2.087158E+02   1.946527E+14
  154000   5.462169E+04   4.181542E-01   2.077850E+02   1.961907E+14
  155000   5.504050E+04   4.191569E-01   2.072657E+02   1.977334E+14
  156000   5.545985E+04   4.190286E-01   2.073150E+02   1.992780E+14
  157000   5.587825E+04   4.178713E-01   2.080397E+02   2.008191E+14
  158000   5.629591E+04   4.175216E-01   2.087358E+02   2.023575E+14
  159000   5.671354E+04   4.175369E-01   2.088562E+02   2.038957E+14
  160000   5.713114E+04   4.177855E-01   2.083051E+02   2.054338E+14
  161000   5.754943E+04   4.186652E-01   2.078482E+02   2.069745E+14
  162000   5.796831E+04   4.187329E-01   2.078202E+02   2.085173E+14
  163000   5.838695E+04   4.184575E-01   2.080513E+02   2.100592E+14
  164000   5.880548E+04   4.184945E-01   2.082021E+02   2.116007E+14
  165000   5.922365E+04   4.178433E-01   2.084952E+02   2.131409E+14
  166000   5.964142E+04   4.178433E-01   2.088211E+02   2.146796E+14
  167000   6.005923E+04   4.176531E-01   2.086146E+02   2.162184E+14
  168000   6.047691E+04   4.181223E-01   2.077804E+02   2.177567E+14
  169000   6.089565E+04   4.195401E-01   2.071008E+02   2.192989E+14
  170000   6.131534E+04   4.195493E-01   2.071304E+02   2.208446E+14
  171000   6.173437E+04   4.186119E-01   2.075996E+02   2.223879E+14
  172000   6.215292E+04   4.185863E-01   2.080082E+02   2.239294E+14
  173000   6.257158E+04   4.184956E-01   2.079007E+02   2.254712E+14
  174000   6.299007E+04   4.187329E-01   2.071802E+02   2.270125E+14
  175000   6.340922E+04   4.197641E-01   2.062088E+02   2.285561E+14
  176000   6.382974E+04   4.210741E-01   2.057422E+02   2.301048E+14
  177000   6.425039E+04   4.198539E-01   2.061249E+02   2.316540E+14
  178000   6.466967E+04   4.187302E-01   2.070726E+02   2.331981E+14
  179000   6.508867E+04   4.191933E-01   2.074955E+02   2.347411E+14
  180000   6.550765E+04   4.189928E-01   2.069356E+02   2.362841E+14
  181000   6.592714E+04   4.199780E-01   2.060821E+02   2.378289E+14
  182000   6.634785E+04   4.211810E-01   2.057213E+02   2.393782E+14
  183000   6.676877E+04   4.206144E-01   2.059307E+02   2.409282E+14
  184000   6.718928E+04   4.203655E-01   2.062390E+02   2.424768E+14
  185000   6.760951E+04   4.202760E-01   2.065163E+02   2.440243E+14
  186000   6.802970E+04   4.202726E-01   2.066332E+02   2.455716E+14
  187000   6.844995E+04   4.202338E-01   2.066382E+02   2.471191E+14
  188000   6.887012E+04   4.202314E-01   2.064639E+02   2.486664E+14
  189000   6.929043E+04   4.204791E-01   2.062281E+02   2.502141E+14
  190000   6.971108E+04   4.205963E-01   2.061405E+02   2.517631E+14
  191000   7.013180E+04   4.207858E-01   2.061131E+02   2.533123E+14
  192000   7.055242E+04   4.205420E-01   2.062479E+02   2.548611E+14
  193000   7.097285E+04   4.200994E-01   2.064130E+02   2.564093E+14
  194000   7.139264E+04   4.196073E-01   2.068465E+02   2.579551E+14
  195000   7.181222E+04   4.196550E-01   2.070861E+02   2.595000E+14
  196000   7.223179E+04   4.194544E-01   2.067495E+02   2.610449E+14
  197000   7.265150E+04   4.201972E-01   2.059856E+02   2.625903E+14
  198000   7.307232E+04   4.211033E-01   2.056564E+02   2.641399E+14
  199000   7.349262E+04   4.195963E-01   2.063015E+02   2.656874E+14
      nt           time          dtime       max(rho)       shockpos
  200000   7.391169E+04   4.187993E-01   2.072510E+02   2.672304E+14
  201000   7.433048E+04   4.191046E-01   2.077285E+02   2.687724E+14
  202000   7.474935E+04   4.188794E-01   2.073801E+02   2.703147E+14
  203000   7.516844E+04   4.194624E-01   2.067047E+02   2.718578E+14
  204000   7.558838E+04   4.203873E-01   2.062307E+02   2.734040E+14
  205000   7.600882E+04   4.201051E-01   2.063759E+02   2.749520E+14
  206000   7.642851E+04   4.193137E-01   2.069064E+02   2.764972E+14
  207000   7.684749E+04   4.187986E-01   2.075189E+02   2.780398E+14
  208000   7.726648E+04   4.190078E-01   2.075850E+02   2.795825E+14
  209000   7.768539E+04   4.190221E-01   2.070431E+02   2.811248E+14
  210000   7.810492E+04   4.199515E-01   2.064774E+02   2.826694E+14
  211000   7.852527E+04   4.203380E-01   2.063449E+02   2.842170E+14
  212000   7.894542E+04   4.199969E-01   2.066058E+02   2.857639E+14
  213000   7.936553E+04   4.201908E-01   2.066937E+02   2.873106E+14
  214000   7.978570E+04   4.202137E-01   2.066721E+02   2.888575E+14
  215000   8.020585E+04   4.201532E-01   2.067168E+02   2.904044E+14
  216000   8.062588E+04   4.200099E-01   2.068096E+02   2.919508E+14
  217000   8.104581E+04   4.200009E-01   2.066081E+02   2.934968E+14
  218000   8.146588E+04   4.203032E-01   2.062131E+02   2.950433E+14
  219000   8.188644E+04   4.208488E-01   2.059331E+02   2.965916E+14
  220000   8.230719E+04   4.203377E-01   2.060996E+02   2.981406E+14
  221000   8.272711E+04   4.195403E-01   2.066649E+02   2.996865E+14
  222000   8.314652E+04   4.191915E-01   2.071761E+02   3.012306E+14
  223000   8.356580E+04   4.193821E-01   2.074092E+02   3.027741E+14
  224000   8.398506E+04   4.191297E-01   2.071584E+02   3.043176E+14
  225000   8.440446E+04   4.196611E-01   2.066017E+02   3.058616E+14
  226000   8.482460E+04   4.206736E-01   2.062429E+02   3.074083E+14
  227000   8.524468E+04   4.192533E-01   2.066604E+02   3.089548E+14
  228000   8.566343E+04   4.183100E-01   2.075845E+02   3.104963E+14
  229000   8.608174E+04   4.185681E-01   2.081430E+02   3.120362E+14
  230000   8.650020E+04   4.182785E-01   2.078508E+02   3.135768E+14
  231000   8.691883E+04   4.190750E-01   2.072049E+02   3.151178E+14
  232000   8.733836E+04   4.199684E-01   2.068984E+02   3.166622E+14
  233000   8.775806E+04   4.193142E-01   2.070937E+02   3.182073E+14
  234000   8.817704E+04   4.188094E-01   2.075881E+02   3.197496E+14
  235000   8.859569E+04   4.187053E-01   2.079543E+02   3.212908E+14
  236000   8.901436E+04   4.187081E-01   2.080641E+02   3.228320E+14
  237000   8.943294E+04   4.186268E-01   2.077949E+02   3.243729E+14
  238000   8.985180E+04   4.191215E-01   2.074423E+02   3.259147E+14
  239000   9.027115E+04   4.195436E-01   2.072979E+02   3.274585E+14
  240000   9.069041E+04   4.191086E-01   2.074986E+02   3.290018E+14
  241000   9.110935E+04   4.189419E-01   2.077464E+02   3.305440E+14
  242000   9.152818E+04   4.186828E-01   2.079151E+02   3.320857E+14
  243000   9.194683E+04   4.185660E-01   2.080765E+02   3.336268E+14
  244000   9.236541E+04   4.184959E-01   2.080675E+02   3.351676E+14
  245000   9.278390E+04   4.185012E-01   2.076328E+02   3.367081E+14
  246000   9.320280E+04   4.193973E-01   2.070657E+02   3.382501E+14
  247000   9.362249E+04   4.195975E-01   2.070055E+02   3.397950E+14
  248000   9.404170E+04   4.186701E-01   2.074350E+02   3.413381E+14
  249000   9.446019E+04   4.184448E-01   2.079863E+02   3.428786E+14
  250000   9.487875E+04   4.184269E-01   2.079870E+02   3.444194E+14
  251000   9.529730E+04   4.186769E-01   2.074680E+02   3.459600E+14
  252000   9.571633E+04   4.195339E-01   2.068276E+02   3.475025E+14
  253000   9.613628E+04   4.203146E-01   2.065514E+02   3.490483E+14
  254000   9.655625E+04   4.194364E-01   2.068136E+02   3.505942E+14
  255000   9.697526E+04   4.186777E-01   2.074698E+02   3.521366E+14
  256000   9.739392E+04   4.189764E-01   2.078788E+02   3.536776E+14
  257000   9.781266E+04   4.186676E-01   2.075852E+02   3.552190E+14
  258000   9.823157E+04   4.193998E-01   2.069388E+02   3.567610E+14
  259000   9.865138E+04   4.202054E-01   2.066424E+02   3.583063E+14
  260000   9.907127E+04   4.196337E-01   2.068820E+02   3.598519E+14
  261000   9.949070E+04   4.193162E-01   2.072263E+02   3.613958E+14
  262000   9.990997E+04   4.193730E-01   2.074494E+02   3.629391E+14
  263000   1.003293E+05   4.194283E-01   2.073770E+02   3.644827E+14
  264000   1.007487E+05   4.194649E-01   2.072488E+02   3.660265E+14
  265000   1.011682E+05   4.194439E-01   2.069849E+02   3.675705E+14
  266000   1.015879E+05   4.198800E-01   2.066571E+02   3.691154E+14
  267000   1.020081E+05   4.203512E-01   2.064968E+02   3.706621E+14
  268000   1.024283E+05   4.200851E-01   2.065889E+02   3.722090E+14
  269000   1.028483E+05   4.198326E-01   2.068032E+02   3.737548E+14
  270000   1.032681E+05   4.197947E-01   2.069765E+02   3.753001E+14
  271000   1.036878E+05   4.196625E-01   2.070331E+02   3.768451E+14
  272000   1.041075E+05   4.196507E-01   2.067720E+02   3.783898E+14
  273000   1.045273E+05   4.201000E-01   2.062568E+02   3.799352E+14
  274000   1.049478E+05   4.209618E-01   2.058558E+02   3.814828E+14
  275000   1.053685E+05   4.202436E-01   2.061096E+02   3.830314E+14
  276000   1.057882E+05   4.194413E-01   2.067664E+02   3.845765E+14
  277000   1.062075E+05   4.194438E-01   2.072558E+02   3.861199E+14
  278000   1.066269E+05   4.192867E-01   2.070471E+02   3.876637E+14
  279000   1.070464E+05   4.198671E-01   2.064153E+02   3.892077E+14
  280000   1.074667E+05   4.206682E-01   2.060131E+02   3.907548E+14
  281000   1.078874E+05   4.205224E-01   2.061007E+02   3.923036E+14
  282000   1.083075E+05   4.198199E-01   2.065465E+02   3.938500E+14
  283000   1.087273E+05   4.195897E-01   2.069300E+02   3.953949E+14
  284000   1.091469E+05   4.197497E-01   2.070913E+02   3.969396E+14
  285000   1.095665E+05   4.195663E-01   2.068021E+02   3.984841E+14
  286000   1.099863E+05   4.200717E-01   2.063280E+02   4.000295E+14
  287000   1.104068E+05   4.208176E-01   2.060842E+02   4.015772E+14
  288000   1.108274E+05   4.202140E-01   2.062602E+02   4.031254E+14
  289000   1.112475E+05   4.200728E-01   2.065465E+02   4.046720E+14
  290000   1.116676E+05   4.200570E-01   2.067187E+02   4.062183E+14
  291000   1.120877E+05   4.200590E-01   2.067823E+02   4.077646E+14
  292000   1.125077E+05   4.200448E-01   2.068062E+02   4.093108E+14
  293000   1.129278E+05   4.200501E-01   2.067817E+02   4.108571E+14
  294000   1.133477E+05   4.201050E-01   2.065275E+02   4.124029E+14
  295000   1.137680E+05   4.204528E-01   2.062950E+02   4.139499E+14
  296000   1.141884E+05   4.202061E-01   2.063795E+02   4.154976E+14
  297000   1.146082E+05   4.193829E-01   2.068667E+02   4.170428E+14
  298000   1.150275E+05   4.193264E-01   2.072685E+02   4.185864E+14
  299000   1.154469E+05   4.194462E-01   2.073170E+02   4.201303E+14
  300000   1.158663E+05   4.193631E-01   2.069924E+02   4.216738E+14
  301000   1.162859E+05   4.198705E-01   2.065359E+02   4.232186E+14
  302000   1.167062E+05   4.205694E-01   2.063260E+02   4.247657E+14
  303000   1.171264E+05   4.197317E-01   2.065695E+02   4.263126E+14
  304000   1.175458E+05   4.190794E-01   2.071661E+02   4.278564E+14
  305000   1.179649E+05   4.193419E-01   2.074874E+02   4.293993E+14
  306000   1.183841E+05   4.190092E-01   2.072093E+02   4.309423E+14
  307000   1.188034E+05   4.196142E-01   2.065639E+02   4.324857E+14
  308000   1.192236E+05   4.206786E-01   2.062279E+02   4.340326E+14
  309000   1.196439E+05   4.199717E-01   2.064434E+02   4.355801E+14
  310000   1.200636E+05   4.195094E-01   2.069325E+02   4.371249E+14
  311000   1.204831E+05   4.195495E-01   2.072149E+02   4.386690E+14
  312000   1.209026E+05   4.195097E-01   2.072420E+02   4.402136E+14
  313000   1.213221E+05   4.195371E-01   2.070815E+02   4.417579E+14
  314000   1.217418E+05   4.198658E-01   2.068424E+02   4.433027E+14
  315000   1.221618E+05   4.201008E-01   2.067186E+02   4.448488E+14
  316000   1.225818E+05   4.199008E-01   2.068139E+02   4.463950E+14
  317000   1.230014E+05   4.194890E-01   2.070916E+02   4.479397E+14
  318000   1.234208E+05   4.193805E-01   2.072947E+02   4.494838E+14
  319000   1.238402E+05   4.193168E-01   2.074184E+02   4.510276E+14
  320000   1.242595E+05   4.193878E-01   2.073971E+02   4.525714E+14
  321000   1.246789E+05   4.192664E-01   2.072231E+02   4.541151E+14
  322000   1.250983E+05   4.196121E-01   2.068629E+02   4.556592E+14
  323000   1.255182E+05   4.201278E-01   2.066765E+02   4.572051E+14
  324000   1.259381E+05   4.193824E-01   2.069312E+02   4.587507E+14
  325000   1.263572E+05   4.188336E-01   2.074564E+02   4.602935E+14
  326000   1.267761E+05   4.190671E-01   2.076694E+02   4.618359E+14
  327000   1.271951E+05   4.189293E-01   2.073141E+02   4.633782E+14
  328000   1.276143E+05   4.196213E-01   2.067992E+02   4.649217E+14
  329000   1.280343E+05   4.202635E-01   2.065459E+02   4.664678E+14
  330000   1.284543E+05   4.196653E-01   2.067739E+02   4.680140E+14
  331000   1.288737E+05   4.190644E-01   2.072481E+02   4.695578E+14
  332000   1.292926E+05   4.190578E-01   2.076279E+02   4.711002E+14
  333000   1.297117E+05   4.189015E-01   2.075173E+02   4.726430E+14
  334000   1.301307E+05   4.193061E-01   2.070141E+02   4.741857E+14
  335000   1.305503E+05   4.201324E-01   2.065740E+02   4.757306E+14
  336000   1.309705E+05   4.200099E-01   2.066262E+02   4.772776E+14
  337000   1.313902E+05   4.195422E-01   2.069766E+02   4.788227E+14
  338000   1.318097E+05   4.195327E-01   2.072252E+02   4.803671E+14
  339000   1.322293E+05   4.194953E-01   2.071762E+02   4.819118E+14
  340000   1.326489E+05   4.197617E-01   2.069880E+02   4.834565E+14
  341000   1.330686E+05   4.198110E-01   2.068295E+02   4.850020E+14
  342000   1.334886E+05   4.199737E-01   2.066214E+02   4.865481E+14
  343000   1.339088E+05   4.203220E-01   2.064880E+02   4.880951E+14
  344000   1.343291E+05   4.201591E-01   2.065206E+02   4.896426E+14
  345000   1.347490E+05   4.197702E-01   2.067936E+02   4.911887E+14
  346000   1.351688E+05   4.196953E-01   2.070137E+02   4.927340E+14
  347000   1.355885E+05   4.196758E-01   2.070624E+02   4.942792E+14
  348000   1.360081E+05   4.196270E-01   2.068803E+02   4.958244E+14
  349000   1.364280E+05   4.200580E-01   2.065512E+02   4.973700E+14
  350000   1.368482E+05   4.205106E-01   2.063313E+02   4.989173E+14
  351000   1.372685E+05   4.200023E-01   2.064860E+02   5.004649E+14
  352000   1.376881E+05   4.193141E-01   2.069945E+02   5.020097E+14
  353000   1.381074E+05   4.193444E-01   2.073714E+02   5.035532E+14
  354000   1.385267E+05   4.191422E-01   2.072238E+02   5.050971E+14
  355000   1.389459E+05   4.196724E-01   2.066134E+02   5.066408E+14
  356000   1.393660E+05   4.205101E-01   2.062034E+02   5.081875E+14
  357000   1.397865E+05   4.202474E-01   2.063111E+02   5.097358E+14
  358000   1.402064E+05   4.196601E-01   2.067465E+02   5.112818E+14
  359000   1.406260E+05   4.196350E-01   2.070550E+02   5.128267E+14
  360000   1.410458E+05   4.196856E-01   2.070547E+02   5.143721E+14
  361000   1.414654E+05   4.197216E-01   2.067508E+02   5.159171E+14
  362000   1.418853E+05   4.201522E-01   2.063731E+02   5.174632E+14
  363000   1.423058E+05   4.206873E-01   2.062231E+02   5.190114E+14
  364000   1.427262E+05   4.201192E-01   2.063883E+02   5.205595E+14
  365000   1.431462E+05   4.198914E-01   2.066936E+02   5.221060E+14
  366000   1.435662E+05   4.199259E-01   2.068385E+02   5.236522E+14
  367000   1.439861E+05   4.199303E-01   2.068335E+02   5.251985E+14
  368000   1.444061E+05   4.200449E-01   2.067462E+02   5.267450E+14
  369000   1.448262E+05   4.201243E-01   2.066822E+02   5.282918E+14
  370000   1.452463E+05   4.202090E-01   2.065040E+02   5.298386E+14
  371000   1.456667E+05   4.204981E-01   2.063517E+02   5.313863E+14
  372000   1.460870E+05   4.201265E-01   2.064724E+02   5.329342E+14
  373000   1.465069E+05   4.196374E-01   2.068417E+02   5.344801E+14
  374000   1.469265E+05   4.197611E-01   2.070907E+02   5.360251E+14
  375000   1.473461E+05   4.196438E-01   2.069303E+02   5.375703E+14
  376000   1.477658E+05   4.198807E-01   2.065240E+02   5.391157E+14
  377000   1.481860E+05   4.204763E-01   2.061835E+02   5.406630E+14
  378000   1.486066E+05   4.205208E-01   2.062035E+02   5.422118E+14
  379000   1.490268E+05   4.197705E-01   2.065759E+02   5.437588E+14
  380000   1.494463E+05   4.194392E-01   2.070399E+02   5.453037E+14
  381000   1.498659E+05   4.195948E-01   2.071626E+02   5.468487E+14
  382000   1.502854E+05   4.194447E-01   2.068381E+02   5.483933E+14
  383000   1.507051E+05   4.200685E-01   2.063411E+02   5.499390E+14
  384000   1.511256E+05   4.205020E-01   2.062162E+02   5.514873E+14
  385000   1.515457E+05   4.197557E-01   2.065833E+02   5.530343E+14
  386000   1.519653E+05   4.194461E-01   2.070322E+02   5.545793E+14
  387000   1.523848E+05   4.196185E-01   2.071809E+02   5.561242E+14
  388000   1.528044E+05   4.195458E-01   2.070407E+02   5.576692E+14
  389000   1.532241E+05   4.197976E-01   2.068186E+02   5.592147E+14
  390000   1.536441E+05   4.201798E-01   2.066280E+02   5.607611E+14
  391000   1.540643E+05   4.202732E-01   2.065787E+02   5.623086E+14
  392000   1.544845E+05   4.200195E-01   2.066685E+02   5.638558E+14
  393000   1.549043E+05   4.197953E-01   2.068753E+02   5.654019E+14
  394000   1.553241E+05   4.198326E-01   2.069969E+02   5.669478E+14
  395000   1.557440E+05   4.198442E-01   2.069681E+02   5.684939E+14
  396000   1.561638E+05   4.199013E-01   2.068085E+02   5.700398E+14
  397000   1.565837E+05   4.200563E-01   2.065971E+02   5.715862E+14
  398000   1.570039E+05   4.203229E-01   2.064029E+02   5.731335E+14
  399000   1.574243E+05   4.202733E-01   2.064114E+02   5.746817E+14
      nt           time          dtime       max(rho)       shockpos
  400000   1.578443E+05   4.196570E-01   2.067447E+02   5.762283E+14
  401000   1.582638E+05   4.193258E-01   2.071464E+02   5.777730E+14
  402000   1.586832E+05   4.194430E-01   2.071939E+02   5.793177E+14
  403000   1.591026E+05   4.194959E-01   2.067982E+02   5.808622E+14
  404000   1.595225E+05   4.202113E-01   2.063789E+02   5.824084E+14
  405000   1.599429E+05   4.203026E-01   2.063465E+02   5.839566E+14
  406000   1.603629E+05   4.196640E-01   2.067075E+02   5.855033E+14
  407000   1.607824E+05   4.193870E-01   2.071074E+02   5.870481E+14
  408000   1.612019E+05   4.195239E-01   2.072684E+02   5.885928E+14
  409000   1.616213E+05   4.193275E-01   2.070293E+02   5.901374E+14
  410000   1.620409E+05   4.198683E-01   2.065964E+02   5.916826E+14
  411000   1.624611E+05   4.205007E-01   2.063281E+02   5.932299E+14
  412000   1.628814E+05   4.200408E-01   2.064760E+02   5.947780E+14
  413000   1.633012E+05   4.196880E-01   2.068396E+02   5.963240E+14
  414000   1.637209E+05   4.197965E-01   2.070532E+02   5.978695E+14
  415000   1.641406E+05   4.196383E-01   2.069654E+02   5.994152E+14
  416000   1.645604E+05   4.199843E-01   2.067511E+02   6.009612E+14
  417000   1.649805E+05   4.201491E-01   2.066341E+02   6.025082E+14
  418000   1.654007E+05   4.202398E-01   2.065534E+02   6.040557E+14
  419000   1.658210E+05   4.202869E-01   2.065529E+02   6.056036E+14
  420000   1.662411E+05   4.199828E-01   2.066992E+02   6.071508E+14
  421000   1.666609E+05   4.196295E-01   2.069550E+02   6.086967E+14
  422000   1.670806E+05   4.197428E-01   2.070741E+02   6.102424E+14
  423000   1.675003E+05   4.196398E-01   2.069596E+02   6.117880E+14
  424000   1.679200E+05   4.198310E-01   2.066555E+02   6.133337E+14
  425000   1.683401E+05   4.203469E-01   2.064035E+02   6.148809E+14
  426000   1.687605E+05   4.203831E-01   2.063857E+02   6.164293E+14
  427000   1.691806E+05   4.197841E-01   2.066351E+02   6.179766E+14
  428000   1.696003E+05   4.195247E-01   2.069911E+02   6.195221E+14
  429000   1.700199E+05   4.195953E-01   2.070989E+02   6.210675E+14
  430000   1.704394E+05   4.195360E-01   2.067605E+02   6.226126E+14
  431000   1.708593E+05   4.202567E-01   2.062371E+02   6.241588E+14
  432000   1.712799E+05   4.206530E-01   2.060891E+02   6.257077E+14
  433000   1.717002E+05   4.199327E-01   2.064098E+02   6.272558E+14
  434000   1.721199E+05   4.196296E-01   2.068590E+02   6.288016E+14
  435000   1.725396E+05   4.197619E-01   2.070289E+02   6.303474E+14
 Done! :-) tend reached

Finished: 2026-07-02T13:02:06.291174
Exit code: 0
Elapsed: 2152.7 s
