Started: 2026-06-09T15:49:22.833542
Command: ./snec (cwd=/Users/arifchu/Desktop/GitHub/supernova_theory/snec/runs/week1_nickel_study/ni_000)


 ***********************************
 * Supernova Explosion Code (SNEC) *
 ***********************************

 Removing output directory contents: Data
 Using the Paczynski EOS!
 Profile file: profiles/15Msol_RSG.short
 We have         3208 profile zones.
 We have         3208 composition profile zones.
************************************************************
 Operating in Thermal Bomb Mode  1
 Bomb energy is spread over =           14 points
 Total energy of the model =   -6.4107448899966734E+050  ergs
 Total energy of the bomb =    1.6410744889996674E+051  ergs
************************************************************
 composing opacity tables from OPAL (may take a few minutes)...
 finished composing opacity tables
      nt           time          dtime       max(rho)       shockpos
       0   0.000000E+00   1.025000E-08   5.556077E+07   1.101959E+08
    1000   1.399568E+00   7.122535E-03   1.276500E+05   2.157399E+09
    2000   8.136331E+01   1.928149E-01   1.495333E+02   7.358494E+10
    3000   4.102262E+02   4.710356E-01   4.194121E+00   1.558048E+12
    4000   1.030116E+03   7.741769E-01   4.602650E-01   1.776646E+12
    5000   1.936600E+03   1.048285E+00   1.008608E-01   2.888296E+12
    6000   3.151912E+03   1.385513E+00   2.958309E-02   3.952809E+12
    7000   4.694298E+03   1.735266E+00   1.082328E-02   5.018495E+12
    8000   6.657149E+03   2.126592E+00   4.436383E-03   6.552188E+12
    9000   8.978152E+03   2.517612E+00   2.074916E-03   8.096708E+12
   10000   1.168035E+04   2.891399E+00   1.072789E-03   1.001845E+13
   11000   1.482961E+04   3.399781E+00   5.683231E-04   1.191286E+13
   12000   1.845667E+04   3.847825E+00   3.251008E-04   1.409248E+13
   13000   2.254856E+04   4.356303E+00   1.928383E-04   1.648324E+13
   14000   2.720135E+04   4.949956E+00   1.168577E-04   1.878457E+13
   15000   3.239025E+04   5.393766E+00   7.574926E-05   2.149385E+13
   16000   3.799117E+04   5.842424E+00   5.089414E-05   2.404395E+13
   17000   4.414283E+04   6.484888E+00   3.399826E-05   2.671360E+13
   18000   5.099093E+04   7.223983E+00   2.289342E-05   2.964496E+13
   19000   5.861678E+04   8.045375E+00   1.556823E-05   3.277801E+13
   20000   6.712041E+04   8.982901E+00   1.064211E-05   3.620986E+13
   21000   7.661357E+04   1.001492E+01   7.331333E-06   3.974400E+13
   22000   8.716116E+04   1.108475E+01   5.120614E-06   4.356343E+13
   23000   9.878860E+04   1.217510E+01   3.631006E-06   4.768640E+13
   24000   1.115188E+05   1.329052E+01   2.611349E-06   5.213868E+13
   25000   1.253755E+05   1.442685E+01   1.904021E-06   5.688110E+13
   26000   1.403775E+05   1.558254E+01   1.406629E-06   6.186900E+13
   27000   1.556630E+05   1.221108E+01   1.066955E-06   6.687607E+13
   28000   1.646658E+05   6.385618E+00   9.175768E-07   6.987717E+13
   29000   1.690306E+05   2.399656E+00   8.551866E-07   7.133274E+13
   30000   1.707249E+05   1.214926E+00   8.324944E-07   7.189690E+13
 Time of breakout is   170775.34399369598     
 finished tracing the shock position
   31000   1.718029E+05   1.260741E+00   8.184719E-07   7.252545E+13
   32000   1.740141E+05   3.792742E+00   7.906768E-07   7.425925E+13
   33000   1.805341E+05   9.922001E+00   7.156657E-07   7.993059E+13
   34000   1.956607E+05   1.965675E+01   5.744542E-07   9.365859E+13
   35000   2.160841E+05   2.121942E+01   4.364034E-07   1.127277E+14
   36000   2.381562E+05   2.295684E+01   3.321360E-07   1.337056E+14
   37000   2.620577E+05   2.487942E+01   2.531604E-07   1.566711E+14
   38000   2.879765E+05   2.699229E+01   1.932625E-07   1.817583E+14
   39000   3.161047E+05   2.929912E+01   1.477920E-07   2.091505E+14
   40000   3.463011E+05   2.807418E+01   1.140153E-07   2.387797E+14
   41000   3.691937E+05   1.680020E+01   1.715714E-07   2.614297E+14
   42000   3.832373E+05   1.282685E+01   2.085026E-07   2.754078E+14
   43000   3.958570E+05   1.159353E+01   2.213323E-07   2.880214E+14
   44000   4.073936E+05   1.183037E+01   2.047816E-07   2.995945E+14
   45000   4.189193E+05   1.100834E+01   2.101029E-07   3.111944E+14
   46000   4.294742E+05   1.047983E+01   2.083171E-07   3.218479E+14
   47000   4.396723E+05   9.399954E+00   2.374004E-07   3.321665E+14
   48000   4.481829E+05   8.042664E+00   2.669791E-07   3.407952E+14
   49000   4.563749E+05   8.516107E+00   2.431560E-07   3.491148E+14
   50000   4.651603E+05   8.859573E+00   2.249532E-07   3.580514E+14
   51000   4.737621E+05   8.338507E+00   2.303866E-07   3.668152E+14
   52000   4.821218E+05   8.571681E+00   2.164068E-07   3.753452E+14
   53000   4.910676E+05   9.228865E+00   1.937148E-07   3.844879E+14
   54000   5.002050E+05   8.900167E+00   1.935685E-07   3.938426E+14
   55000   5.088603E+05   8.500982E+00   1.958093E-07   4.027200E+14
   56000   5.173949E+05   8.625435E+00   1.866533E-07   4.114900E+14
   57000   5.261088E+05   8.759640E+00   1.777289E-07   4.204620E+14
   58000   5.348359E+05   8.675210E+00   1.736256E-07   4.294662E+14
   59000   5.434341E+05   8.501504E+00   1.715924E-07   4.383563E+14
   60000   5.517925E+05   8.202653E+00   1.724796E-07   4.470166E+14
   61000   5.598697E+05   7.993271E+00   1.719117E-07   4.554026E+14
   62000   5.678838E+05   8.080498E+00   1.652742E-07   4.637397E+14
   63000   5.760596E+05   8.249545E+00   1.573056E-07   4.722620E+14
   64000   5.842986E+05   8.188355E+00   1.540243E-07   4.808671E+14
   65000   5.924151E+05   8.067481E+00   1.520654E-07   4.893605E+14
   66000   6.005312E+05   8.231678E+00   1.450244E-07   4.978691E+14
   67000   6.090400E+05   8.890240E+00   1.305494E-07   5.068056E+14
   68000   6.185708E+05   9.025764E+00   1.368853E-07   5.168342E+14
   69000   6.240090E+05   3.317526E+00   3.497858E-07   5.225648E+14
   70000   6.270101E+05   3.613286E+00   3.115261E-07   5.257299E+14
   71000   6.308488E+05   4.262222E+00   2.616501E-07   5.297810E+14
   72000   6.348244E+05   3.953803E+00   2.793923E-07   5.339794E+14
   73000   6.404466E+05   8.172081E+00   1.303633E-07   5.399220E+14
   74000   6.637262E+05   4.882749E+01   1.952762E-08   5.645908E+14
   75000   7.268565E+05   4.951921E+01   1.610528E-08   6.320366E+14
   76000   7.787665E+05   2.804644E+01   2.849082E-08   6.881704E+14
   77000   8.317803E+05   8.252136E+01   9.785719E-09   7.460743E+14
   78000   9.247047E+05   9.500000E+01   5.102267E-09   8.488806E+14
   79000   1.019705E+06   9.500000E+01   3.325329E-09   9.557886E+14
   80000   1.114705E+06   9.500000E+01   2.029535E-09   1.064405E+15
   81000   1.209705E+06   9.500000E+01   1.643693E-09   1.174729E+15
   82000   1.304705E+06   9.500000E+01   1.187667E-09   1.286760E+15
   83000   1.399705E+06   9.500000E+01   8.438330E-10   1.400417E+15
   84000   1.494705E+06   9.500000E+01   6.826353E-10   1.515777E+15
   85000   1.589705E+06   9.500000E+01   5.011204E-10   1.632746E+15
   86000   1.684705E+06   9.500000E+01   4.888611E-10   1.751359E+15
   87000   1.779705E+06   9.500000E+01   3.131015E-10   1.871635E+15
   88000   1.874705E+06   9.500000E+01   2.227719E-10   1.993484E+15
   89000   1.969705E+06   9.500000E+01   1.759004E-10   2.117015E+15
   90000   2.064705E+06   9.500000E+01   1.424995E-10   2.242169E+15
   91000   2.159705E+06   9.500000E+01   1.175181E-10   2.368913E+15
   92000   2.254705E+06   9.500000E+01   1.002280E-10   2.497364E+15
   93000   2.349705E+06   9.500000E+01   8.682241E-11   2.627398E+15
   94000   2.444705E+06   9.500000E+01   7.547319E-11   2.759045E+15
   95000   2.539705E+06   9.500000E+01   6.704992E-11   2.892405E+15
   96000   2.634705E+06   9.500000E+01   5.998209E-11   3.027307E+15
   97000   2.729705E+06   9.500000E+01   5.346488E-11   3.163850E+15
   98000   2.824705E+06   9.500000E+01   4.759216E-11   3.302085E+15
   99000   2.919705E+06   9.500000E+01   4.314176E-11   3.441828E+15
  100000   3.014705E+06   9.500000E+01   3.938610E-11   3.583236E+15
  101000   3.109705E+06   9.500000E+01   3.593595E-11   3.726279E+15
  102000   3.204705E+06   9.500000E+01   3.276225E-11   3.870805E+15
  103000   3.299705E+06   9.500000E+01   2.985791E-11   4.017002E+15
  104000   3.394705E+06   9.500000E+01   2.725936E-11   4.164746E+15
  105000   3.489705E+06   9.500000E+01   2.518814E-11   4.313974E+15
  106000   3.584705E+06   9.500000E+01   2.333466E-11   4.464850E+15
  107000   3.679705E+06   9.500000E+01   2.164398E-11   4.617171E+15
  108000   3.774705E+06   9.500000E+01   2.083463E-11   4.771003E+15
  109000   3.869705E+06   9.500000E+01   1.988968E-11   4.926405E+15
  110000   3.964705E+06   9.500000E+01   1.869420E-11   5.083179E+15
  111000   4.059705E+06   9.500000E+01   1.733804E-11   5.241489E+15
  112000   4.154705E+06   9.500000E+01   1.592192E-11   5.401237E+15
  113000   4.249705E+06   9.500000E+01   1.453133E-11   5.562349E+15
  114000   4.344705E+06   9.500000E+01   1.349513E-11   5.724962E+15
  115000   4.439705E+06   9.500000E+01   1.282234E-11   5.888870E+15
  116000   4.534705E+06   9.500000E+01   1.215778E-11   6.054187E+15
  117000   4.629705E+06   9.500000E+01   1.149855E-11   6.220857E+15
  118000   4.724705E+06   9.500000E+01   1.084603E-11   6.388785E+15
  119000   4.819705E+06   9.500000E+01   1.020441E-11   6.558103E+15
  120000   4.914705E+06   9.500000E+01   9.579244E-12   6.728604E+15
  121000   5.009705E+06   9.500000E+01   8.976230E-12   6.900434E+15
  122000   5.104705E+06   9.500000E+01   8.400341E-12   7.073457E+15
  123000   5.199705E+06   9.500000E+01   7.968486E-12   7.247692E+15
  124000   5.294705E+06   9.500000E+01   7.568062E-12   7.423147E+15
  125000   5.389705E+06   9.500000E+01   7.188574E-12   7.599707E+15
  126000   5.484705E+06   9.500000E+01   6.845986E-12   7.777483E+15
  127000   5.579705E+06   9.500000E+01   6.525903E-12   7.956288E+15
  128000   5.674705E+06   9.500000E+01   6.218466E-12   8.136278E+15
  129000   5.769705E+06   9.500000E+01   5.923320E-12   8.317241E+15
  130000   5.864705E+06   9.500000E+01   5.640269E-12   8.499341E+15
  131000   5.959705E+06   9.500000E+01   5.369208E-12   8.682365E+15
  132000   6.054705E+06   9.500000E+01   5.110067E-12   8.866476E+15
  133000   6.149705E+06   9.500000E+01   4.862768E-12   9.051460E+15
  134000   6.244705E+06   9.500000E+01   4.627199E-12   9.237481E+15
  135000   6.339705E+06   9.500000E+01   4.434071E-12   9.424323E+15
  136000   6.434705E+06   9.500000E+01   4.261511E-12   9.612144E+15
  137000   6.529705E+06   9.500000E+01   4.096214E-12   9.800751E+15
  138000   6.624705E+06   9.500000E+01   3.937737E-12   9.990241E+15
  139000   6.719705E+06   9.500000E+01   3.785702E-12   1.018053E+16
  140000   6.814705E+06   9.500000E+01   3.639784E-12   1.037155E+16
  141000   6.909705E+06   9.500000E+01   3.499699E-12   1.056340E+16
  142000   7.004705E+06   9.500000E+01   3.365201E-12   1.075585E+16
  143000   7.099705E+06   9.500000E+01   3.236069E-12   1.094905E+16
  144000   7.194705E+06   9.500000E+01   3.112105E-12   1.114290E+16
  145000   7.289705E+06   9.500000E+01   2.993126E-12   1.133725E+16
  146000   7.384705E+06   9.500000E+01   2.878963E-12   1.153224E+16
  147000   7.479705E+06   9.500000E+01   2.769454E-12   1.172775E+16
  148000   7.574705E+06   9.500000E+01   2.664444E-12   1.192361E+16
  149000   7.669705E+06   9.500000E+01   2.563783E-12   1.211983E+16
  150000   7.764705E+06   9.500000E+01   2.467324E-12   1.231650E+16
  151000   7.859705E+06   9.500000E+01   2.374921E-12   1.251351E+16
  152000   7.954705E+06   9.500000E+01   2.286431E-12   1.271073E+16
  153000   8.049705E+06   9.500000E+01   2.203935E-12   1.290807E+16
  154000   8.144705E+06   9.500000E+01   2.126553E-12   1.310553E+16
  155000   8.239705E+06   9.500000E+01   2.057593E-12   1.330310E+16
  156000   8.334705E+06   9.500000E+01   1.994171E-12   1.350080E+16
  157000   8.429705E+06   9.500000E+01   1.933138E-12   1.369863E+16
  158000   8.524705E+06   9.500000E+01   1.874374E-12   1.389659E+16
  159000   8.619705E+06   9.500000E+01   1.817770E-12   1.409465E+16
  160000   8.714705E+06   9.500000E+01   1.763223E-12   1.429279E+16
  161000   8.809705E+06   9.500000E+01   1.710638E-12   1.449101E+16
  162000   8.904705E+06   9.500000E+01   1.659927E-12   1.468928E+16
  163000   8.999705E+06   9.500000E+01   1.611008E-12   1.488759E+16
  164000   9.094705E+06   9.500000E+01   1.563805E-12   1.508594E+16
  165000   9.189705E+06   9.500000E+01   1.518247E-12   1.528432E+16
  166000   9.284705E+06   9.500000E+01   1.474265E-12   1.548273E+16
  167000   9.379705E+06   9.500000E+01   1.431796E-12   1.568117E+16
  168000   9.474705E+06   9.500000E+01   1.390782E-12   1.587963E+16
  169000   9.569705E+06   9.500000E+01   1.351164E-12   1.607813E+16
  170000   9.664705E+06   9.500000E+01   1.312890E-12   1.627667E+16
  171000   9.759705E+06   9.500000E+01   1.275908E-12   1.647524E+16
  172000   9.854705E+06   9.500000E+01   1.240170E-12   1.667385E+16
  173000   9.949705E+06   9.500000E+01   1.205630E-12   1.687251E+16
  174000   1.004470E+07   9.500000E+01   1.172243E-12   1.707121E+16
  175000   1.013970E+07   9.500000E+01   1.139967E-12   1.726997E+16
  176000   1.023470E+07   9.500000E+01   1.108761E-12   1.746877E+16
  177000   1.032970E+07   9.500000E+01   1.078588E-12   1.766762E+16
  178000   1.042470E+07   9.500000E+01   1.049408E-12   1.786652E+16
  179000   1.051970E+07   9.500000E+01   1.021187E-12   1.806546E+16
  180000   1.061470E+07   9.500000E+01   9.938897E-13   1.826444E+16
  181000   1.070970E+07   9.500000E+01   9.674833E-13   1.846346E+16
  182000   1.080470E+07   9.500000E+01   9.419357E-13   1.866251E+16
  183000   1.089970E+07   9.500000E+01   9.172163E-13   1.886160E+16
  184000   1.099470E+07   9.500000E+01   8.932954E-13   1.906071E+16
  185000   1.108970E+07   9.500000E+01   8.701446E-13   1.925985E+16
  186000   1.118470E+07   9.500000E+01   8.477363E-13   1.945900E+16
  187000   1.127970E+07   9.500000E+01   8.260442E-13   1.965818E+16
  188000   1.137470E+07   9.500000E+01   8.050426E-13   1.985737E+16
  189000   1.146970E+07   9.500000E+01   7.847071E-13   2.005658E+16
  190000   1.156470E+07   9.500000E+01   7.650139E-13   2.025581E+16
  191000   1.165970E+07   9.500000E+01   7.459403E-13   2.045504E+16
  192000   1.175470E+07   9.500000E+01   7.274642E-13   2.065429E+16
  193000   1.184970E+07   9.500000E+01   7.102572E-13   2.085355E+16
  194000   1.194470E+07   9.500000E+01   6.942644E-13   2.105282E+16
  195000   1.203970E+07   9.500000E+01   6.787409E-13   2.125209E+16
  196000   1.213470E+07   9.500000E+01   6.636697E-13   2.145138E+16
  197000   1.222970E+07   9.500000E+01   6.490343E-13   2.165068E+16
  198000   1.232470E+07   9.500000E+01   6.348192E-13   2.184998E+16
  199000   1.241970E+07   9.500000E+01   6.210094E-13   2.204929E+16
      nt           time          dtime       max(rho)       shockpos
  200000   1.251470E+07   9.500000E+01   6.075905E-13   2.224861E+16
  201000   1.260970E+07   9.500000E+01   5.945490E-13   2.244793E+16
  202000   1.270470E+07   9.500000E+01   5.818717E-13   2.264727E+16
  203000   1.279970E+07   9.500000E+01   5.695461E-13   2.284660E+16
  204000   1.289470E+07   9.500000E+01   5.575600E-13   2.304595E+16
  205000   1.298970E+07   9.500000E+01   5.459021E-13   2.324530E+16
  206000   1.308470E+07   9.500000E+01   5.345613E-13   2.344466E+16
  207000   1.317970E+07   9.500000E+01   5.235269E-13   2.364403E+16
  208000   1.327470E+07   9.500000E+01   5.127888E-13   2.384340E+16
  209000   1.336970E+07   9.500000E+01   5.023372E-13   2.404278E+16
  210000   1.346470E+07   9.500000E+01   4.921627E-13   2.424217E+16
  211000   1.355970E+07   9.500000E+01   4.822563E-13   2.444156E+16
  212000   1.365470E+07   9.500000E+01   4.726093E-13   2.464096E+16
  213000   1.374970E+07   9.500000E+01   4.632135E-13   2.484036E+16
  214000   1.384470E+07   9.500000E+01   4.540608E-13   2.503978E+16
  215000   1.393970E+07   9.500000E+01   4.451434E-13   2.523920E+16
  216000   1.403470E+07   9.500000E+01   4.364541E-13   2.543862E+16
  217000   1.412970E+07   9.500000E+01   4.279856E-13   2.563805E+16
  218000   1.422470E+07   9.500000E+01   4.197311E-13   2.583749E+16
  219000   1.431970E+07   9.500000E+01   4.116840E-13   2.603693E+16
  220000   1.441470E+07   9.500000E+01   4.038379E-13   2.623638E+16
  221000   1.450970E+07   9.500000E+01   3.961867E-13   2.643584E+16
  222000   1.460470E+07   9.500000E+01   3.887244E-13   2.663530E+16
  223000   1.469970E+07   9.500000E+01   3.814454E-13   2.683477E+16
  224000   1.479470E+07   9.500000E+01   3.743441E-13   2.703424E+16
  225000   1.488970E+07   9.500000E+01   3.674153E-13   2.723372E+16
  226000   1.498470E+07   9.500000E+01   3.606537E-13   2.743320E+16
  227000   1.507970E+07   9.500000E+01   3.540546E-13   2.763269E+16
  228000   1.517470E+07   9.500000E+01   3.476131E-13   2.783219E+16
  229000   1.526970E+07   9.500000E+01   3.413246E-13   2.803169E+16
  230000   1.536470E+07   9.500000E+01   3.351848E-13   2.823120E+16
  231000   1.545970E+07   9.500000E+01   3.291892E-13   2.843071E+16
  232000   1.555470E+07   9.500000E+01   3.233337E-13   2.863022E+16
  233000   1.564970E+07   9.500000E+01   3.176144E-13   2.882974E+16
  234000   1.574470E+07   9.500000E+01   3.120274E-13   2.902926E+16
  235000   1.583970E+07   9.500000E+01   3.065689E-13   2.922879E+16
  236000   1.593470E+07   9.500000E+01   3.012353E-13   2.942832E+16
  237000   1.602970E+07   9.500000E+01   2.960231E-13   2.962786E+16
  238000   1.612470E+07   9.500000E+01   2.909290E-13   2.982740E+16
  239000   1.621970E+07   9.500000E+01   2.859497E-13   3.002694E+16
  240000   1.631470E+07   9.500000E+01   2.810820E-13   3.022649E+16
  241000   1.640970E+07   9.500000E+01   2.763228E-13   3.042604E+16
  242000   1.650470E+07   9.500000E+01   2.716692E-13   3.062559E+16
  243000   1.659970E+07   9.500000E+01   2.671183E-13   3.082515E+16
  244000   1.669470E+07   9.500000E+01   2.626674E-13   3.102471E+16
  245000   1.678970E+07   9.500000E+01   2.583137E-13   3.122428E+16
  246000   1.688470E+07   9.500000E+01   2.540547E-13   3.142385E+16
  247000   1.697970E+07   9.500000E+01   2.498879E-13   3.162342E+16
 Done! :-) tend reached

Finished: 2026-06-09T16:35:59.872387
Exit code: 0
Elapsed: 2797.0 s
