Started: 2026-06-09T18:03:13.154742
Command: ./snec (cwd=/Users/arifchu/Desktop/GitHub/supernova_theory/snec/runs/week1_nickel_study/ni_150)


 ***********************************
 * Supernova Explosion Code (SNEC) *
 ***********************************

 Removing output directory contents: Data
 Using the Paczynski EOS!
 Profile file: profiles/15Msol_RSG.short
 We have         3208 profile zones.
 We have         3208 composition profile zones.
************************************************************
 Operating in Thermal Bomb Mode  1
 Bomb energy is spread over =           14 points
 Total energy of the model =   -6.4268446607477511E+050  ergs
 Total energy of the bomb =    1.6426844660747752E+051  ergs
************************************************************
 composing opacity tables from OPAL (may take a few minutes)...
 finished composing opacity tables
      nt           time          dtime       max(rho)       shockpos
       0   0.000000E+00   1.025000E-08   5.556077E+07   1.101959E+08
    1000   1.392920E+00   7.056439E-03   1.291473E+05   2.154244E+09
    2000   8.125590E+01   1.929987E-01   1.486270E+02   7.355499E+10
    3000   4.100771E+02   4.735745E-01   4.123692E+00   1.558018E+12
    4000   1.033269E+03   7.832301E-01   4.458901E-01   1.778191E+12
    5000   1.974065E+03   1.125564E+00   8.911976E-02   2.904120E+12
    6000   3.377852E+03   1.752220E+00   2.010721E-02   4.043499E+12
    7000   5.791504E+03   3.333152E+00   3.746565E-03   5.841602E+12
    8000   1.106669E+04   8.863411E+00   3.909411E-04   9.474403E+12
    9000   2.384556E+04   1.460862E+01   2.081519E-05   1.703397E+13
   10000   3.964673E+04   1.816199E+01   3.272194E-06   2.475182E+13
   11000   6.063839E+04   2.477171E+01   1.399913E-06   3.368541E+13
   12000   9.237186E+04   4.084848E+01   6.159739E-07   4.549561E+13
   13000   1.315255E+05   2.924092E+01   3.296539E-07   5.896339E+13
   14000   1.523575E+05   1.468171E+01   2.389853E-07   6.582221E+13
   15000   1.629073E+05   7.510196E+00   2.048001E-07   6.931703E+13
   16000   1.682786E+05   3.189951E+00   1.899206E-07   7.112528E+13
   17000   1.703109E+05   1.411223E+00   1.847637E-07   7.178923E+13
 Time of breakout is   170674.12016764755     
 finished tracing the shock position
   18000   1.714229E+05   1.079660E+00   1.821522E-07   7.236639E+13
   19000   1.731250E+05   2.818509E+00   1.782515E-07   7.360797E+13
   20000   1.782827E+05   8.057188E+00   1.670517E-07   7.803462E+13
   21000   1.909080E+05   1.849264E+01   1.402986E-07   8.940008E+13
   22000   2.193120E+05   4.126705E+01   9.820861E-08   1.159036E+14
   23000   2.796652E+05   8.297778E+01   5.241203E-08   1.738674E+14
   24000   3.733663E+05   9.500000E+01   2.758798E-08   2.658167E+14
   25000   4.683663E+05   9.500000E+01   1.468750E-08   3.616312E+14
   26000   5.633663E+05   9.500000E+01   8.358435E-09   4.594320E+14
   27000   6.583663E+05   9.500000E+01   5.145608E-09   5.593794E+14
   28000   7.533663E+05   9.500000E+01   3.276604E-09   6.611939E+14
   29000   8.483663E+05   9.500000E+01   2.197876E-09   7.649563E+14
   30000   9.433663E+05   9.500000E+01   1.546164E-09   8.705089E+14
   31000   1.038366E+06   9.500000E+01   1.126884E-09   9.778474E+14
   32000   1.133366E+06   9.500000E+01   8.477519E-10   1.086935E+15
   33000   1.228366E+06   9.500000E+01   6.549790E-10   1.197697E+15
   34000   1.323366E+06   9.500000E+01   5.165615E-10   1.310194E+15
   35000   1.418366E+06   9.500000E+01   4.138662E-10   1.424319E+15
   36000   1.513366E+06   9.500000E+01   3.358143E-10   1.540133E+15
   37000   1.608366E+06   9.500000E+01   2.754560E-10   1.657601E+15
   38000   1.703366E+06   9.500000E+01   2.284213E-10   1.776677E+15
   39000   1.798366E+06   9.500000E+01   1.912892E-10   1.897445E+15
   40000   1.893366E+06   9.500000E+01   1.614953E-10   2.019806E+15
   41000   1.988366E+06   9.500000E+01   1.373746E-10   2.143807E+15
   42000   2.083366E+06   9.500000E+01   1.176796E-10   2.269495E+15
   43000   2.178366E+06   9.500000E+01   1.014666E-10   2.396754E+15
   44000   2.273366E+06   9.500000E+01   8.801964E-11   2.525690E+15
   45000   2.368366E+06   9.500000E+01   7.678911E-11   2.656295E+15
   46000   2.463366E+06   9.500000E+01   6.734737E-11   2.788455E+15
   47000   2.558366E+06   9.500000E+01   5.935974E-11   2.922324E+15
   48000   2.653366E+06   9.500000E+01   5.256227E-11   3.057827E+15
   49000   2.748366E+06   9.500000E+01   4.674513E-11   3.194881E+15
   50000   2.843366E+06   9.500000E+01   4.176676E-11   3.333659E+15
   51000   2.938366E+06   9.500000E+01   3.745996E-11   3.474021E+15
   52000   3.033366E+06   9.500000E+01   3.371576E-11   3.615941E+15
   53000   3.128366E+06   9.500000E+01   3.044665E-11   3.759571E+15
   54000   3.223366E+06   9.500000E+01   2.758104E-11   3.904716E+15
   55000   3.318366E+06   9.500000E+01   2.505988E-11   4.051435E+15
   56000   3.413366E+06   9.500000E+01   2.283393E-11   4.199816E+15
   57000   3.508366E+06   9.500000E+01   2.086156E-11   4.349650E+15
   58000   3.603366E+06   9.500000E+01   1.910765E-11   4.501077E+15
   59000   3.698366E+06   9.500000E+01   1.754265E-11   4.654077E+15
   60000   3.793366E+06   9.500000E+01   1.614180E-11   4.808496E+15
   61000   3.888366E+06   9.500000E+01   1.488416E-11   4.964508E+15
   62000   3.983366E+06   9.500000E+01   1.375186E-11   5.121977E+15
   63000   4.078366E+06   9.500000E+01   1.272966E-11   5.280872E+15
   64000   4.173366E+06   9.500000E+01   1.180449E-11   5.441314E+15
   65000   4.268366E+06   9.500000E+01   1.096514E-11   5.603103E+15
   66000   4.363366E+06   9.500000E+01   1.020193E-11   5.766349E+15
   67000   4.458366E+06   9.500000E+01   9.506485E-12   5.931020E+15
   68000   4.553366E+06   9.500000E+01   8.871535E-12   6.096993E+15
   69000   4.648366E+06   9.500000E+01   8.291952E-12   6.264419E+15
   70000   4.743366E+06   9.500000E+01   7.761893E-12   6.433113E+15
   71000   4.838366E+06   9.500000E+01   7.275114E-12   6.603157E+15
   72000   4.933366E+06   9.500000E+01   6.827338E-12   6.774531E+15
   73000   5.028366E+06   9.500000E+01   6.414781E-12   6.947126E+15
   74000   5.123366E+06   9.500000E+01   6.034089E-12   7.121075E+15
   75000   5.218366E+06   9.500000E+01   5.682283E-12   7.296193E+15
   76000   5.313366E+06   9.500000E+01   5.356707E-12   7.472605E+15
   77000   5.408366E+06   9.500000E+01   5.054992E-12   7.650210E+15
   78000   5.503366E+06   9.500000E+01   4.775016E-12   7.829006E+15
   79000   5.598366E+06   9.500000E+01   4.514881E-12   8.009031E+15
   80000   5.693366E+06   9.500000E+01   4.272885E-12   8.190164E+15
   81000   5.788366E+06   9.500000E+01   4.047495E-12   8.372532E+15
   82000   5.883366E+06   9.500000E+01   3.837335E-12   8.555970E+15
   83000   5.978366E+06   9.500000E+01   3.641161E-12   8.740611E+15
   84000   6.073366E+06   9.500000E+01   3.457847E-12   8.926325E+15
   85000   6.168366E+06   9.500000E+01   3.286375E-12   9.113186E+15
   86000   6.263366E+06   9.500000E+01   3.125817E-12   9.301145E+15
   87000   6.358366E+06   9.500000E+01   2.975331E-12   9.490193E+15
   88000   6.453366E+06   9.500000E+01   2.834153E-12   9.680367E+15
   89000   6.548366E+06   9.500000E+01   2.701585E-12   9.871582E+15
   90000   6.643366E+06   9.500000E+01   2.576990E-12   1.006394E+16
   91000   6.738366E+06   9.500000E+01   2.459787E-12   1.025731E+16
   92000   6.833366E+06   9.500000E+01   2.349444E-12   1.045182E+16
   93000   6.928366E+06   9.500000E+01   2.245472E-12   1.064735E+16
   94000   7.023366E+06   9.500000E+01   2.147426E-12   1.084399E+16
   95000   7.118366E+06   9.500000E+01   2.054895E-12   1.104167E+16
   96000   7.213366E+06   9.500000E+01   1.968743E-12   1.124042E+16
   97000   7.308366E+06   9.500000E+01   1.887456E-12   1.144024E+16
   98000   7.403366E+06   9.500000E+01   1.810504E-12   1.164109E+16
   99000   7.498366E+06   9.500000E+01   1.737607E-12   1.184303E+16
  100000   7.593363E+06   9.494361E+01   1.668506E-12   1.204597E+16
  101000   7.688362E+06   9.500000E+01   1.602957E-12   1.224999E+16
  102000   7.782968E+06   9.500000E+01   1.540989E-12   1.245416E+16
  103000   7.877968E+06   9.500000E+01   1.481883E-12   1.266024E+16
  104000   7.972007E+06   9.500000E+01   1.426269E-12   1.286522E+16
  105000   8.067007E+06   9.500000E+01   1.372839E-12   1.307330E+16
  106000   8.160511E+06   9.500000E+01   1.322795E-12   1.327909E+16
  107000   8.255377E+06   9.309020E+01   1.274455E-12   1.348884E+16
  108000   8.348646E+06   9.500000E+01   1.229182E-12   1.369602E+16
  109000   8.443167E+06   9.182497E+01   1.185447E-12   1.390691E+16
  110000   8.536648E+06   9.500000E+01   1.144196E-12   1.411643E+16
  111000   8.630926E+06   9.155272E+01   1.104609E-12   1.432861E+16
  112000   8.724721E+06   9.500000E+01   1.067230E-12   1.454065E+16
  113000   8.818940E+06   9.169913E+01   1.031348E-12   1.475448E+16
  114000   8.912951E+06   9.500000E+01   9.971207E-13   1.496875E+16
  115000   9.007240E+06   9.190070E+01   9.642960E-13   1.518447E+16
  116000   9.101305E+06   9.500000E+01   9.329752E-13   1.540056E+16
  117000   9.195766E+06   9.218610E+01   9.028813E-13   1.561835E+16
  118000   9.289779E+06   9.500000E+01   8.742107E-13   1.583597E+16
  119000   9.384546E+06   9.300881E+01   8.465334E-13   1.605610E+16
  120000   9.478568E+06   9.500000E+01   8.202236E-13   1.627534E+16
  121000   9.573560E+06   9.456762E+01   7.947442E-13   1.649758E+16
  122000   9.667656E+06   9.500000E+01   7.705409E-13   1.671853E+16
  123000   9.762656E+06   9.500000E+01   7.470982E-13   1.694233E+16
  124000   9.856658E+06   9.500000E+01   7.248344E-13   1.716455E+16
  125000   9.951658E+06   9.500000E+01   7.032293E-13   1.738987E+16
  126000   1.004554E+07   9.434535E+01   6.827186E-13   1.761325E+16
  127000   1.014052E+07   9.500000E+01   6.627761E-13   1.784000E+16
  128000   1.023530E+07   9.422542E+01   6.436457E-13   1.806695E+16
  129000   1.033024E+07   9.500000E+01   6.252188E-13   1.829502E+16
  130000   1.042524E+07   9.500000E+01   6.074806E-13   1.852387E+16
  131000   1.052024E+07   9.500000E+01   5.904102E-13   1.875339E+16
  132000   1.061524E+07   9.500000E+01   5.739764E-13   1.898353E+16
  133000   1.071024E+07   9.500000E+01   5.581497E-13   1.921424E+16
  134000   1.080524E+07   9.500000E+01   5.429020E-13   1.944557E+16
  135000   1.090024E+07   9.500000E+01   5.282070E-13   1.967741E+16
  136000   1.099524E+07   9.500000E+01   5.140399E-13   1.990979E+16
  137000   1.109024E+07   9.500000E+01   5.003769E-13   2.014273E+16
  138000   1.118524E+07   9.500000E+01   4.871958E-13   2.037613E+16
  139000   1.128024E+07   9.500000E+01   4.744753E-13   2.061003E+16
  140000   1.137524E+07   9.500000E+01   4.621955E-13   2.084445E+16
  141000   1.147024E+07   9.500000E+01   4.503373E-13   2.107929E+16
  142000   1.156524E+07   9.500000E+01   4.388828E-13   2.131460E+16
  143000   1.166024E+07   9.500000E+01   4.278147E-13   2.155041E+16
  144000   1.175524E+07   9.500000E+01   4.171170E-13   2.178663E+16
  145000   1.185024E+07   9.500000E+01   4.067741E-13   2.202327E+16
  146000   1.194524E+07   9.500000E+01   3.967714E-13   2.226038E+16
  147000   1.204024E+07   9.500000E+01   3.870950E-13   2.249790E+16
  148000   1.213524E+07   9.500000E+01   3.777317E-13   2.273580E+16
  149000   1.223024E+07   9.500000E+01   3.686688E-13   2.297413E+16
  150000   1.232524E+07   9.500000E+01   3.598943E-13   2.321289E+16
  151000   1.242024E+07   9.500000E+01   3.513969E-13   2.345200E+16
  152000   1.251524E+07   9.500000E+01   3.431889E-13   2.369149E+16
  153000   1.261024E+07   9.500000E+01   3.352621E-13   2.393141E+16
  154000   1.270524E+07   9.500000E+01   3.275781E-13   2.417170E+16
  155000   1.280024E+07   9.500000E+01   3.201278E-13   2.441231E+16
  156000   1.289524E+07   9.500000E+01   3.129022E-13   2.465330E+16
  157000   1.299024E+07   9.500000E+01   3.058929E-13   2.489469E+16
  158000   1.308524E+07   9.500000E+01   2.990920E-13   2.513642E+16
  159000   1.318024E+07   9.500000E+01   2.924916E-13   2.537845E+16
  160000   1.327524E+07   9.500000E+01   2.860844E-13   2.562085E+16
  161000   1.337024E+07   9.500000E+01   2.798634E-13   2.586363E+16
  162000   1.346524E+07   9.500000E+01   2.738218E-13   2.610672E+16
  163000   1.356024E+07   9.500000E+01   2.679533E-13   2.635010E+16
  164000   1.365524E+07   9.500000E+01   2.622516E-13   2.659383E+16
  165000   1.375024E+07   9.500000E+01   2.567108E-13   2.683791E+16
  166000   1.384524E+07   9.500000E+01   2.513253E-13   2.708229E+16
  167000   1.394024E+07   9.500000E+01   2.460897E-13   2.732695E+16
  168000   1.403524E+07   9.500000E+01   2.409988E-13   2.757192E+16
  169000   1.413024E+07   9.500000E+01   2.360476E-13   2.781724E+16
  170000   1.422524E+07   9.500000E+01   2.312313E-13   2.806286E+16
  171000   1.432024E+07   9.500000E+01   2.265454E-13   2.830873E+16
  172000   1.441524E+07   9.500000E+01   2.219855E-13   2.855488E+16
  173000   1.451024E+07   9.500000E+01   2.175473E-13   2.880136E+16
  174000   1.460524E+07   9.500000E+01   2.132268E-13   2.904815E+16
  175000   1.470024E+07   9.500000E+01   2.090202E-13   2.929519E+16
  176000   1.479524E+07   9.500000E+01   2.049237E-13   2.954247E+16
  177000   1.489024E+07   9.500000E+01   2.009337E-13   2.979005E+16
  178000   1.498524E+07   9.500000E+01   1.970467E-13   3.003793E+16
  179000   1.508024E+07   9.500000E+01   1.932595E-13   3.028608E+16
  180000   1.517524E+07   9.500000E+01   1.895689E-13   3.053446E+16
  181000   1.527024E+07   9.500000E+01   1.859717E-13   3.078308E+16
  182000   1.536524E+07   9.500000E+01   1.824652E-13   3.103199E+16
  183000   1.546024E+07   9.500000E+01   1.790463E-13   3.128119E+16
  184000   1.555524E+07   9.500000E+01   1.757125E-13   3.153063E+16
  185000   1.565024E+07   9.500000E+01   1.724610E-13   3.178028E+16
  186000   1.574524E+07   9.500000E+01   1.692893E-13   3.203017E+16
  187000   1.584024E+07   9.500000E+01   1.661950E-13   3.228033E+16
  188000   1.593524E+07   9.500000E+01   1.631758E-13   3.253076E+16
  189000   1.603024E+07   9.500000E+01   1.602293E-13   3.278141E+16
  190000   1.612524E+07   9.500000E+01   1.573535E-13   3.303227E+16
  191000   1.622024E+07   9.500000E+01   1.545461E-13   3.328335E+16
  192000   1.631524E+07   9.500000E+01   1.518052E-13   3.353469E+16
  193000   1.641024E+07   9.500000E+01   1.491288E-13   3.378628E+16
  194000   1.650524E+07   9.500000E+01   1.465150E-13   3.403809E+16
  195000   1.660024E+07   9.500000E+01   1.439620E-13   3.429010E+16
  196000   1.669524E+07   9.500000E+01   1.414680E-13   3.454231E+16
  197000   1.679024E+07   9.500000E+01   1.390313E-13   3.479474E+16
  198000   1.688524E+07   9.500000E+01   1.366504E-13   3.504743E+16
  199000   1.698024E+07   9.500000E+01   1.343235E-13   3.530034E+16
 Done! :-) tend reached

Finished: 2026-06-09T19:30:36.061335
Exit code: 0
Elapsed: 5242.9 s
